[0.000000] (-) TimerEvent: {}
[0.000360] (truck) JobQueued: {'identifier': 'truck', 'dependencies': OrderedDict()}
[0.003562] (truck) JobStarted: {'identifier': 'truck'}
[0.099792] (-) TimerEvent: {}
[0.109339] (truck) JobProgress: {'identifier': 'truck', 'progress': 'cmake'}
[0.111470] (truck) JobProgress: {'identifier': 'truck', 'progress': 'build'}
[0.115012] (truck) Command: {'cmd': ['/usr/local/bin/cmake', '--build', '/Users/brodie/ros2_truckplatoon/build/truck', '--', '-j8', '-l8'], 'cwd': '/Users/brodie/ros2_truckplatoon/build/truck', 'env': OrderedDict([('TERM_PROGRAM', 'Apple_Terminal'), ('SHELL', '/bin/zsh'), ('TERM', 'xterm-256color'), ('TMPDIR', '/var/folders/b6/t14lv28n5xqdhgq7zcrqwfkm0000gn/T/'), ('TERM_PROGRAM_VERSION', '445'), ('ROS_PYTHON_VERSION', '3'), ('ROS_VERSION', '2'), ('COLCON_PREFIX_PATH', '/Users/brodie/ros2_truckplatoon/install:/Users/brodie/my_workspace/install:/Users/brodie/ros2_foxy/ros2-osx'), ('TERM_SESSION_ID', '68464B11-5BA9-4066-9F09-461F903B1524'), ('AMENT_PREFIX_PATH', '/Users/brodie/ros2_truckplatoon/install/truck:/Users/brodie/my_workspace/install/tutorial_interfaces:/Users/brodie/my_workspace/install/cpp_srvcli:/Users/brodie/my_workspace/install/cpp_pubsub:/Users/brodie/my_workspace/install/my_package:/Users/brodie/ros2_foxy/ros2-osx'), ('USER', 'brodie'), ('SSH_AUTH_SOCK', '/private/tmp/com.apple.launchd.4a9jOPzOQR/Listeners'), ('__CF_USER_TEXT_ENCODING', '0x1F5:0x0:0x4'), ('PATH', '/Users/brodie/ros2_foxy/ros2-osx/bin:/Library/Frameworks/Python.framework/Versions/3.9/bin:/Library/Frameworks/Python.framework/Versions/2.7/bin:/usr/local/bin:/usr/bin:/bin:/usr/sbin:/sbin:/Library/TeX/texbin:/usr/local/share/dotnet:/opt/X11/bin:~/.dotnet/tools:/Library/Apple/usr/bin:/Library/Frameworks/Mono.framework/Versions/Current/Commands:/usr/local/CrossPack-AVR/bin:/Applications/Postgres.app/Contents/Versions/latest/bin:/Applications/Xamarin Workbooks.app/Contents/SharedSupport/path-bin'), ('__CFBundleIdentifier', 'com.apple.Terminal'), ('PWD', '/Users/brodie/ros2_truckplatoon/build/truck'), ('COLCON', '1'), ('LANG', 'it_IT.UTF-8'), ('XPC_FLAGS', '0x0'), ('XPC_SERVICE_NAME', '0'), ('OPENSSL_ROOT_DIR', '/usr/local/Cellar/openssl@3'), ('SHLVL', '2'), ('HOME', '/Users/brodie'), ('ROS_DISTRO', 'foxy'), ('PYTHONPATH', '/Users/brodie/my_workspace/install/tutorial_interfaces/lib/python3.9/site-packages:/Users/brodie/my_workspace/install/my_package/lib/python3.9/site-packages:/Users/brodie/ros2_foxy/ros2-osx/lib/python3.8/site-packages'), ('LOGNAME', 'brodie'), ('PKG_CONFIG_PATH', '/Users/brodie/ros2_foxy/ros2-osx/lib/pkgconfig'), ('CMAKE_PREFIX_PATH', '/Users/brodie/ros2_truckplatoon/install/truck:/Users/brodie/my_workspace/install/tutorial_interfaces:/Users/brodie/my_workspace/install/cpp_srvcli:/Users/brodie/my_workspace/install/cpp_pubsub:/Users/brodie/ros2_foxy/ros2-osx:/Users/brodie/my_workspace/install/my_package'), ('DISPLAY', '/private/tmp/com.apple.launchd.fnO1XjjJMH/org.xquartz:0'), ('ROS_LOCALHOST_ONLY', '0'), ('_', '/usr/bin/env')]), 'shell': False}
[0.200107] (-) TimerEvent: {}
[0.222123] (truck) StdoutLine: {'line': b'-- Found ament_cmake: 0.9.9 (/Users/brodie/ros2_foxy/ros2-osx/share/ament_cmake/cmake)\n'}
[0.288953] (truck) StdoutLine: {'line': b'-- Using PYTHON_EXECUTABLE: /Library/Frameworks/Python.framework/Versions/3.9/bin/python3\n'}
[0.300263] (-) TimerEvent: {}
[0.401129] (-) TimerEvent: {}
[0.501500] (-) TimerEvent: {}
[0.601896] (-) TimerEvent: {}
[0.703319] (-) TimerEvent: {}
[0.773359] (truck) StdoutLine: {'line': b'-- Found ament_lint_auto: 0.9.6 (/Users/brodie/ros2_foxy/ros2-osx/share/ament_lint_auto/cmake)\n'}
[0.808382] (-) TimerEvent: {}
[0.909365] (-) TimerEvent: {}
[0.940822] (truck) StdoutLine: {'line': b"-- Added test 'copyright' to check source files copyright and LICENSE\n"}
[0.944842] (truck) StdoutLine: {'line': b"-- Added test 'cppcheck' to perform static code analysis on C / C++ code\n"}
[0.945398] (truck) StdoutLine: {'line': b'-- Configured cppcheck include dirs: /Users/brodie/ros2_truckplatoon/src/truck/src/src;$<BUILD_INTERFACE:/Users/brodie/ros2_truckplatoon/src/truck/include>\n'}
[0.945637] (truck) StdoutLine: {'line': b'-- Configured cppcheck exclude dirs and/or files: \n'}
[0.948902] (truck) StdoutLine: {'line': b"-- Added test 'cpplint' to check C / C++ code against the Google style\n"}
[0.949117] (truck) StdoutLine: {'line': b'-- Configured cpplint exclude dirs and/or files: \n'}
[0.951059] (truck) StdoutLine: {'line': b"-- Added test 'lint_cmake' to check CMake code style\n"}
[0.956260] (truck) StdoutLine: {'line': b"-- Added test 'uncrustify' to check C / C++ code style\n"}
[0.956601] (truck) StdoutLine: {'line': b'-- Configured uncrustify additional arguments: \n'}
[0.957359] (truck) StdoutLine: {'line': b"-- Added test 'xmllint' to check XML markup files\n"}
[0.960215] (truck) StdoutLine: {'line': b'-- Configuring done\n'}
[0.986103] (truck) StdoutLine: {'line': b'-- Generating done\n'}
[0.993368] (truck) StdoutLine: {'line': b'-- Build files have been written to: /Users/brodie/ros2_truckplatoon/build/truck\n'}
[1.009739] (-) TimerEvent: {}
[1.041229] (truck) StdoutLine: {'line': b'Scanning dependencies of target truck\n'}
[1.062831] (truck) StdoutLine: {'line': b'[ 50%] Building CXX object CMakeFiles/truck.dir/src/truck.cpp.o\n'}
[1.112855] (-) TimerEvent: {}
[1.126107] (truck) StderrLine: {'line': b"/Users/brodie/ros2_truckplatoon/src/truck/src/truck.cpp:2:10: fatal error: 'Platoon.hpp' file not found\n"}
[1.126651] (truck) StderrLine: {'line': b'#include "Platoon.hpp"\n'}
[1.126993] (truck) StderrLine: {'line': b'         ^~~~~~~~~~~~~\n'}
[1.127906] (truck) StderrLine: {'line': b'1 error generated.\n'}
[1.131638] (truck) StderrLine: {'line': b'gmake[2]: *** [CMakeFiles/truck.dir/build.make:82: CMakeFiles/truck.dir/src/truck.cpp.o] Error 1\n'}
[1.132821] (truck) StderrLine: {'line': b'gmake[1]: *** [CMakeFiles/Makefile2:97: CMakeFiles/truck.dir/all] Error 2\n'}
[1.133551] (truck) StderrLine: {'line': b'gmake: *** [Makefile:160: all] Error 2\n'}
[1.140656] (truck) CommandEnded: {'returncode': 2}
[1.215379] (-) TimerEvent: {}
[1.322909] (-) TimerEvent: {}
[1.418152] (truck) JobEnded: {'identifier': 'truck', 'rc': 2}
[1.420050] (-) EventReactorShutdown: {}
