[0.000000] (-) TimerEvent: {}
[0.000378] (message) JobQueued: {'identifier': 'message', 'dependencies': OrderedDict()}
[0.003751] (truck) JobQueued: {'identifier': 'truck', 'dependencies': OrderedDict([('message', '/Users/brodie/ros2_truckplatoon/install/message')])}
[0.004285] (message) JobStarted: {'identifier': 'message'}
[0.099821] (-) TimerEvent: {}
[0.117356] (message) JobProgress: {'identifier': 'message', 'progress': 'cmake'}
[0.118920] (message) JobProgress: {'identifier': 'message', 'progress': 'build'}
[0.122258] (message) Command: {'cmd': ['/usr/local/bin/cmake', '--build', '/Users/brodie/ros2_truckplatoon/build/message', '--', '-j8', '-l8'], 'cwd': '/Users/brodie/ros2_truckplatoon/build/message', 'env': OrderedDict([('TERM_PROGRAM', 'Apple_Terminal'), ('SHELL', '/bin/zsh'), ('TERM', 'xterm-256color'), ('TMPDIR', '/var/folders/b6/t14lv28n5xqdhgq7zcrqwfkm0000gn/T/'), ('TERM_PROGRAM_VERSION', '447'), ('ROS_PYTHON_VERSION', '3'), ('ROS_VERSION', '2'), ('COLCON_PREFIX_PATH', '/Users/brodie/ros2_truckplatoon/install:/Users/brodie/my_workspace/install:/Users/brodie/ros2_foxy/ros2-osx'), ('TERM_SESSION_ID', 'E5BABC13-F725-46CC-AAF9-198796464AAA'), ('AMENT_PREFIX_PATH', '/Users/brodie/ros2_truckplatoon/install/truck:/Users/brodie/ros2_truckplatoon/install/message:/Users/brodie/ros2_truckplatoon/install/Messages:/Users/brodie/my_workspace/install/cpp_srvcli:/Users/brodie/my_workspace/install/cpp_pubsub:/Users/brodie/my_workspace/install/tutorial_interfaces:/Users/brodie/my_workspace/install/my_package:/Users/brodie/ros2_foxy/ros2-osx'), ('USER', 'brodie'), ('SSH_AUTH_SOCK', '/private/tmp/com.apple.launchd.y7sM3h0PYQ/Listeners'), ('__CF_USER_TEXT_ENCODING', '0x1F5:0x0:0x4'), ('PATH', '/Users/brodie/ros2_foxy/ros2-osx/bin:/Library/Frameworks/Python.framework/Versions/3.9/bin:/Library/Frameworks/Python.framework/Versions/2.7/bin:/usr/local/bin:/System/Cryptexes/App/usr/bin:/usr/bin:/bin:/usr/sbin:/sbin:/Library/TeX/texbin:/usr/local/share/dotnet:/opt/X11/bin:~/.dotnet/tools:/Library/Apple/usr/bin:/Library/Frameworks/Mono.framework/Versions/Current/Commands:/usr/local/CrossPack-AVR/bin:/Applications/Postgres.app/Contents/Versions/latest/bin:/Applications/Xamarin Workbooks.app/Contents/SharedSupport/path-bin'), ('LaunchInstanceID', '9FE7DBD5-29B0-4D79-BB55-564B76C74B34'), ('__CFBundleIdentifier', 'com.apple.Terminal'), ('PWD', '/Users/brodie/ros2_truckplatoon/build/message'), ('COLCON', '1'), ('LANG', 'it_IT.UTF-8'), ('XPC_FLAGS', '0x0'), ('XPC_SERVICE_NAME', '0'), ('OPENSSL_ROOT_DIR', '/usr/local/Cellar/openssl@3'), ('SHLVL', '2'), ('HOME', '/Users/brodie'), ('ROS_DISTRO', 'foxy'), ('PYTHONPATH', '/Users/brodie/ros2_truckplatoon/install/message/lib/python3.9/site-packages:/Users/brodie/my_workspace/install/tutorial_interfaces/lib/python3.9/site-packages:/Users/brodie/my_workspace/install/my_package/lib/python3.9/site-packages:/Users/brodie/ros2_foxy/ros2-osx/lib/python3.8/site-packages'), ('LOGNAME', 'brodie'), ('PKG_CONFIG_PATH', '/Users/brodie/ros2_foxy/ros2-osx/lib/pkgconfig'), ('CMAKE_PREFIX_PATH', '/Users/brodie/ros2_truckplatoon/install/truck:/Users/brodie/ros2_truckplatoon/install/message:/Users/brodie/ros2_truckplatoon/install/Messages:/Users/brodie/my_workspace/install/cpp_srvcli:/Users/brodie/my_workspace/install/cpp_pubsub:/Users/brodie/my_workspace/install/tutorial_interfaces:/Users/brodie/ros2_foxy/ros2-osx:/Users/brodie/my_workspace/install/my_package'), ('DISPLAY', '/private/tmp/com.apple.launchd.wAeY1AWNrh/org.xquartz:0'), ('ROS_LOCALHOST_ONLY', '0'), ('SECURITYSESSIONID', '186a3'), ('_', '/usr/bin/env')]), 'shell': False}
[0.203581] (-) TimerEvent: {}
[0.250421] (message) StdoutLine: {'line': b'[  6%] Built target message__cpp\n'}
[0.250998] (message) StdoutLine: {'line': b'[ 12%] Built target message__rosidl_generator_c\n'}
[0.307346] (-) TimerEvent: {}
[0.328275] (message) StdoutLine: {'line': b'[ 29%] Built target message__rosidl_typesupport_introspection_cpp\n'}
[0.329114] (message) StdoutLine: {'line': b'[ 41%] Built target message__rosidl_typesupport_fastrtps_cpp\n'}
[0.329436] (message) StdoutLine: {'line': b'[ 41%] Built target message__rosidl_typesupport_cpp\n'}
[0.330341] (message) StdoutLine: {'line': b'[ 51%] Built target message__rosidl_typesupport_c\n'}
[0.335946] (message) StdoutLine: {'line': b'[ 61%] Built target message__rosidl_typesupport_introspection_c\n'}
[0.409323] (-) TimerEvent: {}
[0.409694] (message) StdoutLine: {'line': b'[ 70%] Built target message__rosidl_typesupport_fastrtps_c\n'}
[0.465741] (message) StdoutLine: {'line': b'[ 70%] Built target message\n'}
[0.514415] (-) TimerEvent: {}
[0.516614] (message) StdoutLine: {'line': b'[ 74%] Built target message__py\n'}
[0.571547] (message) StdoutLine: {'line': b'[ 80%] Built target message__python\n'}
[0.615688] (-) TimerEvent: {}
[0.630752] (message) StdoutLine: {'line': b'[ 93%] Built target message__rosidl_typesupport_c__pyext\n'}
[0.631079] (message) StdoutLine: {'line': b'[ 93%] Built target message__rosidl_typesupport_introspection_c__pyext\n'}
[0.631914] (message) StdoutLine: {'line': b'[100%] Built target message__rosidl_typesupport_fastrtps_c__pyext\n'}
[0.656824] (message) CommandEnded: {'returncode': 0}
[0.719484] (-) TimerEvent: {}
[0.820196] (-) TimerEvent: {}
[0.920663] (-) TimerEvent: {}
[1.022988] (-) TimerEvent: {}
[1.067756] (message) JobProgress: {'identifier': 'message', 'progress': 'install'}
[1.098437] (message) Command: {'cmd': ['/usr/local/bin/cmake', '--install', '/Users/brodie/ros2_truckplatoon/build/message'], 'cwd': '/Users/brodie/ros2_truckplatoon/build/message', 'env': OrderedDict([('TERM_PROGRAM', 'Apple_Terminal'), ('SHELL', '/bin/zsh'), ('TERM', 'xterm-256color'), ('TMPDIR', '/var/folders/b6/t14lv28n5xqdhgq7zcrqwfkm0000gn/T/'), ('TERM_PROGRAM_VERSION', '447'), ('ROS_PYTHON_VERSION', '3'), ('ROS_VERSION', '2'), ('COLCON_PREFIX_PATH', '/Users/brodie/ros2_truckplatoon/install:/Users/brodie/my_workspace/install:/Users/brodie/ros2_foxy/ros2-osx'), ('TERM_SESSION_ID', 'E5BABC13-F725-46CC-AAF9-198796464AAA'), ('AMENT_PREFIX_PATH', '/Users/brodie/ros2_truckplatoon/install/truck:/Users/brodie/ros2_truckplatoon/install/message:/Users/brodie/ros2_truckplatoon/install/Messages:/Users/brodie/my_workspace/install/cpp_srvcli:/Users/brodie/my_workspace/install/cpp_pubsub:/Users/brodie/my_workspace/install/tutorial_interfaces:/Users/brodie/my_workspace/install/my_package:/Users/brodie/ros2_foxy/ros2-osx'), ('USER', 'brodie'), ('SSH_AUTH_SOCK', '/private/tmp/com.apple.launchd.y7sM3h0PYQ/Listeners'), ('__CF_USER_TEXT_ENCODING', '0x1F5:0x0:0x4'), ('PATH', '/Users/brodie/ros2_foxy/ros2-osx/bin:/Library/Frameworks/Python.framework/Versions/3.9/bin:/Library/Frameworks/Python.framework/Versions/2.7/bin:/usr/local/bin:/System/Cryptexes/App/usr/bin:/usr/bin:/bin:/usr/sbin:/sbin:/Library/TeX/texbin:/usr/local/share/dotnet:/opt/X11/bin:~/.dotnet/tools:/Library/Apple/usr/bin:/Library/Frameworks/Mono.framework/Versions/Current/Commands:/usr/local/CrossPack-AVR/bin:/Applications/Postgres.app/Contents/Versions/latest/bin:/Applications/Xamarin Workbooks.app/Contents/SharedSupport/path-bin'), ('LaunchInstanceID', '9FE7DBD5-29B0-4D79-BB55-564B76C74B34'), ('__CFBundleIdentifier', 'com.apple.Terminal'), ('PWD', '/Users/brodie/ros2_truckplatoon/build/message'), ('COLCON', '1'), ('LANG', 'it_IT.UTF-8'), ('XPC_FLAGS', '0x0'), ('XPC_SERVICE_NAME', '0'), ('OPENSSL_ROOT_DIR', '/usr/local/Cellar/openssl@3'), ('SHLVL', '2'), ('HOME', '/Users/brodie'), ('ROS_DISTRO', 'foxy'), ('PYTHONPATH', '/Users/brodie/ros2_truckplatoon/install/message/lib/python3.9/site-packages:/Users/brodie/my_workspace/install/tutorial_interfaces/lib/python3.9/site-packages:/Users/brodie/my_workspace/install/my_package/lib/python3.9/site-packages:/Users/brodie/ros2_foxy/ros2-osx/lib/python3.8/site-packages'), ('LOGNAME', 'brodie'), ('PKG_CONFIG_PATH', '/Users/brodie/ros2_foxy/ros2-osx/lib/pkgconfig'), ('CMAKE_PREFIX_PATH', '/Users/brodie/ros2_truckplatoon/install/truck:/Users/brodie/ros2_truckplatoon/install/message:/Users/brodie/ros2_truckplatoon/install/Messages:/Users/brodie/my_workspace/install/cpp_srvcli:/Users/brodie/my_workspace/install/cpp_pubsub:/Users/brodie/my_workspace/install/tutorial_interfaces:/Users/brodie/ros2_foxy/ros2-osx:/Users/brodie/my_workspace/install/my_package'), ('DISPLAY', '/private/tmp/com.apple.launchd.wAeY1AWNrh/org.xquartz:0'), ('ROS_LOCALHOST_ONLY', '0'), ('SECURITYSESSIONID', '186a3'), ('_', '/usr/bin/env')]), 'shell': False}
[1.115215] (message) StdoutLine: {'line': b'-- Install configuration: ""\n'}
[1.115887] (message) StdoutLine: {'line': b'-- Up-to-date: /Users/brodie/ros2_truckplatoon/install/message/share/ament_index/resource_index/rosidl_interfaces/message\n'}
[1.116304] (message) StdoutLine: {'line': b'-- Up-to-date: /Users/brodie/ros2_truckplatoon/install/message/include/message\n'}
[1.116489] (message) StdoutLine: {'line': b'-- Up-to-date: /Users/brodie/ros2_truckplatoon/install/message/include/message/msg\n'}
[1.117079] (message) StdoutLine: {'line': b'-- Up-to-date: /Users/brodie/ros2_truckplatoon/install/message/include/message/msg/rosidl_generator_c__visibility_control.h\n'}
[1.117709] (message) StdoutLine: {'line': b'-- Up-to-date: /Users/brodie/ros2_truckplatoon/install/message/include/message/msg/message.h\n'}
[1.118233] (message) StdoutLine: {'line': b'-- Up-to-date: /Users/brodie/ros2_truckplatoon/install/message/include/message/msg/detail\n'}
[1.118492] (message) StdoutLine: {'line': b'-- Up-to-date: /Users/brodie/ros2_truckplatoon/install/message/include/message/msg/detail/message__struct.h\n'}
[1.118713] (message) StdoutLine: {'line': b'-- Up-to-date: /Users/brodie/ros2_truckplatoon/install/message/include/message/msg/detail/message__functions.h\n'}
[1.118875] (message) StdoutLine: {'line': b'-- Up-to-date: /Users/brodie/ros2_truckplatoon/install/message/include/message/msg/detail/message__type_support.h\n'}
[1.119173] (message) StdoutLine: {'line': b'-- Up-to-date: /Users/brodie/ros2_truckplatoon/install/message/include/message/msg/detail/message__functions.c\n'}
[1.119356] (message) StdoutLine: {'line': b'-- Up-to-date: /Users/brodie/ros2_truckplatoon/install/message/share/message/environment/library_path.sh\n'}
[1.119515] (message) StdoutLine: {'line': b'-- Up-to-date: /Users/brodie/ros2_truckplatoon/install/message/share/message/environment/library_path.dsv\n'}
[1.119665] (message) StdoutLine: {'line': b'-- Installing: /Users/brodie/ros2_truckplatoon/install/message/lib/libmessage__rosidl_generator_c.dylib\n'}
[1.123955] (-) TimerEvent: {}
[1.138391] (message) StdoutLine: {'line': b'-- Up-to-date: /Users/brodie/ros2_truckplatoon/install/message/include/message\n'}
[1.139102] (message) StdoutLine: {'line': b'-- Up-to-date: /Users/brodie/ros2_truckplatoon/install/message/include/message/msg\n'}
[1.139497] (message) StdoutLine: {'line': b'-- Up-to-date: /Users/brodie/ros2_truckplatoon/install/message/include/message/msg/detail\n'}
[1.139733] (message) StdoutLine: {'line': b'-- Up-to-date: /Users/brodie/ros2_truckplatoon/install/message/include/message/msg/detail/message__rosidl_typesupport_fastrtps_c.h\n'}
[1.139934] (message) StdoutLine: {'line': b'-- Up-to-date: /Users/brodie/ros2_truckplatoon/install/message/include/message/msg/rosidl_typesupport_fastrtps_c__visibility_control.h\n'}
[1.140122] (message) StdoutLine: {'line': b'-- Installing: /Users/brodie/ros2_truckplatoon/install/message/lib/libmessage__rosidl_typesupport_fastrtps_c.dylib\n'}
[1.200677] (message) StdoutLine: {'line': b'-- Up-to-date: /Users/brodie/ros2_truckplatoon/install/message/include/message\n'}
[1.201227] (message) StdoutLine: {'line': b'-- Up-to-date: /Users/brodie/ros2_truckplatoon/install/message/include/message/msg\n'}
[1.201487] (message) StdoutLine: {'line': b'-- Up-to-date: /Users/brodie/ros2_truckplatoon/install/message/include/message/msg/rosidl_typesupport_fastrtps_cpp__visibility_control.h\n'}
[1.201847] (message) StdoutLine: {'line': b'-- Up-to-date: /Users/brodie/ros2_truckplatoon/install/message/include/message/msg/detail\n'}
[1.202086] (message) StdoutLine: {'line': b'-- Up-to-date: /Users/brodie/ros2_truckplatoon/install/message/include/message/msg/detail/dds_fastrtps\n'}
[1.202238] (message) StdoutLine: {'line': b'-- Up-to-date: /Users/brodie/ros2_truckplatoon/install/message/include/message/msg/detail/message__rosidl_typesupport_fastrtps_cpp.hpp\n'}
[1.202398] (message) StdoutLine: {'line': b'-- Installing: /Users/brodie/ros2_truckplatoon/install/message/lib/libmessage__rosidl_typesupport_fastrtps_cpp.dylib\n'}
[1.224084] (-) TimerEvent: {}
[1.257915] (message) StdoutLine: {'line': b'-- Up-to-date: /Users/brodie/ros2_truckplatoon/install/message/include/message\n'}
[1.260153] (message) StdoutLine: {'line': b'-- Up-to-date: /Users/brodie/ros2_truckplatoon/install/message/include/message/msg\n'}
[1.260796] (message) StdoutLine: {'line': b'-- Up-to-date: /Users/brodie/ros2_truckplatoon/install/message/include/message/msg/detail\n'}
[1.261213] (message) StdoutLine: {'line': b'-- Up-to-date: /Users/brodie/ros2_truckplatoon/install/message/include/message/msg/detail/message__type_support.c\n'}
[1.261540] (message) StdoutLine: {'line': b'-- Up-to-date: /Users/brodie/ros2_truckplatoon/install/message/include/message/msg/detail/message__rosidl_typesupport_introspection_c.h\n'}
[1.261842] (message) StdoutLine: {'line': b'-- Up-to-date: /Users/brodie/ros2_truckplatoon/install/message/include/message/msg/rosidl_typesupport_introspection_c__visibility_control.h\n'}
[1.262207] (message) StdoutLine: {'line': b'-- Installing: /Users/brodie/ros2_truckplatoon/install/message/lib/libmessage__rosidl_typesupport_introspection_c.dylib\n'}
[1.313309] (message) StdoutLine: {'line': b'-- Installing: /Users/brodie/ros2_truckplatoon/install/message/lib/libmessage__rosidl_typesupport_c.dylib\n'}
[1.324392] (-) TimerEvent: {}
[1.337755] (message) StdoutLine: {'line': b'-- Up-to-date: /Users/brodie/ros2_truckplatoon/install/message/include/message\n'}
[1.338541] (message) StdoutLine: {'line': b'-- Up-to-date: /Users/brodie/ros2_truckplatoon/install/message/include/message/msg\n'}
[1.339383] (message) StdoutLine: {'line': b'-- Up-to-date: /Users/brodie/ros2_truckplatoon/install/message/include/message/msg/detail\n'}
[1.339873] (message) StdoutLine: {'line': b'-- Up-to-date: /Users/brodie/ros2_truckplatoon/install/message/include/message/msg/detail/message__traits.hpp\n'}
[1.340473] (message) StdoutLine: {'line': b'-- Up-to-date: /Users/brodie/ros2_truckplatoon/install/message/include/message/msg/detail/message__struct.hpp\n'}
[1.340896] (message) StdoutLine: {'line': b'-- Up-to-date: /Users/brodie/ros2_truckplatoon/install/message/include/message/msg/detail/message__builder.hpp\n'}
[1.341169] (message) StdoutLine: {'line': b'-- Up-to-date: /Users/brodie/ros2_truckplatoon/install/message/include/message/msg/message.hpp\n'}
[1.341443] (message) StdoutLine: {'line': b'-- Up-to-date: /Users/brodie/ros2_truckplatoon/install/message/include/message\n'}
[1.341706] (message) StdoutLine: {'line': b'-- Up-to-date: /Users/brodie/ros2_truckplatoon/install/message/include/message/msg\n'}
[1.341998] (message) StdoutLine: {'line': b'-- Up-to-date: /Users/brodie/ros2_truckplatoon/install/message/include/message/msg/detail\n'}
[1.342301] (message) StdoutLine: {'line': b'-- Up-to-date: /Users/brodie/ros2_truckplatoon/install/message/include/message/msg/detail/message__type_support.cpp\n'}
[1.342551] (message) StdoutLine: {'line': b'-- Up-to-date: /Users/brodie/ros2_truckplatoon/install/message/include/message/msg/detail/message__rosidl_typesupport_introspection_cpp.hpp\n'}
[1.343160] (message) StdoutLine: {'line': b'-- Installing: /Users/brodie/ros2_truckplatoon/install/message/lib/libmessage__rosidl_typesupport_introspection_cpp.dylib\n'}
[1.366306] (message) StdoutLine: {'line': b'-- Installing: /Users/brodie/ros2_truckplatoon/install/message/lib/libmessage__rosidl_typesupport_cpp.dylib\n'}
[1.389078] (message) StdoutLine: {'line': b'-- Up-to-date: /Users/brodie/ros2_truckplatoon/install/message/share/message/environment/pythonpath.sh\n'}
[1.389748] (message) StdoutLine: {'line': b'-- Up-to-date: /Users/brodie/ros2_truckplatoon/install/message/share/message/environment/pythonpath.dsv\n'}
[1.390004] (message) StdoutLine: {'line': b'-- Up-to-date: /Users/brodie/ros2_truckplatoon/install/message/lib/python3.9/site-packages/message/__init__.py\n'}
[1.426893] (-) TimerEvent: {}
[1.502371] (message) StdoutLine: {'line': b'-- Up-to-date: /Users/brodie/ros2_truckplatoon/install/message/lib/python3.9/site-packages/message/msg\n'}
[1.503071] (message) StdoutLine: {'line': b'-- Up-to-date: /Users/brodie/ros2_truckplatoon/install/message/lib/python3.9/site-packages/message/msg/__init__.py\n'}
[1.503247] (message) StdoutLine: {'line': b'-- Up-to-date: /Users/brodie/ros2_truckplatoon/install/message/lib/python3.9/site-packages/message/msg/_message.py\n'}
[1.503608] (message) StdoutLine: {'line': b'-- Up-to-date: /Users/brodie/ros2_truckplatoon/install/message/lib/python3.9/site-packages/message/msg/_message_s.c\n'}
[1.503766] (message) StdoutLine: {'line': b'-- Up-to-date: /Users/brodie/ros2_truckplatoon/install/message/lib/python3.9/site-packages/message/message_s__rosidl_typesupport_fastrtps_c.cpython-39-darwin.so\n'}
[1.519971] (message) StderrLine: {'line': b'error: /Applications/Xcode.app/Contents/Developer/Toolchains/XcodeDefault.xctoolchain/usr/bin/install_name_tool: no LC_RPATH load command with path: /Users/brodie/ros2_truckplatoon/build/message/rosidl_generator_py/message found in: /Users/brodie/ros2_truckplatoon/install/message/lib/python3.9/site-packages/message/message_s__rosidl_typesupport_fastrtps_c.cpython-39-darwin.so (for architecture x86_64), required for specified option "-delete_rpath /Users/brodie/ros2_truckplatoon/build/message/rosidl_generator_py/message"\n'}
[1.528530] (-) TimerEvent: {}
[1.536577] (message) StderrLine: {'line': b'error: /Applications/Xcode.app/Contents/Developer/Toolchains/XcodeDefault.xctoolchain/usr/bin/install_name_tool: no LC_RPATH load command with path: /Users/brodie/ros2_truckplatoon/build/message found in: /Users/brodie/ros2_truckplatoon/install/message/lib/python3.9/site-packages/message/message_s__rosidl_typesupport_fastrtps_c.cpython-39-darwin.so (for architecture x86_64), required for specified option "-delete_rpath /Users/brodie/ros2_truckplatoon/build/message"\n'}
[1.553160] (message) StderrLine: {'line': b'error: /Applications/Xcode.app/Contents/Developer/Toolchains/XcodeDefault.xctoolchain/usr/bin/install_name_tool: no LC_RPATH load command with path: /Users/brodie/ros2_foxy/ros2-osx/lib found in: /Users/brodie/ros2_truckplatoon/install/message/lib/python3.9/site-packages/message/message_s__rosidl_typesupport_fastrtps_c.cpython-39-darwin.so (for architecture x86_64), required for specified option "-delete_rpath /Users/brodie/ros2_foxy/ros2-osx/lib"\n'}
[1.570344] (message) StderrLine: {'line': b'error: /Applications/Xcode.app/Contents/Developer/Toolchains/XcodeDefault.xctoolchain/usr/bin/install_name_tool: no LC_RPATH load command with path: /usr/local/lib found in: /Users/brodie/ros2_truckplatoon/install/message/lib/python3.9/site-packages/message/message_s__rosidl_typesupport_fastrtps_c.cpython-39-darwin.so (for architecture x86_64), required for specified option "-delete_rpath /usr/local/lib"\n'}
[1.570857] (message) StdoutLine: {'line': b'-- Up-to-date: /Users/brodie/ros2_truckplatoon/install/message/lib/python3.9/site-packages/message/message_s__rosidl_typesupport_introspection_c.cpython-39-darwin.so\n'}
[1.587671] (message) StderrLine: {'line': b'error: /Applications/Xcode.app/Contents/Developer/Toolchains/XcodeDefault.xctoolchain/usr/bin/install_name_tool: no LC_RPATH load command with path: /Users/brodie/ros2_truckplatoon/build/message/rosidl_generator_py/message found in: /Users/brodie/ros2_truckplatoon/install/message/lib/python3.9/site-packages/message/message_s__rosidl_typesupport_introspection_c.cpython-39-darwin.so (for architecture x86_64), required for specified option "-delete_rpath /Users/brodie/ros2_truckplatoon/build/message/rosidl_generator_py/message"\n'}
[1.604016] (message) StderrLine: {'line': b'error: /Applications/Xcode.app/Contents/Developer/Toolchains/XcodeDefault.xctoolchain/usr/bin/install_name_tool: no LC_RPATH load command with path: /Users/brodie/ros2_truckplatoon/build/message found in: /Users/brodie/ros2_truckplatoon/install/message/lib/python3.9/site-packages/message/message_s__rosidl_typesupport_introspection_c.cpython-39-darwin.so (for architecture x86_64), required for specified option "-delete_rpath /Users/brodie/ros2_truckplatoon/build/message"\n'}
[1.620663] (message) StderrLine: {'line': b'error: /Applications/Xcode.app/Contents/Developer/Toolchains/XcodeDefault.xctoolchain/usr/bin/install_name_tool: no LC_RPATH load command with path: /Users/brodie/ros2_foxy/ros2-osx/lib found in: /Users/brodie/ros2_truckplatoon/install/message/lib/python3.9/site-packages/message/message_s__rosidl_typesupport_introspection_c.cpython-39-darwin.so (for architecture x86_64), required for specified option "-delete_rpath /Users/brodie/ros2_foxy/ros2-osx/lib"\n'}
[1.621238] (message) StdoutLine: {'line': b'-- Up-to-date: /Users/brodie/ros2_truckplatoon/install/message/lib/python3.9/site-packages/message/message_s__rosidl_typesupport_c.cpython-39-darwin.so\n'}
[1.630366] (-) TimerEvent: {}
[1.638080] (message) StderrLine: {'line': b'error: /Applications/Xcode.app/Contents/Developer/Toolchains/XcodeDefault.xctoolchain/usr/bin/install_name_tool: no LC_RPATH load command with path: /Users/brodie/ros2_truckplatoon/build/message/rosidl_generator_py/message found in: /Users/brodie/ros2_truckplatoon/install/message/lib/python3.9/site-packages/message/message_s__rosidl_typesupport_c.cpython-39-darwin.so (for architecture x86_64), required for specified option "-delete_rpath /Users/brodie/ros2_truckplatoon/build/message/rosidl_generator_py/message"\n'}
[1.654381] (message) StderrLine: {'line': b'error: /Applications/Xcode.app/Contents/Developer/Toolchains/XcodeDefault.xctoolchain/usr/bin/install_name_tool: no LC_RPATH load command with path: /Users/brodie/ros2_truckplatoon/build/message found in: /Users/brodie/ros2_truckplatoon/install/message/lib/python3.9/site-packages/message/message_s__rosidl_typesupport_c.cpython-39-darwin.so (for architecture x86_64), required for specified option "-delete_rpath /Users/brodie/ros2_truckplatoon/build/message"\n'}
[1.673994] (message) StderrLine: {'line': b'error: /Applications/Xcode.app/Contents/Developer/Toolchains/XcodeDefault.xctoolchain/usr/bin/install_name_tool: no LC_RPATH load command with path: /Users/brodie/ros2_foxy/ros2-osx/lib found in: /Users/brodie/ros2_truckplatoon/install/message/lib/python3.9/site-packages/message/message_s__rosidl_typesupport_c.cpython-39-darwin.so (for architecture x86_64), required for specified option "-delete_rpath /Users/brodie/ros2_foxy/ros2-osx/lib"\n'}
[1.675097] (message) StdoutLine: {'line': b'-- Installing: /Users/brodie/ros2_truckplatoon/install/message/lib/libmessage__python.dylib\n'}
[1.714181] (message) StdoutLine: {'line': b'-- Up-to-date: /Users/brodie/ros2_truckplatoon/install/message/share/message/msg/Message.idl\n'}
[1.714605] (message) StdoutLine: {'line': b'-- Up-to-date: /Users/brodie/ros2_truckplatoon/install/message/share/message/msg/Message.msg\n'}
[1.714974] (message) StdoutLine: {'line': b'-- Up-to-date: /Users/brodie/ros2_truckplatoon/install/message/share/ament_index/resource_index/package_run_dependencies/message\n'}
[1.715174] (message) StdoutLine: {'line': b'-- Up-to-date: /Users/brodie/ros2_truckplatoon/install/message/share/ament_index/resource_index/parent_prefix_path/message\n'}
[1.715719] (message) StdoutLine: {'line': b'-- Up-to-date: /Users/brodie/ros2_truckplatoon/install/message/share/message/environment/ament_prefix_path.sh\n'}
[1.716078] (message) StdoutLine: {'line': b'-- Up-to-date: /Users/brodie/ros2_truckplatoon/install/message/share/message/environment/ament_prefix_path.dsv\n'}
[1.716332] (message) StdoutLine: {'line': b'-- Up-to-date: /Users/brodie/ros2_truckplatoon/install/message/share/message/environment/path.sh\n'}
[1.716809] (message) StdoutLine: {'line': b'-- Up-to-date: /Users/brodie/ros2_truckplatoon/install/message/share/message/environment/path.dsv\n'}
[1.717149] (message) StdoutLine: {'line': b'-- Up-to-date: /Users/brodie/ros2_truckplatoon/install/message/share/message/local_setup.bash\n'}
[1.717544] (message) StdoutLine: {'line': b'-- Up-to-date: /Users/brodie/ros2_truckplatoon/install/message/share/message/local_setup.sh\n'}
[1.717719] (message) StdoutLine: {'line': b'-- Up-to-date: /Users/brodie/ros2_truckplatoon/install/message/share/message/local_setup.zsh\n'}
[1.718318] (message) StdoutLine: {'line': b'-- Up-to-date: /Users/brodie/ros2_truckplatoon/install/message/share/message/local_setup.dsv\n'}
[1.718685] (message) StdoutLine: {'line': b'-- Installing: /Users/brodie/ros2_truckplatoon/install/message/share/message/package.dsv\n'}
[1.719046] (message) StdoutLine: {'line': b'-- Up-to-date: /Users/brodie/ros2_truckplatoon/install/message/share/ament_index/resource_index/packages/message\n'}
[1.719729] (message) StdoutLine: {'line': b'-- Up-to-date: /Users/brodie/ros2_truckplatoon/install/message/share/message/cmake/message__rosidl_generator_cExport.cmake\n'}
[1.720212] (message) StdoutLine: {'line': b'-- Up-to-date: /Users/brodie/ros2_truckplatoon/install/message/share/message/cmake/message__rosidl_generator_cExport-noconfig.cmake\n'}
[1.720668] (message) StdoutLine: {'line': b'-- Up-to-date: /Users/brodie/ros2_truckplatoon/install/message/share/message/cmake/message__rosidl_typesupport_introspection_cExport.cmake\n'}
[1.721031] (message) StdoutLine: {'line': b'-- Up-to-date: /Users/brodie/ros2_truckplatoon/install/message/share/message/cmake/message__rosidl_typesupport_introspection_cExport-noconfig.cmake\n'}
[1.721395] (message) StdoutLine: {'line': b'-- Up-to-date: /Users/brodie/ros2_truckplatoon/install/message/share/message/cmake/message__rosidl_typesupport_cExport.cmake\n'}
[1.721907] (message) StdoutLine: {'line': b'-- Up-to-date: /Users/brodie/ros2_truckplatoon/install/message/share/message/cmake/message__rosidl_typesupport_cExport-noconfig.cmake\n'}
[1.722605] (message) StdoutLine: {'line': b'-- Up-to-date: /Users/brodie/ros2_truckplatoon/install/message/share/message/cmake/message__rosidl_generator_cppExport.cmake\n'}
[1.723142] (message) StdoutLine: {'line': b'-- Up-to-date: /Users/brodie/ros2_truckplatoon/install/message/share/message/cmake/message__rosidl_typesupport_introspection_cppExport.cmake\n'}
[1.723806] (message) StdoutLine: {'line': b'-- Up-to-date: /Users/brodie/ros2_truckplatoon/install/message/share/message/cmake/message__rosidl_typesupport_introspection_cppExport-noconfig.cmake\n'}
[1.724460] (message) StdoutLine: {'line': b'-- Up-to-date: /Users/brodie/ros2_truckplatoon/install/message/share/message/cmake/message__rosidl_typesupport_cppExport.cmake\n'}
[1.725157] (message) StdoutLine: {'line': b'-- Up-to-date: /Users/brodie/ros2_truckplatoon/install/message/share/message/cmake/message__rosidl_typesupport_cppExport-noconfig.cmake\n'}
[1.725736] (message) StdoutLine: {'line': b'-- Up-to-date: /Users/brodie/ros2_truckplatoon/install/message/share/message/cmake/rosidl_cmake-extras.cmake\n'}
[1.726223] (message) StdoutLine: {'line': b'-- Up-to-date: /Users/brodie/ros2_truckplatoon/install/message/share/message/cmake/ament_cmake_export_dependencies-extras.cmake\n'}
[1.726387] (message) StdoutLine: {'line': b'-- Up-to-date: /Users/brodie/ros2_truckplatoon/install/message/share/message/cmake/ament_cmake_export_libraries-extras.cmake\n'}
[1.726536] (message) StdoutLine: {'line': b'-- Up-to-date: /Users/brodie/ros2_truckplatoon/install/message/share/message/cmake/ament_cmake_export_targets-extras.cmake\n'}
[1.726723] (message) StdoutLine: {'line': b'-- Up-to-date: /Users/brodie/ros2_truckplatoon/install/message/share/message/cmake/ament_cmake_export_include_directories-extras.cmake\n'}
[1.726982] (message) StdoutLine: {'line': b'-- Up-to-date: /Users/brodie/ros2_truckplatoon/install/message/share/message/cmake/rosidl_cmake_export_typesupport_libraries-extras.cmake\n'}
[1.727200] (message) StdoutLine: {'line': b'-- Up-to-date: /Users/brodie/ros2_truckplatoon/install/message/share/message/cmake/rosidl_cmake_export_typesupport_targets-extras.cmake\n'}
[1.727379] (message) StdoutLine: {'line': b'-- Up-to-date: /Users/brodie/ros2_truckplatoon/install/message/share/message/cmake/messageConfig.cmake\n'}
[1.727659] (message) StdoutLine: {'line': b'-- Up-to-date: /Users/brodie/ros2_truckplatoon/install/message/share/message/cmake/messageConfig-version.cmake\n'}
[1.728178] (message) StdoutLine: {'line': b'-- Up-to-date: /Users/brodie/ros2_truckplatoon/install/message/share/message/package.xml\n'}
[1.732808] (message) CommandEnded: {'returncode': 0}
[1.733332] (-) TimerEvent: {}
[1.834240] (-) TimerEvent: {}
[1.937129] (-) TimerEvent: {}
[2.037877] (-) TimerEvent: {}
[2.138756] (-) TimerEvent: {}
[2.243061] (-) TimerEvent: {}
[2.351794] (-) TimerEvent: {}
[2.434401] (message) JobEnded: {'identifier': 'message', 'rc': 0}
[2.462848] (-) TimerEvent: {}
[2.463071] (truck) JobStarted: {'identifier': 'truck'}
[2.541508] (truck) JobProgress: {'identifier': 'truck', 'progress': 'cmake'}
[2.543003] (truck) JobProgress: {'identifier': 'truck', 'progress': 'build'}
[2.545575] (truck) Command: {'cmd': ['/usr/local/bin/cmake', '--build', '/Users/brodie/ros2_truckplatoon/build/truck', '--', '-j8', '-l8'], 'cwd': '/Users/brodie/ros2_truckplatoon/build/truck', 'env': OrderedDict([('TERM_PROGRAM', 'Apple_Terminal'), ('SHELL', '/bin/zsh'), ('TERM', 'xterm-256color'), ('TMPDIR', '/var/folders/b6/t14lv28n5xqdhgq7zcrqwfkm0000gn/T/'), ('TERM_PROGRAM_VERSION', '447'), ('ROS_PYTHON_VERSION', '3'), ('ROS_VERSION', '2'), ('COLCON_PREFIX_PATH', '/Users/brodie/ros2_truckplatoon/install:/Users/brodie/my_workspace/install:/Users/brodie/ros2_foxy/ros2-osx'), ('TERM_SESSION_ID', 'E5BABC13-F725-46CC-AAF9-198796464AAA'), ('AMENT_PREFIX_PATH', '/Users/brodie/ros2_truckplatoon/install/truck:/Users/brodie/ros2_truckplatoon/install/message:/Users/brodie/ros2_truckplatoon/install/Messages:/Users/brodie/my_workspace/install/cpp_srvcli:/Users/brodie/my_workspace/install/cpp_pubsub:/Users/brodie/my_workspace/install/tutorial_interfaces:/Users/brodie/my_workspace/install/my_package:/Users/brodie/ros2_foxy/ros2-osx'), ('USER', 'brodie'), ('SSH_AUTH_SOCK', '/private/tmp/com.apple.launchd.y7sM3h0PYQ/Listeners'), ('__CF_USER_TEXT_ENCODING', '0x1F5:0x0:0x4'), ('PATH', '/Users/brodie/ros2_foxy/ros2-osx/bin:/Library/Frameworks/Python.framework/Versions/3.9/bin:/Library/Frameworks/Python.framework/Versions/2.7/bin:/usr/local/bin:/System/Cryptexes/App/usr/bin:/usr/bin:/bin:/usr/sbin:/sbin:/Library/TeX/texbin:/usr/local/share/dotnet:/opt/X11/bin:~/.dotnet/tools:/Library/Apple/usr/bin:/Library/Frameworks/Mono.framework/Versions/Current/Commands:/usr/local/CrossPack-AVR/bin:/Applications/Postgres.app/Contents/Versions/latest/bin:/Applications/Xamarin Workbooks.app/Contents/SharedSupport/path-bin'), ('LaunchInstanceID', '9FE7DBD5-29B0-4D79-BB55-564B76C74B34'), ('__CFBundleIdentifier', 'com.apple.Terminal'), ('PWD', '/Users/brodie/ros2_truckplatoon/build/truck'), ('COLCON', '1'), ('LANG', 'it_IT.UTF-8'), ('XPC_FLAGS', '0x0'), ('XPC_SERVICE_NAME', '0'), ('OPENSSL_ROOT_DIR', '/usr/local/Cellar/openssl@3'), ('SHLVL', '2'), ('HOME', '/Users/brodie'), ('ROS_DISTRO', 'foxy'), ('PYTHONPATH', '/Users/brodie/ros2_truckplatoon/install/message/lib/python3.9/site-packages:/Users/brodie/my_workspace/install/tutorial_interfaces/lib/python3.9/site-packages:/Users/brodie/my_workspace/install/my_package/lib/python3.9/site-packages:/Users/brodie/ros2_foxy/ros2-osx/lib/python3.8/site-packages'), ('LOGNAME', 'brodie'), ('PKG_CONFIG_PATH', '/Users/brodie/ros2_foxy/ros2-osx/lib/pkgconfig'), ('CMAKE_PREFIX_PATH', '/Users/brodie/ros2_truckplatoon/install/message:/Users/brodie/ros2_truckplatoon/install/truck:/Users/brodie/ros2_truckplatoon/install/Messages:/Users/brodie/my_workspace/install/cpp_srvcli:/Users/brodie/my_workspace/install/cpp_pubsub:/Users/brodie/my_workspace/install/tutorial_interfaces:/Users/brodie/ros2_foxy/ros2-osx:/Users/brodie/my_workspace/install/my_package'), ('DISPLAY', '/private/tmp/com.apple.launchd.wAeY1AWNrh/org.xquartz:0'), ('ROS_LOCALHOST_ONLY', '0'), ('SECURITYSESSIONID', '186a3'), ('_', '/usr/bin/env')]), 'shell': False}
[2.564575] (-) TimerEvent: {}
[2.665303] (-) TimerEvent: {}
[2.766694] (-) TimerEvent: {}
[2.771229] (truck) StdoutLine: {'line': b'Scanning dependencies of target truck\n'}
[2.818246] (truck) StdoutLine: {'line': b'[ 16%] Building CXX object CMakeFiles/truck.dir/src/src/Truck.cpp.o\n'}
[2.820121] (truck) StdoutLine: {'line': b'[ 33%] Building CXX object CMakeFiles/truck.dir/src/truck.cpp.o\n'}
[2.822285] (truck) StdoutLine: {'line': b'[ 50%] Building CXX object CMakeFiles/truck.dir/src/src/Communication.cpp.o\n'}
[2.823536] (truck) StdoutLine: {'line': b'[ 66%] Building CXX object CMakeFiles/truck.dir/src/src/Leader.cpp.o\n'}
[2.867264] (-) TimerEvent: {}
[2.971565] (-) TimerEvent: {}
[3.075880] (-) TimerEvent: {}
[3.180627] (-) TimerEvent: {}
[3.283861] (-) TimerEvent: {}
[3.388175] (-) TimerEvent: {}
[3.489444] (-) TimerEvent: {}
[3.593640] (-) TimerEvent: {}
[3.694109] (-) TimerEvent: {}
[3.766241] (truck) StderrLine: {'line': b'In file included from /Users/brodie/ros2_truckplatoon/src/truck/src/src/Communication.cpp:1:\n'}
[3.768386] (truck) StderrLine: {'line': b'In file included from /Users/brodie/ros2_truckplatoon/src/truck/src/src/Communication.hpp:3:\n'}
[3.769237] (truck) StderrLine: {'line': b'/Users/brodie/ros2_truckplatoon/src/truck/src/src/Truck.hpp:4:10: warning: non-portable path to file \'"utils/include.hpp"\'; specified path differs in case from file name on disk [-Wnonportable-include-path]\n'}
[3.769778] (truck) StderrLine: {'line': b'#include "utils/Include.hpp"\n'}
[3.770107] (truck) StderrLine: {'line': b'         ^~~~~~~~~~~~~~~~~~~\n'}
[3.770866] (truck) StderrLine: {'line': b'         "utils/include.hpp"\n'}
[3.771579] (truck) StderrLine: {'line': b'In file included from /Users/brodie/ros2_truckplatoon/src/truck/src/truck.cpp:2:\n'}
[3.772020] (truck) StderrLine: {'line': b'In file included from /Users/brodie/ros2_truckplatoon/src/truck/src/Platoon.hpp:4:\n'}
[3.772307] (truck) StderrLine: {'line': b'In file included from /Users/brodie/ros2_truckplatoon/src/truck/src/src/Leader.hpp:4:\n'}
[3.772579] (truck) StderrLine: {'line': b'/Users/brodie/ros2_truckplatoon/src/truck/src/src/Truck.hpp:4:10: warning: non-portable path to file \'"utils/include.hpp"\'; specified path differs in case from file name on disk [-Wnonportable-include-path]\n'}
[3.772849] (truck) StderrLine: {'line': b'#include "utils/Include.hpp"\n'}
[3.773101] (truck) StderrLine: {'line': b'         ^~~~~~~~~~~~~~~~~~~\n'}
[3.773365] (truck) StderrLine: {'line': b'         "utils/include.hpp"\n'}
[3.773619] (truck) StderrLine: {'line': b'In file included from /Users/brodie/ros2_truckplatoon/src/truck/src/src/Truck.cpp:1:\n'}
[3.773865] (truck) StderrLine: {'line': b'/Users/brodie/ros2_truckplatoon/src/truck/src/src/Truck.hpp:4:10: warning: non-portable path to file \'"utils/include.hpp"\'; specified path differs in case from file name on disk [-Wnonportable-include-path]\n'}
[3.774126] (truck) StderrLine: {'line': b'#include "utils/Include.hpp"\n'}
[3.774367] (truck) StderrLine: {'line': b'         ^~~~~~~~~~~~~~~~~~~\n'}
[3.774596] (truck) StderrLine: {'line': b'         "utils/include.hpp"\n'}
[3.774826] (truck) StderrLine: {'line': b'In file included from /Users/brodie/ros2_truckplatoon/src/truck/src/src/Leader.cpp:1:\n'}
[3.775056] (truck) StderrLine: {'line': b'In file included from /Users/brodie/ros2_truckplatoon/src/truck/src/src/Leader.hpp:4:\n'}
[3.775317] (truck) StderrLine: {'line': b'/Users/brodie/ros2_truckplatoon/src/truck/src/src/Truck.hpp:4:10: warning: non-portable path to file \'"utils/include.hpp"\'; specified path differs in case from file name on disk [-Wnonportable-include-path]\n'}
[3.775596] (truck) StderrLine: {'line': b'#include "utils/Include.hpp"\n'}
[3.775983] (truck) StderrLine: {'line': b'         ^~~~~~~~~~~~~~~~~~~\n'}
[3.776267] (truck) StderrLine: {'line': b'         "utils/include.hpp"\n'}
[3.795777] (-) TimerEvent: {}
[3.900271] (-) TimerEvent: {}
[4.001005] (-) TimerEvent: {}
[4.106135] (-) TimerEvent: {}
[4.207424] (-) TimerEvent: {}
[4.311037] (-) TimerEvent: {}
[4.411495] (-) TimerEvent: {}
[4.513422] (-) TimerEvent: {}
[4.615669] (-) TimerEvent: {}
[4.721046] (-) TimerEvent: {}
[4.825699] (-) TimerEvent: {}
[4.904123] (truck) StderrLine: {'line': b'In file included from /Users/brodie/ros2_truckplatoon/src/truck/src/truck.cpp:2:\n'}
[4.904597] (truck) StderrLine: {'line': b'In file included from /Users/brodie/ros2_truckplatoon/src/truck/src/Platoon.hpp:4:\n'}
[4.905064] (truck) StderrLine: {'line': b'In file included from /Users/brodie/ros2_truckplatoon/src/truck/src/src/Leader.hpp:4:\n'}
[4.905988] (truck) StderrLine: {'line': b'In file included from /Users/brodie/ros2_truckplatoon/src/truck/src/src/Truck.hpp:7:\n'}
[4.908602] (truck) StderrLine: {'line': b"/Users/brodie/ros2_truckplatoon/src/truck/src/src/Subscriber.hpp:37:64: warning: unused parameter 'msg' [-Wunused-parameter]\n"}
[4.909053] (truck) StderrLine: {'line': b'    void topic_callback(const message::msg::Message::SharedPtr msg) const\n'}
[4.909444] (truck) StderrLine: {'line': b'                                                               ^\n'}
[4.910802] (truck) StderrLine: {'line': b'In file included from /Users/brodie/ros2_truckplatoon/src/truck/src/src/Truck.cpp:1:\n'}
[4.911427] (truck) StderrLine: {'line': b'In file included from /Users/brodie/ros2_truckplatoon/src/truck/src/src/Truck.hpp:7:\n'}
[4.911907] (truck) StderrLine: {'line': b"/Users/brodie/ros2_truckplatoon/src/truck/src/src/Subscriber.hpp:37:64: warning: unused parameter 'msg' [-Wunused-parameter]\n"}
[4.912236] (truck) StderrLine: {'line': b'    void topic_callback(const message::msg::Message::SharedPtr msg) const\n'}
[4.912529] (truck) StderrLine: {'line': b'                                                               ^\n'}
[4.913796] (truck) StderrLine: {'line': b'In file included from /Users/brodie/ros2_truckplatoon/src/truck/src/src/Communication.cpp:1:\n'}
[4.915200] (truck) StderrLine: {'line': b'In file included from /Users/brodie/ros2_truckplatoon/src/truck/src/src/Communication.hpp:3:\n'}
[4.917373] (truck) StderrLine: {'line': b'In file included from /Users/brodie/ros2_truckplatoon/src/truck/src/src/Truck.hpp:7:\n'}
[4.918645] (truck) StderrLine: {'line': b"/Users/brodie/ros2_truckplatoon/src/truck/src/src/Subscriber.hpp:37:64: warning: unused parameter 'msg' [-Wunused-parameter]\n"}
[4.919208] (truck) StderrLine: {'line': b'    void topic_callback(const message::msg::Message::SharedPtr msg) const\n'}
[4.919682] (truck) StderrLine: {'line': b'                                                               ^\n'}
[4.920102] (truck) StderrLine: {'line': b'In file included from /Users/brodie/ros2_truckplatoon/src/truck/src/truck.cpp:2:\n'}
[4.920363] (truck) StderrLine: {'line': b'/Users/brodie/ros2_truckplatoon/src/truck/src/Platoon.hpp:8:10: warning: non-portable path to file \'"src/utils/include.hpp"\'; specified path differs in case from file name on disk [-Wnonportable-include-path]\n'}
[4.920698] (truck) StderrLine: {'line': b'#include "src/utils/Include.hpp"\n'}
[4.921042] (truck) StderrLine: {'line': b'         ^~~~~~~~~~~~~~~~~~~~~~~\n'}
[4.921365] (truck) StderrLine: {'line': b'         "src/utils/include.hpp"\n'}
[4.926191] (-) TimerEvent: {}
[4.927940] (truck) StderrLine: {'line': b"/Users/brodie/ros2_truckplatoon/src/truck/src/truck.cpp:3:14: warning: unused parameter 'argc' [-Wunused-parameter]\n"}
[4.928679] (truck) StderrLine: {'line': b'int main(int argc, char ** argv)\n'}
[4.929111] (truck) StderrLine: {'line': b'             ^\n'}
[4.929444] (truck) StderrLine: {'line': b"/Users/brodie/ros2_truckplatoon/src/truck/src/truck.cpp:3:28: warning: unused parameter 'argv' [-Wunused-parameter]\n"}
[4.929752] (truck) StderrLine: {'line': b'int main(int argc, char ** argv)\n'}
[4.930138] (truck) StderrLine: {'line': b'                           ^\n'}
[4.940931] (truck) StderrLine: {'line': b'In file included from /Users/brodie/ros2_truckplatoon/src/truck/src/src/Leader.cpp:1:\n'}
[4.941381] (truck) StderrLine: {'line': b'In file included from /Users/brodie/ros2_truckplatoon/src/truck/src/src/Leader.hpp:4:\n'}
[4.941656] (truck) StderrLine: {'line': b'In file included from /Users/brodie/ros2_truckplatoon/src/truck/src/src/Truck.hpp:7:\n'}
[4.941888] (truck) StderrLine: {'line': b"/Users/brodie/ros2_truckplatoon/src/truck/src/src/Subscriber.hpp:37:64: warning: unused parameter 'msg' [-Wunused-parameter]\n"}
[4.942434] (truck) StderrLine: {'line': b'    void topic_callback(const message::msg::Message::SharedPtr msg) const\n'}
[4.942900] (truck) StderrLine: {'line': b'                                                               ^\n'}
[5.026619] (-) TimerEvent: {}
[5.127921] (-) TimerEvent: {}
[5.232466] (-) TimerEvent: {}
[5.337915] (-) TimerEvent: {}
[5.439797] (-) TimerEvent: {}
[5.541072] (-) TimerEvent: {}
[5.645828] (-) TimerEvent: {}
[5.749771] (-) TimerEvent: {}
[5.850319] (-) TimerEvent: {}
[5.954027] (-) TimerEvent: {}
[6.054454] (-) TimerEvent: {}
[6.155996] (-) TimerEvent: {}
[6.261277] (-) TimerEvent: {}
[6.361833] (-) TimerEvent: {}
[6.463125] (-) TimerEvent: {}
[6.564506] (-) TimerEvent: {}
[6.669072] (-) TimerEvent: {}
[6.764244] (truck) StderrLine: {'line': b'In file included from /Users/brodie/ros2_truckplatoon/src/truck/src/truck.cpp:2:\n'}
[6.764644] (truck) StderrLine: {'line': b'In file included from /Users/brodie/ros2_truckplatoon/src/truck/src/Platoon.hpp:4:\n'}
[6.764930] (truck) StderrLine: {'line': b'In file included from /Users/brodie/ros2_truckplatoon/src/truck/src/src/Leader.hpp:4:\n'}
[6.765193] (truck) StderrLine: {'line': b'In file included from /Users/brodie/ros2_truckplatoon/src/truck/src/src/Truck.hpp:3:\n'}
[6.765466] (truck) StderrLine: {'line': b"/Users/brodie/ros2_truckplatoon/src/truck/src/src/utils/PlatoonTypes.hpp:53:22: warning: unused function 'operator<<' [-Wunused-function]\n"}
[6.765897] (truck) StderrLine: {'line': b'static std::ostream& operator << ( std::ostream& outs, const EventType& p )\n'}
[6.766577] (truck) StderrLine: {'line': b'                     ^\n'}
[6.766873] (truck) StderrLine: {'line': b"/Users/brodie/ros2_truckplatoon/src/truck/src/src/utils/PlatoonTypes.hpp:108:22: warning: unused function 'operator<<' [-Wunused-function]\n"}
[6.767132] (truck) StderrLine: {'line': b'static std::ostream& operator << ( std::ostream& outs, const TruckState& p )\n'}
[6.767385] (truck) StderrLine: {'line': b'                     ^\n'}
[6.767636] (truck) StderrLine: {'line': b'In file included from /Users/brodie/ros2_truckplatoon/src/truck/src/truck.cpp:2:\n'}
[6.767890] (truck) StderrLine: {'line': b'In file included from /Users/brodie/ros2_truckplatoon/src/truck/src/Platoon.hpp:11:\n'}
[6.768145] (truck) StderrLine: {'line': b"/Users/brodie/ros2_truckplatoon/src/truck/src/src/DrivingEvent.hpp:9:15: warning: private field '_speed' is not used [-Wunused-private-field]\n"}
[6.768386] (truck) StderrLine: {'line': b'    speedType _speed;\n'}
[6.768697] (truck) StderrLine: {'line': b'              ^\n'}
[6.768955] (truck) StderrLine: {'line': b"/Users/brodie/ros2_truckplatoon/src/truck/src/src/DrivingEvent.hpp:10:23: warning: private field '_stearingAngle' is not used [-Wunused-private-field]\n"}
[6.769336] (-) TimerEvent: {}
[6.769549] (truck) StderrLine: {'line': b'    stearingAngleType _stearingAngle;\n'}
[6.770141] (truck) StderrLine: {'line': b'                      ^\n'}
[6.770431] (truck) StderrLine: {'line': b"/Users/brodie/ros2_truckplatoon/src/truck/src/src/DrivingEvent.hpp:11:18: warning: private field '_distance' is not used [-Wunused-private-field]\n"}
[6.770686] (truck) StderrLine: {'line': b'    distanceType _distance;\n'}
[6.770944] (truck) StderrLine: {'line': b'                 ^\n'}
[6.771217] (truck) StderrLine: {'line': b'In file included from /Users/brodie/ros2_truckplatoon/src/truck/src/src/Communication.cpp:1:\n'}
[6.771537] (truck) StderrLine: {'line': b'In file included from /Users/brodie/ros2_truckplatoon/src/truck/src/src/Communication.hpp:2:\n'}
[6.771804] (truck) StderrLine: {'line': b'In file included from /Users/brodie/ros2_truckplatoon/src/truck/src/src/Event.hpp:4:\n'}
[6.772591] (truck) StderrLine: {'line': b"/Users/brodie/ros2_truckplatoon/src/truck/src/src/utils/PlatoonTypes.hpp:53:22: warning: unused function 'operator<<' [-Wunused-function]\n"}
[6.772976] (truck) StderrLine: {'line': b'static std::ostream& operator << ( std::ostream& outs, const EventType& p )\n'}
[6.773219] (truck) StderrLine: {'line': b'                     ^\n'}
[6.773465] (truck) StderrLine: {'line': b"/Users/brodie/ros2_truckplatoon/src/truck/src/src/utils/PlatoonTypes.hpp:108:22: warning: unused function 'operator<<' [-Wunused-function]\n"}
[6.773676] (truck) StderrLine: {'line': b'static std::ostream& operator << ( std::ostream& outs, const TruckState& p )\n'}
[6.773874] (truck) StderrLine: {'line': b'                     ^\n'}
[6.776824] (truck) StderrLine: {'line': b'In file included from /Users/brodie/ros2_truckplatoon/src/truck/src/src/Leader.cpp:1:\n'}
[6.777264] (truck) StderrLine: {'line': b'In file included from /Users/brodie/ros2_truckplatoon/src/truck/src/src/Leader.hpp:4:\n'}
[6.777520] (truck) StderrLine: {'line': b'In file included from /Users/brodie/ros2_truckplatoon/src/truck/src/src/Truck.hpp:3:\n'}
[6.777731] (truck) StderrLine: {'line': b"/Users/brodie/ros2_truckplatoon/src/truck/src/src/utils/PlatoonTypes.hpp:53:22: warning: unused function 'operator<<' [-Wunused-function]\n"}
[6.778033] (truck) StderrLine: {'line': b'static std::ostream& operator << ( std::ostream& outs, const EventType& p )\n'}
[6.778327] (truck) StderrLine: {'line': b'                     ^\n'}
[6.778689] (truck) StderrLine: {'line': b"/Users/brodie/ros2_truckplatoon/src/truck/src/src/utils/PlatoonTypes.hpp:108:22: warning: unused function 'operator<<' [-Wunused-function]\n"}
[6.778962] (truck) StderrLine: {'line': b'static std::ostream& operator << ( std::ostream& outs, const TruckState& p )\n'}
[6.779200] (truck) StderrLine: {'line': b'                     ^\n'}
[6.814393] (truck) StderrLine: {'line': b'4 warnings generated.\n'}
[6.834043] (truck) StderrLine: {'line': b'4 warnings generated.\n'}
[6.836463] (truck) StderrLine: {'line': b'10 warnings generated.\n'}
[6.870478] (-) TimerEvent: {}
[6.918238] (truck) StderrLine: {'line': b'In file included from /Users/brodie/ros2_truckplatoon/src/truck/src/src/Truck.cpp:1:\n'}
[6.918865] (truck) StderrLine: {'line': b'In file included from /Users/brodie/ros2_truckplatoon/src/truck/src/src/Truck.hpp:3:\n'}
[6.919047] (truck) StderrLine: {'line': b"/Users/brodie/ros2_truckplatoon/src/truck/src/src/utils/PlatoonTypes.hpp:53:22: warning: unused function 'operator<<' [-Wunused-function]\n"}
[6.919260] (truck) StderrLine: {'line': b'static std::ostream& operator << ( std::ostream& outs, const EventType& p )\n'}
[6.919572] (truck) StderrLine: {'line': b'                     ^\n'}
[6.975051] (-) TimerEvent: {}
[7.078161] (-) TimerEvent: {}
[7.183460] (-) TimerEvent: {}
[7.283845] (-) TimerEvent: {}
[7.384516] (-) TimerEvent: {}
[7.487429] (-) TimerEvent: {}
[7.591481] (-) TimerEvent: {}
[7.695948] (-) TimerEvent: {}
[7.798396] (-) TimerEvent: {}
[7.903763] (-) TimerEvent: {}
[8.005394] (-) TimerEvent: {}
[8.108610] (-) TimerEvent: {}
[8.211607] (-) TimerEvent: {}
[8.261009] (truck) StderrLine: {'line': b'3 warnings generated.\n'}
[8.295242] (truck) StdoutLine: {'line': b'[ 83%] Linking CXX executable truck\n'}
[8.315676] (-) TimerEvent: {}
[8.419669] (-) TimerEvent: {}
[8.473542] (truck) StdoutLine: {'line': b'[100%] Built target truck\n'}
[8.491620] (truck) CommandEnded: {'returncode': 0}
[8.524711] (-) TimerEvent: {}
[8.625460] (-) TimerEvent: {}
[8.679832] (truck) JobProgress: {'identifier': 'truck', 'progress': 'install'}
[8.682858] (truck) Command: {'cmd': ['/usr/local/bin/cmake', '--install', '/Users/brodie/ros2_truckplatoon/build/truck'], 'cwd': '/Users/brodie/ros2_truckplatoon/build/truck', 'env': OrderedDict([('TERM_PROGRAM', 'Apple_Terminal'), ('SHELL', '/bin/zsh'), ('TERM', 'xterm-256color'), ('TMPDIR', '/var/folders/b6/t14lv28n5xqdhgq7zcrqwfkm0000gn/T/'), ('TERM_PROGRAM_VERSION', '447'), ('ROS_PYTHON_VERSION', '3'), ('ROS_VERSION', '2'), ('COLCON_PREFIX_PATH', '/Users/brodie/ros2_truckplatoon/install:/Users/brodie/my_workspace/install:/Users/brodie/ros2_foxy/ros2-osx'), ('TERM_SESSION_ID', 'E5BABC13-F725-46CC-AAF9-198796464AAA'), ('AMENT_PREFIX_PATH', '/Users/brodie/ros2_truckplatoon/install/truck:/Users/brodie/ros2_truckplatoon/install/message:/Users/brodie/ros2_truckplatoon/install/Messages:/Users/brodie/my_workspace/install/cpp_srvcli:/Users/brodie/my_workspace/install/cpp_pubsub:/Users/brodie/my_workspace/install/tutorial_interfaces:/Users/brodie/my_workspace/install/my_package:/Users/brodie/ros2_foxy/ros2-osx'), ('USER', 'brodie'), ('SSH_AUTH_SOCK', '/private/tmp/com.apple.launchd.y7sM3h0PYQ/Listeners'), ('__CF_USER_TEXT_ENCODING', '0x1F5:0x0:0x4'), ('PATH', '/Users/brodie/ros2_foxy/ros2-osx/bin:/Library/Frameworks/Python.framework/Versions/3.9/bin:/Library/Frameworks/Python.framework/Versions/2.7/bin:/usr/local/bin:/System/Cryptexes/App/usr/bin:/usr/bin:/bin:/usr/sbin:/sbin:/Library/TeX/texbin:/usr/local/share/dotnet:/opt/X11/bin:~/.dotnet/tools:/Library/Apple/usr/bin:/Library/Frameworks/Mono.framework/Versions/Current/Commands:/usr/local/CrossPack-AVR/bin:/Applications/Postgres.app/Contents/Versions/latest/bin:/Applications/Xamarin Workbooks.app/Contents/SharedSupport/path-bin'), ('LaunchInstanceID', '9FE7DBD5-29B0-4D79-BB55-564B76C74B34'), ('__CFBundleIdentifier', 'com.apple.Terminal'), ('PWD', '/Users/brodie/ros2_truckplatoon/build/truck'), ('COLCON', '1'), ('LANG', 'it_IT.UTF-8'), ('XPC_FLAGS', '0x0'), ('XPC_SERVICE_NAME', '0'), ('OPENSSL_ROOT_DIR', '/usr/local/Cellar/openssl@3'), ('SHLVL', '2'), ('HOME', '/Users/brodie'), ('ROS_DISTRO', 'foxy'), ('PYTHONPATH', '/Users/brodie/ros2_truckplatoon/install/message/lib/python3.9/site-packages:/Users/brodie/my_workspace/install/tutorial_interfaces/lib/python3.9/site-packages:/Users/brodie/my_workspace/install/my_package/lib/python3.9/site-packages:/Users/brodie/ros2_foxy/ros2-osx/lib/python3.8/site-packages'), ('LOGNAME', 'brodie'), ('PKG_CONFIG_PATH', '/Users/brodie/ros2_foxy/ros2-osx/lib/pkgconfig'), ('CMAKE_PREFIX_PATH', '/Users/brodie/ros2_truckplatoon/install/message:/Users/brodie/ros2_truckplatoon/install/truck:/Users/brodie/ros2_truckplatoon/install/Messages:/Users/brodie/my_workspace/install/cpp_srvcli:/Users/brodie/my_workspace/install/cpp_pubsub:/Users/brodie/my_workspace/install/tutorial_interfaces:/Users/brodie/ros2_foxy/ros2-osx:/Users/brodie/my_workspace/install/my_package'), ('DISPLAY', '/private/tmp/com.apple.launchd.wAeY1AWNrh/org.xquartz:0'), ('ROS_LOCALHOST_ONLY', '0'), ('SECURITYSESSIONID', '186a3'), ('_', '/usr/bin/env')]), 'shell': False}
[8.699299] (truck) StdoutLine: {'line': b'-- Install configuration: ""\n'}
[8.699820] (truck) StdoutLine: {'line': b'-- Installing: /Users/brodie/ros2_truckplatoon/install/truck/lib/truck/truck\n'}
[8.729908] (-) TimerEvent: {}
[8.780308] (truck) StdoutLine: {'line': b'-- Up-to-date: /Users/brodie/ros2_truckplatoon/install/truck/share/ament_index/resource_index/package_run_dependencies/truck\n'}
[8.781282] (truck) StdoutLine: {'line': b'-- Up-to-date: /Users/brodie/ros2_truckplatoon/install/truck/share/ament_index/resource_index/parent_prefix_path/truck\n'}
[8.781895] (truck) StdoutLine: {'line': b'-- Up-to-date: /Users/brodie/ros2_truckplatoon/install/truck/share/truck/environment/ament_prefix_path.sh\n'}
[8.782564] (truck) StdoutLine: {'line': b'-- Up-to-date: /Users/brodie/ros2_truckplatoon/install/truck/share/truck/environment/ament_prefix_path.dsv\n'}
[8.782757] (truck) StdoutLine: {'line': b'-- Up-to-date: /Users/brodie/ros2_truckplatoon/install/truck/share/truck/environment/path.sh\n'}
[8.782907] (truck) StdoutLine: {'line': b'-- Up-to-date: /Users/brodie/ros2_truckplatoon/install/truck/share/truck/environment/path.dsv\n'}
[8.783151] (truck) StdoutLine: {'line': b'-- Up-to-date: /Users/brodie/ros2_truckplatoon/install/truck/share/truck/local_setup.bash\n'}
[8.783495] (truck) StdoutLine: {'line': b'-- Up-to-date: /Users/brodie/ros2_truckplatoon/install/truck/share/truck/local_setup.sh\n'}
[8.783876] (truck) StdoutLine: {'line': b'-- Up-to-date: /Users/brodie/ros2_truckplatoon/install/truck/share/truck/local_setup.zsh\n'}
[8.784715] (truck) StdoutLine: {'line': b'-- Up-to-date: /Users/brodie/ros2_truckplatoon/install/truck/share/truck/local_setup.dsv\n'}
[8.785263] (truck) StdoutLine: {'line': b'-- Installing: /Users/brodie/ros2_truckplatoon/install/truck/share/truck/package.dsv\n'}
[8.785627] (truck) StdoutLine: {'line': b'-- Up-to-date: /Users/brodie/ros2_truckplatoon/install/truck/share/ament_index/resource_index/packages/truck\n'}
[8.785876] (truck) StdoutLine: {'line': b'-- Up-to-date: /Users/brodie/ros2_truckplatoon/install/truck/share/truck/cmake/truckConfig.cmake\n'}
[8.786090] (truck) StdoutLine: {'line': b'-- Up-to-date: /Users/brodie/ros2_truckplatoon/install/truck/share/truck/cmake/truckConfig-version.cmake\n'}
[8.786302] (truck) StdoutLine: {'line': b'-- Up-to-date: /Users/brodie/ros2_truckplatoon/install/truck/share/truck/package.xml\n'}
[8.793216] (truck) CommandEnded: {'returncode': 0}
[8.835715] (-) TimerEvent: {}
[8.938844] (-) TimerEvent: {}
[9.040424] (-) TimerEvent: {}
[9.125992] (truck) JobEnded: {'identifier': 'truck', 'rc': 0}
[9.128247] (-) EventReactorShutdown: {}
