[0.059s] Invoking command in '/Users/brodie/ros2_truckplatoon/build/truck': CMAKE_PREFIX_PATH=${CMAKE_PREFIX_PATH}:/Users/brodie/my_workspace/install/my_package SHLVL=2 _=/usr/bin/env /usr/local/bin/cmake --build /Users/brodie/ros2_truckplatoon/build/truck -- -j8 -l8
[0.159s] Scanning dependencies of target truck
[0.179s] [ 16%] Building CXX object CMakeFiles/truck.dir/src/truck.cpp.o
[0.179s] [ 33%] Building CXX object CMakeFiles/truck.dir/src/src/Truck.cpp.o
[0.181s] [ 66%] Building CXX object CMakeFiles/truck.dir/src/src/Leader.cpp.o
[0.181s] [ 66%] Building CXX object CMakeFiles/truck.dir/src/src/Communication.cpp.o
[0.660s] In file included from /Users/brodie/ros2_truckplatoon/src/truck/src/src/Truck.cpp:1:
[0.660s] /Users/brodie/ros2_truckplatoon/src/truck/src/src/Truck.hpp:4:10: warning: non-portable path to file '"utils/include.hpp"'; specified path differs in case from file name on disk [-Wnonportable-include-path]
[0.660s] #include "utils/Include.hpp"
[0.660s]          ^~~~~~~~~~~~~~~~~~~
[0.661s]          "utils/include.hpp"
[0.661s] In file included from /Users/brodie/ros2_truckplatoon/src/truck/src/src/Communication.cpp:1:
[0.662s] In file included from /Users/brodie/ros2_truckplatoon/src/truck/src/src/Communication.hpp:3:
[0.662s] /Users/brodie/ros2_truckplatoon/src/truck/src/src/Truck.hpp:4:10: warning: non-portable path to file '"utils/include.hpp"'; specified path differs in case from file name on disk [-Wnonportable-include-path]
[0.662s] #include "utils/Include.hpp"
[0.662s]          ^~~~~~~~~~~~~~~~~~~
[0.662s]          "utils/include.hpp"
[0.663s] In file included from /Users/brodie/ros2_truckplatoon/src/truck/src/src/Leader.cpp:1:
[0.663s] In file included from /Users/brodie/ros2_truckplatoon/src/truck/src/src/Leader.hpp:4:
[0.663s] /Users/brodie/ros2_truckplatoon/src/truck/src/src/Truck.hpp:4:10: warning: non-portable path to file '"utils/include.hpp"'; specified path differs in case from file name on disk [-Wnonportable-include-path]
[0.663s] #include "utils/Include.hpp"
[0.663s]          ^~~~~~~~~~~~~~~~~~~
[0.663s]          "utils/include.hpp"
[0.665s] In file included from /Users/brodie/ros2_truckplatoon/src/truck/src/truck.cpp:2:
[0.665s] In file included from /Users/brodie/ros2_truckplatoon/src/truck/src/Platoon.hpp:4:
[0.665s] In file included from /Users/brodie/ros2_truckplatoon/src/truck/src/src/Leader.hpp:4:
[0.665s] /Users/brodie/ros2_truckplatoon/src/truck/src/src/Truck.hpp:4:10: warning: non-portable path to file '"utils/include.hpp"'; specified path differs in case from file name on disk [-Wnonportable-include-path]
[0.666s] #include "utils/Include.hpp"
[0.666s]          ^~~~~~~~~~~~~~~~~~~
[0.666s]          "utils/include.hpp"
[1.453s] In file included from /Users/brodie/ros2_truckplatoon/src/truck/src/src/Truck.cpp:1:
[1.453s] In file included from /Users/brodie/ros2_truckplatoon/src/truck/src/src/Truck.hpp:7:
[1.453s] /Users/brodie/ros2_truckplatoon/src/truck/src/src/Subscriber.hpp:34:64: warning: unused parameter 'msg' [-Wunused-parameter]
[1.453s]     void topic_callback(const message::msg::Message::SharedPtr msg) const
[1.454s]                                                                ^
[1.454s] In file included from /Users/brodie/ros2_truckplatoon/src/truck/src/src/Communication.cpp:1:
[1.454s] In file included from /Users/brodie/ros2_truckplatoon/src/truck/src/src/Communication.hpp:3:
[1.454s] In file included from /Users/brodie/ros2_truckplatoon/src/truck/src/src/Truck.hpp:7:
[1.454s] /Users/brodie/ros2_truckplatoon/src/truck/src/src/Subscriber.hpp:34:64: warning: unused parameter 'msg' [-Wunused-parameter]
[1.454s]     void topic_callback(const message::msg::Message::SharedPtr msg) const
[1.455s]                                                                ^
[1.456s] In file included from /Users/brodie/ros2_truckplatoon/src/truck/src/src/Leader.cpp:1:
[1.456s] In file included from /Users/brodie/ros2_truckplatoon/src/truck/src/src/Leader.hpp:4:
[1.456s] In file included from /Users/brodie/ros2_truckplatoon/src/truck/src/src/Truck.hpp:7:
[1.457s] /Users/brodie/ros2_truckplatoon/src/truck/src/src/Subscriber.hpp:34:64: warning: unused parameter 'msg' [-Wunused-parameter]
[1.457s]     void topic_callback(const message::msg::Message::SharedPtr msg) const
[1.457s]                                                                ^
[1.457s] In file included from /Users/brodie/ros2_truckplatoon/src/truck/src/truck.cpp:2:
[1.457s] In file included from /Users/brodie/ros2_truckplatoon/src/truck/src/Platoon.hpp:4:
[1.457s] In file included from /Users/brodie/ros2_truckplatoon/src/truck/src/src/Leader.hpp:4:
[1.458s] In file included from /Users/brodie/ros2_truckplatoon/src/truck/src/src/Truck.hpp:7:
[1.458s] /Users/brodie/ros2_truckplatoon/src/truck/src/src/Subscriber.hpp:34:64: warning: unused parameter 'msg' [-Wunused-parameter]
[1.458s]     void topic_callback(const message::msg::Message::SharedPtr msg) const
[1.458s]                                                                ^
[1.459s] In file included from /Users/brodie/ros2_truckplatoon/src/truck/src/truck.cpp:2:
[1.459s] /Users/brodie/ros2_truckplatoon/src/truck/src/Platoon.hpp:8:10: warning: non-portable path to file '"src/utils/include.hpp"'; specified path differs in case from file name on disk [-Wnonportable-include-path]
[1.459s] #include "src/utils/Include.hpp"
[1.460s]          ^~~~~~~~~~~~~~~~~~~~~~~
[1.460s]          "src/utils/include.hpp"
[1.471s] /Users/brodie/ros2_truckplatoon/src/truck/src/src/Truck.cpp:40:37: error: use of undeclared identifier 'Platoon'
[1.471s]     this->_publisher->SendMessageTo(Platoon);
[1.471s]                                     ^
[2.331s] 2 warnings and 1 error generated.
[2.350s] gmake[2]: *** [CMakeFiles/truck.dir/build.make:95: CMakeFiles/truck.dir/src/src/Truck.cpp.o] Error 1
[2.350s] gmake[2]: *** Waiting for unfinished jobs....
[2.380s] In file included from /Users/brodie/ros2_truckplatoon/src/truck/src/src/Communication.cpp:1:
[2.380s] In file included from /Users/brodie/ros2_truckplatoon/src/truck/src/src/Communication.hpp:2:
[2.380s] In file included from /Users/brodie/ros2_truckplatoon/src/truck/src/src/Event.hpp:4:
[2.380s] /Users/brodie/ros2_truckplatoon/src/truck/src/src/utils/PlatoonTypes.hpp:53:22: warning: unused function 'operator<<' [-Wunused-function]
[2.380s] static std::ostream& operator << ( std::ostream& outs, const EventType& p )
[2.381s]                      ^
[2.381s] /Users/brodie/ros2_truckplatoon/src/truck/src/src/utils/PlatoonTypes.hpp:108:22: warning: unused function 'operator<<' [-Wunused-function]
[2.381s] static std::ostream& operator << ( std::ostream& outs, const TruckState& p )
[2.381s]                      ^
[2.384s] In file included from /Users/brodie/ros2_truckplatoon/src/truck/src/src/Leader.cpp:1:
[2.384s] In file included from /Users/brodie/ros2_truckplatoon/src/truck/src/src/Leader.hpp:4:
[2.385s] In file included from /Users/brodie/ros2_truckplatoon/src/truck/src/src/Truck.hpp:3:
[2.385s] /Users/brodie/ros2_truckplatoon/src/truck/src/src/utils/PlatoonTypes.hpp:53:22: warning: unused function 'operator<<' [-Wunused-function]
[2.385s] static std::ostream& operator << ( std::ostream& outs, const EventType& p )
[2.385s]                      ^
[2.385s] /Users/brodie/ros2_truckplatoon/src/truck/src/src/utils/PlatoonTypes.hpp:108:22: warning: unused function 'operator<<' [-Wunused-function]
[2.385s] static std::ostream& operator << ( std::ostream& outs, const TruckState& p )
[2.385s]                      ^
[2.405s] In file included from /Users/brodie/ros2_truckplatoon/src/truck/src/truck.cpp:2:
[2.405s] In file included from /Users/brodie/ros2_truckplatoon/src/truck/src/Platoon.hpp:4:
[2.406s] In file included from /Users/brodie/ros2_truckplatoon/src/truck/src/src/Leader.hpp:4:
[2.406s] In file included from /Users/brodie/ros2_truckplatoon/src/truck/src/src/Truck.hpp:3:
[2.406s] /Users/brodie/ros2_truckplatoon/src/truck/src/src/utils/PlatoonTypes.hpp:53:22: warning: unused function 'operator<<' [-Wunused-function]
[2.406s] static std::ostream& operator << ( std::ostream& outs, const EventType& p )
[2.406s]                      ^
[2.407s] /Users/brodie/ros2_truckplatoon/src/truck/src/src/utils/PlatoonTypes.hpp:108:22: warning: unused function 'operator<<' [-Wunused-function]
[2.407s] static std::ostream& operator << ( std::ostream& outs, const TruckState& p )
[2.407s]                      ^
[2.407s] In file included from /Users/brodie/ros2_truckplatoon/src/truck/src/truck.cpp:2:
[2.407s] In file included from /Users/brodie/ros2_truckplatoon/src/truck/src/Platoon.hpp:11:
[2.407s] /Users/brodie/ros2_truckplatoon/src/truck/src/src/DrivingEvent.hpp:9:15: warning: private field '_speed' is not used [-Wunused-private-field]
[2.407s]     speedType _speed;
[2.408s]               ^
[2.408s] /Users/brodie/ros2_truckplatoon/src/truck/src/src/DrivingEvent.hpp:10:23: warning: private field '_stearingAngle' is not used [-Wunused-private-field]
[2.408s]     stearingAngleType _stearingAngle;
[2.408s]                       ^
[2.409s] /Users/brodie/ros2_truckplatoon/src/truck/src/src/DrivingEvent.hpp:11:18: warning: private field '_distance' is not used [-Wunused-private-field]
[2.409s]     distanceType _distance;
[2.409s]                  ^
[2.413s] 4 warnings generated.
[2.422s] 4 warnings generated.
[2.449s] 8 warnings generated.
[2.458s] gmake[1]: *** [CMakeFiles/Makefile2:97: CMakeFiles/truck.dir/all] Error 2
[2.459s] gmake: *** [Makefile:160: all] Error 2
[2.465s] Invoked command in '/Users/brodie/ros2_truckplatoon/build/truck' returned '2': CMAKE_PREFIX_PATH=${CMAKE_PREFIX_PATH}:/Users/brodie/my_workspace/install/my_package SHLVL=2 _=/usr/bin/env /usr/local/bin/cmake --build /Users/brodie/ros2_truckplatoon/build/truck -- -j8 -l8
