Scanning dependencies of target truck
[ 16%] Building CXX object CMakeFiles/truck.dir/src/src/Leader.cpp.o
[ 33%] Building CXX object CMakeFiles/truck.dir/src/src/Communication.cpp.o
[ 50%] Building CXX object CMakeFiles/truck.dir/src/src/utils/JsonHandler.cpp.o
[ 66%] Building CXX object CMakeFiles/truck.dir/src/truck.cpp.o
[ 83%] Building CXX object CMakeFiles/truck.dir/src/src/Truck.cpp.o
/Users/brodie/ros2_truckplatoon/src/truck/src/src/utils/JsonHandler.cpp:12:20: warning: comparison of integers of different signs: 'int' and 'size_t' (aka 'unsigned long') [-Wsign-compare]
    for(int i = 0;i<n;i++)
                  ~^~
/Users/brodie/ros2_truckplatoon/src/truck/src/src/utils/JsonHandler.cpp:18:17: warning: comparison of integers of different signs: 'int' and 'size_t' (aka 'unsigned long') [-Wsign-compare]
        if(i +1 < n )
           ~~~~ ^ ~
In file included from /Users/brodie/ros2_truckplatoon/src/truck/src/src/Truck.cpp:1:
/Users/brodie/ros2_truckplatoon/src/truck/src/src/Truck.hpp:4:10: warning: non-portable path to file '"utils/include.hpp"'; specified path differs in case from file name on disk [-Wnonportable-include-path]
#include "utils/Include.hpp"
         ^~~~~~~~~~~~~~~~~~~
         "utils/include.hpp"
/Users/brodie/ros2_truckplatoon/src/truck/src/src/utils/JsonHandler.cpp:49:10: warning: unused variable 'key' [-Wunused-variable]
    bool key = true;
         ^
In file included from /Users/brodie/ros2_truckplatoon/src/truck/src/src/Communication.cpp:1:
In file included from /Users/brodie/ros2_truckplatoon/src/truck/src/src/Communication.hpp:3:
/Users/brodie/ros2_truckplatoon/src/truck/src/src/Truck.hpp:4:10: warning: non-portable path to file '"utils/include.hpp"'; specified path differs in case from file name on disk [-Wnonportable-include-path]
#include "utils/Include.hpp"
         ^~~~~~~~~~~~~~~~~~~
         "utils/include.hpp"
In file included from /Users/brodie/ros2_truckplatoon/src/truck/src/truck.cpp:2:
In file included from /Users/brodie/ros2_truckplatoon/src/truck/src/Platoon.hpp:4:
In file included from /Users/brodie/ros2_truckplatoon/src/truck/src/src/Leader.hpp:4:
/Users/brodie/ros2_truckplatoon/src/truck/src/src/Truck.hpp:4:10: warning: non-portable path to file '"utils/include.hpp"'; specified path differs in case from file name on disk [-Wnonportable-include-path]
#include "utils/Include.hpp"
         ^~~~~~~~~~~~~~~~~~~
         "utils/include.hpp"
In file included from /Users/brodie/ros2_truckplatoon/src/truck/src/truck.cpp:2:
/Users/brodie/ros2_truckplatoon/src/truck/src/Platoon.hpp:8:10: warning: non-portable path to file '"src/utils/include.hpp"'; specified path differs in case from file name on disk [-Wnonportable-include-path]
#include "src/utils/Include.hpp"
         ^~~~~~~~~~~~~~~~~~~~~~~
         "src/utils/include.hpp"
In file included from /Users/brodie/ros2_truckplatoon/src/truck/src/src/Leader.cpp:1:
In file included from /Users/brodie/ros2_truckplatoon/src/truck/src/src/Leader.hpp:4:
/Users/brodie/ros2_truckplatoon/src/truck/src/src/Truck.hpp:4:10: warning: non-portable path to file '"utils/include.hpp"'; specified path differs in case from file name on disk [-Wnonportable-include-path]
#include "utils/Include.hpp"
         ^~~~~~~~~~~~~~~~~~~
         "utils/include.hpp"
In file included from /Users/brodie/ros2_truckplatoon/src/truck/src/src/Communication.cpp:1:
In file included from /Users/brodie/ros2_truckplatoon/src/truck/src/src/Communication.hpp:2:
In file included from /Users/brodie/ros2_truckplatoon/src/truck/src/src/Event.hpp:4:
/Users/brodie/ros2_truckplatoon/src/truck/src/src/utils/PlatoonTypes.hpp:53:22: warning: unused function 'operator<<' [-Wunused-function]
static std::ostream& operator << ( std::ostream& outs, const EventType& p )
                     ^
/Users/brodie/ros2_truckplatoon/src/truck/src/src/utils/PlatoonTypes.hpp:108:22: warning: unused function 'operator<<' [-Wunused-function]
static std::ostream& operator << ( std::ostream& outs, const TruckState& p )
                     ^
3 warnings generated.
In file included from /Users/brodie/ros2_truckplatoon/src/truck/src/truck.cpp:2:
In file included from /Users/brodie/ros2_truckplatoon/src/truck/src/Platoon.hpp:4:
In file included from /Users/brodie/ros2_truckplatoon/src/truck/src/src/Leader.hpp:4:
In file included from /Users/brodie/ros2_truckplatoon/src/truck/src/src/Truck.hpp:3:
/Users/brodie/ros2_truckplatoon/src/truck/src/src/utils/PlatoonTypes.hpp:53:22: warning: unused function 'operator<<' [-Wunused-function]
static std::ostream& operator << ( std::ostream& outs, const EventType& p )
                     ^
/Users/brodie/ros2_truckplatoon/src/truck/src/src/utils/PlatoonTypes.hpp:108:22: warning: unused function 'operator<<' [-Wunused-function]
static std::ostream& operator << ( std::ostream& outs, const TruckState& p )
                     ^
In file included from /Users/brodie/ros2_truckplatoon/src/truck/src/truck.cpp:2:
In file included from /Users/brodie/ros2_truckplatoon/src/truck/src/Platoon.hpp:11:
/Users/brodie/ros2_truckplatoon/src/truck/src/src/DrivingEvent.hpp:9:15: warning: private field '_speed' is not used [-Wunused-private-field]
    speedType _speed;
              ^
/Users/brodie/ros2_truckplatoon/src/truck/src/src/DrivingEvent.hpp:10:23: warning: private field '_stearingAngle' is not used [-Wunused-private-field]
    stearingAngleType _stearingAngle;
                      ^
/Users/brodie/ros2_truckplatoon/src/truck/src/src/DrivingEvent.hpp:11:18: warning: private field '_distance' is not used [-Wunused-private-field]
    distanceType _distance;
                 ^
7 warnings generated.
In file included from /Users/brodie/ros2_truckplatoon/src/truck/src/src/Leader.cpp:1:
In file included from /Users/brodie/ros2_truckplatoon/src/truck/src/src/Leader.hpp:4:
In file included from /Users/brodie/ros2_truckplatoon/src/truck/src/src/Truck.hpp:3:
/Users/brodie/ros2_truckplatoon/src/truck/src/src/utils/PlatoonTypes.hpp:53:22: warning: unused function 'operator<<' [-Wunused-function]
static std::ostream& operator << ( std::ostream& outs, const EventType& p )
                     ^
/Users/brodie/ros2_truckplatoon/src/truck/src/src/utils/PlatoonTypes.hpp:108:22: warning: unused function 'operator<<' [-Wunused-function]
static std::ostream& operator << ( std::ostream& outs, const TruckState& p )
                     ^
3 warnings generated.
In file included from /Users/brodie/ros2_truckplatoon/src/truck/src/src/Truck.cpp:1:
In file included from /Users/brodie/ros2_truckplatoon/src/truck/src/src/Truck.hpp:3:
/Users/brodie/ros2_truckplatoon/src/truck/src/src/utils/PlatoonTypes.hpp:53:22: warning: unused function 'operator<<' [-Wunused-function]
static std::ostream& operator << ( std::ostream& outs, const EventType& p )
                     ^
3 warnings generated.
2 warnings generated.
[100%] Linking CXX executable truck
[100%] Built target truck
-- Install configuration: ""
-- Installing: /Users/brodie/ros2_truckplatoon/install/truck/lib/truck/truck
-- Up-to-date: /Users/brodie/ros2_truckplatoon/install/truck/share/ament_index/resource_index/package_run_dependencies/truck
-- Up-to-date: /Users/brodie/ros2_truckplatoon/install/truck/share/ament_index/resource_index/parent_prefix_path/truck
-- Up-to-date: /Users/brodie/ros2_truckplatoon/install/truck/share/truck/environment/ament_prefix_path.sh
-- Installing: /Users/brodie/ros2_truckplatoon/install/truck/share/truck/environment/ament_prefix_path.dsv
-- Up-to-date: /Users/brodie/ros2_truckplatoon/install/truck/share/truck/environment/path.sh
-- Installing: /Users/brodie/ros2_truckplatoon/install/truck/share/truck/environment/path.dsv
-- Up-to-date: /Users/brodie/ros2_truckplatoon/install/truck/share/truck/local_setup.bash
-- Up-to-date: /Users/brodie/ros2_truckplatoon/install/truck/share/truck/local_setup.sh
-- Up-to-date: /Users/brodie/ros2_truckplatoon/install/truck/share/truck/local_setup.zsh
-- Installing: /Users/brodie/ros2_truckplatoon/install/truck/share/truck/local_setup.dsv
-- Installing: /Users/brodie/ros2_truckplatoon/install/truck/share/truck/package.dsv
-- Up-to-date: /Users/brodie/ros2_truckplatoon/install/truck/share/ament_index/resource_index/packages/truck
-- Up-to-date: /Users/brodie/ros2_truckplatoon/install/truck/share/truck/cmake/truckConfig.cmake
-- Up-to-date: /Users/brodie/ros2_truckplatoon/install/truck/share/truck/cmake/truckConfig-version.cmake
-- Up-to-date: /Users/brodie/ros2_truckplatoon/install/truck/share/truck/package.xml
