[0.056s] Invoking command in '/Users/brodie/ros2_truckplatoon/build/truck': CMAKE_PREFIX_PATH=${CMAKE_PREFIX_PATH}:/Users/brodie/my_workspace/install/my_package SHLVL=2 _=/usr/bin/env /usr/local/bin/cmake --build /Users/brodie/ros2_truckplatoon/build/truck -- -j8 -l8
[0.149s] Scanning dependencies of target truck
[0.172s] [ 16%] Building CXX object CMakeFiles/truck.dir/src/src/Leader.cpp.o
[0.172s] [ 66%] Building CXX object CMakeFiles/truck.dir/src/src/Truck.cpp.o
[0.173s] [ 66%] Building CXX object CMakeFiles/truck.dir/src/src/Communication.cpp.o
[0.173s] [ 66%] Building CXX object CMakeFiles/truck.dir/src/truck.cpp.o
[1.198s] In file included from /Users/brodie/ros2_truckplatoon/src/truck/src/src/Truck.cpp:1:
[1.198s] /Users/brodie/ros2_truckplatoon/src/truck/src/src/Truck.hpp:4:10: warning: non-portable path to file '"utils/include.hpp"'; specified path differs in case from file name on disk [-Wnonportable-include-path]
[1.198s] #include "utils/Include.hpp"
[1.199s]          ^~~~~~~~~~~~~~~~~~~
[1.199s]          "utils/include.hpp"
[1.201s] In file included from /Users/brodie/ros2_truckplatoon/src/truck/src/src/Communication.cpp:1:
[1.201s] In file included from /Users/brodie/ros2_truckplatoon/src/truck/src/src/Communication.hpp:3:
[1.201s] /Users/brodie/ros2_truckplatoon/src/truck/src/src/Truck.hpp:4:10: warning: non-portable path to file '"utils/include.hpp"'; specified path differs in case from file name on disk [-Wnonportable-include-path]
[1.202s] #include "utils/Include.hpp"
[1.202s]          ^~~~~~~~~~~~~~~~~~~
[1.202s]          "utils/include.hpp"
[1.203s] In file included from /Users/brodie/ros2_truckplatoon/src/truck/src/truck.cpp:2:
[1.203s] In file included from /Users/brodie/ros2_truckplatoon/src/truck/src/Platoon.hpp:4:
[1.203s] In file included from /Users/brodie/ros2_truckplatoon/src/truck/src/src/Leader.hpp:4:
[1.203s] /Users/brodie/ros2_truckplatoon/src/truck/src/src/Truck.hpp:4:10: warning: non-portable path to file '"utils/include.hpp"'; specified path differs in case from file name on disk [-Wnonportable-include-path]
[1.204s] #include "utils/Include.hpp"
[1.204s]          ^~~~~~~~~~~~~~~~~~~
[1.204s]          "utils/include.hpp"
[1.209s] In file included from /Users/brodie/ros2_truckplatoon/src/truck/src/src/Leader.cpp:1:
[1.209s] In file included from /Users/brodie/ros2_truckplatoon/src/truck/src/src/Leader.hpp:4:
[1.209s] /Users/brodie/ros2_truckplatoon/src/truck/src/src/Truck.hpp:4:10: warning: non-portable path to file '"utils/include.hpp"'; specified path differs in case from file name on disk [-Wnonportable-include-path]
[1.210s] #include "utils/Include.hpp"
[1.210s]          ^~~~~~~~~~~~~~~~~~~
[1.210s]          "utils/include.hpp"
[2.395s] In file included from /Users/brodie/ros2_truckplatoon/src/truck/src/src/Communication.cpp:1:
[2.396s] In file included from /Users/brodie/ros2_truckplatoon/src/truck/src/src/Communication.hpp:3:
[2.396s] In file included from /Users/brodie/ros2_truckplatoon/src/truck/src/src/Truck.hpp:6:
[2.396s] /Users/brodie/ros2_truckplatoon/src/truck/src/src/Publisher.hpp:27:25: error: use of undeclared identifier 'MinimalPublisher'
[2.396s]       500ms, std::bind(&MinimalPublisher::timer_callback, this));
[2.396s]                         ^
[2.400s] In file included from /Users/brodie/ros2_truckplatoon/src/truck/src/src/Truck.cpp:1:
[2.400s] In file included from /Users/brodie/ros2_truckplatoon/src/truck/src/src/Truck.hpp:6:
[2.400s] /Users/brodie/ros2_truckplatoon/src/truck/src/src/Publisher.hpp:27:25: error: use of undeclared identifier 'MinimalPublisher'
[2.400s]       500ms, std::bind(&MinimalPublisher::timer_callback, this));
[2.400s]                         ^
[2.403s] In file included from /Users/brodie/ros2_truckplatoon/src/truck/src/truck.cpp:2:
[2.403s] In file included from /Users/brodie/ros2_truckplatoon/src/truck/src/Platoon.hpp:4:
[2.403s] In file included from /Users/brodie/ros2_truckplatoon/src/truck/src/src/Leader.hpp:4:
[2.403s] In file included from /Users/brodie/ros2_truckplatoon/src/truck/src/src/Truck.hpp:6:
[2.404s] /Users/brodie/ros2_truckplatoon/src/truck/src/src/Publisher.hpp:27:25: error: use of undeclared identifier 'MinimalPublisher'
[2.404s]       500ms, std::bind(&MinimalPublisher::timer_callback, this));
[2.404s]                         ^
[2.412s] /Users/brodie/ros2_truckplatoon/src/truck/src/src/Publisher.hpp:49:21: error: use of undeclared identifier 'TopicName'
[2.412s]   this->publishers_[TopicName]->publish(message);
[2.412s]                     ^
[2.412s] In file included from /Users/brodie/ros2_truckplatoon/src/truck/src/src/Leader.cpp:1:
[2.413s] In file included from /Users/brodie/ros2_truckplatoon/src/truck/src/src/Leader.hpp:4:
[2.413s] In file included from /Users/brodie/ros2_truckplatoon/src/truck/src/src/Truck.hpp:6:
[2.413s] /Users/brodie/ros2_truckplatoon/src/truck/src/src/Publisher.hpp:27:25: error: use of undeclared identifier 'MinimalPublisher'
[2.413s]       500ms, std::bind(&MinimalPublisher::timer_callback, this));
[2.414s]                         ^
[2.417s] /Users/brodie/ros2_truckplatoon/src/truck/src/src/Publisher.hpp:54:29: warning: unused parameter 'TopicName' [-Wunused-parameter]
[2.417s]   void callback(std::string TopicName)
[2.417s]                             ^
[2.417s] /Users/brodie/ros2_truckplatoon/src/truck/src/src/Publisher.hpp:49:21: error: use of undeclared identifier 'TopicName'
[2.417s]   this->publishers_[TopicName]->publish(message);
[2.418s]                     ^
[2.420s] /Users/brodie/ros2_truckplatoon/src/truck/src/src/Publisher.hpp:49:21: error: use of undeclared identifier 'TopicName'
[2.420s]   this->publishers_[TopicName]->publish(message);
[2.420s]                     ^
[2.420s] /Users/brodie/ros2_truckplatoon/src/truck/src/src/Publisher.hpp:54:29: warning: unused parameter 'TopicName' [-Wunused-parameter]
[2.421s]   void callback(std::string TopicName)
[2.421s]                             ^
[2.424s] /Users/brodie/ros2_truckplatoon/src/truck/src/src/Publisher.hpp:54:29: warning: unused parameter 'TopicName' [-Wunused-parameter]
[2.424s]   void callback(std::string TopicName)
[2.424s]                             ^
[2.429s] /Users/brodie/ros2_truckplatoon/src/truck/src/src/Publisher.hpp:49:21: error: use of undeclared identifier 'TopicName'
[2.430s]   this->publishers_[TopicName]->publish(message);
[2.430s]                     ^
[2.435s] /Users/brodie/ros2_truckplatoon/src/truck/src/src/Publisher.hpp:54:29: warning: unused parameter 'TopicName' [-Wunused-parameter]
[2.435s]   void callback(std::string TopicName)
[2.435s]                             ^
[2.443s] In file included from /Users/brodie/ros2_truckplatoon/src/truck/src/src/Communication.cpp:1:
[2.443s] In file included from /Users/brodie/ros2_truckplatoon/src/truck/src/src/Communication.hpp:3:
[2.443s] In file included from /Users/brodie/ros2_truckplatoon/src/truck/src/src/Truck.hpp:7:
[2.444s] /Users/brodie/ros2_truckplatoon/src/truck/src/src/Subscriber.hpp:37:64: warning: unused parameter 'msg' [-Wunused-parameter]
[2.444s]     void topic_callback(const message::msg::Message::SharedPtr msg) const
[2.444s]                                                                ^
[2.449s] In file included from /Users/brodie/ros2_truckplatoon/src/truck/src/src/Truck.cpp:1:
[2.449s] In file included from /Users/brodie/ros2_truckplatoon/src/truck/src/src/Truck.hpp:7:
[2.449s] /Users/brodie/ros2_truckplatoon/src/truck/src/src/Subscriber.hpp:37:64: warning: unused parameter 'msg' [-Wunused-parameter]
[2.449s]     void topic_callback(const message::msg::Message::SharedPtr msg) const
[2.449s]                                                                ^
[2.452s] In file included from /Users/brodie/ros2_truckplatoon/src/truck/src/truck.cpp:2:
[2.452s] In file included from /Users/brodie/ros2_truckplatoon/src/truck/src/Platoon.hpp:4:
[2.452s] In file included from /Users/brodie/ros2_truckplatoon/src/truck/src/src/Leader.hpp:4:
[2.452s] In file included from /Users/brodie/ros2_truckplatoon/src/truck/src/src/Truck.hpp:7:
[2.452s] /Users/brodie/ros2_truckplatoon/src/truck/src/src/Subscriber.hpp:37:64: warning: unused parameter 'msg' [-Wunused-parameter]
[2.452s]     void topic_callback(const message::msg::Message::SharedPtr msg) const
[2.452s]                                                                ^
[2.454s] In file included from /Users/brodie/ros2_truckplatoon/src/truck/src/truck.cpp:2:
[2.455s] /Users/brodie/ros2_truckplatoon/src/truck/src/Platoon.hpp:8:10: warning: non-portable path to file '"src/utils/include.hpp"'; specified path differs in case from file name on disk [-Wnonportable-include-path]
[2.455s] #include "src/utils/Include.hpp"
[2.455s]          ^~~~~~~~~~~~~~~~~~~~~~~
[2.455s]          "src/utils/include.hpp"
[2.459s] In file included from /Users/brodie/ros2_truckplatoon/src/truck/src/src/Leader.cpp:1:
[2.460s] In file included from /Users/brodie/ros2_truckplatoon/src/truck/src/src/Leader.hpp:4:
[2.460s] In file included from /Users/brodie/ros2_truckplatoon/src/truck/src/src/Truck.hpp:7:
[2.460s] /Users/brodie/ros2_truckplatoon/src/truck/src/src/Subscriber.hpp:37:64: warning: unused parameter 'msg' [-Wunused-parameter]
[2.460s]     void topic_callback(const message::msg::Message::SharedPtr msg) const
[2.460s]                                                                ^
[3.601s] 3 warnings and 2 errors generated.
[3.617s] In file included from /Users/brodie/ros2_truckplatoon/src/truck/src/truck.cpp:2:
[3.617s] In file included from /Users/brodie/ros2_truckplatoon/src/truck/src/Platoon.hpp:11:
[3.618s] /Users/brodie/ros2_truckplatoon/src/truck/src/src/DrivingEvent.hpp:9:15: warning: private field '_speed' is not used [-Wunused-private-field]
[3.618s]     speedType _speed;
[3.618s]               ^
[3.618s] /Users/brodie/ros2_truckplatoon/src/truck/src/src/DrivingEvent.hpp:10:23: warning: private field '_stearingAngle' is not used [-Wunused-private-field]
[3.618s]     stearingAngleType _stearingAngle;
[3.618s]                       ^
[3.618s] /Users/brodie/ros2_truckplatoon/src/truck/src/src/DrivingEvent.hpp:11:18: warning: private field '_distance' is not used [-Wunused-private-field]
[3.618s]     distanceType _distance;
[3.618s]                  ^
[3.619s] 7 warnings and 2 errors generated.
[3.621s] gmake[2]: *** [CMakeFiles/truck.dir/build.make:121: CMakeFiles/truck.dir/src/src/Communication.cpp.o] Error 1
[3.622s] gmake[2]: *** Waiting for unfinished jobs....
[3.624s] 3 warnings and 2 errors generated.
[3.637s] gmake[2]: *** [CMakeFiles/truck.dir/build.make:82: CMakeFiles/truck.dir/src/truck.cpp.o] Error 1
[3.642s] gmake[2]: *** [CMakeFiles/truck.dir/build.make:108: CMakeFiles/truck.dir/src/src/Leader.cpp.o] Error 1
[3.651s] 3 warnings and 2 errors generated.
[3.668s] gmake[2]: *** [CMakeFiles/truck.dir/build.make:95: CMakeFiles/truck.dir/src/src/Truck.cpp.o] Error 1
[3.669s] gmake[1]: *** [CMakeFiles/Makefile2:97: CMakeFiles/truck.dir/all] Error 2
[3.669s] gmake: *** [Makefile:160: all] Error 2
[3.670s] Invoked command in '/Users/brodie/ros2_truckplatoon/build/truck' returned '2': CMAKE_PREFIX_PATH=${CMAKE_PREFIX_PATH}:/Users/brodie/my_workspace/install/my_package SHLVL=2 _=/usr/bin/env /usr/local/bin/cmake --build /Users/brodie/ros2_truckplatoon/build/truck -- -j8 -l8
