[0.203s] Invoking command in '/Users/brodie/ros2_truckplatoon/build/Messages': CMAKE_PREFIX_PATH=${CMAKE_PREFIX_PATH}:/Users/brodie/my_workspace/install/my_package SHLVL=2 _=/usr/bin/env /usr/local/bin/cmake --build /Users/brodie/ros2_truckplatoon/build/Messages -- -j8 -l8
[0.276s] Invoked command in '/Users/brodie/ros2_truckplatoon/build/Messages' returned '0': CMAKE_PREFIX_PATH=${CMAKE_PREFIX_PATH}:/Users/brodie/my_workspace/install/my_package SHLVL=2 _=/usr/bin/env /usr/local/bin/cmake --build /Users/brodie/ros2_truckplatoon/build/Messages -- -j8 -l8
[0.405s] Invoking command in '/Users/brodie/ros2_truckplatoon/build/Messages': CMAKE_PREFIX_PATH=${CMAKE_PREFIX_PATH}:/Users/brodie/my_workspace/install/my_package SHLVL=2 _=/usr/bin/env /usr/local/bin/cmake --install /Users/brodie/ros2_truckplatoon/build/Messages
[0.417s] -- Install configuration: ""
[0.418s] -- Up-to-date: /Users/brodie/ros2_truckplatoon/install/Messages/share/ament_index/resource_index/package_run_dependencies/Messages
[0.418s] -- Up-to-date: /Users/brodie/ros2_truckplatoon/install/Messages/share/ament_index/resource_index/parent_prefix_path/Messages
[0.419s] -- Up-to-date: /Users/brodie/ros2_truckplatoon/install/Messages/share/Messages/environment/ament_prefix_path.sh
[0.420s] -- Up-to-date: /Users/brodie/ros2_truckplatoon/install/Messages/share/Messages/environment/ament_prefix_path.dsv
[0.421s] -- Up-to-date: /Users/brodie/ros2_truckplatoon/install/Messages/share/Messages/environment/path.sh
[0.421s] -- Up-to-date: /Users/brodie/ros2_truckplatoon/install/Messages/share/Messages/environment/path.dsv
[0.421s] -- Up-to-date: /Users/brodie/ros2_truckplatoon/install/Messages/share/Messages/local_setup.bash
[0.421s] -- Up-to-date: /Users/brodie/ros2_truckplatoon/install/Messages/share/Messages/local_setup.sh
[0.422s] -- Up-to-date: /Users/brodie/ros2_truckplatoon/install/Messages/share/Messages/local_setup.zsh
[0.422s] -- Up-to-date: /Users/brodie/ros2_truckplatoon/install/Messages/share/Messages/local_setup.dsv
[0.423s] -- Installing: /Users/brodie/ros2_truckplatoon/install/Messages/share/Messages/package.dsv
[0.423s] -- Up-to-date: /Users/brodie/ros2_truckplatoon/install/Messages/share/ament_index/resource_index/packages/Messages
[0.427s] -- Up-to-date: /Users/brodie/ros2_truckplatoon/install/Messages/share/Messages/cmake/MessagesConfig.cmake
[0.428s] -- Up-to-date: /Users/brodie/ros2_truckplatoon/install/Messages/share/Messages/cmake/MessagesConfig-version.cmake
[0.428s] -- Up-to-date: /Users/brodie/ros2_truckplatoon/install/Messages/share/Messages/package.xml
[0.428s] Invoked command in '/Users/brodie/ros2_truckplatoon/build/Messages' returned '0': CMAKE_PREFIX_PATH=${CMAKE_PREFIX_PATH}:/Users/brodie/my_workspace/install/my_package SHLVL=2 _=/usr/bin/env /usr/local/bin/cmake --install /Users/brodie/ros2_truckplatoon/build/Messages
