[0.000000] (-) TimerEvent: {}
[0.000580] (message) JobQueued: {'identifier': 'message', 'dependencies': OrderedDict()}
[0.000834] (truck) JobQueued: {'identifier': 'truck', 'dependencies': OrderedDict([('message', '/Users/brodie/ros2_truckplatoon/install/message')])}
[0.001091] (message) JobStarted: {'identifier': 'message'}
[0.075915] (message) JobProgress: {'identifier': 'message', 'progress': 'cmake'}
[0.077363] (message) JobProgress: {'identifier': 'message', 'progress': 'build'}
[0.080520] (message) Command: {'cmd': ['/usr/local/bin/cmake', '--build', '/Users/brodie/ros2_truckplatoon/build/message', '--', '-j8', '-l8'], 'cwd': '/Users/brodie/ros2_truckplatoon/build/message', 'env': OrderedDict([('TERM_PROGRAM', 'Apple_Terminal'), ('SHELL', '/bin/zsh'), ('TERM', 'xterm-256color'), ('TMPDIR', '/var/folders/b6/t14lv28n5xqdhgq7zcrqwfkm0000gn/T/'), ('TERM_PROGRAM_VERSION', '445'), ('ROS_PYTHON_VERSION', '3'), ('ROS_VERSION', '2'), ('COLCON_PREFIX_PATH', '/Users/brodie/ros2_truckplatoon/install:/Users/brodie/my_workspace/install:/Users/brodie/ros2_foxy/ros2-osx'), ('TERM_SESSION_ID', '68464B11-5BA9-4066-9F09-461F903B1524'), ('AMENT_PREFIX_PATH', '/Users/brodie/ros2_truckplatoon/install/message:/Users/brodie/ros2_truckplatoon/install/Messages:/Users/brodie/ros2_truckplatoon/install/truck:/Users/brodie/my_workspace/install/tutorial_interfaces:/Users/brodie/my_workspace/install/cpp_srvcli:/Users/brodie/my_workspace/install/cpp_pubsub:/Users/brodie/my_workspace/install/my_package:/Users/brodie/ros2_foxy/ros2-osx'), ('USER', 'brodie'), ('SSH_AUTH_SOCK', '/private/tmp/com.apple.launchd.4a9jOPzOQR/Listeners'), ('__CF_USER_TEXT_ENCODING', '0x1F5:0x0:0x4'), ('PATH', '/Users/brodie/ros2_foxy/ros2-osx/bin:/Library/Frameworks/Python.framework/Versions/3.9/bin:/Library/Frameworks/Python.framework/Versions/2.7/bin:/usr/local/bin:/usr/bin:/bin:/usr/sbin:/sbin:/Library/TeX/texbin:/usr/local/share/dotnet:/opt/X11/bin:~/.dotnet/tools:/Library/Apple/usr/bin:/Library/Frameworks/Mono.framework/Versions/Current/Commands:/usr/local/CrossPack-AVR/bin:/Applications/Postgres.app/Contents/Versions/latest/bin:/Applications/Xamarin Workbooks.app/Contents/SharedSupport/path-bin'), ('__CFBundleIdentifier', 'com.apple.Terminal'), ('PWD', '/Users/brodie/ros2_truckplatoon/build/message'), ('COLCON', '1'), ('LANG', 'it_IT.UTF-8'), ('XPC_FLAGS', '0x0'), ('XPC_SERVICE_NAME', '0'), ('OPENSSL_ROOT_DIR', '/usr/local/Cellar/openssl@3'), ('SHLVL', '2'), ('HOME', '/Users/brodie'), ('ROS_DISTRO', 'foxy'), ('PYTHONPATH', '/Users/brodie/ros2_truckplatoon/install/message/lib/python3.9/site-packages:/Users/brodie/my_workspace/install/tutorial_interfaces/lib/python3.9/site-packages:/Users/brodie/my_workspace/install/my_package/lib/python3.9/site-packages:/Users/brodie/ros2_foxy/ros2-osx/lib/python3.8/site-packages'), ('LOGNAME', 'brodie'), ('PKG_CONFIG_PATH', '/Users/brodie/ros2_foxy/ros2-osx/lib/pkgconfig'), ('CMAKE_PREFIX_PATH', '/Users/brodie/ros2_truckplatoon/install/message:/Users/brodie/ros2_truckplatoon/install/Messages:/Users/brodie/ros2_truckplatoon/install/truck:/Users/brodie/my_workspace/install/tutorial_interfaces:/Users/brodie/my_workspace/install/cpp_srvcli:/Users/brodie/my_workspace/install/cpp_pubsub:/Users/brodie/ros2_foxy/ros2-osx:/Users/brodie/my_workspace/install/my_package'), ('DISPLAY', '/private/tmp/com.apple.launchd.fnO1XjjJMH/org.xquartz:0'), ('ROS_LOCALHOST_ONLY', '0'), ('_', '/usr/bin/env')]), 'shell': False}
[0.099751] (-) TimerEvent: {}
[0.163015] (message) StdoutLine: {'line': b'[  6%] Built target message__cpp\n'}
[0.163402] (message) StdoutLine: {'line': b'[ 12%] Built target message__rosidl_generator_c\n'}
[0.200348] (-) TimerEvent: {}
[0.213660] (message) StdoutLine: {'line': b'[ 25%] Built target message__rosidl_typesupport_introspection_cpp\n'}
[0.214127] (message) StdoutLine: {'line': b'[ 32%] Built target message__rosidl_typesupport_cpp\n'}
[0.214885] (message) StdoutLine: {'line': b'[ 41%] Built target message__rosidl_typesupport_fastrtps_cpp\n'}
[0.215617] (message) StdoutLine: {'line': b'[ 51%] Built target message__rosidl_typesupport_introspection_c\n'}
[0.218502] (message) StdoutLine: {'line': b'[ 61%] Built target message__rosidl_typesupport_c\n'}
[0.269333] (message) StdoutLine: {'line': b'[ 70%] Built target message__rosidl_typesupport_fastrtps_c\n'}
[0.303850] (-) TimerEvent: {}
[0.329935] (message) StdoutLine: {'line': b'[ 70%] Built target message\n'}
[0.371492] (message) StdoutLine: {'line': b'[ 74%] Built target message__py\n'}
[0.403969] (-) TimerEvent: {}
[0.414121] (message) StdoutLine: {'line': b'[ 80%] Built target message__python\n'}
[0.445893] (message) StdoutLine: {'line': b'[ 87%] Built target message__rosidl_typesupport_introspection_c__pyext\n'}
[0.446302] (message) StdoutLine: {'line': b'[ 93%] Built target message__rosidl_typesupport_c__pyext\n'}
[0.446915] (message) StdoutLine: {'line': b'[100%] Built target message__rosidl_typesupport_fastrtps_c__pyext\n'}
[0.458684] (message) CommandEnded: {'returncode': 0}
[0.509048] (-) TimerEvent: {}
[0.612218] (-) TimerEvent: {}
[0.639408] (message) JobProgress: {'identifier': 'message', 'progress': 'install'}
[0.651650] (message) Command: {'cmd': ['/usr/local/bin/cmake', '--install', '/Users/brodie/ros2_truckplatoon/build/message'], 'cwd': '/Users/brodie/ros2_truckplatoon/build/message', 'env': OrderedDict([('TERM_PROGRAM', 'Apple_Terminal'), ('SHELL', '/bin/zsh'), ('TERM', 'xterm-256color'), ('TMPDIR', '/var/folders/b6/t14lv28n5xqdhgq7zcrqwfkm0000gn/T/'), ('TERM_PROGRAM_VERSION', '445'), ('ROS_PYTHON_VERSION', '3'), ('ROS_VERSION', '2'), ('COLCON_PREFIX_PATH', '/Users/brodie/ros2_truckplatoon/install:/Users/brodie/my_workspace/install:/Users/brodie/ros2_foxy/ros2-osx'), ('TERM_SESSION_ID', '68464B11-5BA9-4066-9F09-461F903B1524'), ('AMENT_PREFIX_PATH', '/Users/brodie/ros2_truckplatoon/install/message:/Users/brodie/ros2_truckplatoon/install/Messages:/Users/brodie/ros2_truckplatoon/install/truck:/Users/brodie/my_workspace/install/tutorial_interfaces:/Users/brodie/my_workspace/install/cpp_srvcli:/Users/brodie/my_workspace/install/cpp_pubsub:/Users/brodie/my_workspace/install/my_package:/Users/brodie/ros2_foxy/ros2-osx'), ('USER', 'brodie'), ('SSH_AUTH_SOCK', '/private/tmp/com.apple.launchd.4a9jOPzOQR/Listeners'), ('__CF_USER_TEXT_ENCODING', '0x1F5:0x0:0x4'), ('PATH', '/Users/brodie/ros2_foxy/ros2-osx/bin:/Library/Frameworks/Python.framework/Versions/3.9/bin:/Library/Frameworks/Python.framework/Versions/2.7/bin:/usr/local/bin:/usr/bin:/bin:/usr/sbin:/sbin:/Library/TeX/texbin:/usr/local/share/dotnet:/opt/X11/bin:~/.dotnet/tools:/Library/Apple/usr/bin:/Library/Frameworks/Mono.framework/Versions/Current/Commands:/usr/local/CrossPack-AVR/bin:/Applications/Postgres.app/Contents/Versions/latest/bin:/Applications/Xamarin Workbooks.app/Contents/SharedSupport/path-bin'), ('__CFBundleIdentifier', 'com.apple.Terminal'), ('PWD', '/Users/brodie/ros2_truckplatoon/build/message'), ('COLCON', '1'), ('LANG', 'it_IT.UTF-8'), ('XPC_FLAGS', '0x0'), ('XPC_SERVICE_NAME', '0'), ('OPENSSL_ROOT_DIR', '/usr/local/Cellar/openssl@3'), ('SHLVL', '2'), ('HOME', '/Users/brodie'), ('ROS_DISTRO', 'foxy'), ('PYTHONPATH', '/Users/brodie/ros2_truckplatoon/install/message/lib/python3.9/site-packages:/Users/brodie/my_workspace/install/tutorial_interfaces/lib/python3.9/site-packages:/Users/brodie/my_workspace/install/my_package/lib/python3.9/site-packages:/Users/brodie/ros2_foxy/ros2-osx/lib/python3.8/site-packages'), ('LOGNAME', 'brodie'), ('PKG_CONFIG_PATH', '/Users/brodie/ros2_foxy/ros2-osx/lib/pkgconfig'), ('CMAKE_PREFIX_PATH', '/Users/brodie/ros2_truckplatoon/install/message:/Users/brodie/ros2_truckplatoon/install/Messages:/Users/brodie/ros2_truckplatoon/install/truck:/Users/brodie/my_workspace/install/tutorial_interfaces:/Users/brodie/my_workspace/install/cpp_srvcli:/Users/brodie/my_workspace/install/cpp_pubsub:/Users/brodie/ros2_foxy/ros2-osx:/Users/brodie/my_workspace/install/my_package'), ('DISPLAY', '/private/tmp/com.apple.launchd.fnO1XjjJMH/org.xquartz:0'), ('ROS_LOCALHOST_ONLY', '0'), ('_', '/usr/bin/env')]), 'shell': False}
[0.660440] (message) StdoutLine: {'line': b'-- Install configuration: ""\n'}
[0.660628] (message) StdoutLine: {'line': b'-- Up-to-date: /Users/brodie/ros2_truckplatoon/install/message/share/ament_index/resource_index/rosidl_interfaces/message\n'}
[0.660980] (message) StdoutLine: {'line': b'-- Up-to-date: /Users/brodie/ros2_truckplatoon/install/message/include/message\n'}
[0.661121] (message) StdoutLine: {'line': b'-- Up-to-date: /Users/brodie/ros2_truckplatoon/install/message/include/message/msg\n'}
[0.661329] (message) StdoutLine: {'line': b'-- Up-to-date: /Users/brodie/ros2_truckplatoon/install/message/include/message/msg/rosidl_generator_c__visibility_control.h\n'}
[0.661512] (message) StdoutLine: {'line': b'-- Up-to-date: /Users/brodie/ros2_truckplatoon/install/message/include/message/msg/message.h\n'}
[0.661620] (message) StdoutLine: {'line': b'-- Up-to-date: /Users/brodie/ros2_truckplatoon/install/message/include/message/msg/detail\n'}
[0.661717] (message) StdoutLine: {'line': b'-- Up-to-date: /Users/brodie/ros2_truckplatoon/install/message/include/message/msg/detail/message__struct.h\n'}
[0.661814] (message) StdoutLine: {'line': b'-- Up-to-date: /Users/brodie/ros2_truckplatoon/install/message/include/message/msg/detail/message__functions.h\n'}
[0.661907] (message) StdoutLine: {'line': b'-- Up-to-date: /Users/brodie/ros2_truckplatoon/install/message/include/message/msg/detail/message__type_support.h\n'}
[0.662000] (message) StdoutLine: {'line': b'-- Up-to-date: /Users/brodie/ros2_truckplatoon/install/message/include/message/msg/detail/message__functions.c\n'}
[0.662091] (message) StdoutLine: {'line': b'-- Up-to-date: /Users/brodie/ros2_truckplatoon/install/message/share/message/environment/library_path.sh\n'}
[0.662182] (message) StdoutLine: {'line': b'-- Up-to-date: /Users/brodie/ros2_truckplatoon/install/message/share/message/environment/library_path.dsv\n'}
[0.662274] (message) StdoutLine: {'line': b'-- Installing: /Users/brodie/ros2_truckplatoon/install/message/lib/libmessage__rosidl_generator_c.dylib\n'}
[0.673886] (message) StdoutLine: {'line': b'-- Up-to-date: /Users/brodie/ros2_truckplatoon/install/message/include/message\n'}
[0.674307] (message) StdoutLine: {'line': b'-- Up-to-date: /Users/brodie/ros2_truckplatoon/install/message/include/message/msg\n'}
[0.674459] (message) StdoutLine: {'line': b'-- Up-to-date: /Users/brodie/ros2_truckplatoon/install/message/include/message/msg/detail\n'}
[0.674568] (message) StdoutLine: {'line': b'-- Up-to-date: /Users/brodie/ros2_truckplatoon/install/message/include/message/msg/detail/message__rosidl_typesupport_fastrtps_c.h\n'}
[0.674667] (message) StdoutLine: {'line': b'-- Up-to-date: /Users/brodie/ros2_truckplatoon/install/message/include/message/msg/rosidl_typesupport_fastrtps_c__visibility_control.h\n'}
[0.674762] (message) StdoutLine: {'line': b'-- Installing: /Users/brodie/ros2_truckplatoon/install/message/lib/libmessage__rosidl_typesupport_fastrtps_c.dylib\n'}
[0.711497] (message) StdoutLine: {'line': b'-- Up-to-date: /Users/brodie/ros2_truckplatoon/install/message/include/message\n'}
[0.711705] (message) StdoutLine: {'line': b'-- Up-to-date: /Users/brodie/ros2_truckplatoon/install/message/include/message/msg\n'}
[0.711911] (message) StdoutLine: {'line': b'-- Up-to-date: /Users/brodie/ros2_truckplatoon/install/message/include/message/msg/rosidl_typesupport_fastrtps_cpp__visibility_control.h\n'}
[0.712234] (-) TimerEvent: {}
[0.712403] (message) StdoutLine: {'line': b'-- Up-to-date: /Users/brodie/ros2_truckplatoon/install/message/include/message/msg/detail\n'}
[0.712526] (message) StdoutLine: {'line': b'-- Up-to-date: /Users/brodie/ros2_truckplatoon/install/message/include/message/msg/detail/dds_fastrtps\n'}
[0.712625] (message) StdoutLine: {'line': b'-- Up-to-date: /Users/brodie/ros2_truckplatoon/install/message/include/message/msg/detail/message__rosidl_typesupport_fastrtps_cpp.hpp\n'}
[0.712728] (message) StdoutLine: {'line': b'-- Installing: /Users/brodie/ros2_truckplatoon/install/message/lib/libmessage__rosidl_typesupport_fastrtps_cpp.dylib\n'}
[0.737439] (message) StdoutLine: {'line': b'-- Up-to-date: /Users/brodie/ros2_truckplatoon/install/message/include/message\n'}
[0.737638] (message) StdoutLine: {'line': b'-- Up-to-date: /Users/brodie/ros2_truckplatoon/install/message/include/message/msg\n'}
[0.737976] (message) StdoutLine: {'line': b'-- Up-to-date: /Users/brodie/ros2_truckplatoon/install/message/include/message/msg/detail\n'}
[0.738085] (message) StdoutLine: {'line': b'-- Up-to-date: /Users/brodie/ros2_truckplatoon/install/message/include/message/msg/detail/message__type_support.c\n'}
[0.738181] (message) StdoutLine: {'line': b'-- Up-to-date: /Users/brodie/ros2_truckplatoon/install/message/include/message/msg/detail/message__rosidl_typesupport_introspection_c.h\n'}
[0.738274] (message) StdoutLine: {'line': b'-- Up-to-date: /Users/brodie/ros2_truckplatoon/install/message/include/message/msg/rosidl_typesupport_introspection_c__visibility_control.h\n'}
[0.738399] (message) StdoutLine: {'line': b'-- Installing: /Users/brodie/ros2_truckplatoon/install/message/lib/libmessage__rosidl_typesupport_introspection_c.dylib\n'}
[0.762133] (message) StdoutLine: {'line': b'-- Installing: /Users/brodie/ros2_truckplatoon/install/message/lib/libmessage__rosidl_typesupport_c.dylib\n'}
[0.774821] (message) StdoutLine: {'line': b'-- Up-to-date: /Users/brodie/ros2_truckplatoon/install/message/include/message\n'}
[0.775210] (message) StdoutLine: {'line': b'-- Up-to-date: /Users/brodie/ros2_truckplatoon/install/message/include/message/msg\n'}
[0.775319] (message) StdoutLine: {'line': b'-- Up-to-date: /Users/brodie/ros2_truckplatoon/install/message/include/message/msg/detail\n'}
[0.775602] (message) StdoutLine: {'line': b'-- Up-to-date: /Users/brodie/ros2_truckplatoon/install/message/include/message/msg/detail/message__traits.hpp\n'}
[0.775918] (message) StdoutLine: {'line': b'-- Up-to-date: /Users/brodie/ros2_truckplatoon/install/message/include/message/msg/detail/message__struct.hpp\n'}
[0.776039] (message) StdoutLine: {'line': b'-- Up-to-date: /Users/brodie/ros2_truckplatoon/install/message/include/message/msg/detail/message__builder.hpp\n'}
[0.776132] (message) StdoutLine: {'line': b'-- Up-to-date: /Users/brodie/ros2_truckplatoon/install/message/include/message/msg/message.hpp\n'}
[0.776219] (message) StdoutLine: {'line': b'-- Up-to-date: /Users/brodie/ros2_truckplatoon/install/message/include/message\n'}
[0.776347] (message) StdoutLine: {'line': b'-- Up-to-date: /Users/brodie/ros2_truckplatoon/install/message/include/message/msg\n'}
[0.776436] (message) StdoutLine: {'line': b'-- Up-to-date: /Users/brodie/ros2_truckplatoon/install/message/include/message/msg/detail\n'}
[0.776532] (message) StdoutLine: {'line': b'-- Up-to-date: /Users/brodie/ros2_truckplatoon/install/message/include/message/msg/detail/message__type_support.cpp\n'}
[0.776619] (message) StdoutLine: {'line': b'-- Up-to-date: /Users/brodie/ros2_truckplatoon/install/message/include/message/msg/detail/message__rosidl_typesupport_introspection_cpp.hpp\n'}
[0.776703] (message) StdoutLine: {'line': b'-- Installing: /Users/brodie/ros2_truckplatoon/install/message/lib/libmessage__rosidl_typesupport_introspection_cpp.dylib\n'}
[0.788085] (message) StdoutLine: {'line': b'-- Installing: /Users/brodie/ros2_truckplatoon/install/message/lib/libmessage__rosidl_typesupport_cpp.dylib\n'}
[0.800649] (message) StdoutLine: {'line': b'-- Up-to-date: /Users/brodie/ros2_truckplatoon/install/message/share/message/environment/pythonpath.sh\n'}
[0.800912] (message) StdoutLine: {'line': b'-- Up-to-date: /Users/brodie/ros2_truckplatoon/install/message/share/message/environment/pythonpath.dsv\n'}
[0.801146] (message) StdoutLine: {'line': b'-- Up-to-date: /Users/brodie/ros2_truckplatoon/install/message/lib/python3.9/site-packages/message/__init__.py\n'}
[0.814310] (-) TimerEvent: {}
[0.856081] (message) StdoutLine: {'line': b'-- Up-to-date: /Users/brodie/ros2_truckplatoon/install/message/lib/python3.9/site-packages/message/msg\n'}
[0.856328] (message) StdoutLine: {'line': b'-- Up-to-date: /Users/brodie/ros2_truckplatoon/install/message/lib/python3.9/site-packages/message/msg/__init__.py\n'}
[0.856539] (message) StdoutLine: {'line': b'-- Up-to-date: /Users/brodie/ros2_truckplatoon/install/message/lib/python3.9/site-packages/message/msg/_message.py\n'}
[0.856763] (message) StdoutLine: {'line': b'-- Up-to-date: /Users/brodie/ros2_truckplatoon/install/message/lib/python3.9/site-packages/message/msg/_message_s.c\n'}
[0.856861] (message) StdoutLine: {'line': b'-- Up-to-date: /Users/brodie/ros2_truckplatoon/install/message/lib/python3.9/site-packages/message/message_s__rosidl_typesupport_fastrtps_c.cpython-39-darwin.so\n'}
[0.867752] (message) StderrLine: {'line': b'error: /Applications/Xcode.app/Contents/Developer/Toolchains/XcodeDefault.xctoolchain/usr/bin/install_name_tool: no LC_RPATH load command with path: /Users/brodie/ros2_truckplatoon/build/message/rosidl_generator_py/message found in: /Users/brodie/ros2_truckplatoon/install/message/lib/python3.9/site-packages/message/message_s__rosidl_typesupport_fastrtps_c.cpython-39-darwin.so (for architecture x86_64), required for specified option "-delete_rpath /Users/brodie/ros2_truckplatoon/build/message/rosidl_generator_py/message"\n'}
[0.880024] (message) StderrLine: {'line': b'error: /Applications/Xcode.app/Contents/Developer/Toolchains/XcodeDefault.xctoolchain/usr/bin/install_name_tool: no LC_RPATH load command with path: /Users/brodie/ros2_truckplatoon/build/message found in: /Users/brodie/ros2_truckplatoon/install/message/lib/python3.9/site-packages/message/message_s__rosidl_typesupport_fastrtps_c.cpython-39-darwin.so (for architecture x86_64), required for specified option "-delete_rpath /Users/brodie/ros2_truckplatoon/build/message"\n'}
[0.891977] (message) StderrLine: {'line': b'error: /Applications/Xcode.app/Contents/Developer/Toolchains/XcodeDefault.xctoolchain/usr/bin/install_name_tool: no LC_RPATH load command with path: /Users/brodie/ros2_foxy/ros2-osx/lib found in: /Users/brodie/ros2_truckplatoon/install/message/lib/python3.9/site-packages/message/message_s__rosidl_typesupport_fastrtps_c.cpython-39-darwin.so (for architecture x86_64), required for specified option "-delete_rpath /Users/brodie/ros2_foxy/ros2-osx/lib"\n'}
[0.903491] (message) StderrLine: {'line': b'error: /Applications/Xcode.app/Contents/Developer/Toolchains/XcodeDefault.xctoolchain/usr/bin/install_name_tool: no LC_RPATH load command with path: /usr/local/lib found in: /Users/brodie/ros2_truckplatoon/install/message/lib/python3.9/site-packages/message/message_s__rosidl_typesupport_fastrtps_c.cpython-39-darwin.so (for architecture x86_64), required for specified option "-delete_rpath /usr/local/lib"\n'}
[0.903814] (message) StdoutLine: {'line': b'-- Up-to-date: /Users/brodie/ros2_truckplatoon/install/message/lib/python3.9/site-packages/message/message_s__rosidl_typesupport_introspection_c.cpython-39-darwin.so\n'}
[0.914611] (-) TimerEvent: {}
[0.914943] (message) StderrLine: {'line': b'error: /Applications/Xcode.app/Contents/Developer/Toolchains/XcodeDefault.xctoolchain/usr/bin/install_name_tool: no LC_RPATH load command with path: /Users/brodie/ros2_truckplatoon/build/message/rosidl_generator_py/message found in: /Users/brodie/ros2_truckplatoon/install/message/lib/python3.9/site-packages/message/message_s__rosidl_typesupport_introspection_c.cpython-39-darwin.so (for architecture x86_64), required for specified option "-delete_rpath /Users/brodie/ros2_truckplatoon/build/message/rosidl_generator_py/message"\n'}
[0.926113] (message) StderrLine: {'line': b'error: /Applications/Xcode.app/Contents/Developer/Toolchains/XcodeDefault.xctoolchain/usr/bin/install_name_tool: no LC_RPATH load command with path: /Users/brodie/ros2_truckplatoon/build/message found in: /Users/brodie/ros2_truckplatoon/install/message/lib/python3.9/site-packages/message/message_s__rosidl_typesupport_introspection_c.cpython-39-darwin.so (for architecture x86_64), required for specified option "-delete_rpath /Users/brodie/ros2_truckplatoon/build/message"\n'}
[0.937495] (message) StderrLine: {'line': b'error: /Applications/Xcode.app/Contents/Developer/Toolchains/XcodeDefault.xctoolchain/usr/bin/install_name_tool: no LC_RPATH load command with path: /Users/brodie/ros2_foxy/ros2-osx/lib found in: /Users/brodie/ros2_truckplatoon/install/message/lib/python3.9/site-packages/message/message_s__rosidl_typesupport_introspection_c.cpython-39-darwin.so (for architecture x86_64), required for specified option "-delete_rpath /Users/brodie/ros2_foxy/ros2-osx/lib"\n'}
[0.937795] (message) StdoutLine: {'line': b'-- Up-to-date: /Users/brodie/ros2_truckplatoon/install/message/lib/python3.9/site-packages/message/message_s__rosidl_typesupport_c.cpython-39-darwin.so\n'}
[0.949124] (message) StderrLine: {'line': b'error: /Applications/Xcode.app/Contents/Developer/Toolchains/XcodeDefault.xctoolchain/usr/bin/install_name_tool: no LC_RPATH load command with path: /Users/brodie/ros2_truckplatoon/build/message/rosidl_generator_py/message found in: /Users/brodie/ros2_truckplatoon/install/message/lib/python3.9/site-packages/message/message_s__rosidl_typesupport_c.cpython-39-darwin.so (for architecture x86_64), required for specified option "-delete_rpath /Users/brodie/ros2_truckplatoon/build/message/rosidl_generator_py/message"\n'}
[0.960421] (message) StderrLine: {'line': b'error: /Applications/Xcode.app/Contents/Developer/Toolchains/XcodeDefault.xctoolchain/usr/bin/install_name_tool: no LC_RPATH load command with path: /Users/brodie/ros2_truckplatoon/build/message found in: /Users/brodie/ros2_truckplatoon/install/message/lib/python3.9/site-packages/message/message_s__rosidl_typesupport_c.cpython-39-darwin.so (for architecture x86_64), required for specified option "-delete_rpath /Users/brodie/ros2_truckplatoon/build/message"\n'}
[0.971668] (message) StderrLine: {'line': b'error: /Applications/Xcode.app/Contents/Developer/Toolchains/XcodeDefault.xctoolchain/usr/bin/install_name_tool: no LC_RPATH load command with path: /Users/brodie/ros2_foxy/ros2-osx/lib found in: /Users/brodie/ros2_truckplatoon/install/message/lib/python3.9/site-packages/message/message_s__rosidl_typesupport_c.cpython-39-darwin.so (for architecture x86_64), required for specified option "-delete_rpath /Users/brodie/ros2_foxy/ros2-osx/lib"\n'}
[0.971956] (message) StdoutLine: {'line': b'-- Installing: /Users/brodie/ros2_truckplatoon/install/message/lib/libmessage__python.dylib\n'}
[0.995914] (message) StdoutLine: {'line': b'-- Up-to-date: /Users/brodie/ros2_truckplatoon/install/message/share/message/msg/Message.idl\n'}
[0.996461] (message) StdoutLine: {'line': b'-- Up-to-date: /Users/brodie/ros2_truckplatoon/install/message/share/message/msg/Message.msg\n'}
[0.996790] (message) StdoutLine: {'line': b'-- Up-to-date: /Users/brodie/ros2_truckplatoon/install/message/share/ament_index/resource_index/package_run_dependencies/message\n'}
[0.996947] (message) StdoutLine: {'line': b'-- Up-to-date: /Users/brodie/ros2_truckplatoon/install/message/share/ament_index/resource_index/parent_prefix_path/message\n'}
[0.997104] (message) StdoutLine: {'line': b'-- Up-to-date: /Users/brodie/ros2_truckplatoon/install/message/share/message/environment/ament_prefix_path.sh\n'}
[0.997279] (message) StdoutLine: {'line': b'-- Up-to-date: /Users/brodie/ros2_truckplatoon/install/message/share/message/environment/ament_prefix_path.dsv\n'}
[0.997695] (message) StdoutLine: {'line': b'-- Up-to-date: /Users/brodie/ros2_truckplatoon/install/message/share/message/environment/path.sh\n'}
[0.998087] (message) StdoutLine: {'line': b'-- Up-to-date: /Users/brodie/ros2_truckplatoon/install/message/share/message/environment/path.dsv\n'}
[0.998364] (message) StdoutLine: {'line': b'-- Up-to-date: /Users/brodie/ros2_truckplatoon/install/message/share/message/local_setup.bash\n'}
[0.998848] (message) StdoutLine: {'line': b'-- Up-to-date: /Users/brodie/ros2_truckplatoon/install/message/share/message/local_setup.sh\n'}
[0.999305] (message) StdoutLine: {'line': b'-- Up-to-date: /Users/brodie/ros2_truckplatoon/install/message/share/message/local_setup.zsh\n'}
[0.999721] (message) StdoutLine: {'line': b'-- Up-to-date: /Users/brodie/ros2_truckplatoon/install/message/share/message/local_setup.dsv\n'}
[1.000131] (message) StdoutLine: {'line': b'-- Installing: /Users/brodie/ros2_truckplatoon/install/message/share/message/package.dsv\n'}
[1.000649] (message) StdoutLine: {'line': b'-- Up-to-date: /Users/brodie/ros2_truckplatoon/install/message/share/ament_index/resource_index/packages/message\n'}
[1.000776] (message) StdoutLine: {'line': b'-- Up-to-date: /Users/brodie/ros2_truckplatoon/install/message/share/message/cmake/message__rosidl_generator_cExport.cmake\n'}
[1.000938] (message) StdoutLine: {'line': b'-- Up-to-date: /Users/brodie/ros2_truckplatoon/install/message/share/message/cmake/message__rosidl_generator_cExport-noconfig.cmake\n'}
[1.001089] (message) StdoutLine: {'line': b'-- Up-to-date: /Users/brodie/ros2_truckplatoon/install/message/share/message/cmake/message__rosidl_typesupport_introspection_cExport.cmake\n'}
[1.001237] (message) StdoutLine: {'line': b'-- Up-to-date: /Users/brodie/ros2_truckplatoon/install/message/share/message/cmake/message__rosidl_typesupport_introspection_cExport-noconfig.cmake\n'}
[1.001329] (message) StdoutLine: {'line': b'-- Up-to-date: /Users/brodie/ros2_truckplatoon/install/message/share/message/cmake/message__rosidl_typesupport_cExport.cmake\n'}
[1.001414] (message) StdoutLine: {'line': b'-- Up-to-date: /Users/brodie/ros2_truckplatoon/install/message/share/message/cmake/message__rosidl_typesupport_cExport-noconfig.cmake\n'}
[1.001788] (message) StdoutLine: {'line': b'-- Up-to-date: /Users/brodie/ros2_truckplatoon/install/message/share/message/cmake/message__rosidl_generator_cppExport.cmake\n'}
[1.001995] (message) StdoutLine: {'line': b'-- Up-to-date: /Users/brodie/ros2_truckplatoon/install/message/share/message/cmake/message__rosidl_typesupport_introspection_cppExport.cmake\n'}
[1.002218] (message) StdoutLine: {'line': b'-- Up-to-date: /Users/brodie/ros2_truckplatoon/install/message/share/message/cmake/message__rosidl_typesupport_introspection_cppExport-noconfig.cmake\n'}
[1.005089] (message) StdoutLine: {'line': b'-- Up-to-date: /Users/brodie/ros2_truckplatoon/install/message/share/message/cmake/message__rosidl_typesupport_cppExport.cmake\n'}
[1.005317] (message) StdoutLine: {'line': b'-- Up-to-date: /Users/brodie/ros2_truckplatoon/install/message/share/message/cmake/message__rosidl_typesupport_cppExport-noconfig.cmake\n'}
[1.005557] (message) StdoutLine: {'line': b'-- Up-to-date: /Users/brodie/ros2_truckplatoon/install/message/share/message/cmake/rosidl_cmake-extras.cmake\n'}
[1.007501] (message) StdoutLine: {'line': b'-- Up-to-date: /Users/brodie/ros2_truckplatoon/install/message/share/message/cmake/ament_cmake_export_dependencies-extras.cmake\n'}
[1.007809] (message) StdoutLine: {'line': b'-- Up-to-date: /Users/brodie/ros2_truckplatoon/install/message/share/message/cmake/ament_cmake_export_libraries-extras.cmake\n'}
[1.010837] (message) StdoutLine: {'line': b'-- Up-to-date: /Users/brodie/ros2_truckplatoon/install/message/share/message/cmake/ament_cmake_export_targets-extras.cmake\n'}
[1.011051] (message) StdoutLine: {'line': b'-- Up-to-date: /Users/brodie/ros2_truckplatoon/install/message/share/message/cmake/ament_cmake_export_include_directories-extras.cmake\n'}
[1.011259] (message) StdoutLine: {'line': b'-- Up-to-date: /Users/brodie/ros2_truckplatoon/install/message/share/message/cmake/rosidl_cmake_export_typesupport_libraries-extras.cmake\n'}
[1.011458] (message) StdoutLine: {'line': b'-- Up-to-date: /Users/brodie/ros2_truckplatoon/install/message/share/message/cmake/rosidl_cmake_export_typesupport_targets-extras.cmake\n'}
[1.011668] (message) StdoutLine: {'line': b'-- Up-to-date: /Users/brodie/ros2_truckplatoon/install/message/share/message/cmake/messageConfig.cmake\n'}
[1.013554] (message) StdoutLine: {'line': b'-- Up-to-date: /Users/brodie/ros2_truckplatoon/install/message/share/message/cmake/messageConfig-version.cmake\n'}
[1.015197] (-) TimerEvent: {}
[1.015331] (message) StdoutLine: {'line': b'-- Up-to-date: /Users/brodie/ros2_truckplatoon/install/message/share/message/package.xml\n'}
[1.015501] (message) CommandEnded: {'returncode': 0}
[1.117040] (-) TimerEvent: {}
[1.220556] (-) TimerEvent: {}
[1.305824] (message) JobEnded: {'identifier': 'message', 'rc': 0}
[1.324231] (-) TimerEvent: {}
[1.324444] (truck) JobStarted: {'identifier': 'truck'}
[1.369329] (truck) JobProgress: {'identifier': 'truck', 'progress': 'cmake'}
[1.372092] (truck) JobProgress: {'identifier': 'truck', 'progress': 'build'}
[1.372470] (truck) Command: {'cmd': ['/usr/local/bin/cmake', '--build', '/Users/brodie/ros2_truckplatoon/build/truck', '--', '-j8', '-l8'], 'cwd': '/Users/brodie/ros2_truckplatoon/build/truck', 'env': OrderedDict([('TERM_PROGRAM', 'Apple_Terminal'), ('SHELL', '/bin/zsh'), ('TERM', 'xterm-256color'), ('TMPDIR', '/var/folders/b6/t14lv28n5xqdhgq7zcrqwfkm0000gn/T/'), ('TERM_PROGRAM_VERSION', '445'), ('ROS_PYTHON_VERSION', '3'), ('ROS_VERSION', '2'), ('COLCON_PREFIX_PATH', '/Users/brodie/ros2_truckplatoon/install:/Users/brodie/my_workspace/install:/Users/brodie/ros2_foxy/ros2-osx'), ('TERM_SESSION_ID', '68464B11-5BA9-4066-9F09-461F903B1524'), ('AMENT_PREFIX_PATH', '/Users/brodie/ros2_truckplatoon/install/message:/Users/brodie/ros2_truckplatoon/install/Messages:/Users/brodie/ros2_truckplatoon/install/truck:/Users/brodie/my_workspace/install/tutorial_interfaces:/Users/brodie/my_workspace/install/cpp_srvcli:/Users/brodie/my_workspace/install/cpp_pubsub:/Users/brodie/my_workspace/install/my_package:/Users/brodie/ros2_foxy/ros2-osx'), ('USER', 'brodie'), ('SSH_AUTH_SOCK', '/private/tmp/com.apple.launchd.4a9jOPzOQR/Listeners'), ('__CF_USER_TEXT_ENCODING', '0x1F5:0x0:0x4'), ('PATH', '/Users/brodie/ros2_foxy/ros2-osx/bin:/Library/Frameworks/Python.framework/Versions/3.9/bin:/Library/Frameworks/Python.framework/Versions/2.7/bin:/usr/local/bin:/usr/bin:/bin:/usr/sbin:/sbin:/Library/TeX/texbin:/usr/local/share/dotnet:/opt/X11/bin:~/.dotnet/tools:/Library/Apple/usr/bin:/Library/Frameworks/Mono.framework/Versions/Current/Commands:/usr/local/CrossPack-AVR/bin:/Applications/Postgres.app/Contents/Versions/latest/bin:/Applications/Xamarin Workbooks.app/Contents/SharedSupport/path-bin'), ('__CFBundleIdentifier', 'com.apple.Terminal'), ('PWD', '/Users/brodie/ros2_truckplatoon/build/truck'), ('COLCON', '1'), ('LANG', 'it_IT.UTF-8'), ('XPC_FLAGS', '0x0'), ('XPC_SERVICE_NAME', '0'), ('OPENSSL_ROOT_DIR', '/usr/local/Cellar/openssl@3'), ('SHLVL', '2'), ('HOME', '/Users/brodie'), ('ROS_DISTRO', 'foxy'), ('PYTHONPATH', '/Users/brodie/ros2_truckplatoon/install/message/lib/python3.9/site-packages:/Users/brodie/my_workspace/install/tutorial_interfaces/lib/python3.9/site-packages:/Users/brodie/my_workspace/install/my_package/lib/python3.9/site-packages:/Users/brodie/ros2_foxy/ros2-osx/lib/python3.8/site-packages'), ('LOGNAME', 'brodie'), ('PKG_CONFIG_PATH', '/Users/brodie/ros2_foxy/ros2-osx/lib/pkgconfig'), ('CMAKE_PREFIX_PATH', '/Users/brodie/ros2_truckplatoon/install/message:/Users/brodie/ros2_truckplatoon/install/Messages:/Users/brodie/ros2_truckplatoon/install/truck:/Users/brodie/my_workspace/install/tutorial_interfaces:/Users/brodie/my_workspace/install/cpp_srvcli:/Users/brodie/my_workspace/install/cpp_pubsub:/Users/brodie/ros2_foxy/ros2-osx:/Users/brodie/my_workspace/install/my_package'), ('DISPLAY', '/private/tmp/com.apple.launchd.fnO1XjjJMH/org.xquartz:0'), ('ROS_LOCALHOST_ONLY', '0'), ('_', '/usr/bin/env')]), 'shell': False}
[1.424650] (-) TimerEvent: {}
[1.453030] (truck) StdoutLine: {'line': b'Scanning dependencies of target truck\n'}
[1.472354] (truck) StdoutLine: {'line': b'[ 16%] Building CXX object CMakeFiles/truck.dir/src/truck.cpp.o\n'}
[1.529660] (-) TimerEvent: {}
[1.630345] (-) TimerEvent: {}
[1.731568] (-) TimerEvent: {}
[1.831866] (-) TimerEvent: {}
[1.918745] (truck) StderrLine: {'line': b'In file included from /Users/brodie/ros2_truckplatoon/src/truck/src/truck.cpp:2:\n'}
[1.918991] (truck) StderrLine: {'line': b'In file included from /Users/brodie/ros2_truckplatoon/src/truck/src/Platoon.hpp:4:\n'}
[1.919095] (truck) StderrLine: {'line': b'In file included from /Users/brodie/ros2_truckplatoon/src/truck/src/src/Leader.hpp:4:\n'}
[1.919190] (truck) StderrLine: {'line': b'/Users/brodie/ros2_truckplatoon/src/truck/src/src/Truck.hpp:4:10: warning: non-portable path to file \'"utils/include.hpp"\'; specified path differs in case from file name on disk [-Wnonportable-include-path]\n'}
[1.919305] (truck) StderrLine: {'line': b'#include "utils/Include.hpp"\n'}
[1.919396] (truck) StderrLine: {'line': b'         ^~~~~~~~~~~~~~~~~~~\n'}
[1.919485] (truck) StderrLine: {'line': b'         "utils/include.hpp"\n'}
[1.932103] (-) TimerEvent: {}
[2.033309] (-) TimerEvent: {}
[2.137197] (-) TimerEvent: {}
[2.238848] (-) TimerEvent: {}
[2.342269] (-) TimerEvent: {}
[2.446036] (-) TimerEvent: {}
[2.548791] (truck) StderrLine: {'line': b'In file included from /Users/brodie/ros2_truckplatoon/src/truck/src/truck.cpp:2:\n'}
[2.548995] (-) TimerEvent: {}
[2.549097] (truck) StderrLine: {'line': b'In file included from /Users/brodie/ros2_truckplatoon/src/truck/src/Platoon.hpp:4:\n'}
[2.549202] (truck) StderrLine: {'line': b'In file included from /Users/brodie/ros2_truckplatoon/src/truck/src/src/Leader.hpp:4:\n'}
[2.549296] (truck) StderrLine: {'line': b'In file included from /Users/brodie/ros2_truckplatoon/src/truck/src/src/Truck.hpp:7:\n'}
[2.549387] (truck) StderrLine: {'line': b"/Users/brodie/ros2_truckplatoon/src/truck/src/src/Subscriber.hpp:34:64: warning: unused parameter 'msg' [-Wunused-parameter]\n"}
[2.549478] (truck) StderrLine: {'line': b'    void topic_callback(const message::msg::Message::SharedPtr msg) const\n'}
[2.549568] (truck) StderrLine: {'line': b'                                                               ^\n'}
[2.550677] (truck) StderrLine: {'line': b'In file included from /Users/brodie/ros2_truckplatoon/src/truck/src/truck.cpp:2:\n'}
[2.550805] (truck) StderrLine: {'line': b'/Users/brodie/ros2_truckplatoon/src/truck/src/Platoon.hpp:8:10: warning: non-portable path to file \'"src/utils/include.hpp"\'; specified path differs in case from file name on disk [-Wnonportable-include-path]\n'}
[2.550906] (truck) StderrLine: {'line': b'#include "src/utils/Include.hpp"\n'}
[2.550999] (truck) StderrLine: {'line': b'         ^~~~~~~~~~~~~~~~~~~~~~~\n'}
[2.551090] (truck) StderrLine: {'line': b'         "src/utils/include.hpp"\n'}
[2.653848] (-) TimerEvent: {}
[2.758907] (-) TimerEvent: {}
[2.862681] (-) TimerEvent: {}
[2.963924] (-) TimerEvent: {}
[3.066983] (-) TimerEvent: {}
[3.168956] (-) TimerEvent: {}
[3.270549] (-) TimerEvent: {}
[3.375555] (-) TimerEvent: {}
[3.432219] (truck) StderrLine: {'line': b'In file included from /Users/brodie/ros2_truckplatoon/src/truck/src/truck.cpp:2:\n'}
[3.432510] (truck) StderrLine: {'line': b'In file included from /Users/brodie/ros2_truckplatoon/src/truck/src/Platoon.hpp:4:\n'}
[3.432612] (truck) StderrLine: {'line': b'In file included from /Users/brodie/ros2_truckplatoon/src/truck/src/src/Leader.hpp:4:\n'}
[3.432706] (truck) StderrLine: {'line': b'In file included from /Users/brodie/ros2_truckplatoon/src/truck/src/src/Truck.hpp:3:\n'}
[3.432840] (truck) StderrLine: {'line': b"/Users/brodie/ros2_truckplatoon/src/truck/src/src/utils/PlatoonTypes.hpp:53:22: warning: unused function 'operator<<' [-Wunused-function]\n"}
[3.432945] (truck) StderrLine: {'line': b'static std::ostream& operator << ( std::ostream& outs, const EventType& p )\n'}
[3.433046] (truck) StderrLine: {'line': b'                     ^\n'}
[3.433202] (truck) StderrLine: {'line': b"/Users/brodie/ros2_truckplatoon/src/truck/src/src/utils/PlatoonTypes.hpp:108:22: warning: unused function 'operator<<' [-Wunused-function]\n"}
[3.433384] (truck) StderrLine: {'line': b'static std::ostream& operator << ( std::ostream& outs, const TruckState& p )\n'}
[3.433497] (truck) StderrLine: {'line': b'                     ^\n'}
[3.433592] (truck) StderrLine: {'line': b'In file included from /Users/brodie/ros2_truckplatoon/src/truck/src/truck.cpp:2:\n'}
[3.433684] (truck) StderrLine: {'line': b'In file included from /Users/brodie/ros2_truckplatoon/src/truck/src/Platoon.hpp:11:\n'}
[3.433775] (truck) StderrLine: {'line': b"/Users/brodie/ros2_truckplatoon/src/truck/src/src/DrivingEvent.hpp:9:15: warning: private field '_speed' is not used [-Wunused-private-field]\n"}
[3.433865] (truck) StderrLine: {'line': b'    speedType _speed;\n'}
[3.433954] (truck) StderrLine: {'line': b'              ^\n'}
[3.434056] (truck) StderrLine: {'line': b"/Users/brodie/ros2_truckplatoon/src/truck/src/src/DrivingEvent.hpp:10:23: warning: private field '_stearingAngle' is not used [-Wunused-private-field]\n"}
[3.434146] (truck) StderrLine: {'line': b'    stearingAngleType _stearingAngle;\n'}
[3.434233] (truck) StderrLine: {'line': b'                      ^\n'}
[3.434320] (truck) StderrLine: {'line': b"/Users/brodie/ros2_truckplatoon/src/truck/src/src/DrivingEvent.hpp:11:18: warning: private field '_distance' is not used [-Wunused-private-field]\n"}
[3.434408] (truck) StderrLine: {'line': b'    distanceType _distance;\n'}
[3.434496] (truck) StderrLine: {'line': b'                 ^\n'}
[3.467552] (truck) StderrLine: {'line': b'8 warnings generated.\n'}
[3.476921] (-) TimerEvent: {}
[3.489374] (truck) StdoutLine: {'line': b'[ 33%] Linking CXX executable truck\n'}
[3.581636] (-) TimerEvent: {}
[3.592940] (truck) StdoutLine: {'line': b'[100%] Built target truck\n'}
[3.603351] (truck) CommandEnded: {'returncode': 0}
[3.684677] (-) TimerEvent: {}
[3.696487] (truck) JobProgress: {'identifier': 'truck', 'progress': 'install'}
[3.697053] (truck) Command: {'cmd': ['/usr/local/bin/cmake', '--install', '/Users/brodie/ros2_truckplatoon/build/truck'], 'cwd': '/Users/brodie/ros2_truckplatoon/build/truck', 'env': OrderedDict([('TERM_PROGRAM', 'Apple_Terminal'), ('SHELL', '/bin/zsh'), ('TERM', 'xterm-256color'), ('TMPDIR', '/var/folders/b6/t14lv28n5xqdhgq7zcrqwfkm0000gn/T/'), ('TERM_PROGRAM_VERSION', '445'), ('ROS_PYTHON_VERSION', '3'), ('ROS_VERSION', '2'), ('COLCON_PREFIX_PATH', '/Users/brodie/ros2_truckplatoon/install:/Users/brodie/my_workspace/install:/Users/brodie/ros2_foxy/ros2-osx'), ('TERM_SESSION_ID', '68464B11-5BA9-4066-9F09-461F903B1524'), ('AMENT_PREFIX_PATH', '/Users/brodie/ros2_truckplatoon/install/message:/Users/brodie/ros2_truckplatoon/install/Messages:/Users/brodie/ros2_truckplatoon/install/truck:/Users/brodie/my_workspace/install/tutorial_interfaces:/Users/brodie/my_workspace/install/cpp_srvcli:/Users/brodie/my_workspace/install/cpp_pubsub:/Users/brodie/my_workspace/install/my_package:/Users/brodie/ros2_foxy/ros2-osx'), ('USER', 'brodie'), ('SSH_AUTH_SOCK', '/private/tmp/com.apple.launchd.4a9jOPzOQR/Listeners'), ('__CF_USER_TEXT_ENCODING', '0x1F5:0x0:0x4'), ('PATH', '/Users/brodie/ros2_foxy/ros2-osx/bin:/Library/Frameworks/Python.framework/Versions/3.9/bin:/Library/Frameworks/Python.framework/Versions/2.7/bin:/usr/local/bin:/usr/bin:/bin:/usr/sbin:/sbin:/Library/TeX/texbin:/usr/local/share/dotnet:/opt/X11/bin:~/.dotnet/tools:/Library/Apple/usr/bin:/Library/Frameworks/Mono.framework/Versions/Current/Commands:/usr/local/CrossPack-AVR/bin:/Applications/Postgres.app/Contents/Versions/latest/bin:/Applications/Xamarin Workbooks.app/Contents/SharedSupport/path-bin'), ('__CFBundleIdentifier', 'com.apple.Terminal'), ('PWD', '/Users/brodie/ros2_truckplatoon/build/truck'), ('COLCON', '1'), ('LANG', 'it_IT.UTF-8'), ('XPC_FLAGS', '0x0'), ('XPC_SERVICE_NAME', '0'), ('OPENSSL_ROOT_DIR', '/usr/local/Cellar/openssl@3'), ('SHLVL', '2'), ('HOME', '/Users/brodie'), ('ROS_DISTRO', 'foxy'), ('PYTHONPATH', '/Users/brodie/ros2_truckplatoon/install/message/lib/python3.9/site-packages:/Users/brodie/my_workspace/install/tutorial_interfaces/lib/python3.9/site-packages:/Users/brodie/my_workspace/install/my_package/lib/python3.9/site-packages:/Users/brodie/ros2_foxy/ros2-osx/lib/python3.8/site-packages'), ('LOGNAME', 'brodie'), ('PKG_CONFIG_PATH', '/Users/brodie/ros2_foxy/ros2-osx/lib/pkgconfig'), ('CMAKE_PREFIX_PATH', '/Users/brodie/ros2_truckplatoon/install/message:/Users/brodie/ros2_truckplatoon/install/Messages:/Users/brodie/ros2_truckplatoon/install/truck:/Users/brodie/my_workspace/install/tutorial_interfaces:/Users/brodie/my_workspace/install/cpp_srvcli:/Users/brodie/my_workspace/install/cpp_pubsub:/Users/brodie/ros2_foxy/ros2-osx:/Users/brodie/my_workspace/install/my_package'), ('DISPLAY', '/private/tmp/com.apple.launchd.fnO1XjjJMH/org.xquartz:0'), ('ROS_LOCALHOST_ONLY', '0'), ('_', '/usr/bin/env')]), 'shell': False}
[3.706956] (truck) StdoutLine: {'line': b'-- Install configuration: ""\n'}
[3.707197] (truck) StdoutLine: {'line': b'-- Installing: /Users/brodie/ros2_truckplatoon/install/truck/lib/truck/truck\n'}
[3.773550] (truck) StdoutLine: {'line': b'-- Up-to-date: /Users/brodie/ros2_truckplatoon/install/truck/share/ament_index/resource_index/package_run_dependencies/truck\n'}
[3.773996] (truck) StdoutLine: {'line': b'-- Up-to-date: /Users/brodie/ros2_truckplatoon/install/truck/share/ament_index/resource_index/parent_prefix_path/truck\n'}
[3.774351] (truck) StdoutLine: {'line': b'-- Up-to-date: /Users/brodie/ros2_truckplatoon/install/truck/share/truck/environment/ament_prefix_path.sh\n'}
[3.774481] (truck) StdoutLine: {'line': b'-- Up-to-date: /Users/brodie/ros2_truckplatoon/install/truck/share/truck/environment/ament_prefix_path.dsv\n'}
[3.774604] (truck) StdoutLine: {'line': b'-- Up-to-date: /Users/brodie/ros2_truckplatoon/install/truck/share/truck/environment/path.sh\n'}
[3.774730] (truck) StdoutLine: {'line': b'-- Up-to-date: /Users/brodie/ros2_truckplatoon/install/truck/share/truck/environment/path.dsv\n'}
[3.775109] (truck) StdoutLine: {'line': b'-- Up-to-date: /Users/brodie/ros2_truckplatoon/install/truck/share/truck/local_setup.bash\n'}
[3.775429] (truck) StdoutLine: {'line': b'-- Up-to-date: /Users/brodie/ros2_truckplatoon/install/truck/share/truck/local_setup.sh\n'}
[3.775559] (truck) StdoutLine: {'line': b'-- Up-to-date: /Users/brodie/ros2_truckplatoon/install/truck/share/truck/local_setup.zsh\n'}
[3.775687] (truck) StdoutLine: {'line': b'-- Up-to-date: /Users/brodie/ros2_truckplatoon/install/truck/share/truck/local_setup.dsv\n'}
[3.775949] (truck) StdoutLine: {'line': b'-- Installing: /Users/brodie/ros2_truckplatoon/install/truck/share/truck/package.dsv\n'}
[3.776217] (truck) StdoutLine: {'line': b'-- Up-to-date: /Users/brodie/ros2_truckplatoon/install/truck/share/ament_index/resource_index/packages/truck\n'}
[3.776638] (truck) StdoutLine: {'line': b'-- Up-to-date: /Users/brodie/ros2_truckplatoon/install/truck/share/truck/cmake/truckConfig.cmake\n'}
[3.776832] (truck) StdoutLine: {'line': b'-- Up-to-date: /Users/brodie/ros2_truckplatoon/install/truck/share/truck/cmake/truckConfig-version.cmake\n'}
[3.776979] (truck) StdoutLine: {'line': b'-- Up-to-date: /Users/brodie/ros2_truckplatoon/install/truck/share/truck/package.xml\n'}
[3.777461] (truck) CommandEnded: {'returncode': 0}
[3.788319] (-) TimerEvent: {}
[3.892296] (-) TimerEvent: {}
[3.945550] (truck) JobEnded: {'identifier': 'truck', 'rc': 0}
[3.946923] (-) EventReactorShutdown: {}
