[0.100s] Invoking command in '/Users/brodie/ros2_truckplatoon/build/message': CMAKE_PREFIX_PATH=${CMAKE_PREFIX_PATH}:/Users/brodie/my_workspace/install/my_package SHLVL=2 _=/usr/bin/env /usr/local/bin/cmake --build /Users/brodie/ros2_truckplatoon/build/message -- -j8 -l8
[0.163s] -- Found ament_cmake: 0.9.9 (/Users/brodie/ros2_foxy/ros2-osx/share/ament_cmake/cmake)
[0.215s] -- Found PythonInterp: /Library/Frameworks/Python.framework/Versions/3.9/bin/python3 (found suitable version "3.9.4", minimum required is "3") 
[0.215s] -- Using PYTHON_EXECUTABLE: /Library/Frameworks/Python.framework/Versions/3.9/bin/python3
[0.537s] -- Found rosidl_default_generators: 1.0.1 (/Users/brodie/ros2_foxy/ros2-osx/share/rosidl_default_generators/cmake)
[0.541s] -- Using all available rosidl_typesupport_c: rosidl_typesupport_connext_c;rosidl_typesupport_fastrtps_c;rosidl_typesupport_introspection_c
[0.546s] -- Found rosidl_adapter: 1.2.1 (/Users/brodie/ros2_foxy/ros2-osx/share/rosidl_adapter/cmake)
[0.624s] -- Could not find RTI Connext - skipping rosidl_typesupport_connext_c
[0.642s] -- Could not find RTI Connext - skipping rosidl_typesupport_connext_cpp
[0.779s] -- Using all available rosidl_typesupport_cpp: rosidl_typesupport_connext_cpp;rosidl_typesupport_fastrtps_cpp;rosidl_typesupport_introspection_cpp
[0.849s] -- Found PythonInterp: /Library/Frameworks/Python.framework/Versions/3.9/bin/python3 (found version "3.9.4") 
[0.937s] CMake Error at /Users/brodie/ros2_foxy/ros2-osx/share/rosidl_adapter/cmake/rosidl_adapt_interfaces.cmake:60 (message):
[0.937s]   
[0.937s]   execute_process(/Library/Frameworks/Python.framework/Versions/3.9/bin/python3
[0.938s]   -m rosidl_adapter --package-name message --arguments-file
[0.938s]   /Users/brodie/ros2_truckplatoon/build/message/rosidl_adapter__arguments__message.json
[0.938s]   --output-dir
[0.938s]   /Users/brodie/ros2_truckplatoon/build/message/rosidl_adapter/message
[0.938s]   --output-file
[0.939s]   /Users/brodie/ros2_truckplatoon/build/message/rosidl_adapter/message.idls)
[0.939s]   returned error code 1:
[0.939s] 
[0.939s]   Traceback (most recent call last):
[0.939s] 
[0.940s]     File "/Library/Frameworks/Python.framework/Versions/3.9/lib/python3.9/runpy.py", line 197, in _run_module_as_main
[0.940s]       return _run_code(code, main_globals, None,
[0.940s]     File "/Library/Frameworks/Python.framework/Versions/3.9/lib/python3.9/runpy.py", line 87, in _run_code
[0.940s]       exec(code, run_globals)
[0.940s]     File "/Users/brodie/ros2_foxy/ros2-osx/lib/python3.8/site-packages/rosidl_adapter/__main__.py", line 19, in <module>
[0.940s]       sys.exit(main())
[0.941s]     File "/Users/brodie/ros2_foxy/ros2-osx/lib/python3.8/site-packages/rosidl_adapter/main.py", line 53, in main
[0.941s]       abs_idl_file = convert_to_idl(
[0.941s]     File "/Users/brodie/ros2_foxy/ros2-osx/lib/python3.8/site-packages/rosidl_adapter/__init__.py", line 19, in convert_to_idl
[0.941s]       return convert_msg_to_idl(
[0.941s]     File "/Users/brodie/ros2_foxy/ros2-osx/lib/python3.8/site-packages/rosidl_adapter/msg/__init__.py", line 28, in convert_msg_to_idl
[0.941s]       msg = parse_message_string(package_name, input_file.stem, content)
[0.941s]     File "/Users/brodie/ros2_foxy/ros2-osx/lib/python3.8/site-packages/rosidl_adapter/parser.py", line 540, in parse_message_string
[0.941s]       msg = MessageSpecification(pkg_name, msg_name, fields, constants)
[0.941s]     File "/Users/brodie/ros2_foxy/ros2-osx/lib/python3.8/site-packages/rosidl_adapter/parser.py", line 387, in __init__
[0.942s]       self.base_type = BaseType(
[0.942s]     File "/Users/brodie/ros2_foxy/ros2-osx/lib/python3.8/site-packages/rosidl_adapter/parser.py", line 204, in __init__
[0.942s]       raise InvalidResourceName(
[0.942s] 
[0.942s]   rosidl_adapter.parser.InvalidResourceName: 'message' is an invalid message
[0.942s]   name.  It should have the pattern '^[A-Z][A-Za-z0-9]*$'
[0.942s] 
[0.942s] Call Stack (most recent call first):
[0.943s]   /Users/brodie/ros2_foxy/ros2-osx/share/rosidl_cmake/cmake/rosidl_generate_interfaces.cmake:130 (rosidl_adapt_interfaces)
[0.943s]   CMakeLists.txt:26 (rosidl_generate_interfaces)
[0.943s] 
[0.943s] 
[0.943s] -- Configuring incomplete, errors occurred!
[0.943s] See also "/Users/brodie/ros2_truckplatoon/build/message/CMakeFiles/CMakeOutput.log".
[0.943s] See also "/Users/brodie/ros2_truckplatoon/build/message/CMakeFiles/CMakeError.log".
[0.945s] gmake: *** [Makefile:767: cmake_check_build_system] Error 1
[0.947s] Invoked command in '/Users/brodie/ros2_truckplatoon/build/message' returned '2': CMAKE_PREFIX_PATH=${CMAKE_PREFIX_PATH}:/Users/brodie/my_workspace/install/my_package SHLVL=2 _=/usr/bin/env /usr/local/bin/cmake --build /Users/brodie/ros2_truckplatoon/build/message -- -j8 -l8
