[0.000000] (-) TimerEvent: {}
[0.000558] (-) JobUnselected: {'identifier': 'truck'}
[0.000777] (message) JobQueued: {'identifier': 'message', 'dependencies': OrderedDict()}
[0.004236] (message) JobStarted: {'identifier': 'message'}
[0.103253] (-) TimerEvent: {}
[0.111706] (message) JobProgress: {'identifier': 'message', 'progress': 'cmake'}
[0.112281] (message) Command: {'cmd': ['/usr/local/bin/cmake', '/Users/brodie/ros2_truckplatoon/src/message', '-DCMAKE_INSTALL_PREFIX=/Users/brodie/ros2_truckplatoon/install/message'], 'cwd': '/Users/brodie/ros2_truckplatoon/build/message', 'env': OrderedDict([('TERM_PROGRAM', 'Apple_Terminal'), ('SHELL', '/bin/zsh'), ('TERM', 'xterm-256color'), ('TMPDIR', '/var/folders/b6/t14lv28n5xqdhgq7zcrqwfkm0000gn/T/'), ('TERM_PROGRAM_VERSION', '445'), ('ROS_PYTHON_VERSION', '3'), ('ROS_VERSION', '2'), ('COLCON_PREFIX_PATH', '/Users/brodie/ros2_truckplatoon/install:/Users/brodie/my_workspace/install:/Users/brodie/ros2_foxy/ros2-osx'), ('TERM_SESSION_ID', '68464B11-5BA9-4066-9F09-461F903B1524'), ('AMENT_PREFIX_PATH', '/Users/brodie/ros2_truckplatoon/install/truck:/Users/brodie/my_workspace/install/tutorial_interfaces:/Users/brodie/my_workspace/install/cpp_srvcli:/Users/brodie/my_workspace/install/cpp_pubsub:/Users/brodie/my_workspace/install/my_package:/Users/brodie/ros2_foxy/ros2-osx'), ('USER', 'brodie'), ('SSH_AUTH_SOCK', '/private/tmp/com.apple.launchd.4a9jOPzOQR/Listeners'), ('__CF_USER_TEXT_ENCODING', '0x1F5:0x0:0x4'), ('PATH', '/Users/brodie/ros2_foxy/ros2-osx/bin:/Library/Frameworks/Python.framework/Versions/3.9/bin:/Library/Frameworks/Python.framework/Versions/2.7/bin:/usr/local/bin:/usr/bin:/bin:/usr/sbin:/sbin:/Library/TeX/texbin:/usr/local/share/dotnet:/opt/X11/bin:~/.dotnet/tools:/Library/Apple/usr/bin:/Library/Frameworks/Mono.framework/Versions/Current/Commands:/usr/local/CrossPack-AVR/bin:/Applications/Postgres.app/Contents/Versions/latest/bin:/Applications/Xamarin Workbooks.app/Contents/SharedSupport/path-bin'), ('__CFBundleIdentifier', 'com.apple.Terminal'), ('PWD', '/Users/brodie/ros2_truckplatoon/build/message'), ('COLCON', '1'), ('LANG', 'it_IT.UTF-8'), ('XPC_FLAGS', '0x0'), ('XPC_SERVICE_NAME', '0'), ('OPENSSL_ROOT_DIR', '/usr/local/Cellar/openssl@3'), ('SHLVL', '2'), ('HOME', '/Users/brodie'), ('ROS_DISTRO', 'foxy'), ('PYTHONPATH', '/Users/brodie/my_workspace/install/tutorial_interfaces/lib/python3.9/site-packages:/Users/brodie/my_workspace/install/my_package/lib/python3.9/site-packages:/Users/brodie/ros2_foxy/ros2-osx/lib/python3.8/site-packages'), ('LOGNAME', 'brodie'), ('PKG_CONFIG_PATH', '/Users/brodie/ros2_foxy/ros2-osx/lib/pkgconfig'), ('CMAKE_PREFIX_PATH', '/Users/brodie/ros2_truckplatoon/install/truck:/Users/brodie/my_workspace/install/tutorial_interfaces:/Users/brodie/my_workspace/install/cpp_srvcli:/Users/brodie/my_workspace/install/cpp_pubsub:/Users/brodie/ros2_foxy/ros2-osx:/Users/brodie/my_workspace/install/my_package'), ('DISPLAY', '/private/tmp/com.apple.launchd.fnO1XjjJMH/org.xquartz:0'), ('ROS_LOCALHOST_ONLY', '0'), ('_', '/usr/bin/env')]), 'shell': False}
[0.206761] (-) TimerEvent: {}
[0.312577] (-) TimerEvent: {}
[0.339593] (message) StdoutLine: {'line': b'-- The C compiler identification is AppleClang 14.0.0.14000029\n'}
[0.417491] (-) TimerEvent: {}
[0.490711] (message) StdoutLine: {'line': b'-- The CXX compiler identification is AppleClang 14.0.0.14000029\n'}
[0.504601] (message) StdoutLine: {'line': b'-- Detecting C compiler ABI info\n'}
[0.519151] (-) TimerEvent: {}
[0.619946] (-) TimerEvent: {}
[0.726211] (-) TimerEvent: {}
[0.828287] (message) StdoutLine: {'line': b'-- Detecting C compiler ABI info - done\n'}
[0.828587] (-) TimerEvent: {}
[0.837811] (message) StdoutLine: {'line': b'-- Check for working C compiler: /Applications/Xcode.app/Contents/Developer/Toolchains/XcodeDefault.xctoolchain/usr/bin/cc - skipped\n'}
[0.838265] (message) StdoutLine: {'line': b'-- Detecting C compile features\n'}
[0.838604] (message) StdoutLine: {'line': b'-- Detecting C compile features - done\n'}
[0.844753] (message) StdoutLine: {'line': b'-- Detecting CXX compiler ABI info\n'}
[0.928793] (-) TimerEvent: {}
[1.029414] (-) TimerEvent: {}
[1.070428] (message) StdoutLine: {'line': b'-- Detecting CXX compiler ABI info - done\n'}
[1.080193] (message) StdoutLine: {'line': b'-- Check for working CXX compiler: /Applications/Xcode.app/Contents/Developer/Toolchains/XcodeDefault.xctoolchain/usr/bin/c++ - skipped\n'}
[1.080655] (message) StdoutLine: {'line': b'-- Detecting CXX compile features\n'}
[1.081272] (message) StdoutLine: {'line': b'-- Detecting CXX compile features - done\n'}
[1.103517] (message) StdoutLine: {'line': b'-- Found ament_cmake: 0.9.9 (/Users/brodie/ros2_foxy/ros2-osx/share/ament_cmake/cmake)\n'}
[1.134496] (-) TimerEvent: {}
[1.205161] (message) StdoutLine: {'line': b'-- Found PythonInterp: /Library/Frameworks/Python.framework/Versions/3.9/bin/python3 (found suitable version "3.9.4", minimum required is "3") \n'}
[1.205538] (message) StdoutLine: {'line': b'-- Using PYTHON_EXECUTABLE: /Library/Frameworks/Python.framework/Versions/3.9/bin/python3\n'}
[1.239552] (-) TimerEvent: {}
[1.341713] (-) TimerEvent: {}
[1.443663] (-) TimerEvent: {}
[1.548956] (-) TimerEvent: {}
[1.650763] (-) TimerEvent: {}
[1.752361] (-) TimerEvent: {}
[1.857690] (-) TimerEvent: {}
[1.916293] (message) StdoutLine: {'line': b'-- Found rosidl_default_generators: 1.0.1 (/Users/brodie/ros2_foxy/ros2-osx/share/rosidl_default_generators/cmake)\n'}
[1.940687] (message) StdoutLine: {'line': b'-- Using all available rosidl_typesupport_c: rosidl_typesupport_connext_c;rosidl_typesupport_fastrtps_c;rosidl_typesupport_introspection_c\n'}
[1.959194] (-) TimerEvent: {}
[2.004766] (message) StdoutLine: {'line': b'-- Found rosidl_adapter: 1.2.1 (/Users/brodie/ros2_foxy/ros2-osx/share/rosidl_adapter/cmake)\n'}
[2.064258] (-) TimerEvent: {}
[2.158138] (message) StdoutLine: {'line': b'-- Could not find RTI Connext - skipping rosidl_typesupport_connext_c\n'}
[2.165535] (-) TimerEvent: {}
[2.267013] (-) TimerEvent: {}
[2.281664] (message) StdoutLine: {'line': b'-- Could not find RTI Connext - skipping rosidl_typesupport_connext_cpp\n'}
[2.367091] (-) TimerEvent: {}
[2.472378] (-) TimerEvent: {}
[2.575258] (-) TimerEvent: {}
[2.621783] (message) StderrLine: {'line': b'CMake Error at /usr/local/Cellar/cmake/3.19.1/share/cmake/Modules/FindPackageHandleStandardArgs.cmake:218 (message):\n'}
[2.622236] (message) StderrLine: {'line': b'  Could NOT find OpenSSL, try to set the path to OpenSSL root folder in the\n'}
[2.622557] (message) StderrLine: {'line': b'  system variable OPENSSL_ROOT_DIR (missing: OPENSSL_CRYPTO_LIBRARY\n'}
[2.622734] (message) StderrLine: {'line': b'  OPENSSL_INCLUDE_DIR)\n'}
[2.622892] (message) StderrLine: {'line': b'Call Stack (most recent call first):\n'}
[2.623041] (message) StderrLine: {'line': b'  /usr/local/Cellar/cmake/3.19.1/share/cmake/Modules/FindPackageHandleStandardArgs.cmake:577 (_FPHSA_FAILURE_MESSAGE)\n'}
[2.623196] (message) StderrLine: {'line': b'  /usr/local/Cellar/cmake/3.19.1/share/cmake/Modules/FindOpenSSL.cmake:536 (find_package_handle_standard_args)\n'}
[2.623340] (message) StderrLine: {'line': b'  /Users/brodie/ros2_foxy/ros2-osx/share/fastrtps/cmake/fastrtps-config.cmake:52 (find_package)\n'}
[2.623483] (message) StderrLine: {'line': b'  /Users/brodie/ros2_foxy/ros2-osx/share/rosidl_typesupport_fastrtps_c/cmake/rosidl_typesupport_fastrtps_c-extras.cmake:6 (find_package)\n'}
[2.623626] (message) StderrLine: {'line': b'  /Users/brodie/ros2_foxy/ros2-osx/share/rosidl_typesupport_fastrtps_c/cmake/rosidl_typesupport_fastrtps_cConfig.cmake:41 (include)\n'}
[2.623770] (message) StderrLine: {'line': b'  /Users/brodie/ros2_foxy/ros2-osx/share/rosidl_typesupport_c/cmake/rosidl_typesupport_c-extras.cmake:13 (find_package)\n'}
[2.623912] (message) StderrLine: {'line': b'  /Users/brodie/ros2_foxy/ros2-osx/share/rosidl_typesupport_c/cmake/rosidl_typesupport_cConfig.cmake:41 (include)\n'}
[2.624053] (message) StderrLine: {'line': b'  /Users/brodie/ros2_foxy/ros2-osx/share/rosidl_default_generators/cmake/rosidl_default_generators-extras.cmake:21 (find_package)\n'}
[2.624196] (message) StderrLine: {'line': b'  /Users/brodie/ros2_foxy/ros2-osx/share/rosidl_default_generators/cmake/rosidl_default_generatorsConfig.cmake:41 (include)\n'}
[2.624358] (message) StderrLine: {'line': b'  CMakeLists.txt:23 (find_package)\n'}
[2.624501] (message) StderrLine: {'line': b'\n'}
[2.624643] (message) StderrLine: {'line': b'\n'}
[2.624782] (message) StdoutLine: {'line': b'-- Configuring incomplete, errors occurred!\n'}
[2.624933] (message) StdoutLine: {'line': b'See also "/Users/brodie/ros2_truckplatoon/build/message/CMakeFiles/CMakeOutput.log".\n'}
[2.625081] (message) StdoutLine: {'line': b'See also "/Users/brodie/ros2_truckplatoon/build/message/CMakeFiles/CMakeError.log".\n'}
[2.631095] (message) CommandEnded: {'returncode': 1}
[2.677800] (-) TimerEvent: {}
[2.699766] (message) JobEnded: {'identifier': 'message', 'rc': 1}
[2.702135] (-) EventReactorShutdown: {}
