[0.000000] (-) TimerEvent: {}
[0.000319] (message) JobQueued: {'identifier': 'message', 'dependencies': OrderedDict()}
[0.000391] (truck) JobQueued: {'identifier': 'truck', 'dependencies': OrderedDict([('message', '/Users/brodie/ros2_truckplatoon/install/message')])}
[0.003783] (message) JobStarted: {'identifier': 'message'}
[0.100007] (-) TimerEvent: {}
[0.108986] (message) JobProgress: {'identifier': 'message', 'progress': 'cmake'}
[0.110469] (message) JobProgress: {'identifier': 'message', 'progress': 'build'}
[0.113801] (message) Command: {'cmd': ['/usr/local/bin/cmake', '--build', '/Users/brodie/ros2_truckplatoon/build/message', '--', '-j8', '-l8'], 'cwd': '/Users/brodie/ros2_truckplatoon/build/message', 'env': OrderedDict([('TERM_PROGRAM', 'Apple_Terminal'), ('SHELL', '/bin/zsh'), ('TERM', 'xterm-256color'), ('TMPDIR', '/var/folders/b6/t14lv28n5xqdhgq7zcrqwfkm0000gn/T/'), ('TERM_PROGRAM_VERSION', '447'), ('ROS_PYTHON_VERSION', '3'), ('ROS_VERSION', '2'), ('COLCON_PREFIX_PATH', '/Users/brodie/ros2_truckplatoon/install:/Users/brodie/my_workspace/install:/Users/brodie/ros2_foxy/ros2-osx'), ('TERM_SESSION_ID', 'E5BABC13-F725-46CC-AAF9-198796464AAA'), ('AMENT_PREFIX_PATH', '/Users/brodie/ros2_truckplatoon/install/truck:/Users/brodie/ros2_truckplatoon/install/message:/Users/brodie/ros2_truckplatoon/install/Messages:/Users/brodie/my_workspace/install/cpp_srvcli:/Users/brodie/my_workspace/install/cpp_pubsub:/Users/brodie/my_workspace/install/tutorial_interfaces:/Users/brodie/my_workspace/install/my_package:/Users/brodie/ros2_foxy/ros2-osx'), ('USER', 'brodie'), ('SSH_AUTH_SOCK', '/private/tmp/com.apple.launchd.y7sM3h0PYQ/Listeners'), ('__CF_USER_TEXT_ENCODING', '0x1F5:0x0:0x4'), ('PATH', '/Users/brodie/ros2_foxy/ros2-osx/bin:/Library/Frameworks/Python.framework/Versions/3.9/bin:/Library/Frameworks/Python.framework/Versions/2.7/bin:/usr/local/bin:/System/Cryptexes/App/usr/bin:/usr/bin:/bin:/usr/sbin:/sbin:/Library/TeX/texbin:/usr/local/share/dotnet:/opt/X11/bin:~/.dotnet/tools:/Library/Apple/usr/bin:/Library/Frameworks/Mono.framework/Versions/Current/Commands:/usr/local/CrossPack-AVR/bin:/Applications/Postgres.app/Contents/Versions/latest/bin:/Applications/Xamarin Workbooks.app/Contents/SharedSupport/path-bin'), ('LaunchInstanceID', '9FE7DBD5-29B0-4D79-BB55-564B76C74B34'), ('__CFBundleIdentifier', 'com.apple.Terminal'), ('PWD', '/Users/brodie/ros2_truckplatoon/build/message'), ('COLCON', '1'), ('LANG', 'it_IT.UTF-8'), ('XPC_FLAGS', '0x0'), ('XPC_SERVICE_NAME', '0'), ('OPENSSL_ROOT_DIR', '/usr/local/Cellar/openssl@3'), ('SHLVL', '2'), ('HOME', '/Users/brodie'), ('ROS_DISTRO', 'foxy'), ('PYTHONPATH', '/Users/brodie/ros2_truckplatoon/install/message/lib/python3.9/site-packages:/Users/brodie/my_workspace/install/tutorial_interfaces/lib/python3.9/site-packages:/Users/brodie/my_workspace/install/my_package/lib/python3.9/site-packages:/Users/brodie/ros2_foxy/ros2-osx/lib/python3.8/site-packages'), ('LOGNAME', 'brodie'), ('PKG_CONFIG_PATH', '/Users/brodie/ros2_foxy/ros2-osx/lib/pkgconfig'), ('CMAKE_PREFIX_PATH', '/Users/brodie/ros2_truckplatoon/install/truck:/Users/brodie/ros2_truckplatoon/install/message:/Users/brodie/ros2_truckplatoon/install/Messages:/Users/brodie/my_workspace/install/cpp_srvcli:/Users/brodie/my_workspace/install/cpp_pubsub:/Users/brodie/my_workspace/install/tutorial_interfaces:/Users/brodie/ros2_foxy/ros2-osx:/Users/brodie/my_workspace/install/my_package'), ('DISPLAY', '/private/tmp/com.apple.launchd.wAeY1AWNrh/org.xquartz:0'), ('ROS_LOCALHOST_ONLY', '0'), ('SECURITYSESSIONID', '186a3'), ('_', '/usr/bin/env')]), 'shell': False}
[0.200127] (-) TimerEvent: {}
[0.232830] (message) StdoutLine: {'line': b'[  3%] Built target message__cpp\n'}
[0.233594] (message) StdoutLine: {'line': b'[ 12%] Built target message__rosidl_generator_c\n'}
[0.304051] (-) TimerEvent: {}
[0.308880] (message) StdoutLine: {'line': b'[ 22%] Built target message__rosidl_typesupport_cpp\n'}
[0.309990] (message) StdoutLine: {'line': b'[ 32%] Built target message__rosidl_typesupport_fastrtps_cpp\n'}
[0.313700] (message) StdoutLine: {'line': b'[ 41%] Built target message__rosidl_typesupport_introspection_cpp\n'}
[0.315940] (message) StdoutLine: {'line': b'[ 51%] Built target message__rosidl_typesupport_c\n'}
[0.318969] (message) StdoutLine: {'line': b'[ 61%] Built target message__rosidl_typesupport_introspection_c\n'}
[0.372725] (message) StdoutLine: {'line': b'[ 70%] Built target message__rosidl_typesupport_fastrtps_c\n'}
[0.404638] (-) TimerEvent: {}
[0.431097] (message) StdoutLine: {'line': b'[ 70%] Built target message\n'}
[0.504806] (-) TimerEvent: {}
[0.535622] (message) StdoutLine: {'line': b'[ 74%] Built target message__py\n'}
[0.605139] (-) TimerEvent: {}
[0.637497] (message) StdoutLine: {'line': b'[ 80%] Built target message__python\n'}
[0.705221] (-) TimerEvent: {}
[0.716608] (message) StdoutLine: {'line': b'[ 87%] Built target message__rosidl_typesupport_introspection_c__pyext\n'}
[0.717365] (message) StdoutLine: {'line': b'[ 93%] Built target message__rosidl_typesupport_c__pyext\n'}
[0.723597] (message) StdoutLine: {'line': b'[100%] Built target message__rosidl_typesupport_fastrtps_c__pyext\n'}
[0.753118] (message) CommandEnded: {'returncode': 0}
[0.806681] (-) TimerEvent: {}
[0.907375] (-) TimerEvent: {}
[1.007806] (-) TimerEvent: {}
[1.108616] (-) TimerEvent: {}
[1.117834] (message) JobProgress: {'identifier': 'message', 'progress': 'install'}
[1.139763] (message) Command: {'cmd': ['/usr/local/bin/cmake', '--install', '/Users/brodie/ros2_truckplatoon/build/message'], 'cwd': '/Users/brodie/ros2_truckplatoon/build/message', 'env': OrderedDict([('TERM_PROGRAM', 'Apple_Terminal'), ('SHELL', '/bin/zsh'), ('TERM', 'xterm-256color'), ('TMPDIR', '/var/folders/b6/t14lv28n5xqdhgq7zcrqwfkm0000gn/T/'), ('TERM_PROGRAM_VERSION', '447'), ('ROS_PYTHON_VERSION', '3'), ('ROS_VERSION', '2'), ('COLCON_PREFIX_PATH', '/Users/brodie/ros2_truckplatoon/install:/Users/brodie/my_workspace/install:/Users/brodie/ros2_foxy/ros2-osx'), ('TERM_SESSION_ID', 'E5BABC13-F725-46CC-AAF9-198796464AAA'), ('AMENT_PREFIX_PATH', '/Users/brodie/ros2_truckplatoon/install/truck:/Users/brodie/ros2_truckplatoon/install/message:/Users/brodie/ros2_truckplatoon/install/Messages:/Users/brodie/my_workspace/install/cpp_srvcli:/Users/brodie/my_workspace/install/cpp_pubsub:/Users/brodie/my_workspace/install/tutorial_interfaces:/Users/brodie/my_workspace/install/my_package:/Users/brodie/ros2_foxy/ros2-osx'), ('USER', 'brodie'), ('SSH_AUTH_SOCK', '/private/tmp/com.apple.launchd.y7sM3h0PYQ/Listeners'), ('__CF_USER_TEXT_ENCODING', '0x1F5:0x0:0x4'), ('PATH', '/Users/brodie/ros2_foxy/ros2-osx/bin:/Library/Frameworks/Python.framework/Versions/3.9/bin:/Library/Frameworks/Python.framework/Versions/2.7/bin:/usr/local/bin:/System/Cryptexes/App/usr/bin:/usr/bin:/bin:/usr/sbin:/sbin:/Library/TeX/texbin:/usr/local/share/dotnet:/opt/X11/bin:~/.dotnet/tools:/Library/Apple/usr/bin:/Library/Frameworks/Mono.framework/Versions/Current/Commands:/usr/local/CrossPack-AVR/bin:/Applications/Postgres.app/Contents/Versions/latest/bin:/Applications/Xamarin Workbooks.app/Contents/SharedSupport/path-bin'), ('LaunchInstanceID', '9FE7DBD5-29B0-4D79-BB55-564B76C74B34'), ('__CFBundleIdentifier', 'com.apple.Terminal'), ('PWD', '/Users/brodie/ros2_truckplatoon/build/message'), ('COLCON', '1'), ('LANG', 'it_IT.UTF-8'), ('XPC_FLAGS', '0x0'), ('XPC_SERVICE_NAME', '0'), ('OPENSSL_ROOT_DIR', '/usr/local/Cellar/openssl@3'), ('SHLVL', '2'), ('HOME', '/Users/brodie'), ('ROS_DISTRO', 'foxy'), ('PYTHONPATH', '/Users/brodie/ros2_truckplatoon/install/message/lib/python3.9/site-packages:/Users/brodie/my_workspace/install/tutorial_interfaces/lib/python3.9/site-packages:/Users/brodie/my_workspace/install/my_package/lib/python3.9/site-packages:/Users/brodie/ros2_foxy/ros2-osx/lib/python3.8/site-packages'), ('LOGNAME', 'brodie'), ('PKG_CONFIG_PATH', '/Users/brodie/ros2_foxy/ros2-osx/lib/pkgconfig'), ('CMAKE_PREFIX_PATH', '/Users/brodie/ros2_truckplatoon/install/truck:/Users/brodie/ros2_truckplatoon/install/message:/Users/brodie/ros2_truckplatoon/install/Messages:/Users/brodie/my_workspace/install/cpp_srvcli:/Users/brodie/my_workspace/install/cpp_pubsub:/Users/brodie/my_workspace/install/tutorial_interfaces:/Users/brodie/ros2_foxy/ros2-osx:/Users/brodie/my_workspace/install/my_package'), ('DISPLAY', '/private/tmp/com.apple.launchd.wAeY1AWNrh/org.xquartz:0'), ('ROS_LOCALHOST_ONLY', '0'), ('SECURITYSESSIONID', '186a3'), ('_', '/usr/bin/env')]), 'shell': False}
[1.157735] (message) StdoutLine: {'line': b'-- Install configuration: ""\n'}
[1.158246] (message) StdoutLine: {'line': b'-- Up-to-date: /Users/brodie/ros2_truckplatoon/install/message/share/ament_index/resource_index/rosidl_interfaces/message\n'}
[1.158436] (message) StdoutLine: {'line': b'-- Up-to-date: /Users/brodie/ros2_truckplatoon/install/message/include/message\n'}
[1.158809] (message) StdoutLine: {'line': b'-- Up-to-date: /Users/brodie/ros2_truckplatoon/install/message/include/message/msg\n'}
[1.159321] (message) StdoutLine: {'line': b'-- Up-to-date: /Users/brodie/ros2_truckplatoon/install/message/include/message/msg/rosidl_generator_c__visibility_control.h\n'}
[1.159615] (message) StdoutLine: {'line': b'-- Up-to-date: /Users/brodie/ros2_truckplatoon/install/message/include/message/msg/message.h\n'}
[1.159845] (message) StdoutLine: {'line': b'-- Up-to-date: /Users/brodie/ros2_truckplatoon/install/message/include/message/msg/detail\n'}
[1.160001] (message) StdoutLine: {'line': b'-- Up-to-date: /Users/brodie/ros2_truckplatoon/install/message/include/message/msg/detail/message__struct.h\n'}
[1.160154] (message) StdoutLine: {'line': b'-- Up-to-date: /Users/brodie/ros2_truckplatoon/install/message/include/message/msg/detail/message__functions.h\n'}
[1.160540] (message) StdoutLine: {'line': b'-- Up-to-date: /Users/brodie/ros2_truckplatoon/install/message/include/message/msg/detail/message__type_support.h\n'}
[1.160723] (message) StdoutLine: {'line': b'-- Up-to-date: /Users/brodie/ros2_truckplatoon/install/message/include/message/msg/detail/message__functions.c\n'}
[1.160895] (message) StdoutLine: {'line': b'-- Up-to-date: /Users/brodie/ros2_truckplatoon/install/message/share/message/environment/library_path.sh\n'}
[1.161061] (message) StdoutLine: {'line': b'-- Up-to-date: /Users/brodie/ros2_truckplatoon/install/message/share/message/environment/library_path.dsv\n'}
[1.161208] (message) StdoutLine: {'line': b'-- Installing: /Users/brodie/ros2_truckplatoon/install/message/lib/libmessage__rosidl_generator_c.dylib\n'}
[1.179506] (message) StdoutLine: {'line': b'-- Up-to-date: /Users/brodie/ros2_truckplatoon/install/message/include/message\n'}
[1.180031] (message) StdoutLine: {'line': b'-- Up-to-date: /Users/brodie/ros2_truckplatoon/install/message/include/message/msg\n'}
[1.180550] (message) StdoutLine: {'line': b'-- Up-to-date: /Users/brodie/ros2_truckplatoon/install/message/include/message/msg/detail\n'}
[1.180876] (message) StdoutLine: {'line': b'-- Up-to-date: /Users/brodie/ros2_truckplatoon/install/message/include/message/msg/detail/message__rosidl_typesupport_fastrtps_c.h\n'}
[1.181053] (message) StdoutLine: {'line': b'-- Up-to-date: /Users/brodie/ros2_truckplatoon/install/message/include/message/msg/rosidl_typesupport_fastrtps_c__visibility_control.h\n'}
[1.181208] (message) StdoutLine: {'line': b'-- Installing: /Users/brodie/ros2_truckplatoon/install/message/lib/libmessage__rosidl_typesupport_fastrtps_c.dylib\n'}
[1.208738] (-) TimerEvent: {}
[1.276776] (message) StdoutLine: {'line': b'-- Up-to-date: /Users/brodie/ros2_truckplatoon/install/message/include/message\n'}
[1.277865] (message) StdoutLine: {'line': b'-- Up-to-date: /Users/brodie/ros2_truckplatoon/install/message/include/message/msg\n'}
[1.278301] (message) StdoutLine: {'line': b'-- Up-to-date: /Users/brodie/ros2_truckplatoon/install/message/include/message/msg/rosidl_typesupport_fastrtps_cpp__visibility_control.h\n'}
[1.278615] (message) StdoutLine: {'line': b'-- Up-to-date: /Users/brodie/ros2_truckplatoon/install/message/include/message/msg/detail\n'}
[1.278872] (message) StdoutLine: {'line': b'-- Up-to-date: /Users/brodie/ros2_truckplatoon/install/message/include/message/msg/detail/dds_fastrtps\n'}
[1.279110] (message) StdoutLine: {'line': b'-- Up-to-date: /Users/brodie/ros2_truckplatoon/install/message/include/message/msg/detail/message__rosidl_typesupport_fastrtps_cpp.hpp\n'}
[1.279474] (message) StdoutLine: {'line': b'-- Installing: /Users/brodie/ros2_truckplatoon/install/message/lib/libmessage__rosidl_typesupport_fastrtps_cpp.dylib\n'}
[1.309959] (-) TimerEvent: {}
[1.339922] (message) StdoutLine: {'line': b'-- Up-to-date: /Users/brodie/ros2_truckplatoon/install/message/include/message\n'}
[1.341249] (message) StdoutLine: {'line': b'-- Up-to-date: /Users/brodie/ros2_truckplatoon/install/message/include/message/msg\n'}
[1.341957] (message) StdoutLine: {'line': b'-- Up-to-date: /Users/brodie/ros2_truckplatoon/install/message/include/message/msg/detail\n'}
[1.342343] (message) StdoutLine: {'line': b'-- Up-to-date: /Users/brodie/ros2_truckplatoon/install/message/include/message/msg/detail/message__type_support.c\n'}
[1.342783] (message) StdoutLine: {'line': b'-- Up-to-date: /Users/brodie/ros2_truckplatoon/install/message/include/message/msg/detail/message__rosidl_typesupport_introspection_c.h\n'}
[1.343243] (message) StdoutLine: {'line': b'-- Up-to-date: /Users/brodie/ros2_truckplatoon/install/message/include/message/msg/rosidl_typesupport_introspection_c__visibility_control.h\n'}
[1.343666] (message) StdoutLine: {'line': b'-- Installing: /Users/brodie/ros2_truckplatoon/install/message/lib/libmessage__rosidl_typesupport_introspection_c.dylib\n'}
[1.402692] (message) StdoutLine: {'line': b'-- Installing: /Users/brodie/ros2_truckplatoon/install/message/lib/libmessage__rosidl_typesupport_c.dylib\n'}
[1.411570] (-) TimerEvent: {}
[1.433789] (message) StdoutLine: {'line': b'-- Up-to-date: /Users/brodie/ros2_truckplatoon/install/message/include/message\n'}
[1.434517] (message) StdoutLine: {'line': b'-- Up-to-date: /Users/brodie/ros2_truckplatoon/install/message/include/message/msg\n'}
[1.435305] (message) StdoutLine: {'line': b'-- Up-to-date: /Users/brodie/ros2_truckplatoon/install/message/include/message/msg/detail\n'}
[1.435543] (message) StdoutLine: {'line': b'-- Up-to-date: /Users/brodie/ros2_truckplatoon/install/message/include/message/msg/detail/message__traits.hpp\n'}
[1.436146] (message) StdoutLine: {'line': b'-- Up-to-date: /Users/brodie/ros2_truckplatoon/install/message/include/message/msg/detail/message__struct.hpp\n'}
[1.436348] (message) StdoutLine: {'line': b'-- Up-to-date: /Users/brodie/ros2_truckplatoon/install/message/include/message/msg/detail/message__builder.hpp\n'}
[1.436839] (message) StdoutLine: {'line': b'-- Up-to-date: /Users/brodie/ros2_truckplatoon/install/message/include/message/msg/message.hpp\n'}
[1.437271] (message) StdoutLine: {'line': b'-- Up-to-date: /Users/brodie/ros2_truckplatoon/install/message/include/message\n'}
[1.437505] (message) StdoutLine: {'line': b'-- Up-to-date: /Users/brodie/ros2_truckplatoon/install/message/include/message/msg\n'}
[1.437755] (message) StdoutLine: {'line': b'-- Up-to-date: /Users/brodie/ros2_truckplatoon/install/message/include/message/msg/detail\n'}
[1.438018] (message) StdoutLine: {'line': b'-- Up-to-date: /Users/brodie/ros2_truckplatoon/install/message/include/message/msg/detail/message__type_support.cpp\n'}
[1.438189] (message) StdoutLine: {'line': b'-- Up-to-date: /Users/brodie/ros2_truckplatoon/install/message/include/message/msg/detail/message__rosidl_typesupport_introspection_cpp.hpp\n'}
[1.438341] (message) StdoutLine: {'line': b'-- Installing: /Users/brodie/ros2_truckplatoon/install/message/lib/libmessage__rosidl_typesupport_introspection_cpp.dylib\n'}
[1.463816] (message) StdoutLine: {'line': b'-- Installing: /Users/brodie/ros2_truckplatoon/install/message/lib/libmessage__rosidl_typesupport_cpp.dylib\n'}
[1.506047] (message) StdoutLine: {'line': b'-- Up-to-date: /Users/brodie/ros2_truckplatoon/install/message/share/message/environment/pythonpath.sh\n'}
[1.507305] (message) StdoutLine: {'line': b'-- Up-to-date: /Users/brodie/ros2_truckplatoon/install/message/share/message/environment/pythonpath.dsv\n'}
[1.507645] (message) StdoutLine: {'line': b'-- Up-to-date: /Users/brodie/ros2_truckplatoon/install/message/lib/python3.9/site-packages/message/__init__.py\n'}
[1.511700] (-) TimerEvent: {}
[1.612358] (-) TimerEvent: {}
[1.622288] (message) StdoutLine: {'line': b'-- Up-to-date: /Users/brodie/ros2_truckplatoon/install/message/lib/python3.9/site-packages/message/msg\n'}
[1.622686] (message) StdoutLine: {'line': b'-- Up-to-date: /Users/brodie/ros2_truckplatoon/install/message/lib/python3.9/site-packages/message/msg/__init__.py\n'}
[1.623120] (message) StdoutLine: {'line': b'-- Up-to-date: /Users/brodie/ros2_truckplatoon/install/message/lib/python3.9/site-packages/message/msg/_message.py\n'}
[1.623317] (message) StdoutLine: {'line': b'-- Up-to-date: /Users/brodie/ros2_truckplatoon/install/message/lib/python3.9/site-packages/message/msg/_message_s.c\n'}
[1.623468] (message) StdoutLine: {'line': b'-- Up-to-date: /Users/brodie/ros2_truckplatoon/install/message/lib/python3.9/site-packages/message/message_s__rosidl_typesupport_fastrtps_c.cpython-39-darwin.so\n'}
[1.641609] (message) StderrLine: {'line': b'error: /Applications/Xcode.app/Contents/Developer/Toolchains/XcodeDefault.xctoolchain/usr/bin/install_name_tool: no LC_RPATH load command with path: /Users/brodie/ros2_truckplatoon/build/message/rosidl_generator_py/message found in: /Users/brodie/ros2_truckplatoon/install/message/lib/python3.9/site-packages/message/message_s__rosidl_typesupport_fastrtps_c.cpython-39-darwin.so (for architecture x86_64), required for specified option "-delete_rpath /Users/brodie/ros2_truckplatoon/build/message/rosidl_generator_py/message"\n'}
[1.659200] (message) StderrLine: {'line': b'error: /Applications/Xcode.app/Contents/Developer/Toolchains/XcodeDefault.xctoolchain/usr/bin/install_name_tool: no LC_RPATH load command with path: /Users/brodie/ros2_truckplatoon/build/message found in: /Users/brodie/ros2_truckplatoon/install/message/lib/python3.9/site-packages/message/message_s__rosidl_typesupport_fastrtps_c.cpython-39-darwin.so (for architecture x86_64), required for specified option "-delete_rpath /Users/brodie/ros2_truckplatoon/build/message"\n'}
[1.676881] (message) StderrLine: {'line': b'error: /Applications/Xcode.app/Contents/Developer/Toolchains/XcodeDefault.xctoolchain/usr/bin/install_name_tool: no LC_RPATH load command with path: /Users/brodie/ros2_foxy/ros2-osx/lib found in: /Users/brodie/ros2_truckplatoon/install/message/lib/python3.9/site-packages/message/message_s__rosidl_typesupport_fastrtps_c.cpython-39-darwin.so (for architecture x86_64), required for specified option "-delete_rpath /Users/brodie/ros2_foxy/ros2-osx/lib"\n'}
[1.693353] (message) StderrLine: {'line': b'error: /Applications/Xcode.app/Contents/Developer/Toolchains/XcodeDefault.xctoolchain/usr/bin/install_name_tool: no LC_RPATH load command with path: /usr/local/lib found in: /Users/brodie/ros2_truckplatoon/install/message/lib/python3.9/site-packages/message/message_s__rosidl_typesupport_fastrtps_c.cpython-39-darwin.so (for architecture x86_64), required for specified option "-delete_rpath /usr/local/lib"\n'}
[1.693919] (message) StdoutLine: {'line': b'-- Up-to-date: /Users/brodie/ros2_truckplatoon/install/message/lib/python3.9/site-packages/message/message_s__rosidl_typesupport_introspection_c.cpython-39-darwin.so\n'}
[1.711729] (message) StderrLine: {'line': b'error: /Applications/Xcode.app/Contents/Developer/Toolchains/XcodeDefault.xctoolchain/usr/bin/install_name_tool: no LC_RPATH load command with path: /Users/brodie/ros2_truckplatoon/build/message/rosidl_generator_py/message found in: /Users/brodie/ros2_truckplatoon/install/message/lib/python3.9/site-packages/message/message_s__rosidl_typesupport_introspection_c.cpython-39-darwin.so (for architecture x86_64), required for specified option "-delete_rpath /Users/brodie/ros2_truckplatoon/build/message/rosidl_generator_py/message"\n'}
[1.712543] (-) TimerEvent: {}
[1.728720] (message) StderrLine: {'line': b'error: /Applications/Xcode.app/Contents/Developer/Toolchains/XcodeDefault.xctoolchain/usr/bin/install_name_tool: no LC_RPATH load command with path: /Users/brodie/ros2_truckplatoon/build/message found in: /Users/brodie/ros2_truckplatoon/install/message/lib/python3.9/site-packages/message/message_s__rosidl_typesupport_introspection_c.cpython-39-darwin.so (for architecture x86_64), required for specified option "-delete_rpath /Users/brodie/ros2_truckplatoon/build/message"\n'}
[1.746094] (message) StderrLine: {'line': b'error: /Applications/Xcode.app/Contents/Developer/Toolchains/XcodeDefault.xctoolchain/usr/bin/install_name_tool: no LC_RPATH load command with path: /Users/brodie/ros2_foxy/ros2-osx/lib found in: /Users/brodie/ros2_truckplatoon/install/message/lib/python3.9/site-packages/message/message_s__rosidl_typesupport_introspection_c.cpython-39-darwin.so (for architecture x86_64), required for specified option "-delete_rpath /Users/brodie/ros2_foxy/ros2-osx/lib"\n'}
[1.746983] (message) StdoutLine: {'line': b'-- Up-to-date: /Users/brodie/ros2_truckplatoon/install/message/lib/python3.9/site-packages/message/message_s__rosidl_typesupport_c.cpython-39-darwin.so\n'}
[1.769796] (message) StderrLine: {'line': b'error: /Applications/Xcode.app/Contents/Developer/Toolchains/XcodeDefault.xctoolchain/usr/bin/install_name_tool: no LC_RPATH load command with path: /Users/brodie/ros2_truckplatoon/build/message/rosidl_generator_py/message found in: /Users/brodie/ros2_truckplatoon/install/message/lib/python3.9/site-packages/message/message_s__rosidl_typesupport_c.cpython-39-darwin.so (for architecture x86_64), required for specified option "-delete_rpath /Users/brodie/ros2_truckplatoon/build/message/rosidl_generator_py/message"\n'}
[1.791626] (message) StderrLine: {'line': b'error: /Applications/Xcode.app/Contents/Developer/Toolchains/XcodeDefault.xctoolchain/usr/bin/install_name_tool: no LC_RPATH load command with path: /Users/brodie/ros2_truckplatoon/build/message found in: /Users/brodie/ros2_truckplatoon/install/message/lib/python3.9/site-packages/message/message_s__rosidl_typesupport_c.cpython-39-darwin.so (for architecture x86_64), required for specified option "-delete_rpath /Users/brodie/ros2_truckplatoon/build/message"\n'}
[1.808383] (message) StderrLine: {'line': b'error: /Applications/Xcode.app/Contents/Developer/Toolchains/XcodeDefault.xctoolchain/usr/bin/install_name_tool: no LC_RPATH load command with path: /Users/brodie/ros2_foxy/ros2-osx/lib found in: /Users/brodie/ros2_truckplatoon/install/message/lib/python3.9/site-packages/message/message_s__rosidl_typesupport_c.cpython-39-darwin.so (for architecture x86_64), required for specified option "-delete_rpath /Users/brodie/ros2_foxy/ros2-osx/lib"\n'}
[1.808823] (message) StdoutLine: {'line': b'-- Installing: /Users/brodie/ros2_truckplatoon/install/message/lib/libmessage__python.dylib\n'}
[1.813572] (-) TimerEvent: {}
[1.848913] (message) StdoutLine: {'line': b'-- Up-to-date: /Users/brodie/ros2_truckplatoon/install/message/share/message/msg/Message.idl\n'}
[1.849991] (message) StdoutLine: {'line': b'-- Up-to-date: /Users/brodie/ros2_truckplatoon/install/message/share/message/msg/Message.msg\n'}
[1.851358] (message) StdoutLine: {'line': b'-- Up-to-date: /Users/brodie/ros2_truckplatoon/install/message/share/ament_index/resource_index/package_run_dependencies/message\n'}
[1.851965] (message) StdoutLine: {'line': b'-- Up-to-date: /Users/brodie/ros2_truckplatoon/install/message/share/ament_index/resource_index/parent_prefix_path/message\n'}
[1.852189] (message) StdoutLine: {'line': b'-- Up-to-date: /Users/brodie/ros2_truckplatoon/install/message/share/message/environment/ament_prefix_path.sh\n'}
[1.852767] (message) StdoutLine: {'line': b'-- Up-to-date: /Users/brodie/ros2_truckplatoon/install/message/share/message/environment/ament_prefix_path.dsv\n'}
[1.853306] (message) StdoutLine: {'line': b'-- Up-to-date: /Users/brodie/ros2_truckplatoon/install/message/share/message/environment/path.sh\n'}
[1.854015] (message) StdoutLine: {'line': b'-- Up-to-date: /Users/brodie/ros2_truckplatoon/install/message/share/message/environment/path.dsv\n'}
[1.854481] (message) StdoutLine: {'line': b'-- Up-to-date: /Users/brodie/ros2_truckplatoon/install/message/share/message/local_setup.bash\n'}
[1.855497] (message) StdoutLine: {'line': b'-- Up-to-date: /Users/brodie/ros2_truckplatoon/install/message/share/message/local_setup.sh\n'}
[1.856671] (message) StdoutLine: {'line': b'-- Up-to-date: /Users/brodie/ros2_truckplatoon/install/message/share/message/local_setup.zsh\n'}
[1.857411] (message) StdoutLine: {'line': b'-- Up-to-date: /Users/brodie/ros2_truckplatoon/install/message/share/message/local_setup.dsv\n'}
[1.857843] (message) StdoutLine: {'line': b'-- Installing: /Users/brodie/ros2_truckplatoon/install/message/share/message/package.dsv\n'}
[1.858038] (message) StdoutLine: {'line': b'-- Up-to-date: /Users/brodie/ros2_truckplatoon/install/message/share/ament_index/resource_index/packages/message\n'}
[1.858207] (message) StdoutLine: {'line': b'-- Up-to-date: /Users/brodie/ros2_truckplatoon/install/message/share/message/cmake/message__rosidl_generator_cExport.cmake\n'}
[1.858688] (message) StdoutLine: {'line': b'-- Up-to-date: /Users/brodie/ros2_truckplatoon/install/message/share/message/cmake/message__rosidl_generator_cExport-noconfig.cmake\n'}
[1.858861] (message) StdoutLine: {'line': b'-- Up-to-date: /Users/brodie/ros2_truckplatoon/install/message/share/message/cmake/message__rosidl_typesupport_introspection_cExport.cmake\n'}
[1.859198] (message) StdoutLine: {'line': b'-- Up-to-date: /Users/brodie/ros2_truckplatoon/install/message/share/message/cmake/message__rosidl_typesupport_introspection_cExport-noconfig.cmake\n'}
[1.859399] (message) StdoutLine: {'line': b'-- Up-to-date: /Users/brodie/ros2_truckplatoon/install/message/share/message/cmake/message__rosidl_typesupport_cExport.cmake\n'}
[1.859559] (message) StdoutLine: {'line': b'-- Up-to-date: /Users/brodie/ros2_truckplatoon/install/message/share/message/cmake/message__rosidl_typesupport_cExport-noconfig.cmake\n'}
[1.859936] (message) StdoutLine: {'line': b'-- Up-to-date: /Users/brodie/ros2_truckplatoon/install/message/share/message/cmake/message__rosidl_generator_cppExport.cmake\n'}
[1.860381] (message) StdoutLine: {'line': b'-- Up-to-date: /Users/brodie/ros2_truckplatoon/install/message/share/message/cmake/message__rosidl_typesupport_introspection_cppExport.cmake\n'}
[1.860835] (message) StdoutLine: {'line': b'-- Up-to-date: /Users/brodie/ros2_truckplatoon/install/message/share/message/cmake/message__rosidl_typesupport_introspection_cppExport-noconfig.cmake\n'}
[1.861639] (message) StdoutLine: {'line': b'-- Up-to-date: /Users/brodie/ros2_truckplatoon/install/message/share/message/cmake/message__rosidl_typesupport_cppExport.cmake\n'}
[1.862053] (message) StdoutLine: {'line': b'-- Up-to-date: /Users/brodie/ros2_truckplatoon/install/message/share/message/cmake/message__rosidl_typesupport_cppExport-noconfig.cmake\n'}
[1.862276] (message) StdoutLine: {'line': b'-- Up-to-date: /Users/brodie/ros2_truckplatoon/install/message/share/message/cmake/rosidl_cmake-extras.cmake\n'}
[1.862671] (message) StdoutLine: {'line': b'-- Up-to-date: /Users/brodie/ros2_truckplatoon/install/message/share/message/cmake/ament_cmake_export_dependencies-extras.cmake\n'}
[1.862887] (message) StdoutLine: {'line': b'-- Up-to-date: /Users/brodie/ros2_truckplatoon/install/message/share/message/cmake/ament_cmake_export_libraries-extras.cmake\n'}
[1.863044] (message) StdoutLine: {'line': b'-- Up-to-date: /Users/brodie/ros2_truckplatoon/install/message/share/message/cmake/ament_cmake_export_targets-extras.cmake\n'}
[1.863189] (message) StdoutLine: {'line': b'-- Up-to-date: /Users/brodie/ros2_truckplatoon/install/message/share/message/cmake/ament_cmake_export_include_directories-extras.cmake\n'}
[1.863334] (message) StdoutLine: {'line': b'-- Up-to-date: /Users/brodie/ros2_truckplatoon/install/message/share/message/cmake/rosidl_cmake_export_typesupport_libraries-extras.cmake\n'}
[1.863476] (message) StdoutLine: {'line': b'-- Up-to-date: /Users/brodie/ros2_truckplatoon/install/message/share/message/cmake/rosidl_cmake_export_typesupport_targets-extras.cmake\n'}
[1.863869] (message) StdoutLine: {'line': b'-- Up-to-date: /Users/brodie/ros2_truckplatoon/install/message/share/message/cmake/messageConfig.cmake\n'}
[1.864720] (message) StdoutLine: {'line': b'-- Up-to-date: /Users/brodie/ros2_truckplatoon/install/message/share/message/cmake/messageConfig-version.cmake\n'}
[1.865128] (message) StdoutLine: {'line': b'-- Up-to-date: /Users/brodie/ros2_truckplatoon/install/message/share/message/package.xml\n'}
[1.870216] (message) CommandEnded: {'returncode': 0}
[1.922507] (-) TimerEvent: {}
[2.022900] (-) TimerEvent: {}
[2.128223] (-) TimerEvent: {}
[2.231589] (-) TimerEvent: {}
[2.332935] (-) TimerEvent: {}
[2.435178] (-) TimerEvent: {}
[2.473421] (message) JobEnded: {'identifier': 'message', 'rc': 0}
[2.499121] (truck) JobStarted: {'identifier': 'truck'}
[2.538218] (-) TimerEvent: {}
[2.577123] (truck) JobProgress: {'identifier': 'truck', 'progress': 'cmake'}
[2.579777] (truck) JobProgress: {'identifier': 'truck', 'progress': 'build'}
[2.580733] (truck) Command: {'cmd': ['/usr/local/bin/cmake', '--build', '/Users/brodie/ros2_truckplatoon/build/truck', '--', '-j8', '-l8'], 'cwd': '/Users/brodie/ros2_truckplatoon/build/truck', 'env': OrderedDict([('TERM_PROGRAM', 'Apple_Terminal'), ('SHELL', '/bin/zsh'), ('TERM', 'xterm-256color'), ('TMPDIR', '/var/folders/b6/t14lv28n5xqdhgq7zcrqwfkm0000gn/T/'), ('TERM_PROGRAM_VERSION', '447'), ('ROS_PYTHON_VERSION', '3'), ('ROS_VERSION', '2'), ('COLCON_PREFIX_PATH', '/Users/brodie/ros2_truckplatoon/install:/Users/brodie/my_workspace/install:/Users/brodie/ros2_foxy/ros2-osx'), ('TERM_SESSION_ID', 'E5BABC13-F725-46CC-AAF9-198796464AAA'), ('AMENT_PREFIX_PATH', '/Users/brodie/ros2_truckplatoon/install/truck:/Users/brodie/ros2_truckplatoon/install/message:/Users/brodie/ros2_truckplatoon/install/Messages:/Users/brodie/my_workspace/install/cpp_srvcli:/Users/brodie/my_workspace/install/cpp_pubsub:/Users/brodie/my_workspace/install/tutorial_interfaces:/Users/brodie/my_workspace/install/my_package:/Users/brodie/ros2_foxy/ros2-osx'), ('USER', 'brodie'), ('SSH_AUTH_SOCK', '/private/tmp/com.apple.launchd.y7sM3h0PYQ/Listeners'), ('__CF_USER_TEXT_ENCODING', '0x1F5:0x0:0x4'), ('PATH', '/Users/brodie/ros2_foxy/ros2-osx/bin:/Library/Frameworks/Python.framework/Versions/3.9/bin:/Library/Frameworks/Python.framework/Versions/2.7/bin:/usr/local/bin:/System/Cryptexes/App/usr/bin:/usr/bin:/bin:/usr/sbin:/sbin:/Library/TeX/texbin:/usr/local/share/dotnet:/opt/X11/bin:~/.dotnet/tools:/Library/Apple/usr/bin:/Library/Frameworks/Mono.framework/Versions/Current/Commands:/usr/local/CrossPack-AVR/bin:/Applications/Postgres.app/Contents/Versions/latest/bin:/Applications/Xamarin Workbooks.app/Contents/SharedSupport/path-bin'), ('LaunchInstanceID', '9FE7DBD5-29B0-4D79-BB55-564B76C74B34'), ('__CFBundleIdentifier', 'com.apple.Terminal'), ('PWD', '/Users/brodie/ros2_truckplatoon/build/truck'), ('COLCON', '1'), ('LANG', 'it_IT.UTF-8'), ('XPC_FLAGS', '0x0'), ('XPC_SERVICE_NAME', '0'), ('OPENSSL_ROOT_DIR', '/usr/local/Cellar/openssl@3'), ('SHLVL', '2'), ('HOME', '/Users/brodie'), ('ROS_DISTRO', 'foxy'), ('PYTHONPATH', '/Users/brodie/ros2_truckplatoon/install/message/lib/python3.9/site-packages:/Users/brodie/my_workspace/install/tutorial_interfaces/lib/python3.9/site-packages:/Users/brodie/my_workspace/install/my_package/lib/python3.9/site-packages:/Users/brodie/ros2_foxy/ros2-osx/lib/python3.8/site-packages'), ('LOGNAME', 'brodie'), ('PKG_CONFIG_PATH', '/Users/brodie/ros2_foxy/ros2-osx/lib/pkgconfig'), ('CMAKE_PREFIX_PATH', '/Users/brodie/ros2_truckplatoon/install/message:/Users/brodie/ros2_truckplatoon/install/truck:/Users/brodie/ros2_truckplatoon/install/Messages:/Users/brodie/my_workspace/install/cpp_srvcli:/Users/brodie/my_workspace/install/cpp_pubsub:/Users/brodie/my_workspace/install/tutorial_interfaces:/Users/brodie/ros2_foxy/ros2-osx:/Users/brodie/my_workspace/install/my_package'), ('DISPLAY', '/private/tmp/com.apple.launchd.wAeY1AWNrh/org.xquartz:0'), ('ROS_LOCALHOST_ONLY', '0'), ('SECURITYSESSIONID', '186a3'), ('_', '/usr/bin/env')]), 'shell': False}
[2.643426] (-) TimerEvent: {}
[2.746035] (-) TimerEvent: {}
[2.756269] (truck) StdoutLine: {'line': b'Scanning dependencies of target truck\n'}
[2.796375] (truck) StdoutLine: {'line': b'[ 50%] Building CXX object CMakeFiles/truck.dir/src/src/Leader.cpp.o\n'}
[2.796926] (truck) StdoutLine: {'line': b'[ 50%] Building CXX object CMakeFiles/truck.dir/src/truck.cpp.o\n'}
[2.797245] (truck) StdoutLine: {'line': b'[ 50%] Building CXX object CMakeFiles/truck.dir/src/src/Communication.cpp.o\n'}
[2.797437] (truck) StdoutLine: {'line': b'[ 66%] Building CXX object CMakeFiles/truck.dir/src/src/Truck.cpp.o\n'}
[2.849918] (-) TimerEvent: {}
[2.950726] (-) TimerEvent: {}
[3.056113] (-) TimerEvent: {}
[3.157705] (-) TimerEvent: {}
[3.263127] (-) TimerEvent: {}
[3.366507] (-) TimerEvent: {}
[3.468911] (-) TimerEvent: {}
[3.572032] (-) TimerEvent: {}
[3.672253] (truck) StderrLine: {'line': b'In file included from /Users/brodie/ros2_truckplatoon/src/truck/src/truck.cpp:2:\n'}
[3.672866] (-) TimerEvent: {}
[3.673097] (truck) StderrLine: {'line': b'In file included from /Users/brodie/ros2_truckplatoon/src/truck/src/Platoon.hpp:4:\n'}
[3.673426] (truck) StderrLine: {'line': b'In file included from /Users/brodie/ros2_truckplatoon/src/truck/src/src/Leader.hpp:4:\n'}
[3.673620] (truck) StderrLine: {'line': b'/Users/brodie/ros2_truckplatoon/src/truck/src/src/Truck.hpp:4:10: warning: non-portable path to file \'"utils/include.hpp"\'; specified path differs in case from file name on disk [-Wnonportable-include-path]\n'}
[3.673793] (truck) StderrLine: {'line': b'#include "utils/Include.hpp"\n'}
[3.673942] (truck) StderrLine: {'line': b'         ^~~~~~~~~~~~~~~~~~~\n'}
[3.674433] (truck) StderrLine: {'line': b'         "utils/include.hpp"\n'}
[3.674588] (truck) StderrLine: {'line': b'In file included from /Users/brodie/ros2_truckplatoon/src/truck/src/src/Truck.cpp:1:\n'}
[3.674735] (truck) StderrLine: {'line': b'/Users/brodie/ros2_truckplatoon/src/truck/src/src/Truck.hpp:4:10: warning: non-portable path to file \'"utils/include.hpp"\'; specified path differs in case from file name on disk [-Wnonportable-include-path]\n'}
[3.674879] (truck) StderrLine: {'line': b'#include "utils/Include.hpp"\n'}
[3.675022] (truck) StderrLine: {'line': b'         ^~~~~~~~~~~~~~~~~~~\n'}
[3.675162] (truck) StderrLine: {'line': b'         "utils/include.hpp"\n'}
[3.675301] (truck) StderrLine: {'line': b'In file included from /Users/brodie/ros2_truckplatoon/src/truck/src/src/Communication.cpp:1:\n'}
[3.675443] (truck) StderrLine: {'line': b'In file included from /Users/brodie/ros2_truckplatoon/src/truck/src/src/Communication.hpp:3:\n'}
[3.675583] (truck) StderrLine: {'line': b'/Users/brodie/ros2_truckplatoon/src/truck/src/src/Truck.hpp:4:10: warning: non-portable path to file \'"utils/include.hpp"\'; specified path differs in case from file name on disk [-Wnonportable-include-path]\n'}
[3.675725] (truck) StderrLine: {'line': b'#include "utils/Include.hpp"\n'}
[3.675863] (truck) StderrLine: {'line': b'         ^~~~~~~~~~~~~~~~~~~\n'}
[3.676001] (truck) StderrLine: {'line': b'         "utils/include.hpp"\n'}
[3.686472] (truck) StderrLine: {'line': b'In file included from /Users/brodie/ros2_truckplatoon/src/truck/src/src/Leader.cpp:1:\n'}
[3.686887] (truck) StderrLine: {'line': b'In file included from /Users/brodie/ros2_truckplatoon/src/truck/src/src/Leader.hpp:4:\n'}
[3.687185] (truck) StderrLine: {'line': b'/Users/brodie/ros2_truckplatoon/src/truck/src/src/Truck.hpp:4:10: warning: non-portable path to file \'"utils/include.hpp"\'; specified path differs in case from file name on disk [-Wnonportable-include-path]\n'}
[3.687459] (truck) StderrLine: {'line': b'#include "utils/Include.hpp"\n'}
[3.687732] (truck) StderrLine: {'line': b'         ^~~~~~~~~~~~~~~~~~~\n'}
[3.688008] (truck) StderrLine: {'line': b'         "utils/include.hpp"\n'}
[3.773424] (-) TimerEvent: {}
[3.878883] (-) TimerEvent: {}
[3.981721] (-) TimerEvent: {}
[4.083999] (-) TimerEvent: {}
[4.189368] (-) TimerEvent: {}
[4.293346] (-) TimerEvent: {}
[4.398683] (-) TimerEvent: {}
[4.501982] (-) TimerEvent: {}
[4.607348] (-) TimerEvent: {}
[4.683070] (truck) StderrLine: {'line': b'In file included from /Users/brodie/ros2_truckplatoon/src/truck/src/src/Truck.cpp:1:\n'}
[4.683834] (truck) StderrLine: {'line': b'In file included from /Users/brodie/ros2_truckplatoon/src/truck/src/src/Truck.hpp:7:\n'}
[4.684116] (truck) StderrLine: {'line': b"/Users/brodie/ros2_truckplatoon/src/truck/src/src/Subscriber.hpp:26:60: error: unknown type name 'int64'\n"}
[4.684331] (truck) StderrLine: {'line': b'    Subscriber(std::string nodeName = "DefaultNode", const int64 &interval)\n'}
[4.684536] (truck) StderrLine: {'line': b'                                                           ^\n'}
[4.684986] (truck) StderrLine: {'line': b'In file included from /Users/brodie/ros2_truckplatoon/src/truck/src/src/Communication.cpp:1:\n'}
[4.685271] (truck) StderrLine: {'line': b'In file included from /Users/brodie/ros2_truckplatoon/src/truck/src/src/Communication.hpp:3:\n'}
[4.685472] (truck) StderrLine: {'line': b'In file included from /Users/brodie/ros2_truckplatoon/src/truck/src/src/Truck.hpp:7:\n'}
[4.685671] (truck) StderrLine: {'line': b"/Users/brodie/ros2_truckplatoon/src/truck/src/src/Subscriber.hpp:26:60: error: unknown type name 'int64'\n"}
[4.685872] (truck) StderrLine: {'line': b'    Subscriber(std::string nodeName = "DefaultNode", const int64 &interval)\n'}
[4.686073] (truck) StderrLine: {'line': b'                                                           ^\n'}
[4.686320] (truck) StderrLine: {'line': b'In file included from /Users/brodie/ros2_truckplatoon/src/truck/src/truck.cpp:2:\n'}
[4.686616] (truck) StderrLine: {'line': b'In file included from /Users/brodie/ros2_truckplatoon/src/truck/src/Platoon.hpp:4:\n'}
[4.686879] (truck) StderrLine: {'line': b'In file included from /Users/brodie/ros2_truckplatoon/src/truck/src/src/Leader.hpp:4:\n'}
[4.687137] (truck) StderrLine: {'line': b'In file included from /Users/brodie/ros2_truckplatoon/src/truck/src/src/Truck.hpp:7:\n'}
[4.687394] (truck) StderrLine: {'line': b"/Users/brodie/ros2_truckplatoon/src/truck/src/src/Subscriber.hpp:26:60: error: unknown type name 'int64'\n"}
[4.687652] (truck) StderrLine: {'line': b'    Subscriber(std::string nodeName = "DefaultNode", const int64 &interval)\n'}
[4.687909] (truck) StderrLine: {'line': b'                                                           ^\n'}
[4.706993] (truck) StderrLine: {'line': b"/Users/brodie/ros2_truckplatoon/src/truck/src/src/Subscriber.hpp:52:29: error: no viable overloaded '='\n"}
[4.707673] (-) TimerEvent: {}
[4.708547] (truck) StderrLine: {'line': b'      if(!_running)_running = true;\n'}
[4.708773] (truck) StderrLine: {'line': b'                   ~~~~~~~~ ^ ~~~~\n'}
[4.708930] (truck) StderrLine: {'line': b"/Applications/Xcode.app/Contents/Developer/Platforms/MacOSX.platform/Developer/SDKs/MacOSX12.3.sdk/usr/include/c++/v1/atomic:1834:9: note: candidate function not viable: 'this' argument has type 'const std::atomic_bool' (aka 'const atomic<bool>'), but method is not marked const\n"}
[4.709103] (truck) StderrLine: {'line': b'    _Tp operator=(_Tp __d) volatile _NOEXCEPT\n'}
[4.709243] (truck) StderrLine: {'line': b'        ^\n'}
[4.709381] (truck) StderrLine: {'line': b"/Applications/Xcode.app/Contents/Developer/Platforms/MacOSX.platform/Developer/SDKs/MacOSX12.3.sdk/usr/include/c++/v1/atomic:1837:9: note: candidate function not viable: 'this' argument has type 'const std::atomic_bool' (aka 'const atomic<bool>'), but method is not marked const\n"}
[4.709537] (truck) StderrLine: {'line': b'    _Tp operator=(_Tp __d) _NOEXCEPT\n'}
[4.709670] (truck) StderrLine: {'line': b'        ^\n'}
[4.709802] (truck) StderrLine: {'line': b"/Applications/Xcode.app/Contents/Developer/Platforms/MacOSX.platform/Developer/SDKs/MacOSX12.3.sdk/usr/include/c++/v1/atomic:1840:13: note: candidate function not viable: 'this' argument has type 'const std::atomic_bool' (aka 'const atomic<bool>'), but method is not marked const\n"}
[4.709937] (truck) StderrLine: {'line': b'    atomic& operator=(const atomic&) = delete;\n'}
[4.710068] (truck) StderrLine: {'line': b'            ^\n'}
[4.710198] (truck) StderrLine: {'line': b"/Applications/Xcode.app/Contents/Developer/Platforms/MacOSX.platform/Developer/SDKs/MacOSX12.3.sdk/usr/include/c++/v1/atomic:1841:13: note: candidate function not viable: 'this' argument has type 'const std::atomic_bool' (aka 'const atomic<bool>'), but method is not marked const\n"}
[4.710350] (truck) StderrLine: {'line': b'    atomic& operator=(const atomic&) volatile = delete;\n'}
[4.710481] (truck) StderrLine: {'line': b'            ^\n'}
[4.710610] (truck) StderrLine: {'line': b'In file included from /Users/brodie/ros2_truckplatoon/src/truck/src/src/Truck.cpp:1:\n'}
[4.710742] (truck) StderrLine: {'line': b'In file included from /Users/brodie/ros2_truckplatoon/src/truck/src/src/Truck.hpp:7:\n'}
[4.710872] (truck) StderrLine: {'line': b"/Users/brodie/ros2_truckplatoon/src/truck/src/src/Subscriber.hpp:49:64: warning: unused parameter 'msg' [-Wunused-parameter]\n"}
[4.711003] (truck) StderrLine: {'line': b'    void topic_callback(const message::msg::Message::SharedPtr msg) const\n'}
[4.711133] (truck) StderrLine: {'line': b'                                                               ^\n'}
[4.711262] (truck) StderrLine: {'line': b"/Users/brodie/ros2_truckplatoon/src/truck/src/src/Subscriber.hpp:52:29: error: no viable overloaded '='\n"}
[4.711393] (truck) StderrLine: {'line': b'      if(!_running)_running = true;\n'}
[4.711524] (truck) StderrLine: {'line': b'                   ~~~~~~~~ ^ ~~~~\n'}
[4.711663] (truck) StderrLine: {'line': b"/Applications/Xcode.app/Contents/Developer/Platforms/MacOSX.platform/Developer/SDKs/MacOSX12.3.sdk/usr/include/c++/v1/atomic:1834:9: note: candidate function not viable: 'this' argument has type 'const std::atomic_bool' (aka 'const atomic<bool>'), but method is not marked const\n"}
[4.711798] (truck) StderrLine: {'line': b'    _Tp operator=(_Tp __d) volatile _NOEXCEPT\n'}
[4.712630] (truck) StderrLine: {'line': b'        ^\n'}
[4.712790] (truck) StderrLine: {'line': b"/Applications/Xcode.app/Contents/Developer/Platforms/MacOSX.platform/Developer/SDKs/MacOSX12.3.sdk/usr/include/c++/v1/atomic:1837:9: note: candidate function not viable: 'this' argument has type 'const std::atomic_bool' (aka 'const atomic<bool>'), but method is not marked const\n"}
[4.712936] (truck) StderrLine: {'line': b'    _Tp operator=(_Tp __d) _NOEXCEPT\n'}
[4.713073] (truck) StderrLine: {'line': b'        ^\n'}
[4.713208] (truck) StderrLine: {'line': b"/Applications/Xcode.app/Contents/Developer/Platforms/MacOSX.platform/Developer/SDKs/MacOSX12.3.sdk/usr/include/c++/v1/atomic:1840:13: note: candidate function not viable: 'this' argument has type 'const std::atomic_bool' (aka 'const atomic<bool>'), but method is not marked const\n"}
[4.713356] (truck) StderrLine: {'line': b'    atomic& operator=(const atomic&) = delete;\n'}
[4.713794] (truck) StderrLine: {'line': b'            ^\n'}
[4.713938] (truck) StderrLine: {'line': b"/Applications/Xcode.app/Contents/Developer/Platforms/MacOSX.platform/Developer/SDKs/MacOSX12.3.sdk/usr/include/c++/v1/atomic:1841:13: note: candidate function not viable: 'this' argument has type 'const std::atomic_bool' (aka 'const atomic<bool>'), but method is not marked const\n"}
[4.714102] (truck) StderrLine: {'line': b'    atomic& operator=(const atomic&) volatile = delete;\n'}
[4.714239] (truck) StderrLine: {'line': b'            ^\n'}
[4.714376] (truck) StderrLine: {'line': b'In file included from /Users/brodie/ros2_truckplatoon/src/truck/src/src/Communication.cpp:1:\n'}
[4.714509] (truck) StderrLine: {'line': b'In file included from /Users/brodie/ros2_truckplatoon/src/truck/src/src/Communication.hpp:3:\n'}
[4.714642] (truck) StderrLine: {'line': b'In file included from /Users/brodie/ros2_truckplatoon/src/truck/src/src/Truck.hpp:7:\n'}
[4.714774] (truck) StderrLine: {'line': b"/Users/brodie/ros2_truckplatoon/src/truck/src/src/Subscriber.hpp:49:64: warning: unused parameter 'msg' [-Wunused-parameter]\n"}
[4.714907] (truck) StderrLine: {'line': b'    void topic_callback(const message::msg::Message::SharedPtr msg) const\n'}
[4.715039] (truck) StderrLine: {'line': b'                                                               ^\n'}
[4.715171] (truck) StderrLine: {'line': b"/Users/brodie/ros2_truckplatoon/src/truck/src/src/Subscriber.hpp:52:29: error: no viable overloaded '='\n"}
[4.715322] (truck) StderrLine: {'line': b'      if(!_running)_running = true;\n'}
[4.715454] (truck) StderrLine: {'line': b'                   ~~~~~~~~ ^ ~~~~\n'}
[4.715585] (truck) StderrLine: {'line': b"/Applications/Xcode.app/Contents/Developer/Platforms/MacOSX.platform/Developer/SDKs/MacOSX12.3.sdk/usr/include/c++/v1/atomic:1834:9: note: candidate function not viable: 'this' argument has type 'const std::atomic_bool' (aka 'const atomic<bool>'), but method is not marked const\n"}
[4.715730] (truck) StderrLine: {'line': b'    _Tp operator=(_Tp __d) volatile _NOEXCEPT\n'}
[4.716179] (truck) StderrLine: {'line': b'        ^\n'}
[4.716323] (truck) StderrLine: {'line': b"/Applications/Xcode.app/Contents/Developer/Platforms/MacOSX.platform/Developer/SDKs/MacOSX12.3.sdk/usr/include/c++/v1/atomic:1837:9: note: candidate function not viable: 'this' argument has type 'const std::atomic_bool' (aka 'const atomic<bool>'), but method is not marked const\n"}
[4.716462] (truck) StderrLine: {'line': b'    _Tp operator=(_Tp __d) _NOEXCEPT\n'}
[4.716614] (truck) StderrLine: {'line': b'        ^\n'}
[4.716746] (truck) StderrLine: {'line': b"/Applications/Xcode.app/Contents/Developer/Platforms/MacOSX.platform/Developer/SDKs/MacOSX12.3.sdk/usr/include/c++/v1/atomic:1840:13: note: candidate function not viable: 'this' argument has type 'const std::atomic_bool' (aka 'const atomic<bool>'), but method is not marked const\n"}
[4.716883] (truck) StderrLine: {'line': b'    atomic& operator=(const atomic&) = delete;\n'}
[4.717014] (truck) StderrLine: {'line': b'            ^\n'}
[4.717144] (truck) StderrLine: {'line': b"/Applications/Xcode.app/Contents/Developer/Platforms/MacOSX.platform/Developer/SDKs/MacOSX12.3.sdk/usr/include/c++/v1/atomic:1841:13: note: candidate function not viable: 'this' argument has type 'const std::atomic_bool' (aka 'const atomic<bool>'), but method is not marked const\n"}
[4.717278] (truck) StderrLine: {'line': b'    atomic& operator=(const atomic&) volatile = delete;\n'}
[4.717410] (truck) StderrLine: {'line': b'            ^\n'}
[4.717541] (truck) StderrLine: {'line': b'In file included from /Users/brodie/ros2_truckplatoon/src/truck/src/truck.cpp:2:\n'}
[4.717673] (truck) StderrLine: {'line': b'In file included from /Users/brodie/ros2_truckplatoon/src/truck/src/Platoon.hpp:4:\n'}
[4.717803] (truck) StderrLine: {'line': b'In file included from /Users/brodie/ros2_truckplatoon/src/truck/src/src/Leader.hpp:4:\n'}
[4.717934] (truck) StderrLine: {'line': b'In file included from /Users/brodie/ros2_truckplatoon/src/truck/src/src/Truck.hpp:7:\n'}
[4.718137] (truck) StderrLine: {'line': b"/Users/brodie/ros2_truckplatoon/src/truck/src/src/Subscriber.hpp:49:64: warning: unused parameter 'msg' [-Wunused-parameter]\n"}
[4.718389] (truck) StderrLine: {'line': b'    void topic_callback(const message::msg::Message::SharedPtr msg) const\n'}
[4.718639] (truck) StderrLine: {'line': b'                                                               ^\n'}
[4.718890] (truck) StderrLine: {'line': b'In file included from /Users/brodie/ros2_truckplatoon/src/truck/src/src/Leader.cpp:1:\n'}
[4.719134] (truck) StderrLine: {'line': b'In file included from /Users/brodie/ros2_truckplatoon/src/truck/src/src/Leader.hpp:4:\n'}
[4.719377] (truck) StderrLine: {'line': b'In file included from /Users/brodie/ros2_truckplatoon/src/truck/src/src/Truck.hpp:7:\n'}
[4.719626] (truck) StderrLine: {'line': b"/Users/brodie/ros2_truckplatoon/src/truck/src/src/Subscriber.hpp:26:60: error: unknown type name 'int64'\n"}
[4.719886] (truck) StderrLine: {'line': b'    Subscriber(std::string nodeName = "DefaultNode", const int64 &interval)\n'}
[4.720140] (truck) StderrLine: {'line': b'                                                           ^\n'}
[4.720389] (truck) StderrLine: {'line': b"/Users/brodie/ros2_truckplatoon/src/truck/src/src/Truck.cpp:59:103: error: expected ';' after expression\n"}
[4.720638] (truck) StderrLine: {'line': b'    this ->_subscriber = std::make_shared<Subscriber>("Subscriber_Truck_" + std::to_string(_id), 1000)\n'}
[4.720923] (truck) StderrLine: {'line': b'                                                                                                      ^\n'}
[4.721196] (truck) StderrLine: {'line': b'                                                                                                      ;\n'}
[4.721408] (truck) StderrLine: {'line': b'In file included from /Users/brodie/ros2_truckplatoon/src/truck/src/truck.cpp:2:\n'}
[4.721556] (truck) StderrLine: {'line': b'/Users/brodie/ros2_truckplatoon/src/truck/src/Platoon.hpp:8:10: warning: non-portable path to file \'"src/utils/include.hpp"\'; specified path differs in case from file name on disk [-Wnonportable-include-path]\n'}
[4.721698] (truck) StderrLine: {'line': b'#include "src/utils/Include.hpp"\n'}
[4.721833] (truck) StderrLine: {'line': b'         ^~~~~~~~~~~~~~~~~~~~~~~\n'}
[4.721965] (truck) StderrLine: {'line': b'         "src/utils/include.hpp"\n'}
[4.722096] (truck) StderrLine: {'line': b"/Users/brodie/ros2_truckplatoon/src/truck/src/truck.cpp:3:14: warning: unused parameter 'argc' [-Wunused-parameter]\n"}
[4.722230] (truck) StderrLine: {'line': b'int main(int argc, char ** argv)\n'}
[4.722361] (truck) StderrLine: {'line': b'             ^\n'}
[4.722490] (truck) StderrLine: {'line': b"/Users/brodie/ros2_truckplatoon/src/truck/src/truck.cpp:3:28: warning: unused parameter 'argv' [-Wunused-parameter]\n"}
[4.722763] (truck) StderrLine: {'line': b'int main(int argc, char ** argv)\n'}
[4.723036] (truck) StderrLine: {'line': b'                           ^\n'}
[4.736633] (truck) StderrLine: {'line': b"/Users/brodie/ros2_truckplatoon/src/truck/src/src/Subscriber.hpp:52:29: error: no viable overloaded '='\n"}
[4.737412] (truck) StderrLine: {'line': b'      if(!_running)_running = true;\n'}
[4.737701] (truck) StderrLine: {'line': b'                   ~~~~~~~~ ^ ~~~~\n'}
[4.737955] (truck) StderrLine: {'line': b"/Applications/Xcode.app/Contents/Developer/Platforms/MacOSX.platform/Developer/SDKs/MacOSX12.3.sdk/usr/include/c++/v1/atomic:1834:9: note: candidate function not viable: 'this' argument has type 'const std::atomic_bool' (aka 'const atomic<bool>'), but method is not marked const\n"}
[4.738208] (truck) StderrLine: {'line': b'    _Tp operator=(_Tp __d) volatile _NOEXCEPT\n'}
[4.738461] (truck) StderrLine: {'line': b'        ^\n'}
[4.738710] (truck) StderrLine: {'line': b"/Applications/Xcode.app/Contents/Developer/Platforms/MacOSX.platform/Developer/SDKs/MacOSX12.3.sdk/usr/include/c++/v1/atomic:1837:9: note: candidate function not viable: 'this' argument has type 'const std::atomic_bool' (aka 'const atomic<bool>'), but method is not marked const\n"}
[4.738951] (truck) StderrLine: {'line': b'    _Tp operator=(_Tp __d) _NOEXCEPT\n'}
[4.739239] (truck) StderrLine: {'line': b'        ^\n'}
[4.739482] (truck) StderrLine: {'line': b"/Applications/Xcode.app/Contents/Developer/Platforms/MacOSX.platform/Developer/SDKs/MacOSX12.3.sdk/usr/include/c++/v1/atomic:1840:13: note: candidate function not viable: 'this' argument has type 'const std::atomic_bool' (aka 'const atomic<bool>'), but method is not marked const\n"}
[4.739723] (truck) StderrLine: {'line': b'    atomic& operator=(const atomic&) = delete;\n'}
[4.739988] (truck) StderrLine: {'line': b'            ^\n'}
[4.740238] (truck) StderrLine: {'line': b"/Applications/Xcode.app/Contents/Developer/Platforms/MacOSX.platform/Developer/SDKs/MacOSX12.3.sdk/usr/include/c++/v1/atomic:1841:13: note: candidate function not viable: 'this' argument has type 'const std::atomic_bool' (aka 'const atomic<bool>'), but method is not marked const\n"}
[4.740497] (truck) StderrLine: {'line': b'    atomic& operator=(const atomic&) volatile = delete;\n'}
[4.740751] (truck) StderrLine: {'line': b'            ^\n'}
[4.741001] (truck) StderrLine: {'line': b'In file included from /Users/brodie/ros2_truckplatoon/src/truck/src/src/Leader.cpp:1:\n'}
[4.741246] (truck) StderrLine: {'line': b'In file included from /Users/brodie/ros2_truckplatoon/src/truck/src/src/Leader.hpp:4:\n'}
[4.741495] (truck) StderrLine: {'line': b'In file included from /Users/brodie/ros2_truckplatoon/src/truck/src/src/Truck.hpp:7:\n'}
[4.741763] (truck) StderrLine: {'line': b"/Users/brodie/ros2_truckplatoon/src/truck/src/src/Subscriber.hpp:49:64: warning: unused parameter 'msg' [-Wunused-parameter]\n"}
[4.742007] (truck) StderrLine: {'line': b'    void topic_callback(const message::msg::Message::SharedPtr msg) const\n'}
[4.742247] (truck) StderrLine: {'line': b'                                                               ^\n'}
[4.812779] (-) TimerEvent: {}
[4.913228] (-) TimerEvent: {}
[5.016814] (-) TimerEvent: {}
[5.118624] (-) TimerEvent: {}
[5.223014] (-) TimerEvent: {}
[5.325705] (-) TimerEvent: {}
[5.428204] (-) TimerEvent: {}
[5.533617] (-) TimerEvent: {}
[5.638057] (-) TimerEvent: {}
[5.743249] (-) TimerEvent: {}
[5.848494] (-) TimerEvent: {}
[5.948947] (-) TimerEvent: {}
[5.976244] (truck) StderrLine: {'line': b'2 warnings and 2 errors generated.\n'}
[5.992671] (truck) StderrLine: {'line': b'In file included from /Users/brodie/ros2_truckplatoon/src/truck/src/truck.cpp:2:\n'}
[5.993450] (truck) StderrLine: {'line': b'In file included from /Users/brodie/ros2_truckplatoon/src/truck/src/Platoon.hpp:11:\n'}
[5.993723] (truck) StderrLine: {'line': b"/Users/brodie/ros2_truckplatoon/src/truck/src/src/DrivingEvent.hpp:9:15: warning: private field '_speed' is not used [-Wunused-private-field]\n"}
[5.993960] (truck) StderrLine: {'line': b'    speedType _speed;\n'}
[5.994193] (truck) StderrLine: {'line': b'              ^\n'}
[5.994430] (truck) StderrLine: {'line': b"/Users/brodie/ros2_truckplatoon/src/truck/src/src/DrivingEvent.hpp:10:23: warning: private field '_stearingAngle' is not used [-Wunused-private-field]\n"}
[5.994664] (truck) StderrLine: {'line': b'    stearingAngleType _stearingAngle;\n'}
[5.994894] (truck) StderrLine: {'line': b'                      ^\n'}
[5.995124] (truck) StderrLine: {'line': b"/Users/brodie/ros2_truckplatoon/src/truck/src/src/DrivingEvent.hpp:11:18: warning: private field '_distance' is not used [-Wunused-private-field]\n"}
[5.995358] (truck) StderrLine: {'line': b'    distanceType _distance;\n'}
[5.995585] (truck) StderrLine: {'line': b'                 ^\n'}
[5.995814] (truck) StderrLine: {'line': b'8 warnings and 2 errors generated.\n'}
[5.998765] (truck) StderrLine: {'line': b'gmake[2]: *** [CMakeFiles/truck.dir/build.make:121: CMakeFiles/truck.dir/src/src/Communication.cpp.o] Error 1\n'}
[5.999120] (truck) StderrLine: {'line': b'gmake[2]: *** Waiting for unfinished jobs....\n'}
[6.000481] (truck) StderrLine: {'line': b'In file included from /Users/brodie/ros2_truckplatoon/src/truck/src/src/Truck.cpp:1:\n'}
[6.001161] (truck) StderrLine: {'line': b'In file included from /Users/brodie/ros2_truckplatoon/src/truck/src/src/Truck.hpp:3:\n'}
[6.001379] (truck) StderrLine: {'line': b'In file included from /Users/brodie/ros2_truckplatoon/src/truck/src/src/utils/PlatoonTypes.hpp:5:\n'}
[6.001582] (truck) StderrLine: {'line': b'In file included from /Users/brodie/ros2_truckplatoon/src/truck/src/src/utils/Include.hpp:3:\n'}
[6.001776] (truck) StderrLine: {'line': b'In file included from /Applications/Xcode.app/Contents/Developer/Platforms/MacOSX.platform/Developer/SDKs/MacOSX12.3.sdk/usr/include/c++/v1/iostream:37:\n'}
[6.001973] (truck) StderrLine: {'line': b'In file included from /Applications/Xcode.app/Contents/Developer/Platforms/MacOSX.platform/Developer/SDKs/MacOSX12.3.sdk/usr/include/c++/v1/ios:214:\n'}
[6.002168] (truck) StderrLine: {'line': b'In file included from /Applications/Xcode.app/Contents/Developer/Platforms/MacOSX.platform/Developer/SDKs/MacOSX12.3.sdk/usr/include/c++/v1/__locale:15:\n'}
[6.002360] (truck) StderrLine: {'line': b'In file included from /Applications/Xcode.app/Contents/Developer/Platforms/MacOSX.platform/Developer/SDKs/MacOSX12.3.sdk/usr/include/c++/v1/string:522:\n'}
[6.002552] (truck) StderrLine: {'line': b'In file included from /Applications/Xcode.app/Contents/Developer/Platforms/MacOSX.platform/Developer/SDKs/MacOSX12.3.sdk/usr/include/c++/v1/algorithm:653:\n'}
[6.002745] (truck) StderrLine: {'line': b'In file included from /Applications/Xcode.app/Contents/Developer/Platforms/MacOSX.platform/Developer/SDKs/MacOSX12.3.sdk/usr/include/c++/v1/functional:500:\n'}
[6.002982] (truck) StderrLine: {'line': b'In file included from /Applications/Xcode.app/Contents/Developer/Platforms/MacOSX.platform/Developer/SDKs/MacOSX12.3.sdk/usr/include/c++/v1/__functional/function.h:20:\n'}
[6.003436] (truck) StderrLine: {'line': b"/Applications/Xcode.app/Contents/Developer/Platforms/MacOSX.platform/Developer/SDKs/MacOSX12.3.sdk/usr/include/c++/v1/__memory/shared_ptr.h:298:37: error: no matching constructor for initialization of 'Subscriber'\n"}
[6.003637] (truck) StderrLine: {'line': b'        ::new ((void*)__get_elem()) _Tp(_VSTD::forward<_Args>(__args)...);\n'}
[6.003835] (truck) StderrLine: {'line': b'                                    ^   ~~~~~~~~~~~~~~~~~~~~~~~~~~~~~\n'}
[6.004029] (truck) StderrLine: {'line': b"/Applications/Xcode.app/Contents/Developer/Platforms/MacOSX.platform/Developer/SDKs/MacOSX12.3.sdk/usr/include/c++/v1/__memory/shared_ptr.h:1106:55: note: in instantiation of function template specialization 'std::__shared_ptr_emplace<Subscriber, std::allocator<Subscriber>>::__shared_ptr_emplace<std::string, int>' requested here\n"}
[6.004272] (truck) StderrLine: {'line': b'    ::new ((void*)_VSTD::addressof(*__guard.__get())) _ControlBlock(__a, _VSTD::forward<_Args>(__args)...);\n'}
[6.004495] (truck) StderrLine: {'line': b'                                                      ^\n'}
[6.004690] (truck) StderrLine: {'line': b"/Applications/Xcode.app/Contents/Developer/Platforms/MacOSX.platform/Developer/SDKs/MacOSX12.3.sdk/usr/include/c++/v1/__memory/shared_ptr.h:1115:19: note: in instantiation of function template specialization 'std::allocate_shared<Subscriber, std::allocator<Subscriber>, std::string, int, void>' requested here\n"}
[6.004889] (truck) StderrLine: {'line': b'    return _VSTD::allocate_shared<_Tp>(allocator<_Tp>(), _VSTD::forward<_Args>(__args)...);\n'}
[6.005088] (truck) StderrLine: {'line': b'                  ^\n'}
[6.005280] (truck) StderrLine: {'line': b"/Users/brodie/ros2_truckplatoon/src/truck/src/src/Truck.cpp:59:31: note: in instantiation of function template specialization 'std::make_shared<Subscriber, std::string, int, void>' requested here\n"}
[6.005477] (truck) StderrLine: {'line': b'    this ->_subscriber = std::make_shared<Subscriber>("Subscriber_Truck_" + std::to_string(_id), 1000)\n'}
[6.005669] (truck) StderrLine: {'line': b'                              ^\n'}
[6.005861] (truck) StderrLine: {'line': b'/Users/brodie/ros2_truckplatoon/src/truck/src/src/Subscriber.hpp:23:7: note: candidate constructor (the implicit copy constructor) not viable: requires 1 argument, but 2 were provided\n'}
[6.006057] (truck) StderrLine: {'line': b'class Subscriber : public rclcpp::Node\n'}
[6.006367] (truck) StderrLine: {'line': b'      ^\n'}
[6.006616] (truck) StderrLine: {'line': b'/Users/brodie/ros2_truckplatoon/src/truck/src/src/Subscriber.hpp:23:7: note: candidate constructor (the implicit default constructor) not viable: requires 0 arguments, but 2 were provided\n'}
[6.006855] (truck) StderrLine: {'line': b'2 warnings and 2 errors generated.\n'}
[6.016021] (truck) StderrLine: {'line': b'gmake[2]: *** [CMakeFiles/truck.dir/build.make:82: CMakeFiles/truck.dir/src/truck.cpp.o] Error 1\n'}
[6.025503] (truck) StderrLine: {'line': b'gmake[2]: *** [CMakeFiles/truck.dir/build.make:108: CMakeFiles/truck.dir/src/src/Leader.cpp.o] Error 1\n'}
[6.035360] (truck) StderrLine: {'line': b'2 warnings and 4 errors generated.\n'}
[6.052392] (-) TimerEvent: {}
[6.055211] (truck) StderrLine: {'line': b'gmake[2]: *** [CMakeFiles/truck.dir/build.make:95: CMakeFiles/truck.dir/src/src/Truck.cpp.o] Error 1\n'}
[6.055711] (truck) StderrLine: {'line': b'gmake[1]: *** [CMakeFiles/Makefile2:97: CMakeFiles/truck.dir/all] Error 2\n'}
[6.056203] (truck) StderrLine: {'line': b'gmake: *** [Makefile:160: all] Error 2\n'}
[6.057919] (truck) CommandEnded: {'returncode': 2}
[6.154463] (-) TimerEvent: {}
[6.255725] (-) TimerEvent: {}
[6.328187] (truck) JobEnded: {'identifier': 'truck', 'rc': 2}
[6.330537] (-) EventReactorShutdown: {}
