[0.053s] Invoking command in '/Users/brodie/ros2_truckplatoon/build/truck': CMAKE_PREFIX_PATH=${CMAKE_PREFIX_PATH}:/Users/brodie/my_workspace/install/my_package SHLVL=2 _=/usr/bin/env /usr/local/bin/cmake --build /Users/brodie/ros2_truckplatoon/build/truck -- -j8 -l8
[0.131s] Scanning dependencies of target truck
[0.153s] [ 16%] Building CXX object CMakeFiles/truck.dir/src/src/Truck.cpp.o
[0.603s] In file included from /Users/brodie/ros2_truckplatoon/src/truck/src/src/Truck.cpp:1:
[0.603s] /Users/brodie/ros2_truckplatoon/src/truck/src/src/Truck.hpp:4:10: warning: non-portable path to file '"utils/include.hpp"'; specified path differs in case from file name on disk [-Wnonportable-include-path]
[0.603s] #include "utils/Include.hpp"
[0.603s]          ^~~~~~~~~~~~~~~~~~~
[0.603s]          "utils/include.hpp"
[1.213s] In file included from /Users/brodie/ros2_truckplatoon/src/truck/src/src/Truck.cpp:1:
[1.213s] In file included from /Users/brodie/ros2_truckplatoon/src/truck/src/src/Truck.hpp:7:
[1.213s] /Users/brodie/ros2_truckplatoon/src/truck/src/src/Subscriber.hpp:34:64: warning: unused parameter 'msg' [-Wunused-parameter]
[1.214s]     void topic_callback(const message::msg::Message::SharedPtr msg) const
[1.214s]                                                                ^
[2.147s] In file included from /Users/brodie/ros2_truckplatoon/src/truck/src/src/Truck.cpp:1:
[2.147s] In file included from /Users/brodie/ros2_truckplatoon/src/truck/src/src/Truck.hpp:3:
[2.147s] /Users/brodie/ros2_truckplatoon/src/truck/src/src/utils/PlatoonTypes.hpp:53:22: warning: unused function 'operator<<' [-Wunused-function]
[2.147s] static std::ostream& operator << ( std::ostream& outs, const EventType& p )
[2.147s]                      ^
[2.903s] 3 warnings generated.
[2.925s] [ 33%] Linking CXX executable truck
[3.030s] [100%] Built target truck
[3.042s] Invoked command in '/Users/brodie/ros2_truckplatoon/build/truck' returned '0': CMAKE_PREFIX_PATH=${CMAKE_PREFIX_PATH}:/Users/brodie/my_workspace/install/my_package SHLVL=2 _=/usr/bin/env /usr/local/bin/cmake --build /Users/brodie/ros2_truckplatoon/build/truck -- -j8 -l8
[3.140s] Invoking command in '/Users/brodie/ros2_truckplatoon/build/truck': CMAKE_PREFIX_PATH=${CMAKE_PREFIX_PATH}:/Users/brodie/my_workspace/install/my_package SHLVL=2 _=/usr/bin/env /usr/local/bin/cmake --install /Users/brodie/ros2_truckplatoon/build/truck
[3.147s] -- Install configuration: ""
[3.147s] -- Installing: /Users/brodie/ros2_truckplatoon/install/truck/lib/truck/truck
[3.205s] -- Up-to-date: /Users/brodie/ros2_truckplatoon/install/truck/share/ament_index/resource_index/package_run_dependencies/truck
[3.205s] -- Up-to-date: /Users/brodie/ros2_truckplatoon/install/truck/share/ament_index/resource_index/parent_prefix_path/truck
[3.205s] -- Up-to-date: /Users/brodie/ros2_truckplatoon/install/truck/share/truck/environment/ament_prefix_path.sh
[3.206s] -- Up-to-date: /Users/brodie/ros2_truckplatoon/install/truck/share/truck/environment/ament_prefix_path.dsv
[3.206s] -- Up-to-date: /Users/brodie/ros2_truckplatoon/install/truck/share/truck/environment/path.sh
[3.206s] -- Up-to-date: /Users/brodie/ros2_truckplatoon/install/truck/share/truck/environment/path.dsv
[3.206s] -- Up-to-date: /Users/brodie/ros2_truckplatoon/install/truck/share/truck/local_setup.bash
[3.206s] -- Up-to-date: /Users/brodie/ros2_truckplatoon/install/truck/share/truck/local_setup.sh
[3.206s] -- Up-to-date: /Users/brodie/ros2_truckplatoon/install/truck/share/truck/local_setup.zsh
[3.207s] -- Up-to-date: /Users/brodie/ros2_truckplatoon/install/truck/share/truck/local_setup.dsv
[3.207s] -- Installing: /Users/brodie/ros2_truckplatoon/install/truck/share/truck/package.dsv
[3.207s] -- Up-to-date: /Users/brodie/ros2_truckplatoon/install/truck/share/ament_index/resource_index/packages/truck
[3.219s] -- Up-to-date: /Users/brodie/ros2_truckplatoon/install/truck/share/truck/cmake/truckConfig.cmake
[3.219s] -- Up-to-date: /Users/brodie/ros2_truckplatoon/install/truck/share/truck/cmake/truckConfig-version.cmake
[3.219s] -- Up-to-date: /Users/brodie/ros2_truckplatoon/install/truck/share/truck/package.xml
[3.220s] Invoked command in '/Users/brodie/ros2_truckplatoon/build/truck' returned '0': CMAKE_PREFIX_PATH=${CMAKE_PREFIX_PATH}:/Users/brodie/my_workspace/install/my_package SHLVL=2 _=/usr/bin/env /usr/local/bin/cmake --install /Users/brodie/ros2_truckplatoon/build/truck
