[0.000000] (-) TimerEvent: {}
[0.000477] (-) JobUnselected: {'identifier': 'truck'}
[0.000721] (message) JobQueued: {'identifier': 'message', 'dependencies': OrderedDict()}
[0.003554] (message) JobStarted: {'identifier': 'message'}
[0.101247] (-) TimerEvent: {}
[0.106749] (message) JobProgress: {'identifier': 'message', 'progress': 'cmake'}
[0.110389] (message) Command: {'cmd': ['/usr/local/bin/cmake', '/Users/brodie/ros2_truckplatoon/src/message', '-DCMAKE_INSTALL_PREFIX=/Users/brodie/ros2_truckplatoon/install/message'], 'cwd': '/Users/brodie/ros2_truckplatoon/build/message', 'env': OrderedDict([('TERM_PROGRAM', 'Apple_Terminal'), ('SHELL', '/bin/zsh'), ('TERM', 'xterm-256color'), ('TMPDIR', '/var/folders/b6/t14lv28n5xqdhgq7zcrqwfkm0000gn/T/'), ('TERM_PROGRAM_VERSION', '445'), ('ROS_PYTHON_VERSION', '3'), ('ROS_VERSION', '2'), ('COLCON_PREFIX_PATH', '/Users/brodie/ros2_truckplatoon/install:/Users/brodie/my_workspace/install:/Users/brodie/ros2_foxy/ros2-osx'), ('TERM_SESSION_ID', '68464B11-5BA9-4066-9F09-461F903B1524'), ('AMENT_PREFIX_PATH', '/Users/brodie/ros2_truckplatoon/install/truck:/Users/brodie/my_workspace/install/tutorial_interfaces:/Users/brodie/my_workspace/install/cpp_srvcli:/Users/brodie/my_workspace/install/cpp_pubsub:/Users/brodie/my_workspace/install/my_package:/Users/brodie/ros2_foxy/ros2-osx'), ('USER', 'brodie'), ('SSH_AUTH_SOCK', '/private/tmp/com.apple.launchd.4a9jOPzOQR/Listeners'), ('__CF_USER_TEXT_ENCODING', '0x1F5:0x0:0x4'), ('PATH', '/Users/brodie/ros2_foxy/ros2-osx/bin:/Library/Frameworks/Python.framework/Versions/3.9/bin:/Library/Frameworks/Python.framework/Versions/2.7/bin:/usr/local/bin:/usr/bin:/bin:/usr/sbin:/sbin:/Library/TeX/texbin:/usr/local/share/dotnet:/opt/X11/bin:~/.dotnet/tools:/Library/Apple/usr/bin:/Library/Frameworks/Mono.framework/Versions/Current/Commands:/usr/local/CrossPack-AVR/bin:/Applications/Postgres.app/Contents/Versions/latest/bin:/Applications/Xamarin Workbooks.app/Contents/SharedSupport/path-bin'), ('__CFBundleIdentifier', 'com.apple.Terminal'), ('PWD', '/Users/brodie/ros2_truckplatoon/build/message'), ('COLCON', '1'), ('LANG', 'it_IT.UTF-8'), ('XPC_FLAGS', '0x0'), ('XPC_SERVICE_NAME', '0'), ('OPENSSL_ROOT_DIR', '/usr/local/Cellar/openssl@3'), ('SHLVL', '2'), ('HOME', '/Users/brodie'), ('ROS_DISTRO', 'foxy'), ('PYTHONPATH', '/Users/brodie/my_workspace/install/tutorial_interfaces/lib/python3.9/site-packages:/Users/brodie/my_workspace/install/my_package/lib/python3.9/site-packages:/Users/brodie/ros2_foxy/ros2-osx/lib/python3.8/site-packages'), ('LOGNAME', 'brodie'), ('PKG_CONFIG_PATH', '/Users/brodie/ros2_foxy/ros2-osx/lib/pkgconfig'), ('CMAKE_PREFIX_PATH', '/Users/brodie/ros2_truckplatoon/install/truck:/Users/brodie/my_workspace/install/tutorial_interfaces:/Users/brodie/my_workspace/install/cpp_srvcli:/Users/brodie/my_workspace/install/cpp_pubsub:/Users/brodie/ros2_foxy/ros2-osx:/Users/brodie/my_workspace/install/my_package'), ('DISPLAY', '/private/tmp/com.apple.launchd.fnO1XjjJMH/org.xquartz:0'), ('ROS_LOCALHOST_ONLY', '0'), ('_', '/usr/bin/env')]), 'shell': False}
[0.163714] (message) StdoutLine: {'line': b'-- Found ament_cmake: 0.9.9 (/Users/brodie/ros2_foxy/ros2-osx/share/ament_cmake/cmake)\n'}
[0.201574] (-) TimerEvent: {}
[0.236245] (message) StdoutLine: {'line': b'-- Found PythonInterp: /Library/Frameworks/Python.framework/Versions/3.9/bin/python3 (found suitable version "3.9.4", minimum required is "3") \n'}
[0.236655] (message) StdoutLine: {'line': b'-- Using PYTHON_EXECUTABLE: /Library/Frameworks/Python.framework/Versions/3.9/bin/python3\n'}
[0.304828] (-) TimerEvent: {}
[0.406242] (-) TimerEvent: {}
[0.511688] (-) TimerEvent: {}
[0.616999] (-) TimerEvent: {}
[0.695724] (message) StdoutLine: {'line': b'-- Found rosidl_default_generators: 1.0.1 (/Users/brodie/ros2_foxy/ros2-osx/share/rosidl_default_generators/cmake)\n'}
[0.700005] (message) StdoutLine: {'line': b'-- Using all available rosidl_typesupport_c: rosidl_typesupport_connext_c;rosidl_typesupport_fastrtps_c;rosidl_typesupport_introspection_c\n'}
[0.705934] (message) StdoutLine: {'line': b'-- Found rosidl_adapter: 1.2.1 (/Users/brodie/ros2_foxy/ros2-osx/share/rosidl_adapter/cmake)\n'}
[0.719684] (-) TimerEvent: {}
[0.803958] (message) StdoutLine: {'line': b'-- Could not find RTI Connext - skipping rosidl_typesupport_connext_c\n'}
[0.820983] (-) TimerEvent: {}
[0.831956] (message) StdoutLine: {'line': b'-- Could not find RTI Connext - skipping rosidl_typesupport_connext_cpp\n'}
[0.921139] (-) TimerEvent: {}
[1.025875] (-) TimerEvent: {}
[1.041137] (message) StdoutLine: {'line': b'-- Using all available rosidl_typesupport_cpp: rosidl_typesupport_connext_cpp;rosidl_typesupport_fastrtps_cpp;rosidl_typesupport_introspection_cpp\n'}
[1.129256] (-) TimerEvent: {}
[1.143030] (message) StdoutLine: {'line': b'-- Found PythonInterp: /Library/Frameworks/Python.framework/Versions/3.9/bin/python3 (found version "3.9.4") \n'}
[1.233683] (-) TimerEvent: {}
[1.338090] (-) TimerEvent: {}
[1.421894] (message) StdoutLine: {'line': b'-- Found ament_cmake_ros: 0.9.2 (/Users/brodie/ros2_foxy/ros2-osx/share/ament_cmake_ros/cmake)\n'}
[1.439112] (-) TimerEvent: {}
[1.540302] (-) TimerEvent: {}
[1.641576] (-) TimerEvent: {}
[1.697445] (message) StdoutLine: {'line': b'-- Using all available rosidl_typesupport_c: rosidl_typesupport_connext_c;rosidl_typesupport_fastrtps_c;rosidl_typesupport_introspection_c\n'}
[1.719930] (message) StdoutLine: {'line': b'-- Using all available rosidl_typesupport_cpp: rosidl_typesupport_connext_cpp;rosidl_typesupport_fastrtps_cpp;rosidl_typesupport_introspection_cpp\n'}
[1.742194] (-) TimerEvent: {}
[1.797650] (message) StdoutLine: {'line': b'-- Found PythonInterp: /Library/Frameworks/Python.framework/Versions/3.9/bin/python3 (found suitable version "3.9.4", minimum required is "3.5") \n'}
[1.825059] (message) StdoutLine: {'line': b'-- Found python_cmake_module: 0.8.1 (/Users/brodie/ros2_foxy/ros2-osx/share/python_cmake_module/cmake)\n'}
[1.845976] (-) TimerEvent: {}
[1.946838] (-) TimerEvent: {}
[1.986252] (message) StdoutLine: {'line': b'-- Using PythonExtra_INCLUDE_DIRS: /Library/Frameworks/Python.framework/Versions/3.9/include/python3.9;/Library/Frameworks/Python.framework/Versions/3.9/include/python3.9\n'}
[2.050967] (-) TimerEvent: {}
[2.068808] (message) StdoutLine: {'line': b'-- Using PythonExtra_LIBRARIES: /Library/Frameworks/Python.framework/Versions/3.9/lib/python3.9/config-3.9-darwin/libpython3.9.dylib\n'}
[2.150677] (message) StdoutLine: {'line': b'-- Found PythonExtra: .so  \n'}
[2.151214] (-) TimerEvent: {}
[2.254204] (-) TimerEvent: {}
[2.354722] (-) TimerEvent: {}
[2.457955] (-) TimerEvent: {}
[2.562510] (-) TimerEvent: {}
[2.665227] (-) TimerEvent: {}
[2.770576] (-) TimerEvent: {}
[2.871399] (-) TimerEvent: {}
[2.975224] (-) TimerEvent: {}
[3.075645] (-) TimerEvent: {}
[3.179625] (-) TimerEvent: {}
[3.267845] (message) StdoutLine: {'line': b'-- Using numpy include directory: /Library/Frameworks/Python.framework/Versions/3.9/lib/python3.9/site-packages/numpy/core/include\n'}
[3.282576] (-) TimerEvent: {}
[3.299315] (message) StdoutLine: {'line': b'-- Found ament_lint_auto: 0.9.6 (/Users/brodie/ros2_foxy/ros2-osx/share/ament_lint_auto/cmake)\n'}
[3.387539] (-) TimerEvent: {}
[3.492931] (-) TimerEvent: {}
[3.516266] (message) StdoutLine: {'line': b"-- Added test 'copyright' to check source files copyright and LICENSE\n"}
[3.521373] (message) StdoutLine: {'line': b"-- Added test 'lint_cmake' to check CMake code style\n"}
[3.524357] (message) StdoutLine: {'line': b"-- Added test 'xmllint' to check XML markup files\n"}
[3.532415] (message) StdoutLine: {'line': b'-- Configuring done\n'}
[3.595853] (-) TimerEvent: {}
[3.676404] (message) StdoutLine: {'line': b'-- Generating done\n'}
[3.693458] (message) StdoutLine: {'line': b'-- Build files have been written to: /Users/brodie/ros2_truckplatoon/build/message\n'}
[3.696416] (-) TimerEvent: {}
[3.701894] (message) CommandEnded: {'returncode': 0}
[3.702976] (message) JobProgress: {'identifier': 'message', 'progress': 'build'}
[3.704594] (message) Command: {'cmd': ['/usr/local/bin/cmake', '--build', '/Users/brodie/ros2_truckplatoon/build/message', '--', '-j8', '-l8'], 'cwd': '/Users/brodie/ros2_truckplatoon/build/message', 'env': OrderedDict([('TERM_PROGRAM', 'Apple_Terminal'), ('SHELL', '/bin/zsh'), ('TERM', 'xterm-256color'), ('TMPDIR', '/var/folders/b6/t14lv28n5xqdhgq7zcrqwfkm0000gn/T/'), ('TERM_PROGRAM_VERSION', '445'), ('ROS_PYTHON_VERSION', '3'), ('ROS_VERSION', '2'), ('COLCON_PREFIX_PATH', '/Users/brodie/ros2_truckplatoon/install:/Users/brodie/my_workspace/install:/Users/brodie/ros2_foxy/ros2-osx'), ('TERM_SESSION_ID', '68464B11-5BA9-4066-9F09-461F903B1524'), ('AMENT_PREFIX_PATH', '/Users/brodie/ros2_truckplatoon/install/truck:/Users/brodie/my_workspace/install/tutorial_interfaces:/Users/brodie/my_workspace/install/cpp_srvcli:/Users/brodie/my_workspace/install/cpp_pubsub:/Users/brodie/my_workspace/install/my_package:/Users/brodie/ros2_foxy/ros2-osx'), ('USER', 'brodie'), ('SSH_AUTH_SOCK', '/private/tmp/com.apple.launchd.4a9jOPzOQR/Listeners'), ('__CF_USER_TEXT_ENCODING', '0x1F5:0x0:0x4'), ('PATH', '/Users/brodie/ros2_foxy/ros2-osx/bin:/Library/Frameworks/Python.framework/Versions/3.9/bin:/Library/Frameworks/Python.framework/Versions/2.7/bin:/usr/local/bin:/usr/bin:/bin:/usr/sbin:/sbin:/Library/TeX/texbin:/usr/local/share/dotnet:/opt/X11/bin:~/.dotnet/tools:/Library/Apple/usr/bin:/Library/Frameworks/Mono.framework/Versions/Current/Commands:/usr/local/CrossPack-AVR/bin:/Applications/Postgres.app/Contents/Versions/latest/bin:/Applications/Xamarin Workbooks.app/Contents/SharedSupport/path-bin'), ('__CFBundleIdentifier', 'com.apple.Terminal'), ('PWD', '/Users/brodie/ros2_truckplatoon/build/message'), ('COLCON', '1'), ('LANG', 'it_IT.UTF-8'), ('XPC_FLAGS', '0x0'), ('XPC_SERVICE_NAME', '0'), ('OPENSSL_ROOT_DIR', '/usr/local/Cellar/openssl@3'), ('SHLVL', '2'), ('HOME', '/Users/brodie'), ('ROS_DISTRO', 'foxy'), ('PYTHONPATH', '/Users/brodie/my_workspace/install/tutorial_interfaces/lib/python3.9/site-packages:/Users/brodie/my_workspace/install/my_package/lib/python3.9/site-packages:/Users/brodie/ros2_foxy/ros2-osx/lib/python3.8/site-packages'), ('LOGNAME', 'brodie'), ('PKG_CONFIG_PATH', '/Users/brodie/ros2_foxy/ros2-osx/lib/pkgconfig'), ('CMAKE_PREFIX_PATH', '/Users/brodie/ros2_truckplatoon/install/truck:/Users/brodie/my_workspace/install/tutorial_interfaces:/Users/brodie/my_workspace/install/cpp_srvcli:/Users/brodie/my_workspace/install/cpp_pubsub:/Users/brodie/ros2_foxy/ros2-osx:/Users/brodie/my_workspace/install/my_package'), ('DISPLAY', '/private/tmp/com.apple.launchd.fnO1XjjJMH/org.xquartz:0'), ('ROS_LOCALHOST_ONLY', '0'), ('_', '/usr/bin/env')]), 'shell': False}
[3.801610] (-) TimerEvent: {}
[3.804750] (message) StdoutLine: {'line': b'[  3%] Generating C code for ROS interfaces\n'}
[3.809348] (message) StdoutLine: {'line': b'Scanning dependencies of target message__cpp\n'}
[3.834910] (message) StdoutLine: {'line': b'[  6%] Generating C++ code for ROS interfaces\n'}
[3.906146] (-) TimerEvent: {}
[4.007354] (-) TimerEvent: {}
[4.107787] (-) TimerEvent: {}
[4.211339] (-) TimerEvent: {}
[4.316303] (-) TimerEvent: {}
[4.416731] (-) TimerEvent: {}
[4.438789] (message) StdoutLine: {'line': b'[  6%] Built target message__cpp\n'}
[4.445271] (message) StdoutLine: {'line': b'Scanning dependencies of target message__rosidl_generator_c\n'}
[4.474582] (message) StdoutLine: {'line': b'[ 12%] Generating C++ type support dispatch for ROS interfaces\n'}
[4.475269] (message) StdoutLine: {'line': b'[ 12%] Generating C++ type support for eProsima Fast-RTPS\n'}
[4.477524] (message) StdoutLine: {'line': b'[ 16%] Generating C++ introspection for ROS interfaces\n'}
[4.485111] (message) StdoutLine: {'line': b'[ 19%] Building C object CMakeFiles/message__rosidl_generator_c.dir/rosidl_generator_c/message/msg/detail/message__functions.c.o\n'}
[4.518089] (-) TimerEvent: {}
[4.619479] (-) TimerEvent: {}
[4.650260] (message) StdoutLine: {'line': b'[ 22%] Linking C shared library libmessage__rosidl_generator_c.dylib\n'}
[4.722428] (-) TimerEvent: {}
[4.818144] (message) StdoutLine: {'line': b'[ 22%] Built target message__rosidl_generator_c\n'}
[4.823562] (-) TimerEvent: {}
[4.856573] (message) StdoutLine: {'line': b'[ 25%] Generating C type support dispatch for ROS interfaces\n'}
[4.858682] (message) StdoutLine: {'line': b'[ 29%] Generating C introspection for ROS interfaces\n'}
[4.924240] (-) TimerEvent: {}
[5.026584] (-) TimerEvent: {}
[5.127110] (-) TimerEvent: {}
[5.167899] (message) StdoutLine: {'line': b'Scanning dependencies of target message__rosidl_typesupport_cpp\n'}
[5.208211] (message) StdoutLine: {'line': b'[ 32%] Building CXX object CMakeFiles/message__rosidl_typesupport_cpp.dir/rosidl_typesupport_cpp/message/msg/message__type_support.cpp.o\n'}
[5.218310] (message) StdoutLine: {'line': b'Scanning dependencies of target message__rosidl_typesupport_introspection_cpp\n'}
[5.227524] (-) TimerEvent: {}
[5.257270] (message) StdoutLine: {'line': b'[ 35%] Building CXX object CMakeFiles/message__rosidl_typesupport_introspection_cpp.dir/rosidl_typesupport_introspection_cpp/message/msg/detail/message__type_support.cpp.o\n'}
[5.258771] (message) StdoutLine: {'line': b'Scanning dependencies of target message__rosidl_typesupport_fastrtps_cpp\n'}
[5.299388] (message) StdoutLine: {'line': b'[ 38%] Building CXX object CMakeFiles/message__rosidl_typesupport_fastrtps_cpp.dir/rosidl_typesupport_fastrtps_cpp/message/msg/detail/dds_fastrtps/message__type_support.cpp.o\n'}
[5.329998] (-) TimerEvent: {}
[5.435934] (-) TimerEvent: {}
[5.518013] (message) StdoutLine: {'line': b'Scanning dependencies of target message__rosidl_typesupport_c\n'}
[5.540459] (-) TimerEvent: {}
[5.557288] (message) StdoutLine: {'line': b'[ 41%] Building CXX object CMakeFiles/message__rosidl_typesupport_c.dir/rosidl_typesupport_c/message/msg/message__type_support.cpp.o\n'}
[5.586206] (message) StdoutLine: {'line': b'Scanning dependencies of target message__rosidl_typesupport_introspection_c\n'}
[5.628600] (message) StdoutLine: {'line': b'[ 45%] Building C object CMakeFiles/message__rosidl_typesupport_introspection_c.dir/rosidl_typesupport_introspection_c/message/msg/detail/message__type_support.c.o\n'}
[5.643365] (-) TimerEvent: {}
[5.674044] (message) StdoutLine: {'line': b'[ 48%] Linking CXX shared library libmessage__rosidl_typesupport_c.dylib\n'}
[5.747400] (-) TimerEvent: {}
[5.753061] (message) StdoutLine: {'line': b'[ 51%] Linking C shared library libmessage__rosidl_typesupport_introspection_c.dylib\n'}
[5.828450] (message) StdoutLine: {'line': b'[ 51%] Built target message__rosidl_typesupport_c\n'}
[5.848385] (-) TimerEvent: {}
[5.904586] (message) StdoutLine: {'line': b'[ 51%] Built target message__rosidl_typesupport_introspection_c\n'}
[5.948669] (-) TimerEvent: {}
[6.049281] (-) TimerEvent: {}
[6.116486] (message) StdoutLine: {'line': b'[ 54%] Linking CXX shared library libmessage__rosidl_typesupport_cpp.dylib\n'}
[6.149738] (-) TimerEvent: {}
[6.161085] (message) StdoutLine: {'line': b'[ 58%] Linking CXX shared library libmessage__rosidl_typesupport_introspection_cpp.dylib\n'}
[6.247226] (message) StdoutLine: {'line': b'[ 58%] Built target message__rosidl_typesupport_cpp\n'}
[6.249953] (-) TimerEvent: {}
[6.291828] (message) StdoutLine: {'line': b'[ 58%] Built target message__rosidl_typesupport_introspection_cpp\n'}
[6.350292] (-) TimerEvent: {}
[6.452947] (-) TimerEvent: {}
[6.463254] (message) StdoutLine: {'line': b'[ 61%] Linking CXX shared library libmessage__rosidl_typesupport_fastrtps_cpp.dylib\n'}
[6.554184] (-) TimerEvent: {}
[6.568511] (message) StdoutLine: {'line': b'[ 61%] Built target message__rosidl_typesupport_fastrtps_cpp\n'}
[6.594210] (message) StdoutLine: {'line': b'[ 64%] Generating C type support for eProsima Fast-RTPS\n'}
[6.656315] (-) TimerEvent: {}
[6.761646] (-) TimerEvent: {}
[6.867016] (-) TimerEvent: {}
[6.970183] (-) TimerEvent: {}
[7.064697] (message) StdoutLine: {'line': b'Scanning dependencies of target message__rosidl_typesupport_fastrtps_c\n'}
[7.071283] (-) TimerEvent: {}
[7.089504] (message) StdoutLine: {'line': b'[ 67%] Building CXX object CMakeFiles/message__rosidl_typesupport_fastrtps_c.dir/rosidl_typesupport_fastrtps_c/message/msg/detail/message__type_support_c.cpp.o\n'}
[7.171525] (-) TimerEvent: {}
[7.272186] (-) TimerEvent: {}
[7.372649] (-) TimerEvent: {}
[7.474110] (-) TimerEvent: {}
[7.574465] (-) TimerEvent: {}
[7.677146] (-) TimerEvent: {}
[7.778045] (-) TimerEvent: {}
[7.881078] (-) TimerEvent: {}
[7.924522] (message) StdoutLine: {'line': b'[ 70%] Linking CXX shared library libmessage__rosidl_typesupport_fastrtps_c.dylib\n'}
[7.983135] (-) TimerEvent: {}
[8.030408] (message) StdoutLine: {'line': b'[ 70%] Built target message__rosidl_typesupport_fastrtps_c\n'}
[8.064848] (message) StdoutLine: {'line': b'Scanning dependencies of target message\n'}
[8.083749] (-) TimerEvent: {}
[8.089722] (message) StdoutLine: {'line': b'[ 70%] Built target message\n'}
[8.112919] (message) StdoutLine: {'line': b'Scanning dependencies of target message__py\n'}
[8.137003] (message) StdoutLine: {'line': b'[ 74%] Generating Python code for ROS interfaces\n'}
[8.184154] (-) TimerEvent: {}
[8.284593] (-) TimerEvent: {}
[8.386472] (-) TimerEvent: {}
[8.487481] (-) TimerEvent: {}
[8.592837] (-) TimerEvent: {}
[8.696874] (-) TimerEvent: {}
[8.799689] (-) TimerEvent: {}
[8.886259] (message) StdoutLine: {'line': b'[ 74%] Built target message__py\n'}
[8.900557] (-) TimerEvent: {}
[8.964694] (message) StdoutLine: {'line': b'Scanning dependencies of target message__python\n'}
[8.990585] (message) StdoutLine: {'line': b'[ 77%] Building C object CMakeFiles/message__python.dir/rosidl_generator_py/message/msg/_message_s.c.o\n'}
[9.000695] (-) TimerEvent: {}
[9.101890] (-) TimerEvent: {}
[9.169319] (message) StdoutLine: {'line': b'[ 80%] Linking C shared library rosidl_generator_py/message/libmessage__python.dylib\n'}
[9.204601] (-) TimerEvent: {}
[9.279277] (message) StdoutLine: {'line': b'[ 80%] Built target message__python\n'}
[9.308624] (-) TimerEvent: {}
[9.330115] (message) StdoutLine: {'line': b'Scanning dependencies of target message__rosidl_typesupport_c__pyext\n'}
[9.330731] (message) StdoutLine: {'line': b'Scanning dependencies of target message__rosidl_typesupport_introspection_c__pyext\n'}
[9.331957] (message) StdoutLine: {'line': b'Scanning dependencies of target message__rosidl_typesupport_fastrtps_c__pyext\n'}
[9.357890] (message) StdoutLine: {'line': b'[ 87%] Building C object CMakeFiles/message__rosidl_typesupport_c__pyext.dir/rosidl_generator_py/message/_message_s.ep.rosidl_typesupport_c.c.o\n'}
[9.358424] (message) StdoutLine: {'line': b'[ 87%] Building C object CMakeFiles/message__rosidl_typesupport_fastrtps_c__pyext.dir/rosidl_generator_py/message/_message_s.ep.rosidl_typesupport_fastrtps_c.c.o\n'}
[9.358886] (message) StdoutLine: {'line': b'[ 90%] Building C object CMakeFiles/message__rosidl_typesupport_introspection_c__pyext.dir/rosidl_generator_py/message/_message_s.ep.rosidl_typesupport_introspection_c.c.o\n'}
[9.412416] (-) TimerEvent: {}
[9.512945] (-) TimerEvent: {}
[9.544418] (message) StdoutLine: {'line': b'[ 93%] Linking C shared library rosidl_generator_py/message/message_s__rosidl_typesupport_introspection_c.cpython-39-darwin.so\n'}
[9.545953] (message) StdoutLine: {'line': b'[ 96%] Linking C shared library rosidl_generator_py/message/message_s__rosidl_typesupport_c.cpython-39-darwin.so\n'}
[9.549907] (message) StdoutLine: {'line': b'[100%] Linking CXX shared library rosidl_generator_py/message/message_s__rosidl_typesupport_fastrtps_c.cpython-39-darwin.so\n'}
[9.615205] (-) TimerEvent: {}
[9.675666] (message) StdoutLine: {'line': b'[100%] Built target message__rosidl_typesupport_c__pyext\n'}
[9.679201] (message) StdoutLine: {'line': b'[100%] Built target message__rosidl_typesupport_introspection_c__pyext\n'}
[9.695832] (message) StdoutLine: {'line': b'[100%] Built target message__rosidl_typesupport_fastrtps_c__pyext\n'}
[9.715362] (-) TimerEvent: {}
[9.723011] (message) CommandEnded: {'returncode': 0}
[9.820500] (-) TimerEvent: {}
[9.921155] (-) TimerEvent: {}
[10.025423] (-) TimerEvent: {}
[10.045560] (message) JobProgress: {'identifier': 'message', 'progress': 'install'}
[10.067996] (message) Command: {'cmd': ['/usr/local/bin/cmake', '--install', '/Users/brodie/ros2_truckplatoon/build/message'], 'cwd': '/Users/brodie/ros2_truckplatoon/build/message', 'env': OrderedDict([('TERM_PROGRAM', 'Apple_Terminal'), ('SHELL', '/bin/zsh'), ('TERM', 'xterm-256color'), ('TMPDIR', '/var/folders/b6/t14lv28n5xqdhgq7zcrqwfkm0000gn/T/'), ('TERM_PROGRAM_VERSION', '445'), ('ROS_PYTHON_VERSION', '3'), ('ROS_VERSION', '2'), ('COLCON_PREFIX_PATH', '/Users/brodie/ros2_truckplatoon/install:/Users/brodie/my_workspace/install:/Users/brodie/ros2_foxy/ros2-osx'), ('TERM_SESSION_ID', '68464B11-5BA9-4066-9F09-461F903B1524'), ('AMENT_PREFIX_PATH', '/Users/brodie/ros2_truckplatoon/install/truck:/Users/brodie/my_workspace/install/tutorial_interfaces:/Users/brodie/my_workspace/install/cpp_srvcli:/Users/brodie/my_workspace/install/cpp_pubsub:/Users/brodie/my_workspace/install/my_package:/Users/brodie/ros2_foxy/ros2-osx'), ('USER', 'brodie'), ('SSH_AUTH_SOCK', '/private/tmp/com.apple.launchd.4a9jOPzOQR/Listeners'), ('__CF_USER_TEXT_ENCODING', '0x1F5:0x0:0x4'), ('PATH', '/Users/brodie/ros2_foxy/ros2-osx/bin:/Library/Frameworks/Python.framework/Versions/3.9/bin:/Library/Frameworks/Python.framework/Versions/2.7/bin:/usr/local/bin:/usr/bin:/bin:/usr/sbin:/sbin:/Library/TeX/texbin:/usr/local/share/dotnet:/opt/X11/bin:~/.dotnet/tools:/Library/Apple/usr/bin:/Library/Frameworks/Mono.framework/Versions/Current/Commands:/usr/local/CrossPack-AVR/bin:/Applications/Postgres.app/Contents/Versions/latest/bin:/Applications/Xamarin Workbooks.app/Contents/SharedSupport/path-bin'), ('__CFBundleIdentifier', 'com.apple.Terminal'), ('PWD', '/Users/brodie/ros2_truckplatoon/build/message'), ('COLCON', '1'), ('LANG', 'it_IT.UTF-8'), ('XPC_FLAGS', '0x0'), ('XPC_SERVICE_NAME', '0'), ('OPENSSL_ROOT_DIR', '/usr/local/Cellar/openssl@3'), ('SHLVL', '2'), ('HOME', '/Users/brodie'), ('ROS_DISTRO', 'foxy'), ('PYTHONPATH', '/Users/brodie/my_workspace/install/tutorial_interfaces/lib/python3.9/site-packages:/Users/brodie/my_workspace/install/my_package/lib/python3.9/site-packages:/Users/brodie/ros2_foxy/ros2-osx/lib/python3.8/site-packages'), ('LOGNAME', 'brodie'), ('PKG_CONFIG_PATH', '/Users/brodie/ros2_foxy/ros2-osx/lib/pkgconfig'), ('CMAKE_PREFIX_PATH', '/Users/brodie/ros2_truckplatoon/install/truck:/Users/brodie/my_workspace/install/tutorial_interfaces:/Users/brodie/my_workspace/install/cpp_srvcli:/Users/brodie/my_workspace/install/cpp_pubsub:/Users/brodie/ros2_foxy/ros2-osx:/Users/brodie/my_workspace/install/my_package'), ('DISPLAY', '/private/tmp/com.apple.launchd.fnO1XjjJMH/org.xquartz:0'), ('ROS_LOCALHOST_ONLY', '0'), ('_', '/usr/bin/env')]), 'shell': False}
[10.088751] (message) StdoutLine: {'line': b'-- Install configuration: ""\n'}
[10.089904] (message) StdoutLine: {'line': b'-- Installing: /Users/brodie/ros2_truckplatoon/install/message/share/ament_index/resource_index/rosidl_interfaces/message\n'}
[10.090655] (message) StdoutLine: {'line': b'-- Installing: /Users/brodie/ros2_truckplatoon/install/message/include/message\n'}
[10.091224] (message) StdoutLine: {'line': b'-- Installing: /Users/brodie/ros2_truckplatoon/install/message/include/message/msg\n'}
[10.092050] (message) StdoutLine: {'line': b'-- Installing: /Users/brodie/ros2_truckplatoon/install/message/include/message/msg/rosidl_generator_c__visibility_control.h\n'}
[10.092492] (message) StdoutLine: {'line': b'-- Installing: /Users/brodie/ros2_truckplatoon/install/message/include/message/msg/message.h\n'}
[10.092891] (message) StdoutLine: {'line': b'-- Installing: /Users/brodie/ros2_truckplatoon/install/message/include/message/msg/detail\n'}
[10.093529] (message) StdoutLine: {'line': b'-- Installing: /Users/brodie/ros2_truckplatoon/install/message/include/message/msg/detail/message__struct.h\n'}
[10.094082] (message) StdoutLine: {'line': b'-- Installing: /Users/brodie/ros2_truckplatoon/install/message/include/message/msg/detail/message__functions.h\n'}
[10.094666] (message) StdoutLine: {'line': b'-- Installing: /Users/brodie/ros2_truckplatoon/install/message/include/message/msg/detail/message__type_support.h\n'}
[10.095043] (message) StdoutLine: {'line': b'-- Installing: /Users/brodie/ros2_truckplatoon/install/message/include/message/msg/detail/message__functions.c\n'}
[10.095411] (message) StdoutLine: {'line': b'-- Installing: /Users/brodie/ros2_truckplatoon/install/message/share/message/environment/library_path.sh\n'}
[10.095617] (message) StdoutLine: {'line': b'-- Installing: /Users/brodie/ros2_truckplatoon/install/message/share/message/environment/library_path.dsv\n'}
[10.096462] (message) StdoutLine: {'line': b'-- Installing: /Users/brodie/ros2_truckplatoon/install/message/lib/libmessage__rosidl_generator_c.dylib\n'}
[10.116044] (message) StdoutLine: {'line': b'-- Up-to-date: /Users/brodie/ros2_truckplatoon/install/message/include/message\n'}
[10.116434] (message) StdoutLine: {'line': b'-- Up-to-date: /Users/brodie/ros2_truckplatoon/install/message/include/message/msg\n'}
[10.116890] (message) StdoutLine: {'line': b'-- Up-to-date: /Users/brodie/ros2_truckplatoon/install/message/include/message/msg/detail\n'}
[10.117421] (message) StdoutLine: {'line': b'-- Installing: /Users/brodie/ros2_truckplatoon/install/message/include/message/msg/detail/message__rosidl_typesupport_fastrtps_c.h\n'}
[10.117628] (message) StdoutLine: {'line': b'-- Installing: /Users/brodie/ros2_truckplatoon/install/message/include/message/msg/rosidl_typesupport_fastrtps_c__visibility_control.h\n'}
[10.117796] (message) StdoutLine: {'line': b'-- Installing: /Users/brodie/ros2_truckplatoon/install/message/lib/libmessage__rosidl_typesupport_fastrtps_c.dylib\n'}
[10.125744] (-) TimerEvent: {}
[10.176173] (message) StdoutLine: {'line': b'-- Up-to-date: /Users/brodie/ros2_truckplatoon/install/message/include/message\n'}
[10.176937] (message) StdoutLine: {'line': b'-- Up-to-date: /Users/brodie/ros2_truckplatoon/install/message/include/message/msg\n'}
[10.177421] (message) StdoutLine: {'line': b'-- Installing: /Users/brodie/ros2_truckplatoon/install/message/include/message/msg/rosidl_typesupport_fastrtps_cpp__visibility_control.h\n'}
[10.178183] (message) StdoutLine: {'line': b'-- Up-to-date: /Users/brodie/ros2_truckplatoon/install/message/include/message/msg/detail\n'}
[10.178521] (message) StdoutLine: {'line': b'-- Installing: /Users/brodie/ros2_truckplatoon/install/message/include/message/msg/detail/dds_fastrtps\n'}
[10.178823] (message) StdoutLine: {'line': b'-- Installing: /Users/brodie/ros2_truckplatoon/install/message/include/message/msg/detail/message__rosidl_typesupport_fastrtps_cpp.hpp\n'}
[10.178987] (message) StdoutLine: {'line': b'-- Installing: /Users/brodie/ros2_truckplatoon/install/message/lib/libmessage__rosidl_typesupport_fastrtps_cpp.dylib\n'}
[10.222841] (message) StdoutLine: {'line': b'-- Up-to-date: /Users/brodie/ros2_truckplatoon/install/message/include/message\n'}
[10.223689] (message) StdoutLine: {'line': b'-- Up-to-date: /Users/brodie/ros2_truckplatoon/install/message/include/message/msg\n'}
[10.224483] (message) StdoutLine: {'line': b'-- Up-to-date: /Users/brodie/ros2_truckplatoon/install/message/include/message/msg/detail\n'}
[10.224759] (message) StdoutLine: {'line': b'-- Installing: /Users/brodie/ros2_truckplatoon/install/message/include/message/msg/detail/message__type_support.c\n'}
[10.225379] (message) StdoutLine: {'line': b'-- Installing: /Users/brodie/ros2_truckplatoon/install/message/include/message/msg/detail/message__rosidl_typesupport_introspection_c.h\n'}
[10.225657] (message) StdoutLine: {'line': b'-- Installing: /Users/brodie/ros2_truckplatoon/install/message/include/message/msg/rosidl_typesupport_introspection_c__visibility_control.h\n'}
[10.226148] (-) TimerEvent: {}
[10.226374] (message) StdoutLine: {'line': b'-- Installing: /Users/brodie/ros2_truckplatoon/install/message/lib/libmessage__rosidl_typesupport_introspection_c.dylib\n'}
[10.276196] (message) StdoutLine: {'line': b'-- Installing: /Users/brodie/ros2_truckplatoon/install/message/lib/libmessage__rosidl_typesupport_c.dylib\n'}
[10.297368] (message) StdoutLine: {'line': b'-- Up-to-date: /Users/brodie/ros2_truckplatoon/install/message/include/message\n'}
[10.297720] (message) StdoutLine: {'line': b'-- Up-to-date: /Users/brodie/ros2_truckplatoon/install/message/include/message/msg\n'}
[10.298249] (message) StdoutLine: {'line': b'-- Up-to-date: /Users/brodie/ros2_truckplatoon/install/message/include/message/msg/detail\n'}
[10.298774] (message) StdoutLine: {'line': b'-- Installing: /Users/brodie/ros2_truckplatoon/install/message/include/message/msg/detail/message__traits.hpp\n'}
[10.298951] (message) StdoutLine: {'line': b'-- Installing: /Users/brodie/ros2_truckplatoon/install/message/include/message/msg/detail/message__struct.hpp\n'}
[10.299452] (message) StdoutLine: {'line': b'-- Installing: /Users/brodie/ros2_truckplatoon/install/message/include/message/msg/detail/message__builder.hpp\n'}
[10.299622] (message) StdoutLine: {'line': b'-- Installing: /Users/brodie/ros2_truckplatoon/install/message/include/message/msg/message.hpp\n'}
[10.300115] (message) StdoutLine: {'line': b'-- Up-to-date: /Users/brodie/ros2_truckplatoon/install/message/include/message\n'}
[10.300610] (message) StdoutLine: {'line': b'-- Up-to-date: /Users/brodie/ros2_truckplatoon/install/message/include/message/msg\n'}
[10.300950] (message) StdoutLine: {'line': b'-- Up-to-date: /Users/brodie/ros2_truckplatoon/install/message/include/message/msg/detail\n'}
[10.301297] (message) StdoutLine: {'line': b'-- Installing: /Users/brodie/ros2_truckplatoon/install/message/include/message/msg/detail/message__type_support.cpp\n'}
[10.301451] (message) StdoutLine: {'line': b'-- Installing: /Users/brodie/ros2_truckplatoon/install/message/include/message/msg/detail/message__rosidl_typesupport_introspection_cpp.hpp\n'}
[10.301869] (message) StdoutLine: {'line': b'-- Installing: /Users/brodie/ros2_truckplatoon/install/message/lib/libmessage__rosidl_typesupport_introspection_cpp.dylib\n'}
[10.321673] (message) StdoutLine: {'line': b'-- Installing: /Users/brodie/ros2_truckplatoon/install/message/lib/libmessage__rosidl_typesupport_cpp.dylib\n'}
[10.326419] (-) TimerEvent: {}
[10.341369] (message) StdoutLine: {'line': b'-- Installing: /Users/brodie/ros2_truckplatoon/install/message/share/message/environment/pythonpath.sh\n'}
[10.341961] (message) StdoutLine: {'line': b'-- Installing: /Users/brodie/ros2_truckplatoon/install/message/share/message/environment/pythonpath.dsv\n'}
[10.342513] (message) StdoutLine: {'line': b'-- Installing: /Users/brodie/ros2_truckplatoon/install/message/lib/python3.9/site-packages/message/__init__.py\n'}
[10.426649] (-) TimerEvent: {}
[10.445806] (message) StdoutLine: {'line': b"Compiling '/Users/brodie/ros2_truckplatoon/install/message/lib/python3.9/site-packages/message/__init__.py'...\n"}
[10.453954] (message) StdoutLine: {'line': b'-- Installing: /Users/brodie/ros2_truckplatoon/install/message/lib/python3.9/site-packages/message/msg\n'}
[10.454432] (message) StdoutLine: {'line': b'-- Installing: /Users/brodie/ros2_truckplatoon/install/message/lib/python3.9/site-packages/message/msg/__init__.py\n'}
[10.455054] (message) StdoutLine: {'line': b'-- Installing: /Users/brodie/ros2_truckplatoon/install/message/lib/python3.9/site-packages/message/msg/_message.py\n'}
[10.455500] (message) StdoutLine: {'line': b'-- Installing: /Users/brodie/ros2_truckplatoon/install/message/lib/python3.9/site-packages/message/msg/_message_s.c\n'}
[10.455996] (message) StdoutLine: {'line': b'-- Installing: /Users/brodie/ros2_truckplatoon/install/message/lib/python3.9/site-packages/message/message_s__rosidl_typesupport_fastrtps_c.cpython-39-darwin.so\n'}
[10.527420] (-) TimerEvent: {}
[10.536072] (message) StdoutLine: {'line': b'-- Installing: /Users/brodie/ros2_truckplatoon/install/message/lib/python3.9/site-packages/message/message_s__rosidl_typesupport_introspection_c.cpython-39-darwin.so\n'}
[10.598869] (message) StdoutLine: {'line': b'-- Installing: /Users/brodie/ros2_truckplatoon/install/message/lib/python3.9/site-packages/message/message_s__rosidl_typesupport_c.cpython-39-darwin.so\n'}
[10.627494] (-) TimerEvent: {}
[10.653425] (message) StdoutLine: {'line': b'-- Installing: /Users/brodie/ros2_truckplatoon/install/message/lib/libmessage__python.dylib\n'}
[10.697907] (message) StdoutLine: {'line': b'-- Installing: /Users/brodie/ros2_truckplatoon/install/message/share/message/msg/Message.idl\n'}
[10.698437] (message) StdoutLine: {'line': b'-- Installing: /Users/brodie/ros2_truckplatoon/install/message/share/message/msg/Message.msg\n'}
[10.698977] (message) StdoutLine: {'line': b'-- Installing: /Users/brodie/ros2_truckplatoon/install/message/share/ament_index/resource_index/package_run_dependencies/message\n'}
[10.699452] (message) StdoutLine: {'line': b'-- Installing: /Users/brodie/ros2_truckplatoon/install/message/share/ament_index/resource_index/parent_prefix_path/message\n'}
[10.699856] (message) StdoutLine: {'line': b'-- Installing: /Users/brodie/ros2_truckplatoon/install/message/share/message/environment/ament_prefix_path.sh\n'}
[10.700485] (message) StdoutLine: {'line': b'-- Installing: /Users/brodie/ros2_truckplatoon/install/message/share/message/environment/ament_prefix_path.dsv\n'}
[10.700906] (message) StdoutLine: {'line': b'-- Installing: /Users/brodie/ros2_truckplatoon/install/message/share/message/environment/path.sh\n'}
[10.701342] (message) StdoutLine: {'line': b'-- Installing: /Users/brodie/ros2_truckplatoon/install/message/share/message/environment/path.dsv\n'}
[10.701834] (message) StdoutLine: {'line': b'-- Installing: /Users/brodie/ros2_truckplatoon/install/message/share/message/local_setup.bash\n'}
[10.702444] (message) StdoutLine: {'line': b'-- Installing: /Users/brodie/ros2_truckplatoon/install/message/share/message/local_setup.sh\n'}
[10.703257] (message) StdoutLine: {'line': b'-- Installing: /Users/brodie/ros2_truckplatoon/install/message/share/message/local_setup.zsh\n'}
[10.703828] (message) StdoutLine: {'line': b'-- Installing: /Users/brodie/ros2_truckplatoon/install/message/share/message/local_setup.dsv\n'}
[10.704416] (message) StdoutLine: {'line': b'-- Installing: /Users/brodie/ros2_truckplatoon/install/message/share/message/package.dsv\n'}
[10.705245] (message) StdoutLine: {'line': b'-- Installing: /Users/brodie/ros2_truckplatoon/install/message/share/ament_index/resource_index/packages/message\n'}
[10.705719] (message) StdoutLine: {'line': b'-- Installing: /Users/brodie/ros2_truckplatoon/install/message/share/message/cmake/message__rosidl_generator_cExport.cmake\n'}
[10.706177] (message) StdoutLine: {'line': b'-- Installing: /Users/brodie/ros2_truckplatoon/install/message/share/message/cmake/message__rosidl_generator_cExport-noconfig.cmake\n'}
[10.706632] (message) StdoutLine: {'line': b'-- Installing: /Users/brodie/ros2_truckplatoon/install/message/share/message/cmake/message__rosidl_typesupport_introspection_cExport.cmake\n'}
[10.707118] (message) StdoutLine: {'line': b'-- Installing: /Users/brodie/ros2_truckplatoon/install/message/share/message/cmake/message__rosidl_typesupport_introspection_cExport-noconfig.cmake\n'}
[10.707541] (message) StdoutLine: {'line': b'-- Installing: /Users/brodie/ros2_truckplatoon/install/message/share/message/cmake/message__rosidl_typesupport_cExport.cmake\n'}
[10.708022] (message) StdoutLine: {'line': b'-- Installing: /Users/brodie/ros2_truckplatoon/install/message/share/message/cmake/message__rosidl_typesupport_cExport-noconfig.cmake\n'}
[10.708491] (message) StdoutLine: {'line': b'-- Installing: /Users/brodie/ros2_truckplatoon/install/message/share/message/cmake/message__rosidl_generator_cppExport.cmake\n'}
[10.708842] (message) StdoutLine: {'line': b'-- Installing: /Users/brodie/ros2_truckplatoon/install/message/share/message/cmake/message__rosidl_typesupport_introspection_cppExport.cmake\n'}
[10.709428] (message) StdoutLine: {'line': b'-- Installing: /Users/brodie/ros2_truckplatoon/install/message/share/message/cmake/message__rosidl_typesupport_introspection_cppExport-noconfig.cmake\n'}
[10.709882] (message) StdoutLine: {'line': b'-- Installing: /Users/brodie/ros2_truckplatoon/install/message/share/message/cmake/message__rosidl_typesupport_cppExport.cmake\n'}
[10.710479] (message) StdoutLine: {'line': b'-- Installing: /Users/brodie/ros2_truckplatoon/install/message/share/message/cmake/message__rosidl_typesupport_cppExport-noconfig.cmake\n'}
[10.711114] (message) StdoutLine: {'line': b'-- Installing: /Users/brodie/ros2_truckplatoon/install/message/share/message/cmake/rosidl_cmake-extras.cmake\n'}
[10.711995] (message) StdoutLine: {'line': b'-- Installing: /Users/brodie/ros2_truckplatoon/install/message/share/message/cmake/ament_cmake_export_dependencies-extras.cmake\n'}
[10.712419] (message) StdoutLine: {'line': b'-- Installing: /Users/brodie/ros2_truckplatoon/install/message/share/message/cmake/ament_cmake_export_libraries-extras.cmake\n'}
[10.712973] (message) StdoutLine: {'line': b'-- Installing: /Users/brodie/ros2_truckplatoon/install/message/share/message/cmake/ament_cmake_export_targets-extras.cmake\n'}
[10.713311] (message) StdoutLine: {'line': b'-- Installing: /Users/brodie/ros2_truckplatoon/install/message/share/message/cmake/ament_cmake_export_include_directories-extras.cmake\n'}
[10.713767] (message) StdoutLine: {'line': b'-- Installing: /Users/brodie/ros2_truckplatoon/install/message/share/message/cmake/rosidl_cmake_export_typesupport_libraries-extras.cmake\n'}
[10.714201] (message) StdoutLine: {'line': b'-- Installing: /Users/brodie/ros2_truckplatoon/install/message/share/message/cmake/rosidl_cmake_export_typesupport_targets-extras.cmake\n'}
[10.714534] (message) StdoutLine: {'line': b'-- Installing: /Users/brodie/ros2_truckplatoon/install/message/share/message/cmake/messageConfig.cmake\n'}
[10.715125] (message) StdoutLine: {'line': b'-- Installing: /Users/brodie/ros2_truckplatoon/install/message/share/message/cmake/messageConfig-version.cmake\n'}
[10.715535] (message) StdoutLine: {'line': b'-- Installing: /Users/brodie/ros2_truckplatoon/install/message/share/message/package.xml\n'}
[10.723581] (message) CommandEnded: {'returncode': 0}
[10.729009] (-) TimerEvent: {}
[10.829730] (-) TimerEvent: {}
[10.934794] (-) TimerEvent: {}
[11.036276] (-) TimerEvent: {}
[11.141190] (-) TimerEvent: {}
[11.251852] (-) TimerEvent: {}
[11.330754] (message) JobEnded: {'identifier': 'message', 'rc': 0}
[11.332785] (-) EventReactorShutdown: {}
