-- Found ament_cmake: 0.9.9 (/Users/brodie/ros2_foxy/ros2-osx/share/ament_cmake/cmake)
-- Using PYTHON_EXECUTABLE: /Library/Frameworks/Python.framework/Versions/3.9/bin/python3
CMake Error at CMakeLists.txt:27 (add_executable):
  add_executable cannot create target "truck" because another target with the
  same name already exists.  The existing target is an executable created in
  source directory "/Users/brodie/ros2_truckplatoon/src/truck".  See
  documentation for policy CMP0002 for more details.


CMake Error at CMakeLists.txt:28 (add_executable):
  add_executable cannot create target "truck" because another target with the
  same name already exists.  The existing target is an executable created in
  source directory "/Users/brodie/ros2_truckplatoon/src/truck".  See
  documentation for policy CMP0002 for more details.


CMake Error at CMakeLists.txt:29 (add_executable):
  add_executable cannot create target "truck" because another target with the
  same name already exists.  The existing target is an executable created in
  source directory "/Users/brodie/ros2_truckplatoon/src/truck".  See
  documentation for policy CMP0002 for more details.


CMake Error at CMakeLists.txt:30 (add_executable):
  add_executable cannot create target "truck" because another target with the
  same name already exists.  The existing target is an executable created in
  source directory "/Users/brodie/ros2_truckplatoon/src/truck".  See
  documentation for policy CMP0002 for more details.


-- Found ament_lint_auto: 0.9.6 (/Users/brodie/ros2_foxy/ros2-osx/share/ament_lint_auto/cmake)
-- Added test 'copyright' to check source files copyright and LICENSE
-- Added test 'cppcheck' to perform static code analysis on C / C++ code
-- Configured cppcheck include dirs: $<BUILD_INTERFACE:/Users/brodie/ros2_truckplatoon/src/truck/include>
-- Configured cppcheck exclude dirs and/or files: 
-- Added test 'cpplint' to check C / C++ code against the Google style
-- Configured cpplint exclude dirs and/or files: 
-- Added test 'lint_cmake' to check CMake code style
-- Added test 'uncrustify' to check C / C++ code style
-- Configured uncrustify additional arguments: 
-- Added test 'xmllint' to check XML markup files
-- Configuring incomplete, errors occurred!
See also "/Users/brodie/ros2_truckplatoon/build/truck/CMakeFiles/CMakeOutput.log".
See also "/Users/brodie/ros2_truckplatoon/build/truck/CMakeFiles/CMakeError.log".
gmake: *** [Makefile:285: cmake_check_build_system] Error 1
