[0.119s] Invoking command in '/Users/brodie/ros2_truckplatoon/build/truck': CMAKE_PREFIX_PATH=${CMAKE_PREFIX_PATH}:/Users/brodie/my_workspace/install/my_package SHLVL=2 _=/usr/bin/env /usr/local/bin/cmake --build /Users/brodie/ros2_truckplatoon/build/truck -- -j8 -l8
[0.205s] -- Found ament_cmake: 0.9.9 (/Users/brodie/ros2_foxy/ros2-osx/share/ament_cmake/cmake)
[0.275s] -- Using PYTHON_EXECUTABLE: /Library/Frameworks/Python.framework/Versions/3.9/bin/python3
[0.769s] CMake Error at CMakeLists.txt:27 (add_executable):
[0.769s]   add_executable cannot create target "truck" because another target with the
[0.769s]   same name already exists.  The existing target is an executable created in
[0.770s]   source directory "/Users/brodie/ros2_truckplatoon/src/truck".  See
[0.770s]   documentation for policy CMP0002 for more details.
[0.770s] 
[0.770s] 
[0.771s] CMake Error at CMakeLists.txt:28 (add_executable):
[0.771s]   add_executable cannot create target "truck" because another target with the
[0.771s]   same name already exists.  The existing target is an executable created in
[0.771s]   source directory "/Users/brodie/ros2_truckplatoon/src/truck".  See
[0.771s]   documentation for policy CMP0002 for more details.
[0.771s] 
[0.772s] 
[0.772s] CMake Error at CMakeLists.txt:29 (add_executable):
[0.772s]   add_executable cannot create target "truck" because another target with the
[0.772s]   same name already exists.  The existing target is an executable created in
[0.772s]   source directory "/Users/brodie/ros2_truckplatoon/src/truck".  See
[0.772s]   documentation for policy CMP0002 for more details.
[0.772s] 
[0.773s] 
[0.773s] CMake Error at CMakeLists.txt:30 (add_executable):
[0.773s]   add_executable cannot create target "truck" because another target with the
[0.773s]   same name already exists.  The existing target is an executable created in
[0.773s]   source directory "/Users/brodie/ros2_truckplatoon/src/truck".  See
[0.773s]   documentation for policy CMP0002 for more details.
[0.773s] 
[0.774s] 
[0.774s] -- Found ament_lint_auto: 0.9.6 (/Users/brodie/ros2_foxy/ros2-osx/share/ament_lint_auto/cmake)
[0.937s] -- Added test 'copyright' to check source files copyright and LICENSE
[0.941s] -- Added test 'cppcheck' to perform static code analysis on C / C++ code
[0.941s] -- Configured cppcheck include dirs: $<BUILD_INTERFACE:/Users/brodie/ros2_truckplatoon/src/truck/include>
[0.942s] -- Configured cppcheck exclude dirs and/or files: 
[0.945s] -- Added test 'cpplint' to check C / C++ code against the Google style
[0.945s] -- Configured cpplint exclude dirs and/or files: 
[0.947s] -- Added test 'lint_cmake' to check CMake code style
[0.952s] -- Added test 'uncrustify' to check C / C++ code style
[0.952s] -- Configured uncrustify additional arguments: 
[0.953s] -- Added test 'xmllint' to check XML markup files
[0.957s] -- Configuring incomplete, errors occurred!
[0.957s] See also "/Users/brodie/ros2_truckplatoon/build/truck/CMakeFiles/CMakeOutput.log".
[0.957s] See also "/Users/brodie/ros2_truckplatoon/build/truck/CMakeFiles/CMakeError.log".
[0.961s] gmake: *** [Makefile:285: cmake_check_build_system] Error 1
[0.963s] Invoked command in '/Users/brodie/ros2_truckplatoon/build/truck' returned '2': CMAKE_PREFIX_PATH=${CMAKE_PREFIX_PATH}:/Users/brodie/my_workspace/install/my_package SHLVL=2 _=/usr/bin/env /usr/local/bin/cmake --build /Users/brodie/ros2_truckplatoon/build/truck -- -j8 -l8
