[1.921s] DEBUG:colcon:Command line arguments: ['/Library/Frameworks/Python.framework/Versions/3.9/bin/colcon', 'build']
[1.922s] DEBUG:colcon:Parsed command line arguments: Namespace(log_base=None, log_level=None, verb_name='build', build_base='build', install_base='install', merge_install=False, symlink_install=False, test_result_base=None, continue_on_error=False, executor='parallel', parallel_workers=8, event_handlers=None, ignore_user_meta=False, metas=['./colcon.meta'], base_paths=['.'], packages_ignore=None, packages_ignore_regex=None, paths=None, packages_up_to=None, packages_up_to_regex=None, packages_above=None, packages_above_and_dependencies=None, packages_above_depth=None, packages_select_by_dep=None, packages_skip_by_dep=None, packages_skip_up_to=None, packages_select_build_failed=False, packages_skip_build_finished=False, packages_select_test_failures=False, packages_skip_test_passed=False, packages_select=None, packages_skip=None, packages_select_regex=None, packages_skip_regex=None, packages_start=None, packages_end=None, cmake_args=None, cmake_target=None, cmake_target_skip_unavailable=False, cmake_clean_cache=False, cmake_clean_first=False, cmake_force_configure=False, ament_cmake_args=None, catkin_cmake_args=None, catkin_skip_building_tests=False, verb_parser=<colcon_defaults.argument_parser.defaults.DefaultArgumentsDecorator object at 0x7faa688baee0>, verb_extension=<colcon_core.verb.build.BuildVerb object at 0x7faa688372e0>, main=<bound method BuildVerb.main of <colcon_core.verb.build.BuildVerb object at 0x7faa688372e0>>)
[2.133s] Level 1:colcon.colcon_core.package_discovery:discover_packages(colcon_meta) check parameters
[2.134s] Level 1:colcon.colcon_core.package_discovery:discover_packages(recursive) check parameters
[2.134s] Level 1:colcon.colcon_core.package_discovery:discover_packages(ignore) check parameters
[2.134s] Level 1:colcon.colcon_core.package_discovery:discover_packages(path) check parameters
[2.134s] Level 1:colcon.colcon_core.package_discovery:discover_packages(colcon_meta) discover
[2.134s] Level 1:colcon.colcon_core.package_discovery:discover_packages(recursive) discover
[2.134s] INFO:colcon.colcon_core.package_discovery:Crawling recursively for packages in '/Users/brodie/ros2_truckplatoon'
[2.134s] Level 1:colcon.colcon_core.package_identification:_identify(.) by extensions ['ignore', 'ignore_ament_install']
[2.135s] Level 1:colcon.colcon_core.package_identification:_identify(.) by extension 'ignore'
[2.135s] Level 1:colcon.colcon_core.package_identification:_identify(.) by extension 'ignore_ament_install'
[2.135s] Level 1:colcon.colcon_core.package_identification:_identify(.) by extensions ['colcon_pkg']
[2.135s] Level 1:colcon.colcon_core.package_identification:_identify(.) by extension 'colcon_pkg'
[2.135s] Level 1:colcon.colcon_core.package_identification:_identify(.) by extensions ['colcon_meta']
[2.135s] Level 1:colcon.colcon_core.package_identification:_identify(.) by extension 'colcon_meta'
[2.135s] Level 1:colcon.colcon_core.package_identification:_identify(.) by extensions ['ros']
[2.135s] Level 1:colcon.colcon_core.package_identification:_identify(.) by extension 'ros'
[2.173s] Level 1:colcon.colcon_core.package_identification:_identify(.) by extensions ['cmake', 'python']
[2.173s] Level 1:colcon.colcon_core.package_identification:_identify(.) by extension 'cmake'
[2.174s] Level 1:colcon.colcon_core.package_identification:_identify(.) by extension 'python'
[2.174s] Level 1:colcon.colcon_core.package_identification:_identify(.) by extensions ['python_setup_py']
[2.174s] Level 1:colcon.colcon_core.package_identification:_identify(.) by extension 'python_setup_py'
[2.174s] Level 1:colcon.colcon_core.package_identification:_identify(build) by extensions ['ignore', 'ignore_ament_install']
[2.174s] Level 1:colcon.colcon_core.package_identification:_identify(build) by extension 'ignore'
[2.174s] Level 1:colcon.colcon_core.package_identification:_identify(build) ignored
[2.175s] Level 1:colcon.colcon_core.package_identification:_identify(install) by extensions ['ignore', 'ignore_ament_install']
[2.175s] Level 1:colcon.colcon_core.package_identification:_identify(install) by extension 'ignore'
[2.175s] Level 1:colcon.colcon_core.package_identification:_identify(install) ignored
[2.175s] Level 1:colcon.colcon_core.package_identification:_identify(log) by extensions ['ignore', 'ignore_ament_install']
[2.176s] Level 1:colcon.colcon_core.package_identification:_identify(log) by extension 'ignore'
[2.176s] Level 1:colcon.colcon_core.package_identification:_identify(log) ignored
[2.176s] Level 1:colcon.colcon_core.package_identification:_identify(msg) by extensions ['ignore', 'ignore_ament_install']
[2.176s] Level 1:colcon.colcon_core.package_identification:_identify(msg) by extension 'ignore'
[2.176s] Level 1:colcon.colcon_core.package_identification:_identify(msg) by extension 'ignore_ament_install'
[2.176s] Level 1:colcon.colcon_core.package_identification:_identify(msg) by extensions ['colcon_pkg']
[2.176s] Level 1:colcon.colcon_core.package_identification:_identify(msg) by extension 'colcon_pkg'
[2.177s] Level 1:colcon.colcon_core.package_identification:_identify(msg) by extensions ['colcon_meta']
[2.177s] Level 1:colcon.colcon_core.package_identification:_identify(msg) by extension 'colcon_meta'
[2.177s] Level 1:colcon.colcon_core.package_identification:_identify(msg) by extensions ['ros']
[2.177s] Level 1:colcon.colcon_core.package_identification:_identify(msg) by extension 'ros'
[2.177s] Level 1:colcon.colcon_core.package_identification:_identify(msg) by extensions ['cmake', 'python']
[2.177s] Level 1:colcon.colcon_core.package_identification:_identify(msg) by extension 'cmake'
[2.177s] Level 1:colcon.colcon_core.package_identification:_identify(msg) by extension 'python'
[2.177s] Level 1:colcon.colcon_core.package_identification:_identify(msg) by extensions ['python_setup_py']
[2.177s] Level 1:colcon.colcon_core.package_identification:_identify(msg) by extension 'python_setup_py'
[2.177s] Level 1:colcon.colcon_core.package_identification:_identify(src) by extensions ['ignore', 'ignore_ament_install']
[2.178s] Level 1:colcon.colcon_core.package_identification:_identify(src) by extension 'ignore'
[2.178s] Level 1:colcon.colcon_core.package_identification:_identify(src) by extension 'ignore_ament_install'
[2.178s] Level 1:colcon.colcon_core.package_identification:_identify(src) by extensions ['colcon_pkg']
[2.178s] Level 1:colcon.colcon_core.package_identification:_identify(src) by extension 'colcon_pkg'
[2.178s] Level 1:colcon.colcon_core.package_identification:_identify(src) by extensions ['colcon_meta']
[2.178s] Level 1:colcon.colcon_core.package_identification:_identify(src) by extension 'colcon_meta'
[2.178s] Level 1:colcon.colcon_core.package_identification:_identify(src) by extensions ['ros']
[2.178s] Level 1:colcon.colcon_core.package_identification:_identify(src) by extension 'ros'
[2.178s] Level 1:colcon.colcon_core.package_identification:_identify(src) by extensions ['cmake', 'python']
[2.178s] Level 1:colcon.colcon_core.package_identification:_identify(src) by extension 'cmake'
[2.179s] Level 1:colcon.colcon_core.package_identification:_identify(src) by extension 'python'
[2.179s] Level 1:colcon.colcon_core.package_identification:_identify(src) by extensions ['python_setup_py']
[2.179s] Level 1:colcon.colcon_core.package_identification:_identify(src) by extension 'python_setup_py'
[2.179s] Level 1:colcon.colcon_core.package_identification:_identify(src/truck) by extensions ['ignore', 'ignore_ament_install']
[2.179s] Level 1:colcon.colcon_core.package_identification:_identify(src/truck) by extension 'ignore'
[2.179s] Level 1:colcon.colcon_core.package_identification:_identify(src/truck) by extension 'ignore_ament_install'
[2.179s] Level 1:colcon.colcon_core.package_identification:_identify(src/truck) by extensions ['colcon_pkg']
[2.179s] Level 1:colcon.colcon_core.package_identification:_identify(src/truck) by extension 'colcon_pkg'
[2.179s] Level 1:colcon.colcon_core.package_identification:_identify(src/truck) by extensions ['colcon_meta']
[2.179s] Level 1:colcon.colcon_core.package_identification:_identify(src/truck) by extension 'colcon_meta'
[2.180s] Level 1:colcon.colcon_core.package_identification:_identify(src/truck) by extensions ['ros']
[2.180s] Level 1:colcon.colcon_core.package_identification:_identify(src/truck) by extension 'ros'
[2.186s] DEBUG:colcon.colcon_core.package_identification:Package 'src/truck' with type 'ros.ament_cmake' and name 'truck'
[2.186s] Level 1:colcon.colcon_core.package_identification:_identify(srv) by extensions ['ignore', 'ignore_ament_install']
[2.187s] Level 1:colcon.colcon_core.package_identification:_identify(srv) by extension 'ignore'
[2.187s] Level 1:colcon.colcon_core.package_identification:_identify(srv) by extension 'ignore_ament_install'
[2.187s] Level 1:colcon.colcon_core.package_identification:_identify(srv) by extensions ['colcon_pkg']
[2.187s] Level 1:colcon.colcon_core.package_identification:_identify(srv) by extension 'colcon_pkg'
[2.187s] Level 1:colcon.colcon_core.package_identification:_identify(srv) by extensions ['colcon_meta']
[2.187s] Level 1:colcon.colcon_core.package_identification:_identify(srv) by extension 'colcon_meta'
[2.187s] Level 1:colcon.colcon_core.package_identification:_identify(srv) by extensions ['ros']
[2.187s] Level 1:colcon.colcon_core.package_identification:_identify(srv) by extension 'ros'
[2.187s] Level 1:colcon.colcon_core.package_identification:_identify(srv) by extensions ['cmake', 'python']
[2.188s] Level 1:colcon.colcon_core.package_identification:_identify(srv) by extension 'cmake'
[2.188s] Level 1:colcon.colcon_core.package_identification:_identify(srv) by extension 'python'
[2.188s] Level 1:colcon.colcon_core.package_identification:_identify(srv) by extensions ['python_setup_py']
[2.188s] Level 1:colcon.colcon_core.package_identification:_identify(srv) by extension 'python_setup_py'
[2.188s] Level 1:colcon.colcon_core.package_discovery:discover_packages(recursive) using defaults
[2.188s] Level 1:colcon.colcon_core.package_discovery:discover_packages(ignore) discover
[2.188s] Level 1:colcon.colcon_core.package_discovery:discover_packages(ignore) using defaults
[2.188s] Level 1:colcon.colcon_core.package_discovery:discover_packages(path) discover
[2.188s] Level 1:colcon.colcon_core.package_discovery:discover_packages(path) using defaults
[2.300s] Level 5:colcon.colcon_core.verb:set package 'truck' build argument 'cmake_args' from command line to 'None'
[2.300s] Level 5:colcon.colcon_core.verb:set package 'truck' build argument 'cmake_target' from command line to 'None'
[2.300s] Level 5:colcon.colcon_core.verb:set package 'truck' build argument 'cmake_target_skip_unavailable' from command line to 'False'
[2.300s] Level 5:colcon.colcon_core.verb:set package 'truck' build argument 'cmake_clean_cache' from command line to 'False'
[2.301s] Level 5:colcon.colcon_core.verb:set package 'truck' build argument 'cmake_clean_first' from command line to 'False'
[2.301s] Level 5:colcon.colcon_core.verb:set package 'truck' build argument 'cmake_force_configure' from command line to 'False'
[2.301s] Level 5:colcon.colcon_core.verb:set package 'truck' build argument 'ament_cmake_args' from command line to 'None'
[2.301s] Level 5:colcon.colcon_core.verb:set package 'truck' build argument 'catkin_cmake_args' from command line to 'None'
[2.301s] Level 5:colcon.colcon_core.verb:set package 'truck' build argument 'catkin_skip_building_tests' from command line to 'False'
[2.301s] DEBUG:colcon.colcon_core.verb:Building package 'truck' with the following arguments: {'ament_cmake_args': None, 'build_base': '/Users/brodie/ros2_truckplatoon/build/truck', 'catkin_cmake_args': None, 'catkin_skip_building_tests': False, 'cmake_args': None, 'cmake_clean_cache': False, 'cmake_clean_first': False, 'cmake_force_configure': False, 'cmake_target': None, 'cmake_target_skip_unavailable': False, 'install_base': '/Users/brodie/ros2_truckplatoon/install/truck', 'merge_install': False, 'path': '/Users/brodie/ros2_truckplatoon/src/truck', 'symlink_install': False, 'test_result_base': None}
[2.305s] INFO:colcon.colcon_core.executor:Executing jobs using 'parallel' executor
[2.339s] DEBUG:colcon.colcon_parallel_executor.executor.parallel:run_until_complete
[2.340s] INFO:colcon.colcon_ros.task.ament_cmake.build:Building ROS package in '/Users/brodie/ros2_truckplatoon/src/truck' with build type 'ament_cmake'
[2.340s] INFO:colcon.colcon_cmake.task.cmake.build:Building CMake package in '/Users/brodie/ros2_truckplatoon/src/truck'
[2.384s] INFO:colcon.colcon_core.plugin_system:Skipping extension 'colcon_core.shell.bat': Not used on non-Windows systems
[2.384s] INFO:colcon.colcon_core.shell:Skip shell extension 'powershell' for command environment: Not usable outside of PowerShell
[2.385s] DEBUG:colcon.colcon_core.shell:Skip shell extension 'dsv' for command environment
[2.477s] DEBUG:colcon.colcon_core.event_handler.log_command:Invoking command in '/Users/brodie/ros2_truckplatoon/build/truck': CMAKE_PREFIX_PATH=${CMAKE_PREFIX_PATH}:/Users/brodie/my_workspace/install/my_package SHLVL=2 _=/usr/bin/env /usr/local/bin/cmake --build /Users/brodie/ros2_truckplatoon/build/truck -- -j8 -l8
[4.458s] DEBUG:colcon.colcon_core.event_handler.log_command:Invoked command in '/Users/brodie/ros2_truckplatoon/build/truck' returned '2': CMAKE_PREFIX_PATH=${CMAKE_PREFIX_PATH}:/Users/brodie/my_workspace/install/my_package SHLVL=2 _=/usr/bin/env /usr/local/bin/cmake --build /Users/brodie/ros2_truckplatoon/build/truck -- -j8 -l8
[4.622s] Level 1:colcon.colcon_core.environment:create_environment_scripts_only(truck)
[4.654s] Level 1:colcon.colcon_core.environment:checking '/Users/brodie/ros2_truckplatoon/install/truck' for CMake module files
[4.655s] Level 1:colcon.colcon_core.environment:checking '/Users/brodie/ros2_truckplatoon/install/truck' for CMake config files
[4.655s] Level 1:colcon.colcon_core.shell:create_environment_hook('truck', 'cmake_prefix_path')
[4.669s] INFO:colcon.colcon_core.shell:Creating environment hook '/Users/brodie/ros2_truckplatoon/install/truck/share/truck/hook/cmake_prefix_path.ps1'
[4.671s] INFO:colcon.colcon_core.shell:Creating environment descriptor '/Users/brodie/ros2_truckplatoon/install/truck/share/truck/hook/cmake_prefix_path.dsv'
[4.672s] INFO:colcon.colcon_core.shell:Creating environment hook '/Users/brodie/ros2_truckplatoon/install/truck/share/truck/hook/cmake_prefix_path.sh'
[4.674s] Level 1:colcon.colcon_core.environment:checking '/Users/brodie/ros2_truckplatoon/install/truck/lib'
[4.675s] Level 1:colcon.colcon_core.environment:checking '/Users/brodie/ros2_truckplatoon/install/truck/bin'
[4.675s] Level 1:colcon.colcon_core.environment:checking '/Users/brodie/ros2_truckplatoon/install/truck/lib/pkgconfig/truck.pc'
[4.675s] Level 1:colcon.colcon_core.environment:checking '/Users/brodie/ros2_truckplatoon/install/truck/lib/python3.9/site-packages'
[4.676s] Level 1:colcon.colcon_core.environment:checking '/Users/brodie/ros2_truckplatoon/install/truck/bin'
[4.689s] INFO:colcon.colcon_core.shell:Creating package script '/Users/brodie/ros2_truckplatoon/install/truck/share/truck/package.ps1'
[4.693s] INFO:colcon.colcon_core.shell:Creating package descriptor '/Users/brodie/ros2_truckplatoon/install/truck/share/truck/package.dsv'
[4.694s] INFO:colcon.colcon_core.shell:Creating package script '/Users/brodie/ros2_truckplatoon/install/truck/share/truck/package.sh'
[4.696s] INFO:colcon.colcon_core.shell:Creating package script '/Users/brodie/ros2_truckplatoon/install/truck/share/truck/package.bash'
[4.698s] INFO:colcon.colcon_core.shell:Creating package script '/Users/brodie/ros2_truckplatoon/install/truck/share/truck/package.zsh'
[4.701s] Level 1:colcon.colcon_core.environment:create_file_with_runtime_dependencies(/Users/brodie/ros2_truckplatoon/install/truck/share/colcon-core/packages/truck)
[4.702s] DEBUG:colcon.colcon_parallel_executor.executor.parallel:closing loop
[4.702s] DEBUG:colcon.colcon_parallel_executor.executor.parallel:loop closed
[4.702s] DEBUG:colcon.colcon_parallel_executor.executor.parallel:run_until_complete finished with '2'
[4.702s] DEBUG:colcon.colcon_core.event_reactor:joining thread
[4.718s] INFO:colcon.colcon_core.plugin_system:Skipping extension 'colcon_notification.desktop_notification.notify2': 'notify2' not found
[4.718s] INFO:colcon.colcon_core.plugin_system:Skipping extension 'colcon_notification.desktop_notification.notify_send': Not used on non-Linux systems
[4.718s] INFO:colcon.colcon_core.plugin_system:Skipping extension 'colcon_notification.desktop_notification.win32': Not used on non-Windows systems
[4.718s] INFO:colcon.colcon_notification.desktop_notification:Sending desktop notification using 'terminal_notifier'
[4.778s] DEBUG:colcon.colcon_core.event_reactor:joined thread
[4.797s] INFO:colcon.colcon_core.shell:Creating prefix script '/Users/brodie/ros2_truckplatoon/install/local_setup.ps1'
[4.799s] INFO:colcon.colcon_core.shell:Creating prefix util module '/Users/brodie/ros2_truckplatoon/install/_local_setup_util_ps1.py'
[4.802s] INFO:colcon.colcon_core.shell:Creating prefix chain script '/Users/brodie/ros2_truckplatoon/install/setup.ps1'
[4.816s] INFO:colcon.colcon_core.shell:Creating prefix script '/Users/brodie/ros2_truckplatoon/install/local_setup.sh'
[4.817s] INFO:colcon.colcon_core.shell:Creating prefix util module '/Users/brodie/ros2_truckplatoon/install/_local_setup_util_sh.py'
[4.818s] INFO:colcon.colcon_core.shell:Creating prefix chain script '/Users/brodie/ros2_truckplatoon/install/setup.sh'
[4.832s] INFO:colcon.colcon_core.shell:Creating prefix script '/Users/brodie/ros2_truckplatoon/install/local_setup.bash'
[4.834s] INFO:colcon.colcon_core.shell:Creating prefix chain script '/Users/brodie/ros2_truckplatoon/install/setup.bash'
[4.850s] INFO:colcon.colcon_core.shell:Creating prefix script '/Users/brodie/ros2_truckplatoon/install/local_setup.zsh'
[4.852s] INFO:colcon.colcon_core.shell:Creating prefix chain script '/Users/brodie/ros2_truckplatoon/install/setup.zsh'
