[0.101s] Invoking command in '/Users/brodie/ros2_truckplatoon/build/truck': CMAKE_PREFIX_PATH=${CMAKE_PREFIX_PATH}:/Users/brodie/my_workspace/install/my_package SHLVL=2 _=/usr/bin/env /usr/local/bin/cmake /Users/brodie/ros2_truckplatoon/src/truck -DCMAKE_INSTALL_PREFIX=/Users/brodie/ros2_truckplatoon/install/truck
[0.320s] -- The C compiler identification is AppleClang 14.0.0.14000029
[0.465s] -- The CXX compiler identification is AppleClang 14.0.0.14000029
[0.480s] -- Detecting C compiler ABI info
[0.752s] -- Detecting C compiler ABI info - done
[0.771s] -- Check for working C compiler: /Applications/Xcode.app/Contents/Developer/Toolchains/XcodeDefault.xctoolchain/usr/bin/cc - skipped
[0.772s] -- Detecting C compile features
[0.772s] -- Detecting C compile features - done
[0.783s] -- Detecting CXX compiler ABI info
[1.023s] -- Detecting CXX compiler ABI info - done
[1.035s] -- Check for working CXX compiler: /Applications/Xcode.app/Contents/Developer/Toolchains/XcodeDefault.xctoolchain/usr/bin/c++ - skipped
[1.036s] -- Detecting CXX compile features
[1.037s] -- Detecting CXX compile features - done
[1.060s] -- Found ament_cmake: 0.9.9 (/Users/brodie/ros2_foxy/ros2-osx/share/ament_cmake/cmake)
[1.168s] -- Found PythonInterp: /Library/Frameworks/Python.framework/Versions/3.9/bin/python3 (found suitable version "3.9.4", minimum required is "3") 
[1.168s] -- Using PYTHON_EXECUTABLE: /Library/Frameworks/Python.framework/Versions/3.9/bin/python3
[1.931s] -- Found ament_lint_auto: 0.9.6 (/Users/brodie/ros2_foxy/ros2-osx/share/ament_lint_auto/cmake)
[2.282s] -- Added test 'copyright' to check source files copyright and LICENSE
[2.286s] -- Added test 'lint_cmake' to check CMake code style
[2.289s] -- Added test 'xmllint' to check XML markup files
[2.293s] -- Configuring done
[2.311s] -- Generating done
[2.318s] -- Build files have been written to: /Users/brodie/ros2_truckplatoon/build/truck
[2.324s] Invoked command in '/Users/brodie/ros2_truckplatoon/build/truck' returned '0': CMAKE_PREFIX_PATH=${CMAKE_PREFIX_PATH}:/Users/brodie/my_workspace/install/my_package SHLVL=2 _=/usr/bin/env /usr/local/bin/cmake /Users/brodie/ros2_truckplatoon/src/truck -DCMAKE_INSTALL_PREFIX=/Users/brodie/ros2_truckplatoon/install/truck
[2.330s] Invoking command in '/Users/brodie/ros2_truckplatoon/build/truck': CMAKE_PREFIX_PATH=${CMAKE_PREFIX_PATH}:/Users/brodie/my_workspace/install/my_package SHLVL=2 _=/usr/bin/env /usr/local/bin/cmake --build /Users/brodie/ros2_truckplatoon/build/truck -- -j8 -l8
[2.404s] Invoked command in '/Users/brodie/ros2_truckplatoon/build/truck' returned '0': CMAKE_PREFIX_PATH=${CMAKE_PREFIX_PATH}:/Users/brodie/my_workspace/install/my_package SHLVL=2 _=/usr/bin/env /usr/local/bin/cmake --build /Users/brodie/ros2_truckplatoon/build/truck -- -j8 -l8
[2.513s] Invoking command in '/Users/brodie/ros2_truckplatoon/build/truck': CMAKE_PREFIX_PATH=${CMAKE_PREFIX_PATH}:/Users/brodie/my_workspace/install/my_package SHLVL=2 _=/usr/bin/env /usr/local/bin/cmake --install /Users/brodie/ros2_truckplatoon/build/truck
[2.529s] -- Install configuration: ""
[2.530s] -- Installing: /Users/brodie/ros2_truckplatoon/install/truck/share/ament_index/resource_index/package_run_dependencies/truck
[2.530s] -- Installing: /Users/brodie/ros2_truckplatoon/install/truck/share/ament_index/resource_index/parent_prefix_path/truck
[2.531s] -- Installing: /Users/brodie/ros2_truckplatoon/install/truck/share/truck/environment/ament_prefix_path.sh
[2.531s] -- Installing: /Users/brodie/ros2_truckplatoon/install/truck/share/truck/environment/ament_prefix_path.dsv
[2.532s] -- Installing: /Users/brodie/ros2_truckplatoon/install/truck/share/truck/environment/path.sh
[2.533s] -- Installing: /Users/brodie/ros2_truckplatoon/install/truck/share/truck/environment/path.dsv
[2.533s] -- Installing: /Users/brodie/ros2_truckplatoon/install/truck/share/truck/local_setup.bash
[2.534s] -- Installing: /Users/brodie/ros2_truckplatoon/install/truck/share/truck/local_setup.sh
[2.534s] -- Installing: /Users/brodie/ros2_truckplatoon/install/truck/share/truck/local_setup.zsh
[2.535s] -- Installing: /Users/brodie/ros2_truckplatoon/install/truck/share/truck/local_setup.dsv
[2.535s] -- Installing: /Users/brodie/ros2_truckplatoon/install/truck/share/truck/package.dsv
[2.535s] -- Installing: /Users/brodie/ros2_truckplatoon/install/truck/share/ament_index/resource_index/packages/truck
[2.536s] -- Installing: /Users/brodie/ros2_truckplatoon/install/truck/share/truck/cmake/truckConfig.cmake
[2.537s] -- Installing: /Users/brodie/ros2_truckplatoon/install/truck/share/truck/cmake/truckConfig-version.cmake
[2.537s] -- Installing: /Users/brodie/ros2_truckplatoon/install/truck/share/truck/package.xml
[2.544s] Invoked command in '/Users/brodie/ros2_truckplatoon/build/truck' returned '0': CMAKE_PREFIX_PATH=${CMAKE_PREFIX_PATH}:/Users/brodie/my_workspace/install/my_package SHLVL=2 _=/usr/bin/env /usr/local/bin/cmake --install /Users/brodie/ros2_truckplatoon/build/truck
