[0.113s] Invoking command in '/Users/brodie/ros2_truckplatoon/build/message': CMAKE_PREFIX_PATH=${CMAKE_PREFIX_PATH}:/Users/brodie/my_workspace/install/my_package SHLVL=2 _=/usr/bin/env /usr/local/bin/cmake /Users/brodie/ros2_truckplatoon/src/message -DCMAKE_INSTALL_PREFIX=/Users/brodie/ros2_truckplatoon/install/message
[0.160s] -- Found ament_cmake: 0.9.9 (/Users/brodie/ros2_foxy/ros2-osx/share/ament_cmake/cmake)
[0.233s] -- Found PythonInterp: /Library/Frameworks/Python.framework/Versions/3.9/bin/python3 (found suitable version "3.9.4", minimum required is "3") 
[0.233s] -- Using PYTHON_EXECUTABLE: /Library/Frameworks/Python.framework/Versions/3.9/bin/python3
[0.692s] -- Found rosidl_default_generators: 1.0.1 (/Users/brodie/ros2_foxy/ros2-osx/share/rosidl_default_generators/cmake)
[0.697s] -- Using all available rosidl_typesupport_c: rosidl_typesupport_connext_c;rosidl_typesupport_fastrtps_c;rosidl_typesupport_introspection_c
[0.703s] -- Found rosidl_adapter: 1.2.1 (/Users/brodie/ros2_foxy/ros2-osx/share/rosidl_adapter/cmake)
[0.801s] -- Could not find RTI Connext - skipping rosidl_typesupport_connext_c
[0.829s] -- Could not find RTI Connext - skipping rosidl_typesupport_connext_cpp
[1.038s] -- Using all available rosidl_typesupport_cpp: rosidl_typesupport_connext_cpp;rosidl_typesupport_fastrtps_cpp;rosidl_typesupport_introspection_cpp
[1.140s] -- Found PythonInterp: /Library/Frameworks/Python.framework/Versions/3.9/bin/python3 (found version "3.9.4") 
[1.419s] -- Found ament_cmake_ros: 0.9.2 (/Users/brodie/ros2_foxy/ros2-osx/share/ament_cmake_ros/cmake)
[1.694s] -- Using all available rosidl_typesupport_c: rosidl_typesupport_connext_c;rosidl_typesupport_fastrtps_c;rosidl_typesupport_introspection_c
[1.717s] -- Using all available rosidl_typesupport_cpp: rosidl_typesupport_connext_cpp;rosidl_typesupport_fastrtps_cpp;rosidl_typesupport_introspection_cpp
[1.794s] -- Found PythonInterp: /Library/Frameworks/Python.framework/Versions/3.9/bin/python3 (found suitable version "3.9.4", minimum required is "3.5") 
[1.822s] -- Found python_cmake_module: 0.8.1 (/Users/brodie/ros2_foxy/ros2-osx/share/python_cmake_module/cmake)
[1.983s] -- Using PythonExtra_INCLUDE_DIRS: /Library/Frameworks/Python.framework/Versions/3.9/include/python3.9;/Library/Frameworks/Python.framework/Versions/3.9/include/python3.9
[2.065s] -- Using PythonExtra_LIBRARIES: /Library/Frameworks/Python.framework/Versions/3.9/lib/python3.9/config-3.9-darwin/libpython3.9.dylib
[2.147s] -- Found PythonExtra: .so  
[3.264s] -- Using numpy include directory: /Library/Frameworks/Python.framework/Versions/3.9/lib/python3.9/site-packages/numpy/core/include
[3.296s] -- Found ament_lint_auto: 0.9.6 (/Users/brodie/ros2_foxy/ros2-osx/share/ament_lint_auto/cmake)
[3.513s] -- Added test 'copyright' to check source files copyright and LICENSE
[3.518s] -- Added test 'lint_cmake' to check CMake code style
[3.521s] -- Added test 'xmllint' to check XML markup files
[3.529s] -- Configuring done
[3.673s] -- Generating done
[3.690s] -- Build files have been written to: /Users/brodie/ros2_truckplatoon/build/message
[3.699s] Invoked command in '/Users/brodie/ros2_truckplatoon/build/message' returned '0': CMAKE_PREFIX_PATH=${CMAKE_PREFIX_PATH}:/Users/brodie/my_workspace/install/my_package SHLVL=2 _=/usr/bin/env /usr/local/bin/cmake /Users/brodie/ros2_truckplatoon/src/message -DCMAKE_INSTALL_PREFIX=/Users/brodie/ros2_truckplatoon/install/message
[3.701s] Invoking command in '/Users/brodie/ros2_truckplatoon/build/message': CMAKE_PREFIX_PATH=${CMAKE_PREFIX_PATH}:/Users/brodie/my_workspace/install/my_package SHLVL=2 _=/usr/bin/env /usr/local/bin/cmake --build /Users/brodie/ros2_truckplatoon/build/message -- -j8 -l8
[3.802s] [  3%] Generating C code for ROS interfaces
[3.806s] Scanning dependencies of target message__cpp
[3.832s] [  6%] Generating C++ code for ROS interfaces
[4.436s] [  6%] Built target message__cpp
[4.442s] Scanning dependencies of target message__rosidl_generator_c
[4.472s] [ 12%] Generating C++ type support dispatch for ROS interfaces
[4.472s] [ 12%] Generating C++ type support for eProsima Fast-RTPS
[4.474s] [ 16%] Generating C++ introspection for ROS interfaces
[4.482s] [ 19%] Building C object CMakeFiles/message__rosidl_generator_c.dir/rosidl_generator_c/message/msg/detail/message__functions.c.o
[4.647s] [ 22%] Linking C shared library libmessage__rosidl_generator_c.dylib
[4.815s] [ 22%] Built target message__rosidl_generator_c
[4.853s] [ 25%] Generating C type support dispatch for ROS interfaces
[4.855s] [ 29%] Generating C introspection for ROS interfaces
[5.165s] Scanning dependencies of target message__rosidl_typesupport_cpp
[5.205s] [ 32%] Building CXX object CMakeFiles/message__rosidl_typesupport_cpp.dir/rosidl_typesupport_cpp/message/msg/message__type_support.cpp.o
[5.215s] Scanning dependencies of target message__rosidl_typesupport_introspection_cpp
[5.254s] [ 35%] Building CXX object CMakeFiles/message__rosidl_typesupport_introspection_cpp.dir/rosidl_typesupport_introspection_cpp/message/msg/detail/message__type_support.cpp.o
[5.255s] Scanning dependencies of target message__rosidl_typesupport_fastrtps_cpp
[5.296s] [ 38%] Building CXX object CMakeFiles/message__rosidl_typesupport_fastrtps_cpp.dir/rosidl_typesupport_fastrtps_cpp/message/msg/detail/dds_fastrtps/message__type_support.cpp.o
[5.515s] Scanning dependencies of target message__rosidl_typesupport_c
[5.554s] [ 41%] Building CXX object CMakeFiles/message__rosidl_typesupport_c.dir/rosidl_typesupport_c/message/msg/message__type_support.cpp.o
[5.583s] Scanning dependencies of target message__rosidl_typesupport_introspection_c
[5.625s] [ 45%] Building C object CMakeFiles/message__rosidl_typesupport_introspection_c.dir/rosidl_typesupport_introspection_c/message/msg/detail/message__type_support.c.o
[5.671s] [ 48%] Linking CXX shared library libmessage__rosidl_typesupport_c.dylib
[5.750s] [ 51%] Linking C shared library libmessage__rosidl_typesupport_introspection_c.dylib
[5.825s] [ 51%] Built target message__rosidl_typesupport_c
[5.901s] [ 51%] Built target message__rosidl_typesupport_introspection_c
[6.113s] [ 54%] Linking CXX shared library libmessage__rosidl_typesupport_cpp.dylib
[6.158s] [ 58%] Linking CXX shared library libmessage__rosidl_typesupport_introspection_cpp.dylib
[6.244s] [ 58%] Built target message__rosidl_typesupport_cpp
[6.289s] [ 58%] Built target message__rosidl_typesupport_introspection_cpp
[6.460s] [ 61%] Linking CXX shared library libmessage__rosidl_typesupport_fastrtps_cpp.dylib
[6.565s] [ 61%] Built target message__rosidl_typesupport_fastrtps_cpp
[6.591s] [ 64%] Generating C type support for eProsima Fast-RTPS
[7.061s] Scanning dependencies of target message__rosidl_typesupport_fastrtps_c
[7.086s] [ 67%] Building CXX object CMakeFiles/message__rosidl_typesupport_fastrtps_c.dir/rosidl_typesupport_fastrtps_c/message/msg/detail/message__type_support_c.cpp.o
[7.921s] [ 70%] Linking CXX shared library libmessage__rosidl_typesupport_fastrtps_c.dylib
[8.027s] [ 70%] Built target message__rosidl_typesupport_fastrtps_c
[8.061s] Scanning dependencies of target message
[8.086s] [ 70%] Built target message
[8.109s] Scanning dependencies of target message__py
[8.134s] [ 74%] Generating Python code for ROS interfaces
[8.883s] [ 74%] Built target message__py
[8.961s] Scanning dependencies of target message__python
[8.987s] [ 77%] Building C object CMakeFiles/message__python.dir/rosidl_generator_py/message/msg/_message_s.c.o
[9.166s] [ 80%] Linking C shared library rosidl_generator_py/message/libmessage__python.dylib
[9.276s] [ 80%] Built target message__python
[9.327s] Scanning dependencies of target message__rosidl_typesupport_c__pyext
[9.327s] Scanning dependencies of target message__rosidl_typesupport_introspection_c__pyext
[9.329s] Scanning dependencies of target message__rosidl_typesupport_fastrtps_c__pyext
[9.355s] [ 87%] Building C object CMakeFiles/message__rosidl_typesupport_c__pyext.dir/rosidl_generator_py/message/_message_s.ep.rosidl_typesupport_c.c.o
[9.355s] [ 87%] Building C object CMakeFiles/message__rosidl_typesupport_fastrtps_c__pyext.dir/rosidl_generator_py/message/_message_s.ep.rosidl_typesupport_fastrtps_c.c.o
[9.355s] [ 90%] Building C object CMakeFiles/message__rosidl_typesupport_introspection_c__pyext.dir/rosidl_generator_py/message/_message_s.ep.rosidl_typesupport_introspection_c.c.o
[9.541s] [ 93%] Linking C shared library rosidl_generator_py/message/message_s__rosidl_typesupport_introspection_c.cpython-39-darwin.so
[9.543s] [ 96%] Linking C shared library rosidl_generator_py/message/message_s__rosidl_typesupport_c.cpython-39-darwin.so
[9.547s] [100%] Linking CXX shared library rosidl_generator_py/message/message_s__rosidl_typesupport_fastrtps_c.cpython-39-darwin.so
[9.673s] [100%] Built target message__rosidl_typesupport_c__pyext
[9.676s] [100%] Built target message__rosidl_typesupport_introspection_c__pyext
[9.693s] [100%] Built target message__rosidl_typesupport_fastrtps_c__pyext
[9.720s] Invoked command in '/Users/brodie/ros2_truckplatoon/build/message' returned '0': CMAKE_PREFIX_PATH=${CMAKE_PREFIX_PATH}:/Users/brodie/my_workspace/install/my_package SHLVL=2 _=/usr/bin/env /usr/local/bin/cmake --build /Users/brodie/ros2_truckplatoon/build/message -- -j8 -l8
[10.065s] Invoking command in '/Users/brodie/ros2_truckplatoon/build/message': CMAKE_PREFIX_PATH=${CMAKE_PREFIX_PATH}:/Users/brodie/my_workspace/install/my_package SHLVL=2 _=/usr/bin/env /usr/local/bin/cmake --install /Users/brodie/ros2_truckplatoon/build/message
[10.086s] -- Install configuration: ""
[10.087s] -- Installing: /Users/brodie/ros2_truckplatoon/install/message/share/ament_index/resource_index/rosidl_interfaces/message
[10.087s] -- Installing: /Users/brodie/ros2_truckplatoon/install/message/include/message
[10.088s] -- Installing: /Users/brodie/ros2_truckplatoon/install/message/include/message/msg
[10.089s] -- Installing: /Users/brodie/ros2_truckplatoon/install/message/include/message/msg/rosidl_generator_c__visibility_control.h
[10.089s] -- Installing: /Users/brodie/ros2_truckplatoon/install/message/include/message/msg/message.h
[10.090s] -- Installing: /Users/brodie/ros2_truckplatoon/install/message/include/message/msg/detail
[10.090s] -- Installing: /Users/brodie/ros2_truckplatoon/install/message/include/message/msg/detail/message__struct.h
[10.091s] -- Installing: /Users/brodie/ros2_truckplatoon/install/message/include/message/msg/detail/message__functions.h
[10.091s] -- Installing: /Users/brodie/ros2_truckplatoon/install/message/include/message/msg/detail/message__type_support.h
[10.092s] -- Installing: /Users/brodie/ros2_truckplatoon/install/message/include/message/msg/detail/message__functions.c
[10.092s] -- Installing: /Users/brodie/ros2_truckplatoon/install/message/share/message/environment/library_path.sh
[10.093s] -- Installing: /Users/brodie/ros2_truckplatoon/install/message/share/message/environment/library_path.dsv
[10.093s] -- Installing: /Users/brodie/ros2_truckplatoon/install/message/lib/libmessage__rosidl_generator_c.dylib
[10.113s] -- Up-to-date: /Users/brodie/ros2_truckplatoon/install/message/include/message
[10.113s] -- Up-to-date: /Users/brodie/ros2_truckplatoon/install/message/include/message/msg
[10.114s] -- Up-to-date: /Users/brodie/ros2_truckplatoon/install/message/include/message/msg/detail
[10.114s] -- Installing: /Users/brodie/ros2_truckplatoon/install/message/include/message/msg/detail/message__rosidl_typesupport_fastrtps_c.h
[10.114s] -- Installing: /Users/brodie/ros2_truckplatoon/install/message/include/message/msg/rosidl_typesupport_fastrtps_c__visibility_control.h
[10.114s] -- Installing: /Users/brodie/ros2_truckplatoon/install/message/lib/libmessage__rosidl_typesupport_fastrtps_c.dylib
[10.173s] -- Up-to-date: /Users/brodie/ros2_truckplatoon/install/message/include/message
[10.173s] -- Up-to-date: /Users/brodie/ros2_truckplatoon/install/message/include/message/msg
[10.174s] -- Installing: /Users/brodie/ros2_truckplatoon/install/message/include/message/msg/rosidl_typesupport_fastrtps_cpp__visibility_control.h
[10.175s] -- Up-to-date: /Users/brodie/ros2_truckplatoon/install/message/include/message/msg/detail
[10.175s] -- Installing: /Users/brodie/ros2_truckplatoon/install/message/include/message/msg/detail/dds_fastrtps
[10.175s] -- Installing: /Users/brodie/ros2_truckplatoon/install/message/include/message/msg/detail/message__rosidl_typesupport_fastrtps_cpp.hpp
[10.176s] -- Installing: /Users/brodie/ros2_truckplatoon/install/message/lib/libmessage__rosidl_typesupport_fastrtps_cpp.dylib
[10.220s] -- Up-to-date: /Users/brodie/ros2_truckplatoon/install/message/include/message
[10.221s] -- Up-to-date: /Users/brodie/ros2_truckplatoon/install/message/include/message/msg
[10.221s] -- Up-to-date: /Users/brodie/ros2_truckplatoon/install/message/include/message/msg/detail
[10.222s] -- Installing: /Users/brodie/ros2_truckplatoon/install/message/include/message/msg/detail/message__type_support.c
[10.222s] -- Installing: /Users/brodie/ros2_truckplatoon/install/message/include/message/msg/detail/message__rosidl_typesupport_introspection_c.h
[10.222s] -- Installing: /Users/brodie/ros2_truckplatoon/install/message/include/message/msg/rosidl_typesupport_introspection_c__visibility_control.h
[10.223s] -- Installing: /Users/brodie/ros2_truckplatoon/install/message/lib/libmessage__rosidl_typesupport_introspection_c.dylib
[10.273s] -- Installing: /Users/brodie/ros2_truckplatoon/install/message/lib/libmessage__rosidl_typesupport_c.dylib
[10.294s] -- Up-to-date: /Users/brodie/ros2_truckplatoon/install/message/include/message
[10.295s] -- Up-to-date: /Users/brodie/ros2_truckplatoon/install/message/include/message/msg
[10.295s] -- Up-to-date: /Users/brodie/ros2_truckplatoon/install/message/include/message/msg/detail
[10.295s] -- Installing: /Users/brodie/ros2_truckplatoon/install/message/include/message/msg/detail/message__traits.hpp
[10.296s] -- Installing: /Users/brodie/ros2_truckplatoon/install/message/include/message/msg/detail/message__struct.hpp
[10.296s] -- Installing: /Users/brodie/ros2_truckplatoon/install/message/include/message/msg/detail/message__builder.hpp
[10.296s] -- Installing: /Users/brodie/ros2_truckplatoon/install/message/include/message/msg/message.hpp
[10.297s] -- Up-to-date: /Users/brodie/ros2_truckplatoon/install/message/include/message
[10.297s] -- Up-to-date: /Users/brodie/ros2_truckplatoon/install/message/include/message/msg
[10.298s] -- Up-to-date: /Users/brodie/ros2_truckplatoon/install/message/include/message/msg/detail
[10.298s] -- Installing: /Users/brodie/ros2_truckplatoon/install/message/include/message/msg/detail/message__type_support.cpp
[10.298s] -- Installing: /Users/brodie/ros2_truckplatoon/install/message/include/message/msg/detail/message__rosidl_typesupport_introspection_cpp.hpp
[10.298s] -- Installing: /Users/brodie/ros2_truckplatoon/install/message/lib/libmessage__rosidl_typesupport_introspection_cpp.dylib
[10.318s] -- Installing: /Users/brodie/ros2_truckplatoon/install/message/lib/libmessage__rosidl_typesupport_cpp.dylib
[10.338s] -- Installing: /Users/brodie/ros2_truckplatoon/install/message/share/message/environment/pythonpath.sh
[10.339s] -- Installing: /Users/brodie/ros2_truckplatoon/install/message/share/message/environment/pythonpath.dsv
[10.339s] -- Installing: /Users/brodie/ros2_truckplatoon/install/message/lib/python3.9/site-packages/message/__init__.py
[10.442s] Compiling '/Users/brodie/ros2_truckplatoon/install/message/lib/python3.9/site-packages/message/__init__.py'...
[10.451s] -- Installing: /Users/brodie/ros2_truckplatoon/install/message/lib/python3.9/site-packages/message/msg
[10.451s] -- Installing: /Users/brodie/ros2_truckplatoon/install/message/lib/python3.9/site-packages/message/msg/__init__.py
[10.452s] -- Installing: /Users/brodie/ros2_truckplatoon/install/message/lib/python3.9/site-packages/message/msg/_message.py
[10.452s] -- Installing: /Users/brodie/ros2_truckplatoon/install/message/lib/python3.9/site-packages/message/msg/_message_s.c
[10.453s] -- Installing: /Users/brodie/ros2_truckplatoon/install/message/lib/python3.9/site-packages/message/message_s__rosidl_typesupport_fastrtps_c.cpython-39-darwin.so
[10.533s] -- Installing: /Users/brodie/ros2_truckplatoon/install/message/lib/python3.9/site-packages/message/message_s__rosidl_typesupport_introspection_c.cpython-39-darwin.so
[10.595s] -- Installing: /Users/brodie/ros2_truckplatoon/install/message/lib/python3.9/site-packages/message/message_s__rosidl_typesupport_c.cpython-39-darwin.so
[10.650s] -- Installing: /Users/brodie/ros2_truckplatoon/install/message/lib/libmessage__python.dylib
[10.695s] -- Installing: /Users/brodie/ros2_truckplatoon/install/message/share/message/msg/Message.idl
[10.695s] -- Installing: /Users/brodie/ros2_truckplatoon/install/message/share/message/msg/Message.msg
[10.696s] -- Installing: /Users/brodie/ros2_truckplatoon/install/message/share/ament_index/resource_index/package_run_dependencies/message
[10.696s] -- Installing: /Users/brodie/ros2_truckplatoon/install/message/share/ament_index/resource_index/parent_prefix_path/message
[10.696s] -- Installing: /Users/brodie/ros2_truckplatoon/install/message/share/message/environment/ament_prefix_path.sh
[10.697s] -- Installing: /Users/brodie/ros2_truckplatoon/install/message/share/message/environment/ament_prefix_path.dsv
[10.697s] -- Installing: /Users/brodie/ros2_truckplatoon/install/message/share/message/environment/path.sh
[10.698s] -- Installing: /Users/brodie/ros2_truckplatoon/install/message/share/message/environment/path.dsv
[10.699s] -- Installing: /Users/brodie/ros2_truckplatoon/install/message/share/message/local_setup.bash
[10.699s] -- Installing: /Users/brodie/ros2_truckplatoon/install/message/share/message/local_setup.sh
[10.700s] -- Installing: /Users/brodie/ros2_truckplatoon/install/message/share/message/local_setup.zsh
[10.700s] -- Installing: /Users/brodie/ros2_truckplatoon/install/message/share/message/local_setup.dsv
[10.701s] -- Installing: /Users/brodie/ros2_truckplatoon/install/message/share/message/package.dsv
[10.702s] -- Installing: /Users/brodie/ros2_truckplatoon/install/message/share/ament_index/resource_index/packages/message
[10.702s] -- Installing: /Users/brodie/ros2_truckplatoon/install/message/share/message/cmake/message__rosidl_generator_cExport.cmake
[10.703s] -- Installing: /Users/brodie/ros2_truckplatoon/install/message/share/message/cmake/message__rosidl_generator_cExport-noconfig.cmake
[10.703s] -- Installing: /Users/brodie/ros2_truckplatoon/install/message/share/message/cmake/message__rosidl_typesupport_introspection_cExport.cmake
[10.704s] -- Installing: /Users/brodie/ros2_truckplatoon/install/message/share/message/cmake/message__rosidl_typesupport_introspection_cExport-noconfig.cmake
[10.704s] -- Installing: /Users/brodie/ros2_truckplatoon/install/message/share/message/cmake/message__rosidl_typesupport_cExport.cmake
[10.705s] -- Installing: /Users/brodie/ros2_truckplatoon/install/message/share/message/cmake/message__rosidl_typesupport_cExport-noconfig.cmake
[10.705s] -- Installing: /Users/brodie/ros2_truckplatoon/install/message/share/message/cmake/message__rosidl_generator_cppExport.cmake
[10.705s] -- Installing: /Users/brodie/ros2_truckplatoon/install/message/share/message/cmake/message__rosidl_typesupport_introspection_cppExport.cmake
[10.706s] -- Installing: /Users/brodie/ros2_truckplatoon/install/message/share/message/cmake/message__rosidl_typesupport_introspection_cppExport-noconfig.cmake
[10.706s] -- Installing: /Users/brodie/ros2_truckplatoon/install/message/share/message/cmake/message__rosidl_typesupport_cppExport.cmake
[10.707s] -- Installing: /Users/brodie/ros2_truckplatoon/install/message/share/message/cmake/message__rosidl_typesupport_cppExport-noconfig.cmake
[10.708s] -- Installing: /Users/brodie/ros2_truckplatoon/install/message/share/message/cmake/rosidl_cmake-extras.cmake
[10.709s] -- Installing: /Users/brodie/ros2_truckplatoon/install/message/share/message/cmake/ament_cmake_export_dependencies-extras.cmake
[10.709s] -- Installing: /Users/brodie/ros2_truckplatoon/install/message/share/message/cmake/ament_cmake_export_libraries-extras.cmake
[10.710s] -- Installing: /Users/brodie/ros2_truckplatoon/install/message/share/message/cmake/ament_cmake_export_targets-extras.cmake
[10.710s] -- Installing: /Users/brodie/ros2_truckplatoon/install/message/share/message/cmake/ament_cmake_export_include_directories-extras.cmake
[10.710s] -- Installing: /Users/brodie/ros2_truckplatoon/install/message/share/message/cmake/rosidl_cmake_export_typesupport_libraries-extras.cmake
[10.711s] -- Installing: /Users/brodie/ros2_truckplatoon/install/message/share/message/cmake/rosidl_cmake_export_typesupport_targets-extras.cmake
[10.711s] -- Installing: /Users/brodie/ros2_truckplatoon/install/message/share/message/cmake/messageConfig.cmake
[10.712s] -- Installing: /Users/brodie/ros2_truckplatoon/install/message/share/message/cmake/messageConfig-version.cmake
[10.712s] -- Installing: /Users/brodie/ros2_truckplatoon/install/message/share/message/package.xml
[10.721s] Invoked command in '/Users/brodie/ros2_truckplatoon/build/message' returned '0': CMAKE_PREFIX_PATH=${CMAKE_PREFIX_PATH}:/Users/brodie/my_workspace/install/my_package SHLVL=2 _=/usr/bin/env /usr/local/bin/cmake --install /Users/brodie/ros2_truckplatoon/build/message
