[0.130s] Invoking command in '/Users/brodie/ros2_truckplatoon/build/truck': CMAKE_PREFIX_PATH=${CMAKE_PREFIX_PATH}:/Users/brodie/my_workspace/install/my_package SHLVL=2 _=/usr/bin/env /usr/local/bin/cmake --build /Users/brodie/ros2_truckplatoon/build/truck -- -j8 -l8
[0.322s] Scanning dependencies of target truck
[0.388s] [ 16%] Building CXX object CMakeFiles/truck.dir/src/truck.cpp.o
[0.389s] [ 33%] Building CXX object CMakeFiles/truck.dir/src/src/Truck.cpp.o
[0.392s] [ 50%] Building CXX object CMakeFiles/truck.dir/src/src/Leader.cpp.o
[0.394s] [ 66%] Building CXX object CMakeFiles/truck.dir/src/src/Communication.cpp.o
[2.244s] In file included from /Users/brodie/ros2_truckplatoon/src/truck/src/src/Leader.cpp:1:
[2.245s] In file included from /Users/brodie/ros2_truckplatoon/src/truck/src/src/Leader.hpp:4:
[2.245s] /Users/brodie/ros2_truckplatoon/src/truck/src/src/Truck.hpp:4:10: warning: non-portable path to file '"utils/include.hpp"'; specified path differs in case from file name on disk [-Wnonportable-include-path]
[2.245s] #include "utils/Include.hpp"
[2.246s]          ^~~~~~~~~~~~~~~~~~~
[2.246s]          "utils/include.hpp"
[2.251s] In file included from /Users/brodie/ros2_truckplatoon/src/truck/src/truck.cpp:2:
[2.252s] In file included from /Users/brodie/ros2_truckplatoon/src/truck/src/Platoon.hpp:4:
[2.252s] In file included from /Users/brodie/ros2_truckplatoon/src/truck/src/src/Leader.hpp:4:
[2.253s] /Users/brodie/ros2_truckplatoon/src/truck/src/src/Truck.hpp:4:10: warning: non-portable path to file '"utils/include.hpp"'; specified path differs in case from file name on disk [-Wnonportable-include-path]
[2.253s] #include "utils/Include.hpp"
[2.253s]          ^~~~~~~~~~~~~~~~~~~
[2.254s]          "utils/include.hpp"
[2.257s] In file included from /Users/brodie/ros2_truckplatoon/src/truck/src/src/Communication.cpp:1:
[2.258s] In file included from /Users/brodie/ros2_truckplatoon/src/truck/src/src/Communication.hpp:3:
[2.258s] /Users/brodie/ros2_truckplatoon/src/truck/src/src/Truck.hpp:4:10: warning: non-portable path to file '"utils/include.hpp"'; specified path differs in case from file name on disk [-Wnonportable-include-path]
[2.258s] #include "utils/Include.hpp"
[2.258s]          ^~~~~~~~~~~~~~~~~~~
[2.258s]          "utils/include.hpp"
[2.264s] In file included from /Users/brodie/ros2_truckplatoon/src/truck/src/src/Truck.cpp:1:
[2.264s] /Users/brodie/ros2_truckplatoon/src/truck/src/src/Truck.hpp:4:10: warning: non-portable path to file '"utils/include.hpp"'; specified path differs in case from file name on disk [-Wnonportable-include-path]
[2.264s] #include "utils/Include.hpp"
[2.264s]          ^~~~~~~~~~~~~~~~~~~
[2.265s]          "utils/include.hpp"
[3.986s] In file included from /Users/brodie/ros2_truckplatoon/src/truck/src/truck.cpp:2:
[3.986s] In file included from /Users/brodie/ros2_truckplatoon/src/truck/src/Platoon.hpp:4:
[3.987s] In file included from /Users/brodie/ros2_truckplatoon/src/truck/src/src/Leader.hpp:4:
[3.987s] In file included from /Users/brodie/ros2_truckplatoon/src/truck/src/src/Truck.hpp:6:
[3.988s] /Users/brodie/ros2_truckplatoon/src/truck/src/src/NodePublisher.hpp:32:27: error: cannot assign to variable 'message' with const-qualified type 'const message::msg::Message &' (aka 'const Message_<std::allocator<void>> &')
[3.989s]   message.sender_position = 0;
[3.990s]   ~~~~~~~~~~~~~~~~~~~~~~~ ^
[3.990s] /Users/brodie/ros2_truckplatoon/src/truck/src/src/NodePublisher.hpp:30:81: note: variable 'message' declared const here
[3.990s] void PublishMessage (const std::string& TopicName, const message::msg::Message& message)
[3.991s]                                                    ~~~~~~~~~~~~~~~~~~~~~~~~~~~~~^~~~~~~
[3.992s] /Users/brodie/ros2_truckplatoon/src/truck/src/src/NodePublisher.hpp:33:29: error: cannot assign to variable 'message' with const-qualified type 'const message::msg::Message &' (aka 'const Message_<std::allocator<void>> &')
[3.993s]   message.receiver_position = 0;
[3.993s]   ~~~~~~~~~~~~~~~~~~~~~~~~~ ^
[3.993s] /Users/brodie/ros2_truckplatoon/src/truck/src/src/NodePublisher.hpp:30:81: note: variable 'message' declared const here
[3.994s] void PublishMessage (const std::string& TopicName, const message::msg::Message& message)
[3.994s]                                                    ~~~~~~~~~~~~~~~~~~~~~~~~~~~~~^~~~~~~
[3.994s] /Users/brodie/ros2_truckplatoon/src/truck/src/src/NodePublisher.hpp:34:21: error: cannot assign to variable 'message' with const-qualified type 'const message::msg::Message &' (aka 'const Message_<std::allocator<void>> &')
[3.995s]   message.sender_id =0;
[3.995s]   ~~~~~~~~~~~~~~~~~ ^
[3.996s] /Users/brodie/ros2_truckplatoon/src/truck/src/src/NodePublisher.hpp:30:81: note: variable 'message' declared const here
[3.996s] void PublishMessage (const std::string& TopicName, const message::msg::Message& message)
[3.996s]                                                    ~~~~~~~~~~~~~~~~~~~~~~~~~~~~~^~~~~~~
[3.996s] /Users/brodie/ros2_truckplatoon/src/truck/src/src/NodePublisher.hpp:35:23: error: cannot assign to variable 'message' with const-qualified type 'const message::msg::Message &' (aka 'const Message_<std::allocator<void>> &')
[3.997s]   message.receiver_id = 0;
[3.997s]   ~~~~~~~~~~~~~~~~~~~ ^
[3.997s] /Users/brodie/ros2_truckplatoon/src/truck/src/src/NodePublisher.hpp:30:81: note: variable 'message' declared const here
[3.997s] void PublishMessage (const std::string& TopicName, const message::msg::Message& message)
[3.997s]                                                    ~~~~~~~~~~~~~~~~~~~~~~~~~~~~~^~~~~~~
[3.997s] In file included from /Users/brodie/ros2_truckplatoon/src/truck/src/src/Leader.cpp:1:
[3.998s] In file included from /Users/brodie/ros2_truckplatoon/src/truck/src/src/Leader.hpp:4:
[3.998s] In file included from /Users/brodie/ros2_truckplatoon/src/truck/src/src/Truck.hpp:6:
[3.998s] /Users/brodie/ros2_truckplatoon/src/truck/src/src/NodePublisher.hpp:32:27: error: cannot assign to variable 'message' with const-qualified type 'const message::msg::Message &' (aka 'const Message_<std::allocator<void>> &')
[3.998s]   message.sender_position = 0;
[3.998s]   ~~~~~~~~~~~~~~~~~~~~~~~ ^
[3.998s] /Users/brodie/ros2_truckplatoon/src/truck/src/src/NodePublisher.hpp:30:81: note: variable 'message' declared const here
[3.999s] void PublishMessage (const std::string& TopicName, const message::msg::Message& message)
[3.999s]                                                    ~~~~~~~~~~~~~~~~~~~~~~~~~~~~~^~~~~~~
[3.999s] /Users/brodie/ros2_truckplatoon/src/truck/src/src/NodePublisher.hpp:33:29: error: cannot assign to variable 'message' with const-qualified type 'const message::msg::Message &' (aka 'const Message_<std::allocator<void>> &')
[3.999s]   message.receiver_position = 0;
[3.999s]   ~~~~~~~~~~~~~~~~~~~~~~~~~ ^
[4.000s] /Users/brodie/ros2_truckplatoon/src/truck/src/src/NodePublisher.hpp:30:81: note: variable 'message' declared const here
[4.000s] void PublishMessage (const std::string& TopicName, const message::msg::Message& message)
[4.000s]                                                    ~~~~~~~~~~~~~~~~~~~~~~~~~~~~~^~~~~~~
[4.000s] /Users/brodie/ros2_truckplatoon/src/truck/src/src/NodePublisher.hpp:34:21: error: cannot assign to variable 'message' with const-qualified type 'const message::msg::Message &' (aka 'const Message_<std::allocator<void>> &')
[4.000s]   message.sender_id =0;
[4.001s]   ~~~~~~~~~~~~~~~~~ ^
[4.001s] /Users/brodie/ros2_truckplatoon/src/truck/src/src/NodePublisher.hpp:30:81: note: variable 'message' declared const here
[4.001s] void PublishMessage (const std::string& TopicName, const message::msg::Message& message)
[4.001s]                                                    ~~~~~~~~~~~~~~~~~~~~~~~~~~~~~^~~~~~~
[4.001s] /Users/brodie/ros2_truckplatoon/src/truck/src/src/NodePublisher.hpp:35:23: error: cannot assign to variable 'message' with const-qualified type 'const message::msg::Message &' (aka 'const Message_<std::allocator<void>> &')
[4.002s]   message.receiver_id = 0;
[4.003s]   ~~~~~~~~~~~~~~~~~~~ ^
[4.003s] /Users/brodie/ros2_truckplatoon/src/truck/src/src/NodePublisher.hpp:30:81: note: variable 'message' declared const here
[4.003s] void PublishMessage (const std::string& TopicName, const message::msg::Message& message)
[4.003s]                                                    ~~~~~~~~~~~~~~~~~~~~~~~~~~~~~^~~~~~~
[4.003s] In file included from /Users/brodie/ros2_truckplatoon/src/truck/src/src/Communication.cpp:1:
[4.004s] In file included from /Users/brodie/ros2_truckplatoon/src/truck/src/src/Communication.hpp:3:
[4.004s] In file included from /Users/brodie/ros2_truckplatoon/src/truck/src/src/Truck.hpp:6:
[4.004s] /Users/brodie/ros2_truckplatoon/src/truck/src/src/NodePublisher.hpp:32:27: error: cannot assign to variable 'message' with const-qualified type 'const message::msg::Message &' (aka 'const Message_<std::allocator<void>> &')
[4.004s]   message.sender_position = 0;
[4.004s]   ~~~~~~~~~~~~~~~~~~~~~~~ ^
[4.005s] /Users/brodie/ros2_truckplatoon/src/truck/src/src/NodePublisher.hpp:30:81: note: variable 'message' declared const here
[4.005s] void PublishMessage (const std::string& TopicName, const message::msg::Message& message)
[4.005s]                                                    ~~~~~~~~~~~~~~~~~~~~~~~~~~~~~^~~~~~~
[4.005s] /Users/brodie/ros2_truckplatoon/src/truck/src/src/NodePublisher.hpp:33:29: error: cannot assign to variable 'message' with const-qualified type 'const message::msg::Message &' (aka 'const Message_<std::allocator<void>> &')
[4.005s]   message.receiver_position = 0;
[4.006s]   ~~~~~~~~~~~~~~~~~~~~~~~~~ ^
[4.006s] /Users/brodie/ros2_truckplatoon/src/truck/src/src/NodePublisher.hpp:30:81: note: variable 'message' declared const here
[4.006s] void PublishMessage (const std::string& TopicName, const message::msg::Message& message)
[4.006s]                                                    ~~~~~~~~~~~~~~~~~~~~~~~~~~~~~^~~~~~~
[4.006s] /Users/brodie/ros2_truckplatoon/src/truck/src/src/NodePublisher.hpp:34:21: error: cannot assign to variable 'message' with const-qualified type 'const message::msg::Message &' (aka 'const Message_<std::allocator<void>> &')
[4.006s]   message.sender_id =0;
[4.007s]   ~~~~~~~~~~~~~~~~~ ^
[4.007s] /Users/brodie/ros2_truckplatoon/src/truck/src/src/NodePublisher.hpp:30:81: note: variable 'message' declared const here
[4.007s] void PublishMessage (const std::string& TopicName, const message::msg::Message& message)
[4.007s]                                                    ~~~~~~~~~~~~~~~~~~~~~~~~~~~~~^~~~~~~
[4.007s] /Users/brodie/ros2_truckplatoon/src/truck/src/src/NodePublisher.hpp:35:23: error: cannot assign to variable 'message' with const-qualified type 'const message::msg::Message &' (aka 'const Message_<std::allocator<void>> &')
[4.007s]   message.receiver_id = 0;
[4.008s]   ~~~~~~~~~~~~~~~~~~~ ^
[4.008s] /Users/brodie/ros2_truckplatoon/src/truck/src/src/NodePublisher.hpp:30:81: note: variable 'message' declared const here
[4.008s] void PublishMessage (const std::string& TopicName, const message::msg::Message& message)
[4.008s]                                                    ~~~~~~~~~~~~~~~~~~~~~~~~~~~~~^~~~~~~
[4.008s] In file included from /Users/brodie/ros2_truckplatoon/src/truck/src/truck.cpp:2:
[4.009s] /Users/brodie/ros2_truckplatoon/src/truck/src/Platoon.hpp:8:10: warning: non-portable path to file '"src/utils/include.hpp"'; specified path differs in case from file name on disk [-Wnonportable-include-path]
[4.009s] #include "src/utils/Include.hpp"
[4.009s]          ^~~~~~~~~~~~~~~~~~~~~~~
[4.009s]          "src/utils/include.hpp"
[4.009s] In file included from /Users/brodie/ros2_truckplatoon/src/truck/src/src/Truck.cpp:1:
[4.010s] In file included from /Users/brodie/ros2_truckplatoon/src/truck/src/src/Truck.hpp:6:
[4.010s] /Users/brodie/ros2_truckplatoon/src/truck/src/src/NodePublisher.hpp:32:27: error: cannot assign to variable 'message' with const-qualified type 'const message::msg::Message &' (aka 'const Message_<std::allocator<void>> &')
[4.011s]   message.sender_position = 0;
[4.011s]   ~~~~~~~~~~~~~~~~~~~~~~~ ^
[4.012s] /Users/brodie/ros2_truckplatoon/src/truck/src/src/NodePublisher.hpp:30:81: note: variable 'message' declared const here
[4.012s] void PublishMessage (const std::string& TopicName, const message::msg::Message& message)
[4.012s]                                                    ~~~~~~~~~~~~~~~~~~~~~~~~~~~~~^~~~~~~
[4.013s] /Users/brodie/ros2_truckplatoon/src/truck/src/src/NodePublisher.hpp:33:29: error: cannot assign to variable 'message' with const-qualified type 'const message::msg::Message &' (aka 'const Message_<std::allocator<void>> &')
[4.013s]   message.receiver_position = 0;
[4.013s]   ~~~~~~~~~~~~~~~~~~~~~~~~~ ^
[4.014s] /Users/brodie/ros2_truckplatoon/src/truck/src/src/NodePublisher.hpp:30:81: note: variable 'message' declared const here
[4.014s] void PublishMessage (const std::string& TopicName, const message::msg::Message& message)
[4.014s]                                                    ~~~~~~~~~~~~~~~~~~~~~~~~~~~~~^~~~~~~
[4.015s] /Users/brodie/ros2_truckplatoon/src/truck/src/src/NodePublisher.hpp:34:21: error: cannot assign to variable 'message' with const-qualified type 'const message::msg::Message &' (aka 'const Message_<std::allocator<void>> &')
[4.015s]   message.sender_id =0;
[4.015s]   ~~~~~~~~~~~~~~~~~ ^
[4.016s] /Users/brodie/ros2_truckplatoon/src/truck/src/src/NodePublisher.hpp:30:81: note: variable 'message' declared const here
[4.016s] void PublishMessage (const std::string& TopicName, const message::msg::Message& message)
[4.017s]                                                    ~~~~~~~~~~~~~~~~~~~~~~~~~~~~~^~~~~~~
[4.017s] /Users/brodie/ros2_truckplatoon/src/truck/src/src/NodePublisher.hpp:35:23: error: cannot assign to variable 'message' with const-qualified type 'const message::msg::Message &' (aka 'const Message_<std::allocator<void>> &')
[4.017s]   message.receiver_id = 0;
[4.018s]   ~~~~~~~~~~~~~~~~~~~ ^
[4.018s] /Users/brodie/ros2_truckplatoon/src/truck/src/src/NodePublisher.hpp:30:81: note: variable 'message' declared const here
[4.018s] void PublishMessage (const std::string& TopicName, const message::msg::Message& message)
[4.019s]                                                    ~~~~~~~~~~~~~~~~~~~~~~~~~~~~~^~~~~~~
[5.056s] 1 warning and 4 errors generated.
[5.071s] In file included from /Users/brodie/ros2_truckplatoon/src/truck/src/truck.cpp:2:
[5.071s] In file included from /Users/brodie/ros2_truckplatoon/src/truck/src/Platoon.hpp:11:
[5.071s] /Users/brodie/ros2_truckplatoon/src/truck/src/src/DrivingEvent.hpp:9:15: warning: private field '_speed' is not used [-Wunused-private-field]
[5.072s]     speedType _speed;
[5.072s]               ^
[5.072s] /Users/brodie/ros2_truckplatoon/src/truck/src/src/DrivingEvent.hpp:10:23: warning: private field '_stearingAngle' is not used [-Wunused-private-field]
[5.073s]     stearingAngleType _stearingAngle;
[5.073s]                       ^
[5.073s] /Users/brodie/ros2_truckplatoon/src/truck/src/src/DrivingEvent.hpp:11:18: warning: private field '_distance' is not used [-Wunused-private-field]
[5.074s]     distanceType _distance;
[5.074s]                  ^
[5.074s] 5 warnings and 4 errors generated.
[5.081s] gmake[2]: *** [CMakeFiles/truck.dir/build.make:121: CMakeFiles/truck.dir/src/src/Communication.cpp.o] Error 1
[5.082s] gmake[2]: *** Waiting for unfinished jobs....
[5.090s] 1 warning and 4 errors generated.
[5.098s] gmake[2]: *** [CMakeFiles/truck.dir/build.make:82: CMakeFiles/truck.dir/src/truck.cpp.o] Error 1
[5.112s] gmake[2]: *** [CMakeFiles/truck.dir/build.make:108: CMakeFiles/truck.dir/src/src/Leader.cpp.o] Error 1
[5.160s] 1 warning and 4 errors generated.
[5.181s] gmake[2]: *** [CMakeFiles/truck.dir/build.make:95: CMakeFiles/truck.dir/src/src/Truck.cpp.o] Error 1
[5.182s] gmake[1]: *** [CMakeFiles/Makefile2:97: CMakeFiles/truck.dir/all] Error 2
[5.182s] gmake: *** [Makefile:160: all] Error 2
[5.184s] Invoked command in '/Users/brodie/ros2_truckplatoon/build/truck' returned '2': CMAKE_PREFIX_PATH=${CMAKE_PREFIX_PATH}:/Users/brodie/my_workspace/install/my_package SHLVL=2 _=/usr/bin/env /usr/local/bin/cmake --build /Users/brodie/ros2_truckplatoon/build/truck -- -j8 -l8
