[0.820s] DEBUG:colcon:Command line arguments: ['/Library/Frameworks/Python.framework/Versions/3.9/bin/colcon', 'build']
[0.821s] DEBUG:colcon:Parsed command line arguments: Namespace(log_base=None, log_level=None, verb_name='build', build_base='build', install_base='install', merge_install=False, symlink_install=False, test_result_base=None, continue_on_error=False, executor='parallel', parallel_workers=8, event_handlers=None, ignore_user_meta=False, metas=['./colcon.meta'], base_paths=['.'], packages_ignore=None, packages_ignore_regex=None, paths=None, packages_up_to=None, packages_up_to_regex=None, packages_above=None, packages_above_and_dependencies=None, packages_above_depth=None, packages_select_by_dep=None, packages_skip_by_dep=None, packages_skip_up_to=None, packages_select_build_failed=False, packages_skip_build_finished=False, packages_select_test_failures=False, packages_skip_test_passed=False, packages_select=None, packages_skip=None, packages_select_regex=None, packages_skip_regex=None, packages_start=None, packages_end=None, cmake_args=None, cmake_target=None, cmake_target_skip_unavailable=False, cmake_clean_cache=False, cmake_clean_first=False, cmake_force_configure=False, ament_cmake_args=None, catkin_cmake_args=None, catkin_skip_building_tests=False, verb_parser=<colcon_defaults.argument_parser.defaults.DefaultArgumentsDecorator object at 0x7f901df8fe20>, verb_extension=<colcon_core.verb.build.BuildVerb object at 0x7f901df19940>, main=<bound method BuildVerb.main of <colcon_core.verb.build.BuildVerb object at 0x7f901df19940>>)
[0.901s] Level 1:colcon.colcon_core.package_discovery:discover_packages(colcon_meta) check parameters
[0.901s] Level 1:colcon.colcon_core.package_discovery:discover_packages(recursive) check parameters
[0.901s] Level 1:colcon.colcon_core.package_discovery:discover_packages(ignore) check parameters
[0.901s] Level 1:colcon.colcon_core.package_discovery:discover_packages(path) check parameters
[0.901s] Level 1:colcon.colcon_core.package_discovery:discover_packages(colcon_meta) discover
[0.901s] Level 1:colcon.colcon_core.package_discovery:discover_packages(recursive) discover
[0.901s] INFO:colcon.colcon_core.package_discovery:Crawling recursively for packages in '/Users/brodie/ros2_truckplatoon'
[0.901s] Level 1:colcon.colcon_core.package_identification:_identify(.) by extensions ['ignore', 'ignore_ament_install']
[0.901s] Level 1:colcon.colcon_core.package_identification:_identify(.) by extension 'ignore'
[0.901s] Level 1:colcon.colcon_core.package_identification:_identify(.) by extension 'ignore_ament_install'
[0.901s] Level 1:colcon.colcon_core.package_identification:_identify(.) by extensions ['colcon_pkg']
[0.901s] Level 1:colcon.colcon_core.package_identification:_identify(.) by extension 'colcon_pkg'
[0.902s] Level 1:colcon.colcon_core.package_identification:_identify(.) by extensions ['colcon_meta']
[0.902s] Level 1:colcon.colcon_core.package_identification:_identify(.) by extension 'colcon_meta'
[0.902s] Level 1:colcon.colcon_core.package_identification:_identify(.) by extensions ['ros']
[0.902s] Level 1:colcon.colcon_core.package_identification:_identify(.) by extension 'ros'
[0.918s] Level 1:colcon.colcon_core.package_identification:_identify(.) by extensions ['cmake', 'python']
[0.918s] Level 1:colcon.colcon_core.package_identification:_identify(.) by extension 'cmake'
[0.918s] Level 1:colcon.colcon_core.package_identification:_identify(.) by extension 'python'
[0.919s] Level 1:colcon.colcon_core.package_identification:_identify(.) by extensions ['python_setup_py']
[0.919s] Level 1:colcon.colcon_core.package_identification:_identify(.) by extension 'python_setup_py'
[0.919s] Level 1:colcon.colcon_core.package_identification:_identify(build) by extensions ['ignore', 'ignore_ament_install']
[0.919s] Level 1:colcon.colcon_core.package_identification:_identify(build) by extension 'ignore'
[0.919s] Level 1:colcon.colcon_core.package_identification:_identify(build) ignored
[0.919s] Level 1:colcon.colcon_core.package_identification:_identify(install) by extensions ['ignore', 'ignore_ament_install']
[0.919s] Level 1:colcon.colcon_core.package_identification:_identify(install) by extension 'ignore'
[0.919s] Level 1:colcon.colcon_core.package_identification:_identify(install) ignored
[0.920s] Level 1:colcon.colcon_core.package_identification:_identify(log) by extensions ['ignore', 'ignore_ament_install']
[0.920s] Level 1:colcon.colcon_core.package_identification:_identify(log) by extension 'ignore'
[0.920s] Level 1:colcon.colcon_core.package_identification:_identify(log) ignored
[0.920s] Level 1:colcon.colcon_core.package_identification:_identify(src) by extensions ['ignore', 'ignore_ament_install']
[0.920s] Level 1:colcon.colcon_core.package_identification:_identify(src) by extension 'ignore'
[0.920s] Level 1:colcon.colcon_core.package_identification:_identify(src) by extension 'ignore_ament_install'
[0.920s] Level 1:colcon.colcon_core.package_identification:_identify(src) by extensions ['colcon_pkg']
[0.920s] Level 1:colcon.colcon_core.package_identification:_identify(src) by extension 'colcon_pkg'
[0.920s] Level 1:colcon.colcon_core.package_identification:_identify(src) by extensions ['colcon_meta']
[0.920s] Level 1:colcon.colcon_core.package_identification:_identify(src) by extension 'colcon_meta'
[0.920s] Level 1:colcon.colcon_core.package_identification:_identify(src) by extensions ['ros']
[0.920s] Level 1:colcon.colcon_core.package_identification:_identify(src) by extension 'ros'
[0.920s] Level 1:colcon.colcon_core.package_identification:_identify(src) by extensions ['cmake', 'python']
[0.921s] Level 1:colcon.colcon_core.package_identification:_identify(src) by extension 'cmake'
[0.921s] Level 1:colcon.colcon_core.package_identification:_identify(src) by extension 'python'
[0.921s] Level 1:colcon.colcon_core.package_identification:_identify(src) by extensions ['python_setup_py']
[0.921s] Level 1:colcon.colcon_core.package_identification:_identify(src) by extension 'python_setup_py'
[0.921s] Level 1:colcon.colcon_core.package_identification:_identify(src/message) by extensions ['ignore', 'ignore_ament_install']
[0.921s] Level 1:colcon.colcon_core.package_identification:_identify(src/message) by extension 'ignore'
[0.921s] Level 1:colcon.colcon_core.package_identification:_identify(src/message) by extension 'ignore_ament_install'
[0.921s] Level 1:colcon.colcon_core.package_identification:_identify(src/message) by extensions ['colcon_pkg']
[0.921s] Level 1:colcon.colcon_core.package_identification:_identify(src/message) by extension 'colcon_pkg'
[0.921s] Level 1:colcon.colcon_core.package_identification:_identify(src/message) by extensions ['colcon_meta']
[0.921s] Level 1:colcon.colcon_core.package_identification:_identify(src/message) by extension 'colcon_meta'
[0.921s] Level 1:colcon.colcon_core.package_identification:_identify(src/message) by extensions ['ros']
[0.921s] Level 1:colcon.colcon_core.package_identification:_identify(src/message) by extension 'ros'
[0.924s] DEBUG:colcon.colcon_core.package_identification:Package 'src/message' with type 'ros.ament_cmake' and name 'message'
[0.924s] Level 1:colcon.colcon_core.package_identification:_identify(src/truck) by extensions ['ignore', 'ignore_ament_install']
[0.924s] Level 1:colcon.colcon_core.package_identification:_identify(src/truck) by extension 'ignore'
[0.924s] Level 1:colcon.colcon_core.package_identification:_identify(src/truck) by extension 'ignore_ament_install'
[0.924s] Level 1:colcon.colcon_core.package_identification:_identify(src/truck) by extensions ['colcon_pkg']
[0.924s] Level 1:colcon.colcon_core.package_identification:_identify(src/truck) by extension 'colcon_pkg'
[0.924s] Level 1:colcon.colcon_core.package_identification:_identify(src/truck) by extensions ['colcon_meta']
[0.924s] Level 1:colcon.colcon_core.package_identification:_identify(src/truck) by extension 'colcon_meta'
[0.924s] Level 1:colcon.colcon_core.package_identification:_identify(src/truck) by extensions ['ros']
[0.924s] Level 1:colcon.colcon_core.package_identification:_identify(src/truck) by extension 'ros'
[0.925s] DEBUG:colcon.colcon_core.package_identification:Package 'src/truck' with type 'ros.ament_cmake' and name 'truck'
[0.925s] Level 1:colcon.colcon_core.package_discovery:discover_packages(recursive) using defaults
[0.925s] Level 1:colcon.colcon_core.package_discovery:discover_packages(ignore) discover
[0.925s] Level 1:colcon.colcon_core.package_discovery:discover_packages(ignore) using defaults
[0.925s] Level 1:colcon.colcon_core.package_discovery:discover_packages(path) discover
[0.925s] Level 1:colcon.colcon_core.package_discovery:discover_packages(path) using defaults
[0.978s] Level 5:colcon.colcon_core.verb:set package 'message' build argument 'cmake_args' from command line to 'None'
[0.978s] Level 5:colcon.colcon_core.verb:set package 'message' build argument 'cmake_target' from command line to 'None'
[0.979s] Level 5:colcon.colcon_core.verb:set package 'message' build argument 'cmake_target_skip_unavailable' from command line to 'False'
[0.979s] Level 5:colcon.colcon_core.verb:set package 'message' build argument 'cmake_clean_cache' from command line to 'False'
[0.979s] Level 5:colcon.colcon_core.verb:set package 'message' build argument 'cmake_clean_first' from command line to 'False'
[0.979s] Level 5:colcon.colcon_core.verb:set package 'message' build argument 'cmake_force_configure' from command line to 'False'
[0.979s] Level 5:colcon.colcon_core.verb:set package 'message' build argument 'ament_cmake_args' from command line to 'None'
[0.979s] Level 5:colcon.colcon_core.verb:set package 'message' build argument 'catkin_cmake_args' from command line to 'None'
[0.979s] Level 5:colcon.colcon_core.verb:set package 'message' build argument 'catkin_skip_building_tests' from command line to 'False'
[0.979s] DEBUG:colcon.colcon_core.verb:Building package 'message' with the following arguments: {'ament_cmake_args': None, 'build_base': '/Users/brodie/ros2_truckplatoon/build/message', 'catkin_cmake_args': None, 'catkin_skip_building_tests': False, 'cmake_args': None, 'cmake_clean_cache': False, 'cmake_clean_first': False, 'cmake_force_configure': False, 'cmake_target': None, 'cmake_target_skip_unavailable': False, 'install_base': '/Users/brodie/ros2_truckplatoon/install/message', 'merge_install': False, 'path': '/Users/brodie/ros2_truckplatoon/src/message', 'symlink_install': False, 'test_result_base': None}
[0.990s] Level 5:colcon.colcon_core.verb:set package 'truck' build argument 'cmake_args' from command line to 'None'
[0.990s] Level 5:colcon.colcon_core.verb:set package 'truck' build argument 'cmake_target' from command line to 'None'
[0.990s] Level 5:colcon.colcon_core.verb:set package 'truck' build argument 'cmake_target_skip_unavailable' from command line to 'False'
[0.990s] Level 5:colcon.colcon_core.verb:set package 'truck' build argument 'cmake_clean_cache' from command line to 'False'
[0.990s] Level 5:colcon.colcon_core.verb:set package 'truck' build argument 'cmake_clean_first' from command line to 'False'
[0.990s] Level 5:colcon.colcon_core.verb:set package 'truck' build argument 'cmake_force_configure' from command line to 'False'
[0.990s] Level 5:colcon.colcon_core.verb:set package 'truck' build argument 'ament_cmake_args' from command line to 'None'
[0.990s] Level 5:colcon.colcon_core.verb:set package 'truck' build argument 'catkin_cmake_args' from command line to 'None'
[0.990s] Level 5:colcon.colcon_core.verb:set package 'truck' build argument 'catkin_skip_building_tests' from command line to 'False'
[0.990s] DEBUG:colcon.colcon_core.verb:Building package 'truck' with the following arguments: {'ament_cmake_args': None, 'build_base': '/Users/brodie/ros2_truckplatoon/build/truck', 'catkin_cmake_args': None, 'catkin_skip_building_tests': False, 'cmake_args': None, 'cmake_clean_cache': False, 'cmake_clean_first': False, 'cmake_force_configure': False, 'cmake_target': None, 'cmake_target_skip_unavailable': False, 'install_base': '/Users/brodie/ros2_truckplatoon/install/truck', 'merge_install': False, 'path': '/Users/brodie/ros2_truckplatoon/src/truck', 'symlink_install': False, 'test_result_base': None}
[0.994s] INFO:colcon.colcon_core.executor:Executing jobs using 'parallel' executor
[1.012s] DEBUG:colcon.colcon_parallel_executor.executor.parallel:run_until_complete
[1.013s] INFO:colcon.colcon_ros.task.ament_cmake.build:Building ROS package in '/Users/brodie/ros2_truckplatoon/src/message' with build type 'ament_cmake'
[1.013s] INFO:colcon.colcon_cmake.task.cmake.build:Building CMake package in '/Users/brodie/ros2_truckplatoon/src/message'
[1.036s] INFO:colcon.colcon_core.plugin_system:Skipping extension 'colcon_core.shell.bat': Not used on non-Windows systems
[1.036s] INFO:colcon.colcon_core.shell:Skip shell extension 'powershell' for command environment: Not usable outside of PowerShell
[1.036s] DEBUG:colcon.colcon_core.shell:Skip shell extension 'dsv' for command environment
[1.083s] DEBUG:colcon.colcon_core.event_handler.log_command:Invoking command in '/Users/brodie/ros2_truckplatoon/build/message': CMAKE_PREFIX_PATH=${CMAKE_PREFIX_PATH}:/Users/brodie/my_workspace/install/my_package SHLVL=2 _=/usr/bin/env /usr/local/bin/cmake --build /Users/brodie/ros2_truckplatoon/build/message -- -j8 -l8
[1.361s] DEBUG:colcon.colcon_core.event_handler.log_command:Invoked command in '/Users/brodie/ros2_truckplatoon/build/message' returned '0': CMAKE_PREFIX_PATH=${CMAKE_PREFIX_PATH}:/Users/brodie/my_workspace/install/my_package SHLVL=2 _=/usr/bin/env /usr/local/bin/cmake --build /Users/brodie/ros2_truckplatoon/build/message -- -j8 -l8
[1.553s] DEBUG:colcon.colcon_core.event_handler.log_command:Invoking command in '/Users/brodie/ros2_truckplatoon/build/message': CMAKE_PREFIX_PATH=${CMAKE_PREFIX_PATH}:/Users/brodie/my_workspace/install/my_package SHLVL=2 _=/usr/bin/env /usr/local/bin/cmake --install /Users/brodie/ros2_truckplatoon/build/message
[1.899s] Level 1:colcon.colcon_core.environment:create_environment_scripts_only(message)
[1.911s] DEBUG:colcon.colcon_core.event_handler.log_command:Invoked command in '/Users/brodie/ros2_truckplatoon/build/message' returned '0': CMAKE_PREFIX_PATH=${CMAKE_PREFIX_PATH}:/Users/brodie/my_workspace/install/my_package SHLVL=2 _=/usr/bin/env /usr/local/bin/cmake --install /Users/brodie/ros2_truckplatoon/build/message
[1.914s] Level 1:colcon.colcon_core.environment:checking '/Users/brodie/ros2_truckplatoon/install/message' for CMake module files
[1.916s] Level 1:colcon.colcon_core.environment:checking '/Users/brodie/ros2_truckplatoon/install/message' for CMake config files
[1.917s] Level 1:colcon.colcon_core.shell:create_environment_hook('message', 'cmake_prefix_path')
[1.925s] INFO:colcon.colcon_core.shell:Creating environment hook '/Users/brodie/ros2_truckplatoon/install/message/share/message/hook/cmake_prefix_path.ps1'
[1.926s] INFO:colcon.colcon_core.shell:Creating environment descriptor '/Users/brodie/ros2_truckplatoon/install/message/share/message/hook/cmake_prefix_path.dsv'
[1.926s] INFO:colcon.colcon_core.shell:Creating environment hook '/Users/brodie/ros2_truckplatoon/install/message/share/message/hook/cmake_prefix_path.sh'
[1.927s] Level 1:colcon.colcon_core.environment:checking '/Users/brodie/ros2_truckplatoon/install/message/lib'
[1.927s] Level 1:colcon.colcon_core.shell:create_environment_hook('message', 'dyld_library_path')
[1.935s] INFO:colcon.colcon_core.shell:Creating environment hook '/Users/brodie/ros2_truckplatoon/install/message/share/message/hook/dyld_library_path.ps1'
[1.936s] INFO:colcon.colcon_core.shell:Creating environment descriptor '/Users/brodie/ros2_truckplatoon/install/message/share/message/hook/dyld_library_path.dsv'
[1.936s] INFO:colcon.colcon_core.shell:Creating environment hook '/Users/brodie/ros2_truckplatoon/install/message/share/message/hook/dyld_library_path.sh'
[1.937s] Level 1:colcon.colcon_core.environment:checking '/Users/brodie/ros2_truckplatoon/install/message/bin'
[1.937s] Level 1:colcon.colcon_core.environment:checking '/Users/brodie/ros2_truckplatoon/install/message/lib/pkgconfig/message.pc'
[1.938s] Level 1:colcon.colcon_core.environment:checking '/Users/brodie/ros2_truckplatoon/install/message/lib/python3.9/site-packages'
[1.938s] Level 1:colcon.colcon_core.shell:create_environment_hook('message', 'pythonpath')
[1.945s] INFO:colcon.colcon_core.shell:Creating environment hook '/Users/brodie/ros2_truckplatoon/install/message/share/message/hook/pythonpath.ps1'
[1.946s] INFO:colcon.colcon_core.shell:Creating environment descriptor '/Users/brodie/ros2_truckplatoon/install/message/share/message/hook/pythonpath.dsv'
[1.946s] INFO:colcon.colcon_core.shell:Creating environment hook '/Users/brodie/ros2_truckplatoon/install/message/share/message/hook/pythonpath.sh'
[1.947s] Level 1:colcon.colcon_core.environment:checking '/Users/brodie/ros2_truckplatoon/install/message/bin'
[1.955s] INFO:colcon.colcon_core.shell:Creating package script '/Users/brodie/ros2_truckplatoon/install/message/share/message/package.ps1'
[1.956s] INFO:colcon.colcon_core.shell:Creating package descriptor '/Users/brodie/ros2_truckplatoon/install/message/share/message/package.dsv'
[1.957s] INFO:colcon.colcon_core.shell:Creating package script '/Users/brodie/ros2_truckplatoon/install/message/share/message/package.sh'
[1.957s] INFO:colcon.colcon_core.shell:Creating package script '/Users/brodie/ros2_truckplatoon/install/message/share/message/package.bash'
[1.958s] INFO:colcon.colcon_core.shell:Creating package script '/Users/brodie/ros2_truckplatoon/install/message/share/message/package.zsh'
[1.959s] Level 1:colcon.colcon_core.environment:create_file_with_runtime_dependencies(/Users/brodie/ros2_truckplatoon/install/message/share/colcon-core/packages/message)
[2.144s] Level 1:colcon.colcon_core.environment:create_environment_scripts_only(message)
[2.154s] Level 1:colcon.colcon_core.environment:checking '/Users/brodie/ros2_truckplatoon/install/message' for CMake module files
[2.155s] Level 1:colcon.colcon_core.environment:checking '/Users/brodie/ros2_truckplatoon/install/message' for CMake config files
[2.156s] Level 1:colcon.colcon_core.shell:create_environment_hook('message', 'cmake_prefix_path')
[2.164s] INFO:colcon.colcon_core.shell:Creating environment hook '/Users/brodie/ros2_truckplatoon/install/message/share/message/hook/cmake_prefix_path.ps1'
[2.164s] INFO:colcon.colcon_core.shell:Creating environment descriptor '/Users/brodie/ros2_truckplatoon/install/message/share/message/hook/cmake_prefix_path.dsv'
[2.165s] INFO:colcon.colcon_core.shell:Creating environment hook '/Users/brodie/ros2_truckplatoon/install/message/share/message/hook/cmake_prefix_path.sh'
[2.165s] Level 1:colcon.colcon_core.environment:checking '/Users/brodie/ros2_truckplatoon/install/message/lib'
[2.166s] Level 1:colcon.colcon_core.shell:create_environment_hook('message', 'dyld_library_path')
[2.174s] INFO:colcon.colcon_core.shell:Creating environment hook '/Users/brodie/ros2_truckplatoon/install/message/share/message/hook/dyld_library_path.ps1'
[2.174s] INFO:colcon.colcon_core.shell:Creating environment descriptor '/Users/brodie/ros2_truckplatoon/install/message/share/message/hook/dyld_library_path.dsv'
[2.175s] INFO:colcon.colcon_core.shell:Creating environment hook '/Users/brodie/ros2_truckplatoon/install/message/share/message/hook/dyld_library_path.sh'
[2.175s] Level 1:colcon.colcon_core.environment:checking '/Users/brodie/ros2_truckplatoon/install/message/bin'
[2.175s] Level 1:colcon.colcon_core.environment:checking '/Users/brodie/ros2_truckplatoon/install/message/lib/pkgconfig/message.pc'
[2.176s] Level 1:colcon.colcon_core.environment:checking '/Users/brodie/ros2_truckplatoon/install/message/lib/python3.9/site-packages'
[2.176s] Level 1:colcon.colcon_core.shell:create_environment_hook('message', 'pythonpath')
[2.184s] INFO:colcon.colcon_core.shell:Creating environment hook '/Users/brodie/ros2_truckplatoon/install/message/share/message/hook/pythonpath.ps1'
[2.185s] INFO:colcon.colcon_core.shell:Creating environment descriptor '/Users/brodie/ros2_truckplatoon/install/message/share/message/hook/pythonpath.dsv'
[2.185s] INFO:colcon.colcon_core.shell:Creating environment hook '/Users/brodie/ros2_truckplatoon/install/message/share/message/hook/pythonpath.sh'
[2.186s] Level 1:colcon.colcon_core.environment:checking '/Users/brodie/ros2_truckplatoon/install/message/bin'
[2.194s] INFO:colcon.colcon_core.shell:Creating package script '/Users/brodie/ros2_truckplatoon/install/message/share/message/package.ps1'
[2.195s] INFO:colcon.colcon_core.shell:Creating package descriptor '/Users/brodie/ros2_truckplatoon/install/message/share/message/package.dsv'
[2.196s] INFO:colcon.colcon_core.shell:Creating package script '/Users/brodie/ros2_truckplatoon/install/message/share/message/package.sh'
[2.196s] INFO:colcon.colcon_core.shell:Creating package script '/Users/brodie/ros2_truckplatoon/install/message/share/message/package.bash'
[2.197s] INFO:colcon.colcon_core.shell:Creating package script '/Users/brodie/ros2_truckplatoon/install/message/share/message/package.zsh'
[2.198s] Level 1:colcon.colcon_core.environment:create_file_with_runtime_dependencies(/Users/brodie/ros2_truckplatoon/install/message/share/colcon-core/packages/message)
[2.199s] INFO:colcon.colcon_ros.task.ament_cmake.build:Building ROS package in '/Users/brodie/ros2_truckplatoon/src/truck' with build type 'ament_cmake'
[2.199s] INFO:colcon.colcon_cmake.task.cmake.build:Building CMake package in '/Users/brodie/ros2_truckplatoon/src/truck'
[2.207s] INFO:colcon.colcon_core.shell:Skip shell extension 'powershell' for command environment: Not usable outside of PowerShell
[2.207s] DEBUG:colcon.colcon_core.shell:Skip shell extension 'dsv' for command environment
[2.277s] DEBUG:colcon.colcon_core.event_handler.log_command:Invoking command in '/Users/brodie/ros2_truckplatoon/build/truck': CMAKE_PREFIX_PATH=${CMAKE_PREFIX_PATH}:/Users/brodie/my_workspace/install/my_package SHLVL=2 _=/usr/bin/env /usr/local/bin/cmake --build /Users/brodie/ros2_truckplatoon/build/truck -- -j8 -l8
[4.349s] DEBUG:colcon.colcon_core.event_handler.log_command:Invoked command in '/Users/brodie/ros2_truckplatoon/build/truck' returned '2': CMAKE_PREFIX_PATH=${CMAKE_PREFIX_PATH}:/Users/brodie/my_workspace/install/my_package SHLVL=2 _=/usr/bin/env /usr/local/bin/cmake --build /Users/brodie/ros2_truckplatoon/build/truck -- -j8 -l8
[4.455s] Level 1:colcon.colcon_core.environment:create_environment_scripts_only(truck)
[4.464s] Level 1:colcon.colcon_core.environment:checking '/Users/brodie/ros2_truckplatoon/install/truck' for CMake module files
[4.465s] Level 1:colcon.colcon_core.environment:checking '/Users/brodie/ros2_truckplatoon/install/truck' for CMake config files
[4.466s] Level 1:colcon.colcon_core.shell:create_environment_hook('truck', 'cmake_prefix_path')
[4.473s] INFO:colcon.colcon_core.shell:Creating environment hook '/Users/brodie/ros2_truckplatoon/install/truck/share/truck/hook/cmake_prefix_path.ps1'
[4.474s] INFO:colcon.colcon_core.shell:Creating environment descriptor '/Users/brodie/ros2_truckplatoon/install/truck/share/truck/hook/cmake_prefix_path.dsv'
[4.474s] INFO:colcon.colcon_core.shell:Creating environment hook '/Users/brodie/ros2_truckplatoon/install/truck/share/truck/hook/cmake_prefix_path.sh'
[4.475s] Level 1:colcon.colcon_core.environment:checking '/Users/brodie/ros2_truckplatoon/install/truck/lib'
[4.475s] Level 1:colcon.colcon_core.environment:checking '/Users/brodie/ros2_truckplatoon/install/truck/bin'
[4.475s] Level 1:colcon.colcon_core.environment:checking '/Users/brodie/ros2_truckplatoon/install/truck/lib/pkgconfig/truck.pc'
[4.476s] Level 1:colcon.colcon_core.environment:checking '/Users/brodie/ros2_truckplatoon/install/truck/lib/python3.9/site-packages'
[4.476s] Level 1:colcon.colcon_core.environment:checking '/Users/brodie/ros2_truckplatoon/install/truck/bin'
[4.484s] INFO:colcon.colcon_core.shell:Creating package script '/Users/brodie/ros2_truckplatoon/install/truck/share/truck/package.ps1'
[4.485s] INFO:colcon.colcon_core.shell:Creating package descriptor '/Users/brodie/ros2_truckplatoon/install/truck/share/truck/package.dsv'
[4.486s] INFO:colcon.colcon_core.shell:Creating package script '/Users/brodie/ros2_truckplatoon/install/truck/share/truck/package.sh'
[4.487s] INFO:colcon.colcon_core.shell:Creating package script '/Users/brodie/ros2_truckplatoon/install/truck/share/truck/package.bash'
[4.487s] INFO:colcon.colcon_core.shell:Creating package script '/Users/brodie/ros2_truckplatoon/install/truck/share/truck/package.zsh'
[4.488s] Level 1:colcon.colcon_core.environment:create_file_with_runtime_dependencies(/Users/brodie/ros2_truckplatoon/install/truck/share/colcon-core/packages/truck)
[4.488s] DEBUG:colcon.colcon_parallel_executor.executor.parallel:closing loop
[4.488s] DEBUG:colcon.colcon_parallel_executor.executor.parallel:loop closed
[4.489s] DEBUG:colcon.colcon_parallel_executor.executor.parallel:run_until_complete finished with '2'
[4.489s] DEBUG:colcon.colcon_core.event_reactor:joining thread
[4.499s] INFO:colcon.colcon_core.plugin_system:Skipping extension 'colcon_notification.desktop_notification.notify2': 'notify2' not found
[4.499s] INFO:colcon.colcon_core.plugin_system:Skipping extension 'colcon_notification.desktop_notification.notify_send': Not used on non-Linux systems
[4.500s] INFO:colcon.colcon_core.plugin_system:Skipping extension 'colcon_notification.desktop_notification.win32': Not used on non-Windows systems
[4.500s] INFO:colcon.colcon_notification.desktop_notification:Sending desktop notification using 'terminal_notifier'
[4.540s] DEBUG:colcon.colcon_core.event_reactor:joined thread
[4.552s] INFO:colcon.colcon_core.shell:Creating prefix script '/Users/brodie/ros2_truckplatoon/install/local_setup.ps1'
[4.554s] INFO:colcon.colcon_core.shell:Creating prefix util module '/Users/brodie/ros2_truckplatoon/install/_local_setup_util_ps1.py'
[4.555s] INFO:colcon.colcon_core.shell:Creating prefix chain script '/Users/brodie/ros2_truckplatoon/install/setup.ps1'
[4.564s] INFO:colcon.colcon_core.shell:Creating prefix script '/Users/brodie/ros2_truckplatoon/install/local_setup.sh'
[4.565s] INFO:colcon.colcon_core.shell:Creating prefix util module '/Users/brodie/ros2_truckplatoon/install/_local_setup_util_sh.py'
[4.566s] INFO:colcon.colcon_core.shell:Creating prefix chain script '/Users/brodie/ros2_truckplatoon/install/setup.sh'
[4.578s] INFO:colcon.colcon_core.shell:Creating prefix script '/Users/brodie/ros2_truckplatoon/install/local_setup.bash'
[4.579s] INFO:colcon.colcon_core.shell:Creating prefix chain script '/Users/brodie/ros2_truckplatoon/install/setup.bash'
[4.587s] INFO:colcon.colcon_core.shell:Creating prefix script '/Users/brodie/ros2_truckplatoon/install/local_setup.zsh'
[4.588s] INFO:colcon.colcon_core.shell:Creating prefix chain script '/Users/brodie/ros2_truckplatoon/install/setup.zsh'
