In file included from /Users/brodie/ros2_truckplatoon/src/truck/src/src/Leader.cpp:1:
In file included from /Users/brodie/ros2_truckplatoon/src/truck/src/src/Leader.hpp:4:
/Users/brodie/ros2_truckplatoon/src/truck/src/src/Truck.hpp:4:10: warning: non-portable path to file '"utils/include.hpp"'; specified path differs in case from file name on disk [-Wnonportable-include-path]
#include "utils/Include.hpp"
         ^~~~~~~~~~~~~~~~~~~
         "utils/include.hpp"
In file included from /Users/brodie/ros2_truckplatoon/src/truck/src/src/Truck.cpp:1:
/Users/brodie/ros2_truckplatoon/src/truck/src/src/Truck.hpp:4:10: warning: non-portable path to file '"utils/include.hpp"'; specified path differs in case from file name on disk [-Wnonportable-include-path]
#include "utils/Include.hpp"
         ^~~~~~~~~~~~~~~~~~~
         "utils/include.hpp"
In file included from /Users/brodie/ros2_truckplatoon/src/truck/src/src/Communication.cpp:1:
In file included from /Users/brodie/ros2_truckplatoon/src/truck/src/src/Communication.hpp:3:
/Users/brodie/ros2_truckplatoon/src/truck/src/src/Truck.hpp:4:10: warning: non-portable path to file '"utils/include.hpp"'; specified path differs in case from file name on disk [-Wnonportable-include-path]
#include "utils/Include.hpp"
         ^~~~~~~~~~~~~~~~~~~
         "utils/include.hpp"
In file included from /Users/brodie/ros2_truckplatoon/src/truck/src/truck.cpp:2:
In file included from /Users/brodie/ros2_truckplatoon/src/truck/src/Platoon.hpp:4:
In file included from /Users/brodie/ros2_truckplatoon/src/truck/src/src/Leader.hpp:4:
/Users/brodie/ros2_truckplatoon/src/truck/src/src/Truck.hpp:4:10: warning: non-portable path to file '"utils/include.hpp"'; specified path differs in case from file name on disk [-Wnonportable-include-path]
#include "utils/Include.hpp"
         ^~~~~~~~~~~~~~~~~~~
         "utils/include.hpp"
In file included from /Users/brodie/ros2_truckplatoon/src/truck/src/src/Leader.cpp:1:
In file included from /Users/brodie/ros2_truckplatoon/src/truck/src/src/Leader.hpp:4:
In file included from /Users/brodie/ros2_truckplatoon/src/truck/src/src/Truck.hpp:6:
/Users/brodie/ros2_truckplatoon/src/truck/src/src/Publisher.hpp:29:28: error: taking the address of a temporary object of type 'std::shared_ptr<Publisher<Message_<allocator<void>>>>' [-Waddress-of-temporary]
  publishers_[TopicName] = &this->create_publisher<message::msg::Message>(TopicName, 10);
                           ^~~~~~~~~~~~~~~~~~~~~~~~~~~~~~~~~~~~~~~~~~~~~~~~~~~~~~~~~~~~~
/Users/brodie/ros2_truckplatoon/src/truck/src/src/Publisher.hpp:29:26: error: no viable overloaded '='
  publishers_[TopicName] = &this->create_publisher<message::msg::Message>(TopicName, 10);
  ~~~~~~~~~~~~~~~~~~~~~~ ^ ~~~~~~~~~~~~~~~~~~~~~~~~~~~~~~~~~~~~~~~~~~~~~~~~~~~~~~~~~~~~~
/Applications/Xcode.app/Contents/Developer/Platforms/MacOSX.platform/Developer/SDKs/MacOSX12.3.sdk/usr/include/c++/v1/__memory/shared_ptr.h:511:17: note: candidate function not viable: no known conversion from 'std::shared_ptr<Publisher<Message_<allocator<void>>>> *' to 'const std::shared_ptr<rclcpp::Publisher<message::msg::Message_<std::allocator<void>>>>' for 1st argument; remove &
    shared_ptr& operator=(const shared_ptr& __r) _NOEXCEPT;
                ^
/Applications/Xcode.app/Contents/Developer/Platforms/MacOSX.platform/Developer/SDKs/MacOSX12.3.sdk/usr/include/c++/v1/__memory/shared_ptr.h:519:9: note: candidate template ignored: could not match 'shared_ptr<type-parameter-0-0>' against 'std::shared_ptr<rclcpp::Publisher<message::msg::Message_<std::allocator<void>>>> *'
        operator=(const shared_ptr<_Yp>& __r) _NOEXCEPT;
        ^
/Applications/Xcode.app/Contents/Developer/Platforms/MacOSX.platform/Developer/SDKs/MacOSX12.3.sdk/usr/include/c++/v1/__memory/shared_ptr.h:521:17: note: candidate function not viable: no known conversion from 'std::shared_ptr<Publisher<Message_<allocator<void>>>> *' to 'std::shared_ptr<rclcpp::Publisher<message::msg::Message_<std::allocator<void>>>>' for 1st argument; remove &
    shared_ptr& operator=(shared_ptr&& __r) _NOEXCEPT;
                ^
/Applications/Xcode.app/Contents/Developer/Platforms/MacOSX.platform/Developer/SDKs/MacOSX12.3.sdk/usr/include/c++/v1/__memory/shared_ptr.h:529:9: note: candidate template ignored: could not match 'shared_ptr<type-parameter-0-0>' against 'std::shared_ptr<rclcpp::Publisher<message::msg::Message_<std::allocator<void>>>> *'
        operator=(shared_ptr<_Yp>&& __r);
        ^
/Applications/Xcode.app/Contents/Developer/Platforms/MacOSX.platform/Developer/SDKs/MacOSX12.3.sdk/usr/include/c++/v1/__memory/shared_ptr.h:539:9: note: candidate template ignored: could not match 'auto_ptr<type-parameter-0-0>' against 'std::shared_ptr<rclcpp::Publisher<message::msg::Message_<std::allocator<void>>>> *'
        operator=(auto_ptr<_Yp>&& __r);
        ^
/Applications/Xcode.app/Contents/Developer/Platforms/MacOSX.platform/Developer/SDKs/MacOSX12.3.sdk/usr/include/c++/v1/__memory/shared_ptr.h:548:9: note: candidate template ignored: could not match 'unique_ptr<type-parameter-0-0, type-parameter-0-1>' against 'std::shared_ptr<rclcpp::Publisher<message::msg::Message_<std::allocator<void>>>> *'
        operator=(unique_ptr<_Yp, _Dp>&& __r);
        ^
In file included from /Users/brodie/ros2_truckplatoon/src/truck/src/src/Truck.cpp:1:
In file included from /Users/brodie/ros2_truckplatoon/src/truck/src/src/Truck.hpp:6:
/Users/brodie/ros2_truckplatoon/src/truck/src/src/Publisher.hpp:29:28: error: taking the address of a temporary object of type 'std::shared_ptr<Publisher<Message_<allocator<void>>>>' [-Waddress-of-temporary]
  publishers_[TopicName] = &this->create_publisher<message::msg::Message>(TopicName, 10);
                           ^~~~~~~~~~~~~~~~~~~~~~~~~~~~~~~~~~~~~~~~~~~~~~~~~~~~~~~~~~~~~
/Users/brodie/ros2_truckplatoon/src/truck/src/src/Publisher.hpp:29:26: error: no viable overloaded '='
  publishers_[TopicName] = &this->create_publisher<message::msg::Message>(TopicName, 10);
  ~~~~~~~~~~~~~~~~~~~~~~ ^ ~~~~~~~~~~~~~~~~~~~~~~~~~~~~~~~~~~~~~~~~~~~~~~~~~~~~~~~~~~~~~
/Applications/Xcode.app/Contents/Developer/Platforms/MacOSX.platform/Developer/SDKs/MacOSX12.3.sdk/usr/include/c++/v1/__memory/shared_ptr.h:511:17: note: candidate function not viable: no known conversion from 'std::shared_ptr<Publisher<Message_<allocator<void>>>> *' to 'const std::shared_ptr<rclcpp::Publisher<message::msg::Message_<std::allocator<void>>>>' for 1st argument; remove &
    shared_ptr& operator=(const shared_ptr& __r) _NOEXCEPT;
                ^
/Applications/Xcode.app/Contents/Developer/Platforms/MacOSX.platform/Developer/SDKs/MacOSX12.3.sdk/usr/include/c++/v1/__memory/shared_ptr.h:519:9: note: candidate template ignored: could not match 'shared_ptr<type-parameter-0-0>' against 'std::shared_ptr<rclcpp::Publisher<message::msg::Message_<std::allocator<void>>>> *'
        operator=(const shared_ptr<_Yp>& __r) _NOEXCEPT;
        ^
/Applications/Xcode.app/Contents/Developer/Platforms/MacOSX.platform/Developer/SDKs/MacOSX12.3.sdk/usr/include/c++/v1/__memory/shared_ptr.h:521:17: note: candidate function not viable: no known conversion from 'std::shared_ptr<Publisher<Message_<allocator<void>>>> *' to 'std::shared_ptr<rclcpp::Publisher<message::msg::Message_<std::allocator<void>>>>' for 1st argument; remove &
    shared_ptr& operator=(shared_ptr&& __r) _NOEXCEPT;
                ^
/Applications/Xcode.app/Contents/Developer/Platforms/MacOSX.platform/Developer/SDKs/MacOSX12.3.sdk/usr/include/c++/v1/__memory/shared_ptr.h:529:9: note: candidate template ignored: could not match 'shared_ptr<type-parameter-0-0>' against 'std::shared_ptr<rclcpp::Publisher<message::msg::Message_<std::allocator<void>>>> *'
        operator=(shared_ptr<_Yp>&& __r);
        ^
/Applications/Xcode.app/Contents/Developer/Platforms/MacOSX.platform/Developer/SDKs/MacOSX12.3.sdk/usr/include/c++/v1/__memory/shared_ptr.h:539:9: note: candidate template ignored: could not match 'auto_ptr<type-parameter-0-0>' against 'std::shared_ptr<rclcpp::Publisher<message::msg::Message_<std::allocator<void>>>> *'
        operator=(auto_ptr<_Yp>&& __r);
        ^
/Applications/Xcode.app/Contents/Developer/Platforms/MacOSX.platform/Developer/SDKs/MacOSX12.3.sdk/usr/include/c++/v1/__memory/shared_ptr.h:548:9: note: candidate template ignored: could not match 'unique_ptr<type-parameter-0-0, type-parameter-0-1>' against 'std::shared_ptr<rclcpp::Publisher<message::msg::Message_<std::allocator<void>>>> *'
        operator=(unique_ptr<_Yp, _Dp>&& __r);
        ^
In file included from /Users/brodie/ros2_truckplatoon/src/truck/src/src/Communication.cpp:1:
In file included from /Users/brodie/ros2_truckplatoon/src/truck/src/src/Communication.hpp:3:
In file included from /Users/brodie/ros2_truckplatoon/src/truck/src/src/Truck.hpp:6:
/Users/brodie/ros2_truckplatoon/src/truck/src/src/Publisher.hpp:29:28: error: taking the address of a temporary object of type 'std::shared_ptr<Publisher<Message_<allocator<void>>>>' [-Waddress-of-temporary]
  publishers_[TopicName] = &this->create_publisher<message::msg::Message>(TopicName, 10);
                           ^~~~~~~~~~~~~~~~~~~~~~~~~~~~~~~~~~~~~~~~~~~~~~~~~~~~~~~~~~~~~
/Users/brodie/ros2_truckplatoon/src/truck/src/src/Publisher.hpp:29:26: error: no viable overloaded '='
  publishers_[TopicName] = &this->create_publisher<message::msg::Message>(TopicName, 10);
  ~~~~~~~~~~~~~~~~~~~~~~ ^ ~~~~~~~~~~~~~~~~~~~~~~~~~~~~~~~~~~~~~~~~~~~~~~~~~~~~~~~~~~~~~
/Applications/Xcode.app/Contents/Developer/Platforms/MacOSX.platform/Developer/SDKs/MacOSX12.3.sdk/usr/include/c++/v1/__memory/shared_ptr.h:511:17: note: candidate function not viable: no known conversion from 'std::shared_ptr<Publisher<Message_<allocator<void>>>> *' to 'const std::shared_ptr<rclcpp::Publisher<message::msg::Message_<std::allocator<void>>>>' for 1st argument; remove &
    shared_ptr& operator=(const shared_ptr& __r) _NOEXCEPT;
                ^
/Applications/Xcode.app/Contents/Developer/Platforms/MacOSX.platform/Developer/SDKs/MacOSX12.3.sdk/usr/include/c++/v1/__memory/shared_ptr.h:519:9: note: candidate template ignored: could not match 'shared_ptr<type-parameter-0-0>' against 'std::shared_ptr<rclcpp::Publisher<message::msg::Message_<std::allocator<void>>>> *'
        operator=(const shared_ptr<_Yp>& __r) _NOEXCEPT;
        ^
/Applications/Xcode.app/Contents/Developer/Platforms/MacOSX.platform/Developer/SDKs/MacOSX12.3.sdk/usr/include/c++/v1/__memory/shared_ptr.h:521:17: note: candidate function not viable: no known conversion from 'std::shared_ptr<Publisher<Message_<allocator<void>>>> *' to 'std::shared_ptr<rclcpp::Publisher<message::msg::Message_<std::allocator<void>>>>' for 1st argument; remove &
    shared_ptr& operator=(shared_ptr&& __r) _NOEXCEPT;
                ^
/Applications/Xcode.app/Contents/Developer/Platforms/MacOSX.platform/Developer/SDKs/MacOSX12.3.sdk/usr/include/c++/v1/__memory/shared_ptr.h:529:9: note: candidate template ignored: could not match 'shared_ptr<type-parameter-0-0>' against 'std::shared_ptr<rclcpp::Publisher<message::msg::Message_<std::allocator<void>>>> *'
        operator=(shared_ptr<_Yp>&& __r);
        ^
/Applications/Xcode.app/Contents/Developer/Platforms/MacOSX.platform/Developer/SDKs/MacOSX12.3.sdk/usr/include/c++/v1/__memory/shared_ptr.h:539:9: note: candidate template ignored: could not match 'auto_ptr<type-parameter-0-0>' against 'std::shared_ptr<rclcpp::Publisher<message::msg::Message_<std::allocator<void>>>> *'
        operator=(auto_ptr<_Yp>&& __r);
        ^
/Applications/Xcode.app/Contents/Developer/Platforms/MacOSX.platform/Developer/SDKs/MacOSX12.3.sdk/usr/include/c++/v1/__memory/shared_ptr.h:548:9: note: candidate template ignored: could not match 'unique_ptr<type-parameter-0-0, type-parameter-0-1>' against 'std::shared_ptr<rclcpp::Publisher<message::msg::Message_<std::allocator<void>>>> *'
        operator=(unique_ptr<_Yp, _Dp>&& __r);
        ^
In file included from /Users/brodie/ros2_truckplatoon/src/truck/src/truck.cpp:2:
In file included from /Users/brodie/ros2_truckplatoon/src/truck/src/Platoon.hpp:4:
In file included from /Users/brodie/ros2_truckplatoon/src/truck/src/src/Leader.hpp:4:
In file included from /Users/brodie/ros2_truckplatoon/src/truck/src/src/Truck.hpp:6:
/Users/brodie/ros2_truckplatoon/src/truck/src/src/Publisher.hpp:29:28: error: taking the address of a temporary object of type 'std::shared_ptr<Publisher<Message_<allocator<void>>>>' [-Waddress-of-temporary]
  publishers_[TopicName] = &this->create_publisher<message::msg::Message>(TopicName, 10);
                           ^~~~~~~~~~~~~~~~~~~~~~~~~~~~~~~~~~~~~~~~~~~~~~~~~~~~~~~~~~~~~
/Users/brodie/ros2_truckplatoon/src/truck/src/src/Publisher.hpp:29:26: error: no viable overloaded '='
  publishers_[TopicName] = &this->create_publisher<message::msg::Message>(TopicName, 10);
  ~~~~~~~~~~~~~~~~~~~~~~ ^ ~~~~~~~~~~~~~~~~~~~~~~~~~~~~~~~~~~~~~~~~~~~~~~~~~~~~~~~~~~~~~
/Applications/Xcode.app/Contents/Developer/Platforms/MacOSX.platform/Developer/SDKs/MacOSX12.3.sdk/usr/include/c++/v1/__memory/shared_ptr.h:511:17: note: candidate function not viable: no known conversion from 'std::shared_ptr<Publisher<Message_<allocator<void>>>> *' to 'const std::shared_ptr<rclcpp::Publisher<message::msg::Message_<std::allocator<void>>>>' for 1st argument; remove &
    shared_ptr& operator=(const shared_ptr& __r) _NOEXCEPT;
                ^
/Applications/Xcode.app/Contents/Developer/Platforms/MacOSX.platform/Developer/SDKs/MacOSX12.3.sdk/usr/include/c++/v1/__memory/shared_ptr.h:519:9: note: candidate template ignored: could not match 'shared_ptr<type-parameter-0-0>' against 'std::shared_ptr<rclcpp::Publisher<message::msg::Message_<std::allocator<void>>>> *'
        operator=(const shared_ptr<_Yp>& __r) _NOEXCEPT;
        ^
/Applications/Xcode.app/Contents/Developer/Platforms/MacOSX.platform/Developer/SDKs/MacOSX12.3.sdk/usr/include/c++/v1/__memory/shared_ptr.h:521:17: note: candidate function not viable: no known conversion from 'std::shared_ptr<Publisher<Message_<allocator<void>>>> *' to 'std::shared_ptr<rclcpp::Publisher<message::msg::Message_<std::allocator<void>>>>' for 1st argument; remove &
    shared_ptr& operator=(shared_ptr&& __r) _NOEXCEPT;
                ^
/Applications/Xcode.app/Contents/Developer/Platforms/MacOSX.platform/Developer/SDKs/MacOSX12.3.sdk/usr/include/c++/v1/__memory/shared_ptr.h:529:9: note: candidate template ignored: could not match 'shared_ptr<type-parameter-0-0>' against 'std::shared_ptr<rclcpp::Publisher<message::msg::Message_<std::allocator<void>>>> *'
        operator=(shared_ptr<_Yp>&& __r);
        ^
/Applications/Xcode.app/Contents/Developer/Platforms/MacOSX.platform/Developer/SDKs/MacOSX12.3.sdk/usr/include/c++/v1/__memory/shared_ptr.h:539:9: note: candidate template ignored: could not match 'auto_ptr<type-parameter-0-0>' against 'std::shared_ptr<rclcpp::Publisher<message::msg::Message_<std::allocator<void>>>> *'
        operator=(auto_ptr<_Yp>&& __r);
        ^
/Applications/Xcode.app/Contents/Developer/Platforms/MacOSX.platform/Developer/SDKs/MacOSX12.3.sdk/usr/include/c++/v1/__memory/shared_ptr.h:548:9: note: candidate template ignored: could not match 'unique_ptr<type-parameter-0-0, type-parameter-0-1>' against 'std::shared_ptr<rclcpp::Publisher<message::msg::Message_<std::allocator<void>>>> *'
        operator=(unique_ptr<_Yp, _Dp>&& __r);
        ^
In file included from /Users/brodie/ros2_truckplatoon/src/truck/src/src/Leader.cpp:1:
In file included from /Users/brodie/ros2_truckplatoon/src/truck/src/src/Leader.hpp:4:
In file included from /Users/brodie/ros2_truckplatoon/src/truck/src/src/Truck.hpp:7:
/Users/brodie/ros2_truckplatoon/src/truck/src/src/Subscriber.hpp:34:64: warning: unused parameter 'msg' [-Wunused-parameter]
    void topic_callback(const message::msg::Message::SharedPtr msg) const
                                                               ^
In file included from /Users/brodie/ros2_truckplatoon/src/truck/src/src/Truck.cpp:1:
In file included from /Users/brodie/ros2_truckplatoon/src/truck/src/src/Truck.hpp:7:
/Users/brodie/ros2_truckplatoon/src/truck/src/src/Subscriber.hpp:34:64: warning: unused parameter 'msg' [-Wunused-parameter]
    void topic_callback(const message::msg::Message::SharedPtr msg) const
                                                               ^
In file included from /Users/brodie/ros2_truckplatoon/src/truck/src/src/Communication.cpp:1:
In file included from /Users/brodie/ros2_truckplatoon/src/truck/src/src/Communication.hpp:3:
In file included from /Users/brodie/ros2_truckplatoon/src/truck/src/src/Truck.hpp:7:
/Users/brodie/ros2_truckplatoon/src/truck/src/src/Subscriber.hpp:34:64: warning: unused parameter 'msg' [-Wunused-parameter]
    void topic_callback(const message::msg::Message::SharedPtr msg) const
                                                               ^
In file included from /Users/brodie/ros2_truckplatoon/src/truck/src/truck.cpp:2:
In file included from /Users/brodie/ros2_truckplatoon/src/truck/src/Platoon.hpp:4:
In file included from /Users/brodie/ros2_truckplatoon/src/truck/src/src/Leader.hpp:4:
In file included from /Users/brodie/ros2_truckplatoon/src/truck/src/src/Truck.hpp:7:
/Users/brodie/ros2_truckplatoon/src/truck/src/src/Subscriber.hpp:34:64: warning: unused parameter 'msg' [-Wunused-parameter]
    void topic_callback(const message::msg::Message::SharedPtr msg) const
                                                               ^
In file included from /Users/brodie/ros2_truckplatoon/src/truck/src/truck.cpp:2:
/Users/brodie/ros2_truckplatoon/src/truck/src/Platoon.hpp:8:10: warning: non-portable path to file '"src/utils/include.hpp"'; specified path differs in case from file name on disk [-Wnonportable-include-path]
#include "src/utils/Include.hpp"
         ^~~~~~~~~~~~~~~~~~~~~~~
         "src/utils/include.hpp"
2 warnings and 2 errors generated.
In file included from /Users/brodie/ros2_truckplatoon/src/truck/src/truck.cpp2 warnings and 2 error:s2 generated:
In file included from .
/Users/brodie/ros2_truckplatoon/src/truck/src/Platoon.hpp:11:
/Users/brodie/ros2_truckplatoon/src/truck/src/src/DrivingEvent.hpp:9:15: warning: private field '_speed' is not used [-Wunused-private-field]
    speedType _speed;
              ^
/Users/brodie/ros2_truckplatoon/src/truck/src/src/DrivingEvent.hpp:10:23: warning: private field '_stearingAngle' is not used [-Wunused-private-field]
    stearingAngleType _stearingAngle;
                      ^
/Users/brodie/ros2_truckplatoon/src/truck/src/src/DrivingEvent.hpp:11:18: warning: private field '_distance' is not used [-Wunused-private-field]
    distanceType _distance;
                 ^
6 warnings and 2 errors generated.
gmake[2]: *** [CMakeFiles/truck.dir/build.make:121: CMakeFiles/truck.dir/src/src/Communication.cpp.o] Error 1
gmake[2]: *** Waiting for unfinished jobs....
gmake[2]: *** [CMakeFiles/truck.dir/build.make:108: CMakeFiles/truck.dir/src/src/Leader.cpp.o] Error 1
gmake[2]: *** [CMakeFiles/truck.dir/build.make:82: CMakeFiles/truck.dir/src/truck.cpp.o] Error 1
2 warnings and 2 errors generated.
gmake[2]: *** [CMakeFiles/truck.dir/build.make:95: CMakeFiles/truck.dir/src/src/Truck.cpp.o] Error 1
gmake[1]: *** [CMakeFiles/Makefile2:97: CMakeFiles/truck.dir/all] Error 2
gmake: *** [Makefile:160: all] Error 2
