In file included from /Users/brodie/ros2_truckplatoon/src/truck/src/truck.cpp:2:
In file included from /Users/brodie/ros2_truckplatoon/src/truck/src/Platoon.hpp:4:
In file included from /Users/brodie/ros2_truckplatoon/src/truck/src/src/Leader.hpp:4:
/Users/brodie/ros2_truckplatoon/src/truck/src/src/Truck.hpp:4:10: warning: non-portable path to file '"utils/include.hpp"'; specified path differs in case from file name on disk [-Wnonportable-include-path]
#include "utils/Include.hpp"
         ^~~~~~~~~~~~~~~~~~~
         "utils/include.hpp"
In file included from /Users/brodie/ros2_truckplatoon/src/truck/src/src/Truck.cpp:1:
/Users/brodie/ros2_truckplatoon/src/truck/src/src/Truck.hpp:4:10: warning: non-portable path to file '"utils/include.hpp"'; specified path differs in case from file name on disk [-Wnonportable-include-path]
#include "utils/Include.hpp"
         ^~~~~~~~~~~~~~~~~~~
         "utils/include.hpp"
In file included from /Users/brodie/ros2_truckplatoon/src/truck/src/src/Communication.cpp:1:
In file included from /Users/brodie/ros2_truckplatoon/src/truck/src/src/Communication.hpp:3:
/Users/brodie/ros2_truckplatoon/src/truck/src/src/Truck.hpp:4:10: warning: non-portable path to file '"utils/include.hpp"'; specified path differs in case from file name on disk [-Wnonportable-include-path]
#include "utils/Include.hpp"
         ^~~~~~~~~~~~~~~~~~~
         "utils/include.hpp"
In file included from /Users/brodie/ros2_truckplatoon/src/truck/src/src/Leader.cpp:1:
In file included from /Users/brodie/ros2_truckplatoon/src/truck/src/src/Leader.hpp:4:
/Users/brodie/ros2_truckplatoon/src/truck/src/src/Truck.hpp:4:10: warning: non-portable path to file '"utils/include.hpp"'; specified path differs in case from file name on disk [-Wnonportable-include-path]
#include "utils/Include.hpp"
         ^~~~~~~~~~~~~~~~~~~
         "utils/include.hpp"
In file included from /Users/brodie/ros2_truckplatoon/src/truck/src/truck.cpp:2:
In file included from /Users/brodie/ros2_truckplatoon/src/truck/src/Platoon.hpp:4:
In file included from /Users/brodie/ros2_truckplatoon/src/truck/src/src/Leader.hpp:4:
In file included from /Users/brodie/ros2_truckplatoon/src/truck/src/src/Truck.hpp:6:
/Users/brodie/ros2_truckplatoon/src/truck/src/src/Publisher.hpp:22:59: error: invalid operands to binary expression ('const char[18]' and 'const char[8]')
      RCLCPP_INFO(this->get_logger(), "Publishing node: " + "Platoon");    // CHANGE
                                      ~~~~~~~~~~~~~~~~~~~ ^ ~~~~~~~~~
/Users/brodie/ros2_foxy/ros2-osx/include/rclcpp/logging.hpp:544:45: note: expanded from macro 'RCLCPP_INFO'
      rclcpp::get_c_string(RCLCPP_FIRST_ARG(__VA_ARGS__, "")), \
                                            ^~~~~~~~~~~
/Users/brodie/ros2_foxy/ros2-osx/include/rclcpp/logging.hpp:35:34: note: expanded from macro 'RCLCPP_FIRST_ARG'
#define RCLCPP_FIRST_ARG(N, ...) N
                                 ^
/Users/brodie/ros2_foxy/ros2-osx/include/rcutils/logging_macros.h:503:5: note: expanded from macro 'RCUTILS_LOG_INFO_NAMED'
    __VA_ARGS__)
    ^~~~~~~~~~~
/Users/brodie/ros2_foxy/ros2-osx/include/rcutils/logging_macros.h:72:64: note: expanded from macro 'RCUTILS_LOG_COND_NAMED'
      rcutils_log(&__rcutils_logging_location, severity, name, __VA_ARGS__); \
                                                               ^~~~~~~~~~~
In file included from /Users/brodie/ros2_truckplatoon/src/truck/src/src/Communication.cpp:1:
In file included from /Users/brodie/ros2_truckplatoon/src/truck/src/src/Communication.hpp:3:
In file included from /Users/brodie/ros2_truckplatoon/src/truck/src/src/Truck.hpp:6:
/Users/brodie/ros2_truckplatoon/src/truck/src/src/Publisher.hpp:22:59: error: invalid operands to binary expression ('const char[18]' and 'const char[8]')
      RCLCPP_INFO(this->get_logger(), "Publishing node: " + "Platoon");    // CHANGE
                                      ~~~~~~~~~~~~~~~~~~~ ^ ~~~~~~~~~
/Users/brodie/ros2_foxy/ros2-osx/include/rclcpp/logging.hpp:544:45: note: expanded from macro 'RCLCPP_INFO'
      rclcpp::get_c_string(RCLCPP_FIRST_ARG(__VA_ARGS__, "")), \
                                            ^~~~~~~~~~~
/Users/brodie/ros2_foxy/ros2-osx/include/rclcpp/logging.hpp:35:34: note: expanded from macro 'RCLCPP_FIRST_ARG'
#define RCLCPP_FIRST_ARG(N, ...) N
                                 ^
/Users/brodie/ros2_foxy/ros2-osx/include/rcutils/logging_macros.h:503:5: note: expanded from macro 'RCUTILS_LOG_INFO_NAMED'
    __VA_ARGS__)
    ^~~~~~~~~~~
/Users/brodie/ros2_foxy/ros2-osx/include/rcutils/logging_macros.h:72:64: note: expanded from macro 'RCUTILS_LOG_COND_NAMED'
      rcutils_log(&__rcutils_logging_location, severity, name, __VA_ARGS__); \
                                                               ^~~~~~~~~~~
In file included from /Users/brodie/ros2_truckplatoon/src/truck/src/src/Truck.cpp:1:
In file included from /Users/brodie/ros2_truckplatoon/src/truck/src/src/Truck.hpp:6:
/Users/brodie/ros2_truckplatoon/src/truck/src/src/Publisher.hpp:22:59: error: invalid operands to binary expression ('const char[18]' and 'const char[8]')
      RCLCPP_INFO(this->get_logger(), "Publishing node: " + "Platoon");    // CHANGE
                                      ~~~~~~~~~~~~~~~~~~~ ^ ~~~~~~~~~
/Users/brodie/ros2_foxy/ros2-osx/include/rclcpp/logging.hpp:544:45: note: expanded from macro 'RCLCPP_INFO'
      rclcpp::get_c_string(RCLCPP_FIRST_ARG(__VA_ARGS__, "")), \
                                            ^~~~~~~~~~~
/Users/brodie/ros2_foxy/ros2-osx/include/rclcpp/logging.hpp:35:34: note: expanded from macro 'RCLCPP_FIRST_ARG'
#define RCLCPP_FIRST_ARG(N, ...) N
                                 ^
/Users/brodie/ros2_foxy/ros2-osx/include/rcutils/logging_macros.h:503:5: note: expanded from macro 'RCUTILS_LOG_INFO_NAMED'
    __VA_ARGS__)
    ^~~~~~~~~~~
/Users/brodie/ros2_foxy/ros2-osx/include/rcutils/logging_macros.h:72:64: note: expanded from macro 'RCUTILS_LOG_COND_NAMED'
      rcutils_log(&__rcutils_logging_location, severity, name, __VA_ARGS__); \
                                                               ^~~~~~~~~~~
In file included from /Users/brodie/ros2_truckplatoon/src/truck/src/src/Leader.cpp:1:
In file included from /Users/brodie/ros2_truckplatoon/src/truck/src/src/Leader.hpp:4:
In file included from /Users/brodie/ros2_truckplatoon/src/truck/src/src/Truck.hpp:6:
/Users/brodie/ros2_truckplatoon/src/truck/src/src/Publisher.hpp:22:59: error: invalid operands to binary expression ('const char[18]' and 'const char[8]')
      RCLCPP_INFO(this->get_logger(), "Publishing node: " + "Platoon");    // CHANGE
                                      ~~~~~~~~~~~~~~~~~~~ ^ ~~~~~~~~~
/Users/brodie/ros2_foxy/ros2-osx/include/rclcpp/logging.hpp:544:45: note: expanded from macro 'RCLCPP_INFO'
      rclcpp::get_c_string(RCLCPP_FIRST_ARG(__VA_ARGS__, "")), \
                                            ^~~~~~~~~~~
/Users/brodie/ros2_foxy/ros2-osx/include/rclcpp/logging.hpp:35:34: note: expanded from macro 'RCLCPP_FIRST_ARG'
#define RCLCPP_FIRST_ARG(N, ...) N
                                 ^
/Users/brodie/ros2_foxy/ros2-osx/include/rcutils/logging_macros.h:503:5: note: expanded from macro 'RCUTILS_LOG_INFO_NAMED'
    __VA_ARGS__)
    ^~~~~~~~~~~
/Users/brodie/ros2_foxy/ros2-osx/include/rcutils/logging_macros.h:72:64: note: expanded from macro 'RCUTILS_LOG_COND_NAMED'
      rcutils_log(&__rcutils_logging_location, severity, name, __VA_ARGS__); \
                                                               ^~~~~~~~~~~
In file included from /Users/brodie/ros2_truckplatoon/src/truck/src/truck.cpp:2:
In file included from /Users/brodie/ros2_truckplatoon/src/truck/src/Platoon.hpp:4:
In file included from /Users/brodie/ros2_truckplatoon/src/truck/src/src/Leader.hpp:4:
In file included from /Users/brodie/ros2_truckplatoon/src/truck/src/src/Truck.hpp:6:
/Users/brodie/ros2_truckplatoon/src/truck/src/src/Publisher.hpp:24:15: error: use of undeclared identifier 'TopicName'; did you mean 'TopicName2'?
  publishers_[TopicName] = this->create_publisher<message::msg::Message>(TopicName, 10);
              ^~~~~~~~~
              TopicName2
/Users/brodie/ros2_truckplatoon/src/truck/src/src/Publisher.hpp:23:15: note: 'TopicName2' declared here
  std::string TopicName2 = "Platoon";
              ^
In file included from /Users/brodie/ros2_truckplatoon/src/truck/src/src/Communication.cpp:1:
In file included from /Users/brodie/ros2_truckplatoon/src/truck/src/src/Communication.hpp:3:
In file included from /Users/brodie/ros2_truckplatoon/src/truck/src/src/Truck.hpp:6:
/Users/brodie/ros2_truckplatoon/src/truck/src/src/Publisher.hpp:24:15: error: use of undeclared identifier 'TopicName'; did you mean 'TopicName2'?
  publishers_[TopicName] = this->create_publisher<message::msg::Message>(TopicName, 10);
              ^~~~~~~~~
              TopicName2
/Users/brodie/ros2_truckplatoon/src/truck/src/src/Publisher.hpp:23:15: note: 'TopicName2' declared here
  std::string TopicName2 = "Platoon";
              ^
In file included from /Users/brodie/ros2_truckplatoon/src/truck/src/src/Truck.cpp:1:
In file included from /Users/brodie/ros2_truckplatoon/src/truck/src/src/Truck.hpp:6:
/Users/brodie/ros2_truckplatoon/src/truck/src/src/Publisher.hpp:24:15: error: use of undeclared identifier 'TopicName'; did you mean 'TopicName2'?
  publishers_[TopicName] = this->create_publisher<message::msg::Message>(TopicName, 10);
              ^~~~~~~~~
              TopicName2
/Users/brodie/ros2_truckplatoon/src/truck/src/src/Publisher.hpp:23:15: note: 'TopicName2' declared here
  std::string TopicName2 = "Platoon";
              ^
In file included from /Users/brodie/ros2_truckplatoon/src/truck/src/src/Leader.cpp:1:
In file included from /Users/brodie/ros2_truckplatoon/src/truck/src/src/Leader.hpp:4:
In file included from /Users/brodie/ros2_truckplatoon/src/truck/src/src/Truck.hpp:6:
/Users/brodie/ros2_truckplatoon/src/truck/src/src/Publisher.hpp:24:15: error: use of undeclared identifier 'TopicName'; did you mean 'TopicName2'?
  publishers_[TopicName] = this->create_publisher<message::msg::Message>(TopicName, 10);
              ^~~~~~~~~
              TopicName2
/Users/brodie/ros2_truckplatoon/src/truck/src/src/Publisher.hpp:23:15: note: 'TopicName2' declared here
  std::string TopicName2 = "Platoon";
              ^
/Users/brodie/ros2_truckplatoon/src/truck/src/src/Publisher.hpp:24:74: error: use of undeclared identifier 'TopicName'; did you mean 'TopicName2'?
  publishers_[TopicName] = this->create_publisher<message::msg::Message>(TopicName, 10);
                                                                         ^~~~~~~~~
                                                                         TopicName2
/Users/brodie/ros2_truckplatoon/src/truck/src/src/Publisher.hpp:23:15: note: 'TopicName2' declared here
  std::string TopicName2 = "Platoon";
              ^
/Users/brodie/ros2_truckplatoon/src/truck/src/src/Publisher.hpp:24:74: error: use of undeclared identifier 'TopicName'; did you mean 'TopicName2'?
  publishers_[TopicName] = this->create_publisher<message::msg::Message>(TopicName, 10);
                                                                         ^~~~~~~~~
                                                                         TopicName2
/Users/brodie/ros2_truckplatoon/src/truck/src/src/Publisher.hpp:23:15: note: 'TopicName2' declared here
  std::string TopicName2 = "Platoon";
              ^
/Users/brodie/ros2_truckplatoon/src/truck/src/src/Publisher.hpp:24:74: error: use of undeclared identifier 'TopicName'; did you mean 'TopicName2'?
  publishers_[TopicName] = this->create_publisher<message::msg::Message>(TopicName, 10);
                                                                         ^~~~~~~~~
                                                                         TopicName2
/Users/brodie/ros2_truckplatoon/src/truck/src/src/Publisher.hpp:23:15: note: 'TopicName2' declared here
  std::string TopicName2 = "Platoon";
              ^
/Users/brodie/ros2_truckplatoon/src/truck/src/src/Publisher.hpp:24:74: error: use of undeclared identifier 'TopicName'; did you mean 'TopicName2'?
  publishers_[TopicName] = this->create_publisher<message::msg::Message>(TopicName, 10);
                                                                         ^~~~~~~~~
                                                                         TopicName2
/Users/brodie/ros2_truckplatoon/src/truck/src/src/Publisher.hpp:23:15: note: 'TopicName2' declared here
  std::string TopicName2 = "Platoon";
              ^
In file included from /Users/brodie/ros2_truckplatoon/src/truck/src/src/Truck.cpp:1:
In file included from /Users/brodie/ros2_truckplatoon/src/truck/src/src/Truck.hpp:7:
/Users/brodie/ros2_truckplatoon/src/truck/src/src/Subscriber.hpp:25:67: error: use of undeclared identifier 'TopicName'
        RCLCPP_INFO(this->get_logger(), "Subscribing to node: " + TopicName);    
                                                                  ^
In file included from /Users/brodie/ros2_truckplatoon/src/truck/src/src/Communication.cpp:1:
In file included from /Users/brodie/ros2_truckplatoon/src/truck/src/src/Communication.hpp:3:
In file included from /Users/brodie/ros2_truckplatoon/src/truck/src/src/Truck.hpp:7:
/Users/brodie/ros2_truckplatoon/src/truck/src/src/Subscriber.hpp:25:67: error: use of undeclared identifier 'TopicName'
        RCLCPP_INFO(this->get_logger(), "Subscribing to node: " + TopicName);    
                                                                  ^
In file included from /Users/brodie/ros2_truckplatoon/src/truck/src/truck.cpp:2:
In file included from /Users/brodie/ros2_truckplatoon/src/truck/src/Platoon.hpp:4:
In file included from /Users/brodie/ros2_truckplatoon/src/truck/src/src/Leader.hpp:4:
In file included from /Users/brodie/ros2_truckplatoon/src/truck/src/src/Truck.hpp:7:
/Users/brodie/ros2_truckplatoon/src/truck/src/src/Subscriber.hpp:25:67: error: use of undeclared identifier 'TopicName'
        RCLCPP_INFO(this->get_logger(), "Subscribing to node: " + TopicName);    
                                                                  ^
In file included from /Users/brodie/ros2_truckplatoon/src/truck/src/src/Leader.cpp:1:
In file included from /Users/brodie/ros2_truckplatoon/src/truck/src/src/Leader.hpp:4:
In file included from /Users/brodie/ros2_truckplatoon/src/truck/src/src/Truck.hpp:7:
/Users/brodie/ros2_truckplatoon/src/truck/src/src/Subscriber.hpp:25:67: error: use of undeclared identifier 'TopicName'
        RCLCPP_INFO(this->get_logger(), "Subscribing to node: " + TopicName);    
                                                                  ^
/Users/brodie/ros2_truckplatoon/src/truck/src/src/Subscriber.hpp:37:64: warning: unused parameter 'msg' [-Wunused-parameter]
    void topic_callback(const message::msg::Message::SharedPtr msg) const
                                                               ^
/Users/brodie/ros2_truckplatoon/src/truck/src/src/Subscriber.hpp:37:64: warning: unused parameter 'msg' [-Wunused-parameter]
    void topic_callback(const message::msg::Message::SharedPtr msg) const
                                                               ^
/Users/brodie/ros2_truckplatoon/src/truck/src/src/Subscriber.hpp:37:64: warning: unused parameter 'msg' [-Wunused-parameter]
    void topic_callback(const message::msg::Message::SharedPtr msg) const
                                                               ^
/Users/brodie/ros2_truckplatoon/src/truck/src/src/Subscriber.hpp:37:64: warning: unused parameter 'msg' [-Wunused-parameter]
    void topic_callback(const message::msg::Message::SharedPtr msg) const
                                                               ^
In file included from /Users/brodie/ros2_truckplatoon/src/truck/src/truck.cpp:2:
/Users/brodie/ros2_truckplatoon/src/truck/src/Platoon.hpp:8:10: warning: non-portable path to file '"src/utils/include.hpp"'; specified path differs in case from file name on disk [-Wnonportable-include-path]
#include "src/utils/Include.hpp"
         ^~~~~~~~~~~~~~~~~~~~~~~
         "src/utils/include.hpp"
2 warnings and 4 errors generated.
In file included from /Users/brodie/ros2_truckplatoon/src/truck/src/truck.cpp:2:
In file included from /Users/brodie/ros2_truckplatoon/src/truck/src/Platoon.hpp:11:
/Users/brodie/ros2_truckplatoon/src/truck/src/src/DrivingEvent.hpp:9:15: warning: private field '_speed' is not used [-Wunused-private-field]
    speedType _speed;
              ^
/Users/brodie/ros2_truckplatoon/src/truck/src/src/DrivingEvent.hpp:10:23: warning: private field '_stearingAngle' is not used [-Wunused-private-field]
    stearingAngleType _stearingAngle;
                      ^
/Users/brodie/ros2_truckplatoon/src/truck/src/src/DrivingEvent.hpp:11:18: warning: private field '_distance' is not used [-Wunused-private-field]
    distanceType _distance;
                 ^
6 warnings and 4 errors generated.
2 warnings and 4 errors generated.
gmake[2]: *** [CMakeFiles/truck.dir/build.make:108: CMakeFiles/truck.dir/src/src/Leader.cpp.o] Error 1
gmake[2]: *** Waiting for unfinished jobs....
gmake[2]: *** [CMakeFiles/truck.dir/build.make:82: CMakeFiles/truck.dir/src/truck.cpp.o] Error 1
gmake[2]: *** [CMakeFiles/truck.dir/build.make:121: CMakeFiles/truck.dir/src/src/Communication.cpp.o] Error 1
2 warnings and 4 errors generated.
gmake[2]: *** [CMakeFiles/truck.dir/build.make:95: CMakeFiles/truck.dir/src/src/Truck.cpp.o] Error 1
gmake[1]: *** [CMakeFiles/Makefile2:97: CMakeFiles/truck.dir/all] Error 2
gmake: *** [Makefile:160: all] Error 2
