[0.120s] Invoking command in '/Users/brodie/ros2_truckplatoon/build/truck': CMAKE_PREFIX_PATH=${CMAKE_PREFIX_PATH}:/Users/brodie/my_workspace/install/my_package SHLVL=2 _=/usr/bin/env /usr/local/bin/cmake --build /Users/brodie/ros2_truckplatoon/build/truck -- -j8 -l8
[0.346s] Scanning dependencies of target truck
[0.395s] [ 16%] Building CXX object CMakeFiles/truck.dir/src/src/Truck.cpp.o
[1.561s] In file included from /Users/brodie/ros2_truckplatoon/src/truck/src/src/Truck.cpp:1:
[1.562s] /Users/brodie/ros2_truckplatoon/src/truck/src/src/Truck.hpp:4:10: warning: non-portable path to file '"utils/include.hpp"'; specified path differs in case from file name on disk [-Wnonportable-include-path]
[1.562s] #include "utils/Include.hpp"
[1.562s]          ^~~~~~~~~~~~~~~~~~~
[1.562s]          "utils/include.hpp"
[4.322s] In file included from /Users/brodie/ros2_truckplatoon/src/truck/src/src/Truck.cpp:1:
[4.322s] In file included from /Users/brodie/ros2_truckplatoon/src/truck/src/src/Truck.hpp:3:
[4.323s] /Users/brodie/ros2_truckplatoon/src/truck/src/src/utils/PlatoonTypes.hpp:53:22: warning: unused function 'operator<<' [-Wunused-function]
[4.323s] static std::ostream& operator << ( std::ostream& outs, const EventType& p )
[4.323s]                      ^
[5.046s] 2 warnings generated.
[5.076s] [ 33%] Linking CXX executable truck
[5.372s] [100%] Built target truck
[5.392s] Invoked command in '/Users/brodie/ros2_truckplatoon/build/truck' returned '0': CMAKE_PREFIX_PATH=${CMAKE_PREFIX_PATH}:/Users/brodie/my_workspace/install/my_package SHLVL=2 _=/usr/bin/env /usr/local/bin/cmake --build /Users/brodie/ros2_truckplatoon/build/truck -- -j8 -l8
[5.600s] Invoking command in '/Users/brodie/ros2_truckplatoon/build/truck': CMAKE_PREFIX_PATH=${CMAKE_PREFIX_PATH}:/Users/brodie/my_workspace/install/my_package SHLVL=2 _=/usr/bin/env /usr/local/bin/cmake --install /Users/brodie/ros2_truckplatoon/build/truck
[5.616s] -- Install configuration: ""
[5.616s] -- Installing: /Users/brodie/ros2_truckplatoon/install/truck/lib/truck/truck
[5.702s] -- Up-to-date: /Users/brodie/ros2_truckplatoon/install/truck/share/ament_index/resource_index/package_run_dependencies/truck
[5.703s] -- Up-to-date: /Users/brodie/ros2_truckplatoon/install/truck/share/ament_index/resource_index/parent_prefix_path/truck
[5.703s] -- Up-to-date: /Users/brodie/ros2_truckplatoon/install/truck/share/truck/environment/ament_prefix_path.sh
[5.704s] -- Up-to-date: /Users/brodie/ros2_truckplatoon/install/truck/share/truck/environment/ament_prefix_path.dsv
[5.704s] -- Up-to-date: /Users/brodie/ros2_truckplatoon/install/truck/share/truck/environment/path.sh
[5.704s] -- Up-to-date: /Users/brodie/ros2_truckplatoon/install/truck/share/truck/environment/path.dsv
[5.704s] -- Up-to-date: /Users/brodie/ros2_truckplatoon/install/truck/share/truck/local_setup.bash
[5.705s] -- Up-to-date: /Users/brodie/ros2_truckplatoon/install/truck/share/truck/local_setup.sh
[5.705s] -- Up-to-date: /Users/brodie/ros2_truckplatoon/install/truck/share/truck/local_setup.zsh
[5.706s] -- Up-to-date: /Users/brodie/ros2_truckplatoon/install/truck/share/truck/local_setup.dsv
[5.707s] -- Installing: /Users/brodie/ros2_truckplatoon/install/truck/share/truck/package.dsv
[5.707s] -- Up-to-date: /Users/brodie/ros2_truckplatoon/install/truck/share/ament_index/resource_index/packages/truck
[5.707s] -- Up-to-date: /Users/brodie/ros2_truckplatoon/install/truck/share/truck/cmake/truckConfig.cmake
[5.707s] -- Up-to-date: /Users/brodie/ros2_truckplatoon/install/truck/share/truck/cmake/truckConfig-version.cmake
[5.707s] -- Up-to-date: /Users/brodie/ros2_truckplatoon/install/truck/share/truck/package.xml
[5.720s] Invoked command in '/Users/brodie/ros2_truckplatoon/build/truck' returned '0': CMAKE_PREFIX_PATH=${CMAKE_PREFIX_PATH}:/Users/brodie/my_workspace/install/my_package SHLVL=2 _=/usr/bin/env /usr/local/bin/cmake --install /Users/brodie/ros2_truckplatoon/build/truck
