[0.000000] (-) TimerEvent: {}
[0.000397] (message) JobQueued: {'identifier': 'message', 'dependencies': OrderedDict()}
[0.002397] (truck) JobQueued: {'identifier': 'truck', 'dependencies': OrderedDict([('message', '/Users/brodie/ros2_truckplatoon/install/message')])}
[0.002444] (message) JobStarted: {'identifier': 'message'}
[0.088880] (message) JobProgress: {'identifier': 'message', 'progress': 'cmake'}
[0.090158] (message) JobProgress: {'identifier': 'message', 'progress': 'build'}
[0.092722] (message) Command: {'cmd': ['/usr/local/bin/cmake', '--build', '/Users/brodie/ros2_truckplatoon/build/message', '--', '-j8', '-l8'], 'cwd': '/Users/brodie/ros2_truckplatoon/build/message', 'env': OrderedDict([('TERM_PROGRAM', 'Apple_Terminal'), ('SHELL', '/bin/zsh'), ('TERM', 'xterm-256color'), ('TMPDIR', '/var/folders/b6/t14lv28n5xqdhgq7zcrqwfkm0000gn/T/'), ('TERM_PROGRAM_VERSION', '445'), ('ROS_PYTHON_VERSION', '3'), ('ROS_VERSION', '2'), ('COLCON_PREFIX_PATH', '/Users/brodie/ros2_truckplatoon/install:/Users/brodie/my_workspace/install:/Users/brodie/ros2_foxy/ros2-osx'), ('TERM_SESSION_ID', '68464B11-5BA9-4066-9F09-461F903B1524'), ('AMENT_PREFIX_PATH', '/Users/brodie/ros2_truckplatoon/install/message:/Users/brodie/ros2_truckplatoon/install/Messages:/Users/brodie/ros2_truckplatoon/install/truck:/Users/brodie/my_workspace/install/tutorial_interfaces:/Users/brodie/my_workspace/install/cpp_srvcli:/Users/brodie/my_workspace/install/cpp_pubsub:/Users/brodie/my_workspace/install/my_package:/Users/brodie/ros2_foxy/ros2-osx'), ('USER', 'brodie'), ('SSH_AUTH_SOCK', '/private/tmp/com.apple.launchd.4a9jOPzOQR/Listeners'), ('__CF_USER_TEXT_ENCODING', '0x1F5:0x0:0x4'), ('PATH', '/Users/brodie/ros2_foxy/ros2-osx/bin:/Library/Frameworks/Python.framework/Versions/3.9/bin:/Library/Frameworks/Python.framework/Versions/2.7/bin:/usr/local/bin:/usr/bin:/bin:/usr/sbin:/sbin:/Library/TeX/texbin:/usr/local/share/dotnet:/opt/X11/bin:~/.dotnet/tools:/Library/Apple/usr/bin:/Library/Frameworks/Mono.framework/Versions/Current/Commands:/usr/local/CrossPack-AVR/bin:/Applications/Postgres.app/Contents/Versions/latest/bin:/Applications/Xamarin Workbooks.app/Contents/SharedSupport/path-bin'), ('__CFBundleIdentifier', 'com.apple.Terminal'), ('PWD', '/Users/brodie/ros2_truckplatoon/build/message'), ('COLCON', '1'), ('LANG', 'it_IT.UTF-8'), ('XPC_FLAGS', '0x0'), ('XPC_SERVICE_NAME', '0'), ('OPENSSL_ROOT_DIR', '/usr/local/Cellar/openssl@3'), ('SHLVL', '2'), ('HOME', '/Users/brodie'), ('ROS_DISTRO', 'foxy'), ('PYTHONPATH', '/Users/brodie/ros2_truckplatoon/install/message/lib/python3.9/site-packages:/Users/brodie/my_workspace/install/tutorial_interfaces/lib/python3.9/site-packages:/Users/brodie/my_workspace/install/my_package/lib/python3.9/site-packages:/Users/brodie/ros2_foxy/ros2-osx/lib/python3.8/site-packages'), ('LOGNAME', 'brodie'), ('PKG_CONFIG_PATH', '/Users/brodie/ros2_foxy/ros2-osx/lib/pkgconfig'), ('CMAKE_PREFIX_PATH', '/Users/brodie/ros2_truckplatoon/install/message:/Users/brodie/ros2_truckplatoon/install/Messages:/Users/brodie/ros2_truckplatoon/install/truck:/Users/brodie/my_workspace/install/tutorial_interfaces:/Users/brodie/my_workspace/install/cpp_srvcli:/Users/brodie/my_workspace/install/cpp_pubsub:/Users/brodie/ros2_foxy/ros2-osx:/Users/brodie/my_workspace/install/my_package'), ('DISPLAY', '/private/tmp/com.apple.launchd.fnO1XjjJMH/org.xquartz:0'), ('ROS_LOCALHOST_ONLY', '0'), ('_', '/usr/bin/env')]), 'shell': False}
[0.099848] (-) TimerEvent: {}
[0.176679] (message) StdoutLine: {'line': b'[  6%] Built target message__cpp\n'}
[0.177122] (message) StdoutLine: {'line': b'[ 12%] Built target message__rosidl_generator_c\n'}
[0.201822] (-) TimerEvent: {}
[0.231537] (message) StdoutLine: {'line': b'[ 32%] Built target message__rosidl_typesupport_cpp\n'}
[0.232019] (message) StdoutLine: {'line': b'[ 32%] Built target message__rosidl_typesupport_introspection_cpp\n'}
[0.232552] (message) StdoutLine: {'line': b'[ 51%] Built target message__rosidl_typesupport_c\n'}
[0.232947] (message) StdoutLine: {'line': b'[ 51%] Built target message__rosidl_typesupport_fastrtps_cpp\n'}
[0.237308] (message) StdoutLine: {'line': b'[ 61%] Built target message__rosidl_typesupport_introspection_c\n'}
[0.307527] (-) TimerEvent: {}
[0.360821] (message) StdoutLine: {'line': b'[ 70%] Built target message__rosidl_typesupport_fastrtps_c\n'}
[0.407843] (-) TimerEvent: {}
[0.432579] (message) StdoutLine: {'line': b'[ 70%] Built target message\n'}
[0.472308] (message) StdoutLine: {'line': b'[ 74%] Built target message__py\n'}
[0.511326] (-) TimerEvent: {}
[0.515410] (message) StdoutLine: {'line': b'[ 80%] Built target message__python\n'}
[0.552323] (message) StdoutLine: {'line': b'[ 93%] Built target message__rosidl_typesupport_introspection_c__pyext\n'}
[0.552552] (message) StdoutLine: {'line': b'[ 93%] Built target message__rosidl_typesupport_c__pyext\n'}
[0.552870] (message) StdoutLine: {'line': b'[100%] Built target message__rosidl_typesupport_fastrtps_c__pyext\n'}
[0.564572] (message) CommandEnded: {'returncode': 0}
[0.614636] (-) TimerEvent: {}
[0.715066] (-) TimerEvent: {}
[0.744844] (message) JobProgress: {'identifier': 'message', 'progress': 'install'}
[0.756970] (message) Command: {'cmd': ['/usr/local/bin/cmake', '--install', '/Users/brodie/ros2_truckplatoon/build/message'], 'cwd': '/Users/brodie/ros2_truckplatoon/build/message', 'env': OrderedDict([('TERM_PROGRAM', 'Apple_Terminal'), ('SHELL', '/bin/zsh'), ('TERM', 'xterm-256color'), ('TMPDIR', '/var/folders/b6/t14lv28n5xqdhgq7zcrqwfkm0000gn/T/'), ('TERM_PROGRAM_VERSION', '445'), ('ROS_PYTHON_VERSION', '3'), ('ROS_VERSION', '2'), ('COLCON_PREFIX_PATH', '/Users/brodie/ros2_truckplatoon/install:/Users/brodie/my_workspace/install:/Users/brodie/ros2_foxy/ros2-osx'), ('TERM_SESSION_ID', '68464B11-5BA9-4066-9F09-461F903B1524'), ('AMENT_PREFIX_PATH', '/Users/brodie/ros2_truckplatoon/install/message:/Users/brodie/ros2_truckplatoon/install/Messages:/Users/brodie/ros2_truckplatoon/install/truck:/Users/brodie/my_workspace/install/tutorial_interfaces:/Users/brodie/my_workspace/install/cpp_srvcli:/Users/brodie/my_workspace/install/cpp_pubsub:/Users/brodie/my_workspace/install/my_package:/Users/brodie/ros2_foxy/ros2-osx'), ('USER', 'brodie'), ('SSH_AUTH_SOCK', '/private/tmp/com.apple.launchd.4a9jOPzOQR/Listeners'), ('__CF_USER_TEXT_ENCODING', '0x1F5:0x0:0x4'), ('PATH', '/Users/brodie/ros2_foxy/ros2-osx/bin:/Library/Frameworks/Python.framework/Versions/3.9/bin:/Library/Frameworks/Python.framework/Versions/2.7/bin:/usr/local/bin:/usr/bin:/bin:/usr/sbin:/sbin:/Library/TeX/texbin:/usr/local/share/dotnet:/opt/X11/bin:~/.dotnet/tools:/Library/Apple/usr/bin:/Library/Frameworks/Mono.framework/Versions/Current/Commands:/usr/local/CrossPack-AVR/bin:/Applications/Postgres.app/Contents/Versions/latest/bin:/Applications/Xamarin Workbooks.app/Contents/SharedSupport/path-bin'), ('__CFBundleIdentifier', 'com.apple.Terminal'), ('PWD', '/Users/brodie/ros2_truckplatoon/build/message'), ('COLCON', '1'), ('LANG', 'it_IT.UTF-8'), ('XPC_FLAGS', '0x0'), ('XPC_SERVICE_NAME', '0'), ('OPENSSL_ROOT_DIR', '/usr/local/Cellar/openssl@3'), ('SHLVL', '2'), ('HOME', '/Users/brodie'), ('ROS_DISTRO', 'foxy'), ('PYTHONPATH', '/Users/brodie/ros2_truckplatoon/install/message/lib/python3.9/site-packages:/Users/brodie/my_workspace/install/tutorial_interfaces/lib/python3.9/site-packages:/Users/brodie/my_workspace/install/my_package/lib/python3.9/site-packages:/Users/brodie/ros2_foxy/ros2-osx/lib/python3.8/site-packages'), ('LOGNAME', 'brodie'), ('PKG_CONFIG_PATH', '/Users/brodie/ros2_foxy/ros2-osx/lib/pkgconfig'), ('CMAKE_PREFIX_PATH', '/Users/brodie/ros2_truckplatoon/install/message:/Users/brodie/ros2_truckplatoon/install/Messages:/Users/brodie/ros2_truckplatoon/install/truck:/Users/brodie/my_workspace/install/tutorial_interfaces:/Users/brodie/my_workspace/install/cpp_srvcli:/Users/brodie/my_workspace/install/cpp_pubsub:/Users/brodie/ros2_foxy/ros2-osx:/Users/brodie/my_workspace/install/my_package'), ('DISPLAY', '/private/tmp/com.apple.launchd.fnO1XjjJMH/org.xquartz:0'), ('ROS_LOCALHOST_ONLY', '0'), ('_', '/usr/bin/env')]), 'shell': False}
[0.765840] (message) StdoutLine: {'line': b'-- Install configuration: ""\n'}
[0.766339] (message) StdoutLine: {'line': b'-- Up-to-date: /Users/brodie/ros2_truckplatoon/install/message/share/ament_index/resource_index/rosidl_interfaces/message\n'}
[0.766488] (message) StdoutLine: {'line': b'-- Up-to-date: /Users/brodie/ros2_truckplatoon/install/message/include/message\n'}
[0.766715] (message) StdoutLine: {'line': b'-- Up-to-date: /Users/brodie/ros2_truckplatoon/install/message/include/message/msg\n'}
[0.766910] (message) StdoutLine: {'line': b'-- Up-to-date: /Users/brodie/ros2_truckplatoon/install/message/include/message/msg/rosidl_generator_c__visibility_control.h\n'}
[0.767014] (message) StdoutLine: {'line': b'-- Up-to-date: /Users/brodie/ros2_truckplatoon/install/message/include/message/msg/message.h\n'}
[0.767110] (message) StdoutLine: {'line': b'-- Up-to-date: /Users/brodie/ros2_truckplatoon/install/message/include/message/msg/detail\n'}
[0.767205] (message) StdoutLine: {'line': b'-- Up-to-date: /Users/brodie/ros2_truckplatoon/install/message/include/message/msg/detail/message__struct.h\n'}
[0.767299] (message) StdoutLine: {'line': b'-- Up-to-date: /Users/brodie/ros2_truckplatoon/install/message/include/message/msg/detail/message__functions.h\n'}
[0.767392] (message) StdoutLine: {'line': b'-- Up-to-date: /Users/brodie/ros2_truckplatoon/install/message/include/message/msg/detail/message__type_support.h\n'}
[0.767485] (message) StdoutLine: {'line': b'-- Up-to-date: /Users/brodie/ros2_truckplatoon/install/message/include/message/msg/detail/message__functions.c\n'}
[0.767577] (message) StdoutLine: {'line': b'-- Up-to-date: /Users/brodie/ros2_truckplatoon/install/message/share/message/environment/library_path.sh\n'}
[0.767670] (message) StdoutLine: {'line': b'-- Up-to-date: /Users/brodie/ros2_truckplatoon/install/message/share/message/environment/library_path.dsv\n'}
[0.767763] (message) StdoutLine: {'line': b'-- Installing: /Users/brodie/ros2_truckplatoon/install/message/lib/libmessage__rosidl_generator_c.dylib\n'}
[0.779341] (message) StdoutLine: {'line': b'-- Up-to-date: /Users/brodie/ros2_truckplatoon/install/message/include/message\n'}
[0.779525] (message) StdoutLine: {'line': b'-- Up-to-date: /Users/brodie/ros2_truckplatoon/install/message/include/message/msg\n'}
[0.779739] (message) StdoutLine: {'line': b'-- Up-to-date: /Users/brodie/ros2_truckplatoon/install/message/include/message/msg/detail\n'}
[0.779882] (message) StdoutLine: {'line': b'-- Up-to-date: /Users/brodie/ros2_truckplatoon/install/message/include/message/msg/detail/message__rosidl_typesupport_fastrtps_c.h\n'}
[0.779982] (message) StdoutLine: {'line': b'-- Up-to-date: /Users/brodie/ros2_truckplatoon/install/message/include/message/msg/rosidl_typesupport_fastrtps_c__visibility_control.h\n'}
[0.780078] (message) StdoutLine: {'line': b'-- Installing: /Users/brodie/ros2_truckplatoon/install/message/lib/libmessage__rosidl_typesupport_fastrtps_c.dylib\n'}
[0.815473] (-) TimerEvent: {}
[0.816992] (message) StdoutLine: {'line': b'-- Up-to-date: /Users/brodie/ros2_truckplatoon/install/message/include/message\n'}
[0.817360] (message) StdoutLine: {'line': b'-- Up-to-date: /Users/brodie/ros2_truckplatoon/install/message/include/message/msg\n'}
[0.817501] (message) StdoutLine: {'line': b'-- Up-to-date: /Users/brodie/ros2_truckplatoon/install/message/include/message/msg/rosidl_typesupport_fastrtps_cpp__visibility_control.h\n'}
[0.817669] (message) StdoutLine: {'line': b'-- Up-to-date: /Users/brodie/ros2_truckplatoon/install/message/include/message/msg/detail\n'}
[0.817775] (message) StdoutLine: {'line': b'-- Up-to-date: /Users/brodie/ros2_truckplatoon/install/message/include/message/msg/detail/dds_fastrtps\n'}
[0.817872] (message) StdoutLine: {'line': b'-- Up-to-date: /Users/brodie/ros2_truckplatoon/install/message/include/message/msg/detail/message__rosidl_typesupport_fastrtps_cpp.hpp\n'}
[0.817968] (message) StdoutLine: {'line': b'-- Installing: /Users/brodie/ros2_truckplatoon/install/message/lib/libmessage__rosidl_typesupport_fastrtps_cpp.dylib\n'}
[0.843347] (message) StdoutLine: {'line': b'-- Up-to-date: /Users/brodie/ros2_truckplatoon/install/message/include/message\n'}
[0.843650] (message) StdoutLine: {'line': b'-- Up-to-date: /Users/brodie/ros2_truckplatoon/install/message/include/message/msg\n'}
[0.843764] (message) StdoutLine: {'line': b'-- Up-to-date: /Users/brodie/ros2_truckplatoon/install/message/include/message/msg/detail\n'}
[0.843862] (message) StdoutLine: {'line': b'-- Up-to-date: /Users/brodie/ros2_truckplatoon/install/message/include/message/msg/detail/message__type_support.c\n'}
[0.844075] (message) StdoutLine: {'line': b'-- Up-to-date: /Users/brodie/ros2_truckplatoon/install/message/include/message/msg/detail/message__rosidl_typesupport_introspection_c.h\n'}
[0.844252] (message) StdoutLine: {'line': b'-- Up-to-date: /Users/brodie/ros2_truckplatoon/install/message/include/message/msg/rosidl_typesupport_introspection_c__visibility_control.h\n'}
[0.844384] (message) StdoutLine: {'line': b'-- Installing: /Users/brodie/ros2_truckplatoon/install/message/lib/libmessage__rosidl_typesupport_introspection_c.dylib\n'}
[0.868764] (message) StdoutLine: {'line': b'-- Installing: /Users/brodie/ros2_truckplatoon/install/message/lib/libmessage__rosidl_typesupport_c.dylib\n'}
[0.881178] (message) StdoutLine: {'line': b'-- Up-to-date: /Users/brodie/ros2_truckplatoon/install/message/include/message\n'}
[0.881351] (message) StdoutLine: {'line': b'-- Up-to-date: /Users/brodie/ros2_truckplatoon/install/message/include/message/msg\n'}
[0.881787] (message) StdoutLine: {'line': b'-- Up-to-date: /Users/brodie/ros2_truckplatoon/install/message/include/message/msg/detail\n'}
[0.881965] (message) StdoutLine: {'line': b'-- Up-to-date: /Users/brodie/ros2_truckplatoon/install/message/include/message/msg/detail/message__traits.hpp\n'}
[0.882079] (message) StdoutLine: {'line': b'-- Up-to-date: /Users/brodie/ros2_truckplatoon/install/message/include/message/msg/detail/message__struct.hpp\n'}
[0.882198] (message) StdoutLine: {'line': b'-- Up-to-date: /Users/brodie/ros2_truckplatoon/install/message/include/message/msg/detail/message__builder.hpp\n'}
[0.882397] (message) StdoutLine: {'line': b'-- Up-to-date: /Users/brodie/ros2_truckplatoon/install/message/include/message/msg/message.hpp\n'}
[0.882500] (message) StdoutLine: {'line': b'-- Up-to-date: /Users/brodie/ros2_truckplatoon/install/message/include/message\n'}
[0.882592] (message) StdoutLine: {'line': b'-- Up-to-date: /Users/brodie/ros2_truckplatoon/install/message/include/message/msg\n'}
[0.882681] (message) StdoutLine: {'line': b'-- Up-to-date: /Users/brodie/ros2_truckplatoon/install/message/include/message/msg/detail\n'}
[0.882780] (message) StdoutLine: {'line': b'-- Up-to-date: /Users/brodie/ros2_truckplatoon/install/message/include/message/msg/detail/message__type_support.cpp\n'}
[0.882869] (message) StdoutLine: {'line': b'-- Up-to-date: /Users/brodie/ros2_truckplatoon/install/message/include/message/msg/detail/message__rosidl_typesupport_introspection_cpp.hpp\n'}
[0.882956] (message) StdoutLine: {'line': b'-- Installing: /Users/brodie/ros2_truckplatoon/install/message/lib/libmessage__rosidl_typesupport_introspection_cpp.dylib\n'}
[0.893837] (message) StdoutLine: {'line': b'-- Installing: /Users/brodie/ros2_truckplatoon/install/message/lib/libmessage__rosidl_typesupport_cpp.dylib\n'}
[0.906214] (message) StdoutLine: {'line': b'-- Up-to-date: /Users/brodie/ros2_truckplatoon/install/message/share/message/environment/pythonpath.sh\n'}
[0.906468] (message) StdoutLine: {'line': b'-- Up-to-date: /Users/brodie/ros2_truckplatoon/install/message/share/message/environment/pythonpath.dsv\n'}
[0.906576] (message) StdoutLine: {'line': b'-- Up-to-date: /Users/brodie/ros2_truckplatoon/install/message/lib/python3.9/site-packages/message/__init__.py\n'}
[0.917360] (-) TimerEvent: {}
[0.961948] (message) StdoutLine: {'line': b'-- Up-to-date: /Users/brodie/ros2_truckplatoon/install/message/lib/python3.9/site-packages/message/msg\n'}
[0.962258] (message) StdoutLine: {'line': b'-- Up-to-date: /Users/brodie/ros2_truckplatoon/install/message/lib/python3.9/site-packages/message/msg/__init__.py\n'}
[0.962372] (message) StdoutLine: {'line': b'-- Up-to-date: /Users/brodie/ros2_truckplatoon/install/message/lib/python3.9/site-packages/message/msg/_message.py\n'}
[0.962487] (message) StdoutLine: {'line': b'-- Up-to-date: /Users/brodie/ros2_truckplatoon/install/message/lib/python3.9/site-packages/message/msg/_message_s.c\n'}
[0.962695] (message) StdoutLine: {'line': b'-- Up-to-date: /Users/brodie/ros2_truckplatoon/install/message/lib/python3.9/site-packages/message/message_s__rosidl_typesupport_fastrtps_c.cpython-39-darwin.so\n'}
[0.973245] (message) StderrLine: {'line': b'error: /Applications/Xcode.app/Contents/Developer/Toolchains/XcodeDefault.xctoolchain/usr/bin/install_name_tool: no LC_RPATH load command with path: /Users/brodie/ros2_truckplatoon/build/message/rosidl_generator_py/message found in: /Users/brodie/ros2_truckplatoon/install/message/lib/python3.9/site-packages/message/message_s__rosidl_typesupport_fastrtps_c.cpython-39-darwin.so (for architecture x86_64), required for specified option "-delete_rpath /Users/brodie/ros2_truckplatoon/build/message/rosidl_generator_py/message"\n'}
[0.987163] (message) StderrLine: {'line': b'error: /Applications/Xcode.app/Contents/Developer/Toolchains/XcodeDefault.xctoolchain/usr/bin/install_name_tool: no LC_RPATH load command with path: /Users/brodie/ros2_truckplatoon/build/message found in: /Users/brodie/ros2_truckplatoon/install/message/lib/python3.9/site-packages/message/message_s__rosidl_typesupport_fastrtps_c.cpython-39-darwin.so (for architecture x86_64), required for specified option "-delete_rpath /Users/brodie/ros2_truckplatoon/build/message"\n'}
[0.999610] (message) StderrLine: {'line': b'error: /Applications/Xcode.app/Contents/Developer/Toolchains/XcodeDefault.xctoolchain/usr/bin/install_name_tool: no LC_RPATH load command with path: /Users/brodie/ros2_foxy/ros2-osx/lib found in: /Users/brodie/ros2_truckplatoon/install/message/lib/python3.9/site-packages/message/message_s__rosidl_typesupport_fastrtps_c.cpython-39-darwin.so (for architecture x86_64), required for specified option "-delete_rpath /Users/brodie/ros2_foxy/ros2-osx/lib"\n'}
[1.010455] (message) StderrLine: {'line': b'error: /Applications/Xcode.app/Contents/Developer/Toolchains/XcodeDefault.xctoolchain/usr/bin/install_name_tool: no LC_RPATH load command with path: /usr/local/lib found in: /Users/brodie/ros2_truckplatoon/install/message/lib/python3.9/site-packages/message/message_s__rosidl_typesupport_fastrtps_c.cpython-39-darwin.so (for architecture x86_64), required for specified option "-delete_rpath /usr/local/lib"\n'}
[1.010894] (message) StdoutLine: {'line': b'-- Up-to-date: /Users/brodie/ros2_truckplatoon/install/message/lib/python3.9/site-packages/message/message_s__rosidl_typesupport_introspection_c.cpython-39-darwin.so\n'}
[1.018153] (-) TimerEvent: {}
[1.021976] (message) StderrLine: {'line': b'error: /Applications/Xcode.app/Contents/Developer/Toolchains/XcodeDefault.xctoolchain/usr/bin/install_name_tool: no LC_RPATH load command with path: /Users/brodie/ros2_truckplatoon/build/message/rosidl_generator_py/message found in: /Users/brodie/ros2_truckplatoon/install/message/lib/python3.9/site-packages/message/message_s__rosidl_typesupport_introspection_c.cpython-39-darwin.so (for architecture x86_64), required for specified option "-delete_rpath /Users/brodie/ros2_truckplatoon/build/message/rosidl_generator_py/message"\n'}
[1.033297] (message) StderrLine: {'line': b'error: /Applications/Xcode.app/Contents/Developer/Toolchains/XcodeDefault.xctoolchain/usr/bin/install_name_tool: no LC_RPATH load command with path: /Users/brodie/ros2_truckplatoon/build/message found in: /Users/brodie/ros2_truckplatoon/install/message/lib/python3.9/site-packages/message/message_s__rosidl_typesupport_introspection_c.cpython-39-darwin.so (for architecture x86_64), required for specified option "-delete_rpath /Users/brodie/ros2_truckplatoon/build/message"\n'}
[1.044320] (message) StderrLine: {'line': b'error: /Applications/Xcode.app/Contents/Developer/Toolchains/XcodeDefault.xctoolchain/usr/bin/install_name_tool: no LC_RPATH load command with path: /Users/brodie/ros2_foxy/ros2-osx/lib found in: /Users/brodie/ros2_truckplatoon/install/message/lib/python3.9/site-packages/message/message_s__rosidl_typesupport_introspection_c.cpython-39-darwin.so (for architecture x86_64), required for specified option "-delete_rpath /Users/brodie/ros2_foxy/ros2-osx/lib"\n'}
[1.044679] (message) StdoutLine: {'line': b'-- Up-to-date: /Users/brodie/ros2_truckplatoon/install/message/lib/python3.9/site-packages/message/message_s__rosidl_typesupport_c.cpython-39-darwin.so\n'}
[1.056098] (message) StderrLine: {'line': b'error: /Applications/Xcode.app/Contents/Developer/Toolchains/XcodeDefault.xctoolchain/usr/bin/install_name_tool: no LC_RPATH load command with path: /Users/brodie/ros2_truckplatoon/build/message/rosidl_generator_py/message found in: /Users/brodie/ros2_truckplatoon/install/message/lib/python3.9/site-packages/message/message_s__rosidl_typesupport_c.cpython-39-darwin.so (for architecture x86_64), required for specified option "-delete_rpath /Users/brodie/ros2_truckplatoon/build/message/rosidl_generator_py/message"\n'}
[1.068039] (message) StderrLine: {'line': b'error: /Applications/Xcode.app/Contents/Developer/Toolchains/XcodeDefault.xctoolchain/usr/bin/install_name_tool: no LC_RPATH load command with path: /Users/brodie/ros2_truckplatoon/build/message found in: /Users/brodie/ros2_truckplatoon/install/message/lib/python3.9/site-packages/message/message_s__rosidl_typesupport_c.cpython-39-darwin.so (for architecture x86_64), required for specified option "-delete_rpath /Users/brodie/ros2_truckplatoon/build/message"\n'}
[1.079403] (message) StderrLine: {'line': b'error: /Applications/Xcode.app/Contents/Developer/Toolchains/XcodeDefault.xctoolchain/usr/bin/install_name_tool: no LC_RPATH load command with path: /Users/brodie/ros2_foxy/ros2-osx/lib found in: /Users/brodie/ros2_truckplatoon/install/message/lib/python3.9/site-packages/message/message_s__rosidl_typesupport_c.cpython-39-darwin.so (for architecture x86_64), required for specified option "-delete_rpath /Users/brodie/ros2_foxy/ros2-osx/lib"\n'}
[1.079700] (message) StdoutLine: {'line': b'-- Installing: /Users/brodie/ros2_truckplatoon/install/message/lib/libmessage__python.dylib\n'}
[1.104110] (message) StdoutLine: {'line': b'-- Up-to-date: /Users/brodie/ros2_truckplatoon/install/message/share/message/msg/Message.idl\n'}
[1.104401] (message) StdoutLine: {'line': b'-- Up-to-date: /Users/brodie/ros2_truckplatoon/install/message/share/message/msg/Message.msg\n'}
[1.104722] (message) StdoutLine: {'line': b'-- Up-to-date: /Users/brodie/ros2_truckplatoon/install/message/share/ament_index/resource_index/package_run_dependencies/message\n'}
[1.104953] (message) StdoutLine: {'line': b'-- Up-to-date: /Users/brodie/ros2_truckplatoon/install/message/share/ament_index/resource_index/parent_prefix_path/message\n'}
[1.105223] (message) StdoutLine: {'line': b'-- Up-to-date: /Users/brodie/ros2_truckplatoon/install/message/share/message/environment/ament_prefix_path.sh\n'}
[1.105342] (message) StdoutLine: {'line': b'-- Up-to-date: /Users/brodie/ros2_truckplatoon/install/message/share/message/environment/ament_prefix_path.dsv\n'}
[1.105600] (message) StdoutLine: {'line': b'-- Up-to-date: /Users/brodie/ros2_truckplatoon/install/message/share/message/environment/path.sh\n'}
[1.105713] (message) StdoutLine: {'line': b'-- Up-to-date: /Users/brodie/ros2_truckplatoon/install/message/share/message/environment/path.dsv\n'}
[1.106066] (message) StdoutLine: {'line': b'-- Up-to-date: /Users/brodie/ros2_truckplatoon/install/message/share/message/local_setup.bash\n'}
[1.106274] (message) StdoutLine: {'line': b'-- Up-to-date: /Users/brodie/ros2_truckplatoon/install/message/share/message/local_setup.sh\n'}
[1.106441] (message) StdoutLine: {'line': b'-- Up-to-date: /Users/brodie/ros2_truckplatoon/install/message/share/message/local_setup.zsh\n'}
[1.106683] (message) StdoutLine: {'line': b'-- Up-to-date: /Users/brodie/ros2_truckplatoon/install/message/share/message/local_setup.dsv\n'}
[1.106994] (message) StdoutLine: {'line': b'-- Installing: /Users/brodie/ros2_truckplatoon/install/message/share/message/package.dsv\n'}
[1.107307] (message) StdoutLine: {'line': b'-- Up-to-date: /Users/brodie/ros2_truckplatoon/install/message/share/ament_index/resource_index/packages/message\n'}
[1.107526] (message) StdoutLine: {'line': b'-- Up-to-date: /Users/brodie/ros2_truckplatoon/install/message/share/message/cmake/message__rosidl_generator_cExport.cmake\n'}
[1.107618] (message) StdoutLine: {'line': b'-- Up-to-date: /Users/brodie/ros2_truckplatoon/install/message/share/message/cmake/message__rosidl_generator_cExport-noconfig.cmake\n'}
[1.107713] (message) StdoutLine: {'line': b'-- Up-to-date: /Users/brodie/ros2_truckplatoon/install/message/share/message/cmake/message__rosidl_typesupport_introspection_cExport.cmake\n'}
[1.107804] (message) StdoutLine: {'line': b'-- Up-to-date: /Users/brodie/ros2_truckplatoon/install/message/share/message/cmake/message__rosidl_typesupport_introspection_cExport-noconfig.cmake\n'}
[1.107893] (message) StdoutLine: {'line': b'-- Up-to-date: /Users/brodie/ros2_truckplatoon/install/message/share/message/cmake/message__rosidl_typesupport_cExport.cmake\n'}
[1.107978] (message) StdoutLine: {'line': b'-- Up-to-date: /Users/brodie/ros2_truckplatoon/install/message/share/message/cmake/message__rosidl_typesupport_cExport-noconfig.cmake\n'}
[1.108062] (message) StdoutLine: {'line': b'-- Up-to-date: /Users/brodie/ros2_truckplatoon/install/message/share/message/cmake/message__rosidl_generator_cppExport.cmake\n'}
[1.108146] (message) StdoutLine: {'line': b'-- Up-to-date: /Users/brodie/ros2_truckplatoon/install/message/share/message/cmake/message__rosidl_typesupport_introspection_cppExport.cmake\n'}
[1.108231] (message) StdoutLine: {'line': b'-- Up-to-date: /Users/brodie/ros2_truckplatoon/install/message/share/message/cmake/message__rosidl_typesupport_introspection_cppExport-noconfig.cmake\n'}
[1.108315] (message) StdoutLine: {'line': b'-- Up-to-date: /Users/brodie/ros2_truckplatoon/install/message/share/message/cmake/message__rosidl_typesupport_cppExport.cmake\n'}
[1.108412] (message) StdoutLine: {'line': b'-- Up-to-date: /Users/brodie/ros2_truckplatoon/install/message/share/message/cmake/message__rosidl_typesupport_cppExport-noconfig.cmake\n'}
[1.108714] (message) StdoutLine: {'line': b'-- Up-to-date: /Users/brodie/ros2_truckplatoon/install/message/share/message/cmake/rosidl_cmake-extras.cmake\n'}
[1.108859] (message) StdoutLine: {'line': b'-- Up-to-date: /Users/brodie/ros2_truckplatoon/install/message/share/message/cmake/ament_cmake_export_dependencies-extras.cmake\n'}
[1.108954] (message) StdoutLine: {'line': b'-- Up-to-date: /Users/brodie/ros2_truckplatoon/install/message/share/message/cmake/ament_cmake_export_libraries-extras.cmake\n'}
[1.109045] (message) StdoutLine: {'line': b'-- Up-to-date: /Users/brodie/ros2_truckplatoon/install/message/share/message/cmake/ament_cmake_export_targets-extras.cmake\n'}
[1.109138] (message) StdoutLine: {'line': b'-- Up-to-date: /Users/brodie/ros2_truckplatoon/install/message/share/message/cmake/ament_cmake_export_include_directories-extras.cmake\n'}
[1.109227] (message) StdoutLine: {'line': b'-- Up-to-date: /Users/brodie/ros2_truckplatoon/install/message/share/message/cmake/rosidl_cmake_export_typesupport_libraries-extras.cmake\n'}
[1.109444] (message) StdoutLine: {'line': b'-- Up-to-date: /Users/brodie/ros2_truckplatoon/install/message/share/message/cmake/rosidl_cmake_export_typesupport_targets-extras.cmake\n'}
[1.112511] (message) StdoutLine: {'line': b'-- Up-to-date: /Users/brodie/ros2_truckplatoon/install/message/share/message/cmake/messageConfig.cmake\n'}
[1.112864] (message) StdoutLine: {'line': b'-- Up-to-date: /Users/brodie/ros2_truckplatoon/install/message/share/message/cmake/messageConfig-version.cmake\n'}
[1.114599] (message) StdoutLine: {'line': b'-- Up-to-date: /Users/brodie/ros2_truckplatoon/install/message/share/message/package.xml\n'}
[1.114728] (message) CommandEnded: {'returncode': 0}
[1.119864] (-) TimerEvent: {}
[1.223900] (-) TimerEvent: {}
[1.326938] (-) TimerEvent: {}
[1.432813] (-) TimerEvent: {}
[1.449511] (message) JobEnded: {'identifier': 'message', 'rc': 0}
[1.466886] (truck) JobStarted: {'identifier': 'truck'}
[1.521026] (truck) JobProgress: {'identifier': 'truck', 'progress': 'cmake'}
[1.522175] (truck) JobProgress: {'identifier': 'truck', 'progress': 'build'}
[1.522638] (truck) Command: {'cmd': ['/usr/local/bin/cmake', '--build', '/Users/brodie/ros2_truckplatoon/build/truck', '--', '-j8', '-l8'], 'cwd': '/Users/brodie/ros2_truckplatoon/build/truck', 'env': OrderedDict([('TERM_PROGRAM', 'Apple_Terminal'), ('SHELL', '/bin/zsh'), ('TERM', 'xterm-256color'), ('TMPDIR', '/var/folders/b6/t14lv28n5xqdhgq7zcrqwfkm0000gn/T/'), ('TERM_PROGRAM_VERSION', '445'), ('ROS_PYTHON_VERSION', '3'), ('ROS_VERSION', '2'), ('COLCON_PREFIX_PATH', '/Users/brodie/ros2_truckplatoon/install:/Users/brodie/my_workspace/install:/Users/brodie/ros2_foxy/ros2-osx'), ('TERM_SESSION_ID', '68464B11-5BA9-4066-9F09-461F903B1524'), ('AMENT_PREFIX_PATH', '/Users/brodie/ros2_truckplatoon/install/message:/Users/brodie/ros2_truckplatoon/install/Messages:/Users/brodie/ros2_truckplatoon/install/truck:/Users/brodie/my_workspace/install/tutorial_interfaces:/Users/brodie/my_workspace/install/cpp_srvcli:/Users/brodie/my_workspace/install/cpp_pubsub:/Users/brodie/my_workspace/install/my_package:/Users/brodie/ros2_foxy/ros2-osx'), ('USER', 'brodie'), ('SSH_AUTH_SOCK', '/private/tmp/com.apple.launchd.4a9jOPzOQR/Listeners'), ('__CF_USER_TEXT_ENCODING', '0x1F5:0x0:0x4'), ('PATH', '/Users/brodie/ros2_foxy/ros2-osx/bin:/Library/Frameworks/Python.framework/Versions/3.9/bin:/Library/Frameworks/Python.framework/Versions/2.7/bin:/usr/local/bin:/usr/bin:/bin:/usr/sbin:/sbin:/Library/TeX/texbin:/usr/local/share/dotnet:/opt/X11/bin:~/.dotnet/tools:/Library/Apple/usr/bin:/Library/Frameworks/Mono.framework/Versions/Current/Commands:/usr/local/CrossPack-AVR/bin:/Applications/Postgres.app/Contents/Versions/latest/bin:/Applications/Xamarin Workbooks.app/Contents/SharedSupport/path-bin'), ('__CFBundleIdentifier', 'com.apple.Terminal'), ('PWD', '/Users/brodie/ros2_truckplatoon/build/truck'), ('COLCON', '1'), ('LANG', 'it_IT.UTF-8'), ('XPC_FLAGS', '0x0'), ('XPC_SERVICE_NAME', '0'), ('OPENSSL_ROOT_DIR', '/usr/local/Cellar/openssl@3'), ('SHLVL', '2'), ('HOME', '/Users/brodie'), ('ROS_DISTRO', 'foxy'), ('PYTHONPATH', '/Users/brodie/ros2_truckplatoon/install/message/lib/python3.9/site-packages:/Users/brodie/my_workspace/install/tutorial_interfaces/lib/python3.9/site-packages:/Users/brodie/my_workspace/install/my_package/lib/python3.9/site-packages:/Users/brodie/ros2_foxy/ros2-osx/lib/python3.8/site-packages'), ('LOGNAME', 'brodie'), ('PKG_CONFIG_PATH', '/Users/brodie/ros2_foxy/ros2-osx/lib/pkgconfig'), ('CMAKE_PREFIX_PATH', '/Users/brodie/ros2_truckplatoon/install/message:/Users/brodie/ros2_truckplatoon/install/Messages:/Users/brodie/ros2_truckplatoon/install/truck:/Users/brodie/my_workspace/install/tutorial_interfaces:/Users/brodie/my_workspace/install/cpp_srvcli:/Users/brodie/my_workspace/install/cpp_pubsub:/Users/brodie/ros2_foxy/ros2-osx:/Users/brodie/my_workspace/install/my_package'), ('DISPLAY', '/private/tmp/com.apple.launchd.fnO1XjjJMH/org.xquartz:0'), ('ROS_LOCALHOST_ONLY', '0'), ('_', '/usr/bin/env')]), 'shell': False}
[1.533031] (-) TimerEvent: {}
[1.630023] (truck) StdoutLine: {'line': b'[ 16%] Linking CXX executable truck\n'}
[1.633731] (-) TimerEvent: {}
[1.738716] (-) TimerEvent: {}
[1.746567] (truck) StdoutLine: {'line': b'[100%] Built target truck\n'}
[1.757362] (truck) CommandEnded: {'returncode': 0}
[1.843631] (-) TimerEvent: {}
[1.872720] (truck) JobProgress: {'identifier': 'truck', 'progress': 'install'}
[1.875639] (truck) Command: {'cmd': ['/usr/local/bin/cmake', '--install', '/Users/brodie/ros2_truckplatoon/build/truck'], 'cwd': '/Users/brodie/ros2_truckplatoon/build/truck', 'env': OrderedDict([('TERM_PROGRAM', 'Apple_Terminal'), ('SHELL', '/bin/zsh'), ('TERM', 'xterm-256color'), ('TMPDIR', '/var/folders/b6/t14lv28n5xqdhgq7zcrqwfkm0000gn/T/'), ('TERM_PROGRAM_VERSION', '445'), ('ROS_PYTHON_VERSION', '3'), ('ROS_VERSION', '2'), ('COLCON_PREFIX_PATH', '/Users/brodie/ros2_truckplatoon/install:/Users/brodie/my_workspace/install:/Users/brodie/ros2_foxy/ros2-osx'), ('TERM_SESSION_ID', '68464B11-5BA9-4066-9F09-461F903B1524'), ('AMENT_PREFIX_PATH', '/Users/brodie/ros2_truckplatoon/install/message:/Users/brodie/ros2_truckplatoon/install/Messages:/Users/brodie/ros2_truckplatoon/install/truck:/Users/brodie/my_workspace/install/tutorial_interfaces:/Users/brodie/my_workspace/install/cpp_srvcli:/Users/brodie/my_workspace/install/cpp_pubsub:/Users/brodie/my_workspace/install/my_package:/Users/brodie/ros2_foxy/ros2-osx'), ('USER', 'brodie'), ('SSH_AUTH_SOCK', '/private/tmp/com.apple.launchd.4a9jOPzOQR/Listeners'), ('__CF_USER_TEXT_ENCODING', '0x1F5:0x0:0x4'), ('PATH', '/Users/brodie/ros2_foxy/ros2-osx/bin:/Library/Frameworks/Python.framework/Versions/3.9/bin:/Library/Frameworks/Python.framework/Versions/2.7/bin:/usr/local/bin:/usr/bin:/bin:/usr/sbin:/sbin:/Library/TeX/texbin:/usr/local/share/dotnet:/opt/X11/bin:~/.dotnet/tools:/Library/Apple/usr/bin:/Library/Frameworks/Mono.framework/Versions/Current/Commands:/usr/local/CrossPack-AVR/bin:/Applications/Postgres.app/Contents/Versions/latest/bin:/Applications/Xamarin Workbooks.app/Contents/SharedSupport/path-bin'), ('__CFBundleIdentifier', 'com.apple.Terminal'), ('PWD', '/Users/brodie/ros2_truckplatoon/build/truck'), ('COLCON', '1'), ('LANG', 'it_IT.UTF-8'), ('XPC_FLAGS', '0x0'), ('XPC_SERVICE_NAME', '0'), ('OPENSSL_ROOT_DIR', '/usr/local/Cellar/openssl@3'), ('SHLVL', '2'), ('HOME', '/Users/brodie'), ('ROS_DISTRO', 'foxy'), ('PYTHONPATH', '/Users/brodie/ros2_truckplatoon/install/message/lib/python3.9/site-packages:/Users/brodie/my_workspace/install/tutorial_interfaces/lib/python3.9/site-packages:/Users/brodie/my_workspace/install/my_package/lib/python3.9/site-packages:/Users/brodie/ros2_foxy/ros2-osx/lib/python3.8/site-packages'), ('LOGNAME', 'brodie'), ('PKG_CONFIG_PATH', '/Users/brodie/ros2_foxy/ros2-osx/lib/pkgconfig'), ('CMAKE_PREFIX_PATH', '/Users/brodie/ros2_truckplatoon/install/message:/Users/brodie/ros2_truckplatoon/install/Messages:/Users/brodie/ros2_truckplatoon/install/truck:/Users/brodie/my_workspace/install/tutorial_interfaces:/Users/brodie/my_workspace/install/cpp_srvcli:/Users/brodie/my_workspace/install/cpp_pubsub:/Users/brodie/ros2_foxy/ros2-osx:/Users/brodie/my_workspace/install/my_package'), ('DISPLAY', '/private/tmp/com.apple.launchd.fnO1XjjJMH/org.xquartz:0'), ('ROS_LOCALHOST_ONLY', '0'), ('_', '/usr/bin/env')]), 'shell': False}
[1.886175] (truck) StdoutLine: {'line': b'-- Install configuration: ""\n'}
[1.886421] (truck) StdoutLine: {'line': b'-- Installing: /Users/brodie/ros2_truckplatoon/install/truck/lib/truck/truck\n'}
[1.944045] (-) TimerEvent: {}
[1.953770] (truck) StdoutLine: {'line': b'-- Up-to-date: /Users/brodie/ros2_truckplatoon/install/truck/share/ament_index/resource_index/package_run_dependencies/truck\n'}
[1.954228] (truck) StdoutLine: {'line': b'-- Up-to-date: /Users/brodie/ros2_truckplatoon/install/truck/share/ament_index/resource_index/parent_prefix_path/truck\n'}
[1.954536] (truck) StdoutLine: {'line': b'-- Up-to-date: /Users/brodie/ros2_truckplatoon/install/truck/share/truck/environment/ament_prefix_path.sh\n'}
[1.954665] (truck) StdoutLine: {'line': b'-- Up-to-date: /Users/brodie/ros2_truckplatoon/install/truck/share/truck/environment/ament_prefix_path.dsv\n'}
[1.954962] (truck) StdoutLine: {'line': b'-- Up-to-date: /Users/brodie/ros2_truckplatoon/install/truck/share/truck/environment/path.sh\n'}
[1.955241] (truck) StdoutLine: {'line': b'-- Up-to-date: /Users/brodie/ros2_truckplatoon/install/truck/share/truck/environment/path.dsv\n'}
[1.955449] (truck) StdoutLine: {'line': b'-- Up-to-date: /Users/brodie/ros2_truckplatoon/install/truck/share/truck/local_setup.bash\n'}
[1.955557] (truck) StdoutLine: {'line': b'-- Up-to-date: /Users/brodie/ros2_truckplatoon/install/truck/share/truck/local_setup.sh\n'}
[1.955673] (truck) StdoutLine: {'line': b'-- Up-to-date: /Users/brodie/ros2_truckplatoon/install/truck/share/truck/local_setup.zsh\n'}
[1.955771] (truck) StdoutLine: {'line': b'-- Up-to-date: /Users/brodie/ros2_truckplatoon/install/truck/share/truck/local_setup.dsv\n'}
[1.955882] (truck) StdoutLine: {'line': b'-- Installing: /Users/brodie/ros2_truckplatoon/install/truck/share/truck/package.dsv\n'}
[1.956217] (truck) StdoutLine: {'line': b'-- Up-to-date: /Users/brodie/ros2_truckplatoon/install/truck/share/ament_index/resource_index/packages/truck\n'}
[1.956424] (truck) StdoutLine: {'line': b'-- Up-to-date: /Users/brodie/ros2_truckplatoon/install/truck/share/truck/cmake/truckConfig.cmake\n'}
[1.963011] (truck) StdoutLine: {'line': b'-- Up-to-date: /Users/brodie/ros2_truckplatoon/install/truck/share/truck/cmake/truckConfig-version.cmake\n'}
[1.968121] (truck) StdoutLine: {'line': b'-- Up-to-date: /Users/brodie/ros2_truckplatoon/install/truck/share/truck/package.xml\n'}
[1.968280] (truck) CommandEnded: {'returncode': 0}
[2.046092] (-) TimerEvent: {}
[2.151968] (-) TimerEvent: {}
[2.209858] (truck) JobEnded: {'identifier': 'truck', 'rc': 0}
[2.211109] (-) EventReactorShutdown: {}
