[0.055s] Invoking command in '/Users/brodie/ros2_truckplatoon/build/truck': CMAKE_PREFIX_PATH=${CMAKE_PREFIX_PATH}:/Users/brodie/my_workspace/install/my_package SHLVL=2 _=/usr/bin/env /usr/local/bin/cmake --build /Users/brodie/ros2_truckplatoon/build/truck -- -j8 -l8
[0.201s] Scanning dependencies of target truck
[0.234s] [ 33%] Building CXX object CMakeFiles/truck.dir/src/truck.cpp.o
[0.234s] [ 33%] Building CXX object CMakeFiles/truck.dir/src/src/Truck.cpp.o
[0.236s] [ 50%] Building CXX object CMakeFiles/truck.dir/src/src/Leader.cpp.o
[0.238s] [ 66%] Building CXX object CMakeFiles/truck.dir/src/src/Communication.cpp.o
[0.760s] In file included from /Users/brodie/ros2_truckplatoon/src/truck/src/truck.cpp:2:
[0.760s] In file included from /Users/brodie/ros2_truckplatoon/src/truck/src/Platoon.hpp:4:
[0.761s] In file included from /Users/brodie/ros2_truckplatoon/src/truck/src/src/Leader.hpp:4:
[0.761s] /Users/brodie/ros2_truckplatoon/src/truck/src/src/Truck.hpp:4:10: warning: non-portable path to file '"utils/include.hpp"'; specified path differs in case from file name on disk [-Wnonportable-include-path]
[0.761s] In file included from /Users/brodie/ros2_truckplatoon/src/truck/src/src/Communication.cpp:1:
[0.761s] In file included from /Users/brodie/ros2_truckplatoon/src/truck/src/src/Communication.hpp:3:
[0.761s] /Users/brodie/ros2_truckplatoon/src/truck/src/src/Truck.hpp:4:10: warning: non-portable path to file '"utils/include.hpp"'; specified path differs in case from file name on disk [-Wnonportable-include-path]
[0.762s] #include "utils/Include.hpp"
[0.762s]          ^~~~~~~~~~~~~~~~~~~
[0.762s]          "utils/include.hpp"
[0.762s] #include "utils/Include.hpp"
[0.762s]          ^~~~~~~~~~~~~~~~~~~
[0.762s]          "utils/include.hpp"
[0.763s] In file included from /Users/brodie/ros2_truckplatoon/src/truck/src/src/Truck.cpp:1:
[0.763s] /Users/brodie/ros2_truckplatoon/src/truck/src/src/Truck.hpp:4:10: warning: non-portable path to file '"utils/include.hpp"'; specified path differs in case from file name on disk [-Wnonportable-include-path]
[0.763s] #include "utils/Include.hpp"
[0.763s]          ^~~~~~~~~~~~~~~~~~~
[0.763s]          "utils/include.hpp"
[0.764s] In file included from /Users/brodie/ros2_truckplatoon/src/truck/src/src/Leader.cpp:1:
[0.764s] In file included from /Users/brodie/ros2_truckplatoon/src/truck/src/src/Leader.hpp:4:
[0.765s] /Users/brodie/ros2_truckplatoon/src/truck/src/src/Truck.hpp:4:10: warning: non-portable path to file '"utils/include.hpp"'; specified path differs in case from file name on disk [-Wnonportable-include-path]
[0.765s] #include "utils/Include.hpp"
[0.765s]          ^~~~~~~~~~~~~~~~~~~
[0.765s]          "utils/include.hpp"
[1.500s] In file included from /Users/brodie/ros2_truckplatoon/src/truck/src/truck.cpp:2:
[1.501s] In file included from /Users/brodie/ros2_truckplatoon/src/truck/src/Platoon.hpp:4:
[1.501s] In file included from /Users/brodie/ros2_truckplatoon/src/truck/src/src/Leader.hpp:4:
[1.502s] In file included from /Users/brodie/ros2_truckplatoon/src/truck/src/src/Truck.hpp:6:
[1.502s] /Users/brodie/ros2_truckplatoon/src/truck/src/src/Publisher.hpp:26:13: error: use of undeclared identifier 'MinimalPublisher'
[1.502s]  std::bind(&MinimalPublisher::timer_callback, this)
[1.503s]             ^
[1.507s] In file included from /Users/brodie/ros2_truckplatoon/src/truck/src/src/Communication.cpp:1:
[1.508s] In file included from /Users/brodie/ros2_truckplatoon/src/truck/src/src/Communication.hpp:3:
[1.508s] In file included from /Users/brodie/ros2_truckplatoon/src/truck/src/src/Truck.hpp:6:
[1.508s] /Users/brodie/ros2_truckplatoon/src/truck/src/src/Publisher.hpp:26:13: error: use of undeclared identifier 'MinimalPublisher'
[1.508s]  std::bind(&MinimalPublisher::timer_callback, this)
[1.508s]             ^
[1.513s] In file included from /Users/brodie/ros2_truckplatoon/src/truck/src/src/Leader.cpp:1:
[1.513s] In file included from /Users/brodie/ros2_truckplatoon/src/truck/src/src/Leader.hpp:4:
[1.514s] In file included from /Users/brodie/ros2_truckplatoon/src/truck/src/src/Truck.hpp:6:
[1.514s] /Users/brodie/ros2_truckplatoon/src/truck/src/src/Publisher.hpp:26:13: error: use of undeclared identifier 'MinimalPublisher'
[1.514s]  std::bind(&MinimalPublisher::timer_callback, this)
[1.514s]             ^
[1.518s] /Users/brodie/ros2_truckplatoon/src/truck/src/src/Publisher.hpp:48:21: error: use of undeclared identifier 'TopicName'
[1.518s]   this->publishers_[TopicName]->publish(message);
[1.518s]                     ^
[1.520s] In file included from /Users/brodie/ros2_truckplatoon/src/truck/src/src/Truck.cpp:1:
[1.520s] In file included from /Users/brodie/ros2_truckplatoon/src/truck/src/src/Truck.hpp:6:
[1.521s] /Users/brodie/ros2_truckplatoon/src/truck/src/src/Publisher.hpp:26:13: error: use of undeclared identifier 'MinimalPublisher'
[1.521s]  std::bind(&MinimalPublisher::timer_callback, this)
[1.521s]             ^
[1.522s] /Users/brodie/ros2_truckplatoon/src/truck/src/src/Publisher.hpp:53:29: warning: unused parameter 'TopicName' [-Wunused-parameter]
[1.522s]   void callback(std::string TopicName)
[1.523s]                             ^
[1.524s] /Users/brodie/ros2_truckplatoon/src/truck/src/src/Publisher.hpp:48:21: error: use of undeclared identifier 'TopicName'
[1.524s]   this->publishers_[TopicName]->publish(message);
[1.525s]                     ^
[1.527s] /Users/brodie/ros2_truckplatoon/src/truck/src/src/Publisher.hpp:53:29: warning: unused parameter 'TopicName' [-Wunused-parameter]
[1.527s]   void callback(std::string TopicName)
[1.528s]                             ^
[1.530s] /Users/brodie/ros2_truckplatoon/src/truck/src/src/Publisher.hpp:48:21: error: use of undeclared identifier 'TopicName'
[1.531s]   this->publishers_[TopicName]->publish(message);
[1.531s]                     ^
[1.536s] /Users/brodie/ros2_truckplatoon/src/truck/src/src/Publisher.hpp:53:29: warning: unused parameter 'TopicName' [-Wunused-parameter]
[1.536s]   void callback(std::string TopicName)
[1.536s]                             ^
[1.540s] /Users/brodie/ros2_truckplatoon/src/truck/src/src/Publisher.hpp:48:21: error: use of undeclared identifier 'TopicName'
[1.541s]   this->publishers_[TopicName]->publish(message);
[1.541s]                     ^
[1.544s] /Users/brodie/ros2_truckplatoon/src/truck/src/src/Publisher.hpp:53:29: warning: unused parameter 'TopicName' [-Wunused-parameter]
[1.544s]   void callback(std::string TopicName)
[1.544s]                             ^
[1.551s] In file included from /Users/brodie/ros2_truckplatoon/src/truck/src/truck.cpp:2:
[1.551s] In file included from /Users/brodie/ros2_truckplatoon/src/truck/src/Platoon.hpp:4:
[1.552s] In file included from /Users/brodie/ros2_truckplatoon/src/truck/src/src/Leader.hpp:4:
[1.552s] In file included from /Users/brodie/ros2_truckplatoon/src/truck/src/src/Truck.hpp:7:
[1.552s] /Users/brodie/ros2_truckplatoon/src/truck/src/src/Subscriber.hpp:37:64: warning: unused parameter 'msg' [-Wunused-parameter]
[1.553s]     void topic_callback(const message::msg::Message::SharedPtr msg) const
[1.553s]                                                                ^
[1.555s] In file included from /Users/brodie/ros2_truckplatoon/src/truck/src/truck.cpp:2:
[1.555s] /Users/brodie/ros2_truckplatoon/src/truck/src/Platoon.hpp:8:10: warning: non-portable path to file '"src/utils/include.hpp"'; specified path differs in case from file name on disk [-Wnonportable-include-path]
[1.555s] #include "src/utils/Include.hpp"
[1.556s]          ^~~~~~~~~~~~~~~~~~~~~~~
[1.556s]          "src/utils/include.hpp"
[1.557s] In file included from /Users/brodie/ros2_truckplatoon/src/truck/src/src/Communication.cpp:1:
[1.557s] In file included from /Users/brodie/ros2_truckplatoon/src/truck/src/src/Communication.hpp:3:
[1.558s] In file included from /Users/brodie/ros2_truckplatoon/src/truck/src/src/Truck.hpp:7:
[1.558s] /Users/brodie/ros2_truckplatoon/src/truck/src/src/Subscriber.hpp:37:64: warning: unused parameter 'msg' [-Wunused-parameter]
[1.558s]     void topic_callback(const message::msg::Message::SharedPtr msg) const
[1.558s]                                                                ^
[1.562s] In file included from /Users/brodie/ros2_truckplatoon/src/truck/src/src/Leader.cpp:1:
[1.562s] In file included from /Users/brodie/ros2_truckplatoon/src/truck/src/src/Leader.hpp:4:
[1.562s] In file included from /Users/brodie/ros2_truckplatoon/src/truck/src/src/Truck.hpp:7:
[1.563s] /Users/brodie/ros2_truckplatoon/src/truck/src/src/Subscriber.hpp:37:64: warning: unused parameter 'msg' [-Wunused-parameter]
[1.563s]     void topic_callback(const message::msg::Message::SharedPtr msg) const
[1.563s]                                                                ^
[1.568s] In file included from /Users/brodie/ros2_truckplatoon/src/truck/src/src/Truck.cpp:1:
[1.568s] In file included from /Users/brodie/ros2_truckplatoon/src/truck/src/src/Truck.hpp:7:
[1.568s] /Users/brodie/ros2_truckplatoon/src/truck/src/src/Subscriber.hpp:37:64: warning: unused parameter 'msg' [-Wunused-parameter]
[1.568s]     void topic_callback(const message::msg::Message::SharedPtr msg) const
[1.568s]                                                                ^
[2.469s] In file included from /Users/brodie/ros2_truckplatoon/src/truck/src/truck.cpp:2:
[2.469s] In file included from /Users/brodie/ros2_truckplatoon/src/truck/src/Platoon.hpp:11:
[2.469s] /Users/brodie/ros2_truckplatoon/src/truck/src/src/DrivingEvent.hpp:9:15: warning: private field '_speed' is not used [-Wunused-private-field]
[2.469s]     speedType _speed;
[2.470s]               ^
[2.470s] /Users/brodie/ros2_truckplatoon/src/truck/src/src/DrivingEvent.hpp:10:23: warning: private field '_stearingAngle' is not used [-Wunused-private-field]
[2.470s]     stearingAngleType _stearingAngle;
[2.470s]                       ^
[2.470s] /Users/brodie/ros2_truckplatoon/src/truck/src/src/DrivingEvent.hpp:11:18: warning: private field '_distance' is not used [-Wunused-private-field]
[2.470s]     distanceType _distance;
[2.470s]                  ^
[2.471s] 7 warnings and 2 errors generated.
[2.485s] 3 warnings and 2 errors generated.
[2.485s] 3 warnings and 2 errors generated.
[2.491s] gmake[2]: *** [CMakeFiles/truck.dir/build.make:82: CMakeFiles/truck.dir/src/truck.cpp.o] Error 1
[2.491s] gmake[2]: *** Waiting for unfinished jobs....
[2.503s] gmake[2]: *** [CMakeFiles/truck.dir/build.make:121: CMakeFiles/truck.dir/src/src/Communication.cpp.o] Error 1
[2.503s] gmake[2]: *** [CMakeFiles/truck.dir/build.make:108: CMakeFiles/truck.dir/src/src/Leader.cpp.o] Error 1
[2.539s] 3 warnings and 2 errors generated.
[2.553s] gmake[2]: *** [CMakeFiles/truck.dir/build.make:95: CMakeFiles/truck.dir/src/src/Truck.cpp.o] Error 1
[2.553s] gmake[1]: *** [CMakeFiles/Makefile2:97: CMakeFiles/truck.dir/all] Error 2
[2.553s] gmake: *** [Makefile:160: all] Error 2
[2.555s] Invoked command in '/Users/brodie/ros2_truckplatoon/build/truck' returned '2': CMAKE_PREFIX_PATH=${CMAKE_PREFIX_PATH}:/Users/brodie/my_workspace/install/my_package SHLVL=2 _=/usr/bin/env /usr/local/bin/cmake --build /Users/brodie/ros2_truckplatoon/build/truck -- -j8 -l8
