[0.000000] (-) TimerEvent: {}
[0.000577] (-) JobUnselected: {'identifier': 'truck'}
[0.000651] (message) JobQueued: {'identifier': 'message', 'dependencies': OrderedDict()}
[0.003660] (message) JobStarted: {'identifier': 'message'}
[0.100579] (-) TimerEvent: {}
[0.112123] (message) JobProgress: {'identifier': 'message', 'progress': 'cmake'}
[0.115933] (message) Command: {'cmd': ['/usr/local/bin/cmake', '/Users/brodie/ros2_truckplatoon/src/message', '-DCMAKE_INSTALL_PREFIX=/Users/brodie/ros2_truckplatoon/install/message'], 'cwd': '/Users/brodie/ros2_truckplatoon/build/message', 'env': OrderedDict([('TERM_PROGRAM', 'Apple_Terminal'), ('SHELL', '/bin/zsh'), ('TERM', 'xterm-256color'), ('TMPDIR', '/var/folders/b6/t14lv28n5xqdhgq7zcrqwfkm0000gn/T/'), ('TERM_PROGRAM_VERSION', '445'), ('ROS_PYTHON_VERSION', '3'), ('ROS_VERSION', '2'), ('COLCON_PREFIX_PATH', '/Users/brodie/ros2_truckplatoon/install:/Users/brodie/my_workspace/install:/Users/brodie/ros2_foxy/ros2-osx'), ('TERM_SESSION_ID', '68464B11-5BA9-4066-9F09-461F903B1524'), ('AMENT_PREFIX_PATH', '/Users/brodie/ros2_truckplatoon/install/truck:/Users/brodie/my_workspace/install/tutorial_interfaces:/Users/brodie/my_workspace/install/cpp_srvcli:/Users/brodie/my_workspace/install/cpp_pubsub:/Users/brodie/my_workspace/install/my_package:/Users/brodie/ros2_foxy/ros2-osx'), ('USER', 'brodie'), ('SSH_AUTH_SOCK', '/private/tmp/com.apple.launchd.4a9jOPzOQR/Listeners'), ('__CF_USER_TEXT_ENCODING', '0x1F5:0x0:0x4'), ('PATH', '/Users/brodie/ros2_foxy/ros2-osx/bin:/Library/Frameworks/Python.framework/Versions/3.9/bin:/Library/Frameworks/Python.framework/Versions/2.7/bin:/usr/local/bin:/usr/bin:/bin:/usr/sbin:/sbin:/Library/TeX/texbin:/usr/local/share/dotnet:/opt/X11/bin:~/.dotnet/tools:/Library/Apple/usr/bin:/Library/Frameworks/Mono.framework/Versions/Current/Commands:/usr/local/CrossPack-AVR/bin:/Applications/Postgres.app/Contents/Versions/latest/bin:/Applications/Xamarin Workbooks.app/Contents/SharedSupport/path-bin'), ('__CFBundleIdentifier', 'com.apple.Terminal'), ('PWD', '/Users/brodie/ros2_truckplatoon/build/message'), ('COLCON', '1'), ('LANG', 'it_IT.UTF-8'), ('XPC_FLAGS', '0x0'), ('XPC_SERVICE_NAME', '0'), ('OPENSSL_ROOT_DIR', '/usr/local/Cellar/openssl@3'), ('SHLVL', '2'), ('HOME', '/Users/brodie'), ('ROS_DISTRO', 'foxy'), ('PYTHONPATH', '/Users/brodie/my_workspace/install/tutorial_interfaces/lib/python3.9/site-packages:/Users/brodie/my_workspace/install/my_package/lib/python3.9/site-packages:/Users/brodie/ros2_foxy/ros2-osx/lib/python3.8/site-packages'), ('LOGNAME', 'brodie'), ('PKG_CONFIG_PATH', '/Users/brodie/ros2_foxy/ros2-osx/lib/pkgconfig'), ('CMAKE_PREFIX_PATH', '/Users/brodie/ros2_truckplatoon/install/truck:/Users/brodie/my_workspace/install/tutorial_interfaces:/Users/brodie/my_workspace/install/cpp_srvcli:/Users/brodie/my_workspace/install/cpp_pubsub:/Users/brodie/ros2_foxy/ros2-osx:/Users/brodie/my_workspace/install/my_package'), ('DISPLAY', '/private/tmp/com.apple.launchd.fnO1XjjJMH/org.xquartz:0'), ('ROS_LOCALHOST_ONLY', '0'), ('_', '/usr/bin/env')]), 'shell': False}
[0.167323] (message) StdoutLine: {'line': b'-- Found ament_cmake: 0.9.9 (/Users/brodie/ros2_foxy/ros2-osx/share/ament_cmake/cmake)\n'}
[0.200597] (-) TimerEvent: {}
[0.233831] (message) StdoutLine: {'line': b'-- Using PYTHON_EXECUTABLE: /Library/Frameworks/Python.framework/Versions/3.9/bin/python3\n'}
[0.302075] (-) TimerEvent: {}
[0.406540] (-) TimerEvent: {}
[0.511871] (-) TimerEvent: {}
[0.614375] (-) TimerEvent: {}
[0.696478] (message) StdoutLine: {'line': b'-- Found rosidl_default_generators: 1.0.1 (/Users/brodie/ros2_foxy/ros2-osx/share/rosidl_default_generators/cmake)\n'}
[0.700728] (message) StdoutLine: {'line': b'-- Using all available rosidl_typesupport_c: rosidl_typesupport_connext_c;rosidl_typesupport_fastrtps_c;rosidl_typesupport_introspection_c\n'}
[0.706527] (message) StdoutLine: {'line': b'-- Found rosidl_adapter: 1.2.1 (/Users/brodie/ros2_foxy/ros2-osx/share/rosidl_adapter/cmake)\n'}
[0.716310] (-) TimerEvent: {}
[0.805296] (message) StdoutLine: {'line': b'-- Could not find RTI Connext - skipping rosidl_typesupport_connext_c\n'}
[0.817028] (-) TimerEvent: {}
[0.838465] (message) StdoutLine: {'line': b'-- Could not find RTI Connext - skipping rosidl_typesupport_connext_cpp\n'}
[0.882020] (message) StdoutLine: {'line': b'-- Found OpenSSL: /usr/local/Cellar/openssl@3/3.0.5/lib/libcrypto.3.dylib (found version "3.0.5")  \n'}
[0.921522] (-) TimerEvent: {}
[1.024401] (-) TimerEvent: {}
[1.029458] (message) StdoutLine: {'line': b'-- Found FastRTPS: /Users/brodie/ros2_foxy/ros2-osx/include  \n'}
[1.125829] (-) TimerEvent: {}
[1.221527] (message) StdoutLine: {'line': b'-- Using all available rosidl_typesupport_cpp: rosidl_typesupport_connext_cpp;rosidl_typesupport_fastrtps_cpp;rosidl_typesupport_introspection_cpp\n'}
[1.225966] (-) TimerEvent: {}
[1.327079] (-) TimerEvent: {}
[1.383990] (message) StdoutLine: {'line': b'-- Found PythonInterp: /Library/Frameworks/Python.framework/Versions/3.9/bin/python3 (found version "3.9.4") \n'}
[1.428538] (-) TimerEvent: {}
[1.514695] (message) StderrLine: {'line': b'CMake Error at /Users/brodie/ros2_foxy/ros2-osx/share/rosidl_adapter/cmake/rosidl_adapt_interfaces.cmake:60 (message):\n'}
[1.515197] (message) StderrLine: {'line': b'  \n'}
[1.515572] (message) StderrLine: {'line': b'  execute_process(/Library/Frameworks/Python.framework/Versions/3.9/bin/python3\n'}
[1.515788] (message) StderrLine: {'line': b'  -m rosidl_adapter --package-name message --arguments-file\n'}
[1.515954] (message) StderrLine: {'line': b'  /Users/brodie/ros2_truckplatoon/build/message/rosidl_adapter__arguments__message.json\n'}
[1.516112] (message) StderrLine: {'line': b'  --output-dir\n'}
[1.516256] (message) StderrLine: {'line': b'  /Users/brodie/ros2_truckplatoon/build/message/rosidl_adapter/message\n'}
[1.516398] (message) StderrLine: {'line': b'  --output-file\n'}
[1.516545] (message) StderrLine: {'line': b'  /Users/brodie/ros2_truckplatoon/build/message/rosidl_adapter/message.idls)\n'}
[1.516686] (message) StderrLine: {'line': b'  returned error code 1:\n'}
[1.516826] (message) StderrLine: {'line': b'\n'}
[1.516966] (message) StderrLine: {'line': b"  Error processing 'int16 SenderPosition;' of 'message/Message':\n"}
[1.517106] (message) StderrLine: {'line': b"  ''SenderPosition;' is an invalid field name.  It should have the pattern\n"}
[1.517247] (message) StderrLine: {'line': b"  '^(?!.*__)(?!.*_$)[a-z][a-z0-9_]*$''\n"}
[1.517388] (message) StderrLine: {'line': b'\n'}
[1.517528] (message) StderrLine: {'line': b'  Traceback (most recent call last):\n'}
[1.517668] (message) StderrLine: {'line': b'\n'}
[1.517807] (message) StderrLine: {'line': b'    File "/Library/Frameworks/Python.framework/Versions/3.9/lib/python3.9/runpy.py", line 197, in _run_module_as_main\n'}
[1.517949] (message) StderrLine: {'line': b'      return _run_code(code, main_globals, None,\n'}
[1.518089] (message) StderrLine: {'line': b'    File "/Library/Frameworks/Python.framework/Versions/3.9/lib/python3.9/runpy.py", line 87, in _run_code\n'}
[1.518230] (message) StderrLine: {'line': b'      exec(code, run_globals)\n'}
[1.518374] (message) StderrLine: {'line': b'    File "/Users/brodie/ros2_foxy/ros2-osx/lib/python3.8/site-packages/rosidl_adapter/__main__.py", line 19, in <module>\n'}
[1.518516] (message) StderrLine: {'line': b'      sys.exit(main())\n'}
[1.518656] (message) StderrLine: {'line': b'    File "/Users/brodie/ros2_foxy/ros2-osx/lib/python3.8/site-packages/rosidl_adapter/main.py", line 53, in main\n'}
[1.518797] (message) StderrLine: {'line': b'      abs_idl_file = convert_to_idl(\n'}
[1.518937] (message) StderrLine: {'line': b'    File "/Users/brodie/ros2_foxy/ros2-osx/lib/python3.8/site-packages/rosidl_adapter/__init__.py", line 19, in convert_to_idl\n'}
[1.519078] (message) StderrLine: {'line': b'      return convert_msg_to_idl(\n'}
[1.519218] (message) StderrLine: {'line': b'    File "/Users/brodie/ros2_foxy/ros2-osx/lib/python3.8/site-packages/rosidl_adapter/msg/__init__.py", line 28, in convert_msg_to_idl\n'}
[1.519359] (message) StderrLine: {'line': b'      msg = parse_message_string(package_name, input_file.stem, content)\n'}
[1.519521] (message) StderrLine: {'line': b'    File "/Users/brodie/ros2_foxy/ros2-osx/lib/python3.8/site-packages/rosidl_adapter/parser.py", line 515, in parse_message_string\n'}
[1.519663] (message) StderrLine: {'line': b'      fields.append(Field(\n'}
[1.519803] (message) StderrLine: {'line': b'    File "/Users/brodie/ros2_foxy/ros2-osx/lib/python3.8/site-packages/rosidl_adapter/parser.py", line 353, in __init__\n'}
[1.519944] (message) StderrLine: {'line': b'      raise NameError(\n'}
[1.520084] (message) StderrLine: {'line': b'\n'}
[1.520224] (message) StderrLine: {'line': b"  NameError: 'SenderPosition;' is an invalid field name.  It should have the\n"}
[1.520366] (message) StderrLine: {'line': b"  pattern '^(?!.*__)(?!.*_$)[a-z][a-z0-9_]*$'\n"}
[1.520506] (message) StderrLine: {'line': b'\n'}
[1.520646] (message) StderrLine: {'line': b'Call Stack (most recent call first):\n'}
[1.520786] (message) StderrLine: {'line': b'  /Users/brodie/ros2_foxy/ros2-osx/share/rosidl_cmake/cmake/rosidl_generate_interfaces.cmake:130 (rosidl_adapt_interfaces)\n'}
[1.520961] (message) StderrLine: {'line': b'  CMakeLists.txt:25 (rosidl_generate_interfaces)\n'}
[1.521105] (message) StderrLine: {'line': b'\n'}
[1.521242] (message) StderrLine: {'line': b'\n'}
[1.521381] (message) StdoutLine: {'line': b'-- Configuring incomplete, errors occurred!\n'}
[1.521539] (message) StdoutLine: {'line': b'See also "/Users/brodie/ros2_truckplatoon/build/message/CMakeFiles/CMakeOutput.log".\n'}
[1.521686] (message) StdoutLine: {'line': b'See also "/Users/brodie/ros2_truckplatoon/build/message/CMakeFiles/CMakeError.log".\n'}
[1.523417] (message) CommandEnded: {'returncode': 1}
[1.530607] (-) TimerEvent: {}
[1.596450] (message) JobEnded: {'identifier': 'message', 'rc': 1}
[1.598634] (-) EventReactorShutdown: {}
