[0.000000] (-) TimerEvent: {}
[0.000638] (message) JobQueued: {'identifier': 'message', 'dependencies': OrderedDict()}
[0.001119] (truck) JobQueued: {'identifier': 'truck', 'dependencies': OrderedDict()}
[0.001490] (message) JobStarted: {'identifier': 'message'}
[0.107811] (-) TimerEvent: {}
[0.154410] (truck) JobStarted: {'identifier': 'truck'}
[0.214416] (-) TimerEvent: {}
[0.257886] (message) JobProgress: {'identifier': 'message', 'progress': 'cmake'}
[0.261185] (message) JobProgress: {'identifier': 'message', 'progress': 'build'}
[0.265477] (message) Command: {'cmd': ['/usr/local/bin/cmake', '--build', '/Users/brodie/ros2_truckplatoon/build/message', '--', '-j8', '-l8'], 'cwd': '/Users/brodie/ros2_truckplatoon/build/message', 'env': OrderedDict([('TERM_PROGRAM', 'Apple_Terminal'), ('SHELL', '/bin/zsh'), ('TERM', 'xterm-256color'), ('TMPDIR', '/var/folders/b6/t14lv28n5xqdhgq7zcrqwfkm0000gn/T/'), ('TERM_PROGRAM_VERSION', '445'), ('ROS_PYTHON_VERSION', '3'), ('ROS_VERSION', '2'), ('COLCON_PREFIX_PATH', '/Users/brodie/ros2_truckplatoon/install:/Users/brodie/my_workspace/install:/Users/brodie/ros2_foxy/ros2-osx'), ('TERM_SESSION_ID', '68464B11-5BA9-4066-9F09-461F903B1524'), ('AMENT_PREFIX_PATH', '/Users/brodie/ros2_truckplatoon/install/message:/Users/brodie/ros2_truckplatoon/install/Messages:/Users/brodie/ros2_truckplatoon/install/truck:/Users/brodie/my_workspace/install/tutorial_interfaces:/Users/brodie/my_workspace/install/cpp_srvcli:/Users/brodie/my_workspace/install/cpp_pubsub:/Users/brodie/my_workspace/install/my_package:/Users/brodie/ros2_foxy/ros2-osx'), ('USER', 'brodie'), ('SSH_AUTH_SOCK', '/private/tmp/com.apple.launchd.4a9jOPzOQR/Listeners'), ('__CF_USER_TEXT_ENCODING', '0x1F5:0x0:0x4'), ('PATH', '/Users/brodie/ros2_foxy/ros2-osx/bin:/Library/Frameworks/Python.framework/Versions/3.9/bin:/Library/Frameworks/Python.framework/Versions/2.7/bin:/usr/local/bin:/usr/bin:/bin:/usr/sbin:/sbin:/Library/TeX/texbin:/usr/local/share/dotnet:/opt/X11/bin:~/.dotnet/tools:/Library/Apple/usr/bin:/Library/Frameworks/Mono.framework/Versions/Current/Commands:/usr/local/CrossPack-AVR/bin:/Applications/Postgres.app/Contents/Versions/latest/bin:/Applications/Xamarin Workbooks.app/Contents/SharedSupport/path-bin'), ('__CFBundleIdentifier', 'com.apple.Terminal'), ('PWD', '/Users/brodie/ros2_truckplatoon/build/message'), ('COLCON', '1'), ('LANG', 'it_IT.UTF-8'), ('XPC_FLAGS', '0x0'), ('XPC_SERVICE_NAME', '0'), ('OPENSSL_ROOT_DIR', '/usr/local/Cellar/openssl@3'), ('SHLVL', '2'), ('HOME', '/Users/brodie'), ('ROS_DISTRO', 'foxy'), ('PYTHONPATH', '/Users/brodie/ros2_truckplatoon/install/message/lib/python3.9/site-packages:/Users/brodie/my_workspace/install/tutorial_interfaces/lib/python3.9/site-packages:/Users/brodie/my_workspace/install/my_package/lib/python3.9/site-packages:/Users/brodie/ros2_foxy/ros2-osx/lib/python3.8/site-packages'), ('LOGNAME', 'brodie'), ('PKG_CONFIG_PATH', '/Users/brodie/ros2_foxy/ros2-osx/lib/pkgconfig'), ('CMAKE_PREFIX_PATH', '/Users/brodie/ros2_truckplatoon/install/message:/Users/brodie/ros2_truckplatoon/install/Messages:/Users/brodie/ros2_truckplatoon/install/truck:/Users/brodie/my_workspace/install/tutorial_interfaces:/Users/brodie/my_workspace/install/cpp_srvcli:/Users/brodie/my_workspace/install/cpp_pubsub:/Users/brodie/ros2_foxy/ros2-osx:/Users/brodie/my_workspace/install/my_package'), ('DISPLAY', '/private/tmp/com.apple.launchd.fnO1XjjJMH/org.xquartz:0'), ('ROS_LOCALHOST_ONLY', '0'), ('_', '/usr/bin/env')]), 'shell': False}
[0.276549] (truck) JobProgress: {'identifier': 'truck', 'progress': 'cmake'}
[0.279221] (truck) JobProgress: {'identifier': 'truck', 'progress': 'build'}
[0.282683] (truck) Command: {'cmd': ['/usr/local/bin/cmake', '--build', '/Users/brodie/ros2_truckplatoon/build/truck', '--', '-j8', '-l8'], 'cwd': '/Users/brodie/ros2_truckplatoon/build/truck', 'env': OrderedDict([('TERM_PROGRAM', 'Apple_Terminal'), ('SHELL', '/bin/zsh'), ('TERM', 'xterm-256color'), ('TMPDIR', '/var/folders/b6/t14lv28n5xqdhgq7zcrqwfkm0000gn/T/'), ('TERM_PROGRAM_VERSION', '445'), ('ROS_PYTHON_VERSION', '3'), ('ROS_VERSION', '2'), ('COLCON_PREFIX_PATH', '/Users/brodie/ros2_truckplatoon/install:/Users/brodie/my_workspace/install:/Users/brodie/ros2_foxy/ros2-osx'), ('TERM_SESSION_ID', '68464B11-5BA9-4066-9F09-461F903B1524'), ('AMENT_PREFIX_PATH', '/Users/brodie/ros2_truckplatoon/install/message:/Users/brodie/ros2_truckplatoon/install/Messages:/Users/brodie/ros2_truckplatoon/install/truck:/Users/brodie/my_workspace/install/tutorial_interfaces:/Users/brodie/my_workspace/install/cpp_srvcli:/Users/brodie/my_workspace/install/cpp_pubsub:/Users/brodie/my_workspace/install/my_package:/Users/brodie/ros2_foxy/ros2-osx'), ('USER', 'brodie'), ('SSH_AUTH_SOCK', '/private/tmp/com.apple.launchd.4a9jOPzOQR/Listeners'), ('__CF_USER_TEXT_ENCODING', '0x1F5:0x0:0x4'), ('PATH', '/Users/brodie/ros2_foxy/ros2-osx/bin:/Library/Frameworks/Python.framework/Versions/3.9/bin:/Library/Frameworks/Python.framework/Versions/2.7/bin:/usr/local/bin:/usr/bin:/bin:/usr/sbin:/sbin:/Library/TeX/texbin:/usr/local/share/dotnet:/opt/X11/bin:~/.dotnet/tools:/Library/Apple/usr/bin:/Library/Frameworks/Mono.framework/Versions/Current/Commands:/usr/local/CrossPack-AVR/bin:/Applications/Postgres.app/Contents/Versions/latest/bin:/Applications/Xamarin Workbooks.app/Contents/SharedSupport/path-bin'), ('__CFBundleIdentifier', 'com.apple.Terminal'), ('PWD', '/Users/brodie/ros2_truckplatoon/build/truck'), ('COLCON', '1'), ('LANG', 'it_IT.UTF-8'), ('XPC_FLAGS', '0x0'), ('XPC_SERVICE_NAME', '0'), ('OPENSSL_ROOT_DIR', '/usr/local/Cellar/openssl@3'), ('SHLVL', '2'), ('HOME', '/Users/brodie'), ('ROS_DISTRO', 'foxy'), ('PYTHONPATH', '/Users/brodie/ros2_truckplatoon/install/message/lib/python3.9/site-packages:/Users/brodie/my_workspace/install/tutorial_interfaces/lib/python3.9/site-packages:/Users/brodie/my_workspace/install/my_package/lib/python3.9/site-packages:/Users/brodie/ros2_foxy/ros2-osx/lib/python3.8/site-packages'), ('LOGNAME', 'brodie'), ('PKG_CONFIG_PATH', '/Users/brodie/ros2_foxy/ros2-osx/lib/pkgconfig'), ('CMAKE_PREFIX_PATH', '/Users/brodie/ros2_truckplatoon/install/message:/Users/brodie/ros2_truckplatoon/install/Messages:/Users/brodie/ros2_truckplatoon/install/truck:/Users/brodie/my_workspace/install/tutorial_interfaces:/Users/brodie/my_workspace/install/cpp_srvcli:/Users/brodie/my_workspace/install/cpp_pubsub:/Users/brodie/ros2_foxy/ros2-osx:/Users/brodie/my_workspace/install/my_package'), ('DISPLAY', '/private/tmp/com.apple.launchd.fnO1XjjJMH/org.xquartz:0'), ('ROS_LOCALHOST_ONLY', '0'), ('_', '/usr/bin/env')]), 'shell': False}
[0.318006] (-) TimerEvent: {}
[0.419592] (-) TimerEvent: {}
[0.521062] (-) TimerEvent: {}
[0.595046] (message) StdoutLine: {'line': b'[  9%] Built target message__rosidl_generator_c\n'}
[0.621570] (-) TimerEvent: {}
[0.625739] (truck) StdoutLine: {'line': b'[ 16%] Building CXX object CMakeFiles/truck.dir/src/src/Truck.cpp.o\n'}
[0.688604] (message) StdoutLine: {'line': b'[ 12%] Built target message__cpp\n'}
[0.723060] (-) TimerEvent: {}
[0.794582] (message) StdoutLine: {'line': b'[ 22%] Built target message__rosidl_typesupport_introspection_c\n'}
[0.823251] (-) TimerEvent: {}
[0.869780] (message) StdoutLine: {'line': b'[ 32%] Built target message__rosidl_typesupport_introspection_cpp\n'}
[0.925360] (-) TimerEvent: {}
[0.953410] (message) StdoutLine: {'line': b'[ 41%] Built target message__rosidl_typesupport_fastrtps_cpp\n'}
[1.026028] (-) TimerEvent: {}
[1.044509] (message) StdoutLine: {'line': b'[ 51%] Built target message__rosidl_typesupport_cpp\n'}
[1.127093] (-) TimerEvent: {}
[1.137314] (message) StdoutLine: {'line': b'[ 61%] Built target message__rosidl_typesupport_fastrtps_c\n'}
[1.219535] (message) StdoutLine: {'line': b'[ 70%] Built target message__rosidl_typesupport_c\n'}
[1.227606] (-) TimerEvent: {}
[1.312048] (message) StdoutLine: {'line': b'[ 70%] Built target message\n'}
[1.328167] (-) TimerEvent: {}
[1.395739] (message) StdoutLine: {'line': b'[ 74%] Built target message__py\n'}
[1.431244] (-) TimerEvent: {}
[1.477500] (message) StdoutLine: {'line': b'[ 80%] Built target message__python\n'}
[1.532138] (-) TimerEvent: {}
[1.572482] (message) StdoutLine: {'line': b'[ 87%] Built target message__rosidl_typesupport_c__pyext\n'}
[1.684896] (-) TimerEvent: {}
[1.786200] (-) TimerEvent: {}
[1.866819] (message) StdoutLine: {'line': b'[ 93%] Built target message__rosidl_typesupport_fastrtps_c__pyext\n'}
[1.887057] (-) TimerEvent: {}
[1.974545] (message) StdoutLine: {'line': b'[100%] Built target message__rosidl_typesupport_introspection_c__pyext\n'}
[1.987655] (-) TimerEvent: {}
[2.009579] (message) CommandEnded: {'returncode': 0}
[2.091916] (-) TimerEvent: {}
[2.194842] (-) TimerEvent: {}
[2.301550] (-) TimerEvent: {}
[2.404963] (-) TimerEvent: {}
[2.507990] (-) TimerEvent: {}
[2.553940] (truck) StderrLine: {'line': b'In file included from /Users/brodie/ros2_truckplatoon/src/truck/src/src/Truck.cpp:1:\n'}
[2.555028] (truck) StderrLine: {'line': b'/Users/brodie/ros2_truckplatoon/src/truck/src/src/Truck.hpp:4:10: warning: non-portable path to file \'"utils/include.hpp"\'; specified path differs in case from file name on disk [-Wnonportable-include-path]\n'}
[2.555501] (truck) StderrLine: {'line': b'#include "utils/Include.hpp"\n'}
[2.556033] (truck) StderrLine: {'line': b'         ^~~~~~~~~~~~~~~~~~~\n'}
[2.556633] (truck) StderrLine: {'line': b'         "utils/include.hpp"\n'}
[2.579814] (message) JobProgress: {'identifier': 'message', 'progress': 'install'}
[2.609155] (-) TimerEvent: {}
[2.657456] (message) Command: {'cmd': ['/usr/local/bin/cmake', '--install', '/Users/brodie/ros2_truckplatoon/build/message'], 'cwd': '/Users/brodie/ros2_truckplatoon/build/message', 'env': OrderedDict([('TERM_PROGRAM', 'Apple_Terminal'), ('SHELL', '/bin/zsh'), ('TERM', 'xterm-256color'), ('TMPDIR', '/var/folders/b6/t14lv28n5xqdhgq7zcrqwfkm0000gn/T/'), ('TERM_PROGRAM_VERSION', '445'), ('ROS_PYTHON_VERSION', '3'), ('ROS_VERSION', '2'), ('COLCON_PREFIX_PATH', '/Users/brodie/ros2_truckplatoon/install:/Users/brodie/my_workspace/install:/Users/brodie/ros2_foxy/ros2-osx'), ('TERM_SESSION_ID', '68464B11-5BA9-4066-9F09-461F903B1524'), ('AMENT_PREFIX_PATH', '/Users/brodie/ros2_truckplatoon/install/message:/Users/brodie/ros2_truckplatoon/install/Messages:/Users/brodie/ros2_truckplatoon/install/truck:/Users/brodie/my_workspace/install/tutorial_interfaces:/Users/brodie/my_workspace/install/cpp_srvcli:/Users/brodie/my_workspace/install/cpp_pubsub:/Users/brodie/my_workspace/install/my_package:/Users/brodie/ros2_foxy/ros2-osx'), ('USER', 'brodie'), ('SSH_AUTH_SOCK', '/private/tmp/com.apple.launchd.4a9jOPzOQR/Listeners'), ('__CF_USER_TEXT_ENCODING', '0x1F5:0x0:0x4'), ('PATH', '/Users/brodie/ros2_foxy/ros2-osx/bin:/Library/Frameworks/Python.framework/Versions/3.9/bin:/Library/Frameworks/Python.framework/Versions/2.7/bin:/usr/local/bin:/usr/bin:/bin:/usr/sbin:/sbin:/Library/TeX/texbin:/usr/local/share/dotnet:/opt/X11/bin:~/.dotnet/tools:/Library/Apple/usr/bin:/Library/Frameworks/Mono.framework/Versions/Current/Commands:/usr/local/CrossPack-AVR/bin:/Applications/Postgres.app/Contents/Versions/latest/bin:/Applications/Xamarin Workbooks.app/Contents/SharedSupport/path-bin'), ('__CFBundleIdentifier', 'com.apple.Terminal'), ('PWD', '/Users/brodie/ros2_truckplatoon/build/message'), ('COLCON', '1'), ('LANG', 'it_IT.UTF-8'), ('XPC_FLAGS', '0x0'), ('XPC_SERVICE_NAME', '0'), ('OPENSSL_ROOT_DIR', '/usr/local/Cellar/openssl@3'), ('SHLVL', '2'), ('HOME', '/Users/brodie'), ('ROS_DISTRO', 'foxy'), ('PYTHONPATH', '/Users/brodie/ros2_truckplatoon/install/message/lib/python3.9/site-packages:/Users/brodie/my_workspace/install/tutorial_interfaces/lib/python3.9/site-packages:/Users/brodie/my_workspace/install/my_package/lib/python3.9/site-packages:/Users/brodie/ros2_foxy/ros2-osx/lib/python3.8/site-packages'), ('LOGNAME', 'brodie'), ('PKG_CONFIG_PATH', '/Users/brodie/ros2_foxy/ros2-osx/lib/pkgconfig'), ('CMAKE_PREFIX_PATH', '/Users/brodie/ros2_truckplatoon/install/message:/Users/brodie/ros2_truckplatoon/install/Messages:/Users/brodie/ros2_truckplatoon/install/truck:/Users/brodie/my_workspace/install/tutorial_interfaces:/Users/brodie/my_workspace/install/cpp_srvcli:/Users/brodie/my_workspace/install/cpp_pubsub:/Users/brodie/ros2_foxy/ros2-osx:/Users/brodie/my_workspace/install/my_package'), ('DISPLAY', '/private/tmp/com.apple.launchd.fnO1XjjJMH/org.xquartz:0'), ('ROS_LOCALHOST_ONLY', '0'), ('_', '/usr/bin/env')]), 'shell': False}
[2.687806] (message) StdoutLine: {'line': b'-- Install configuration: ""\n'}
[2.688864] (message) StdoutLine: {'line': b'-- Up-to-date: /Users/brodie/ros2_truckplatoon/install/message/share/ament_index/resource_index/rosidl_interfaces/message\n'}
[2.691106] (message) StdoutLine: {'line': b'-- Up-to-date: /Users/brodie/ros2_truckplatoon/install/message/include/message\n'}
[2.692171] (message) StdoutLine: {'line': b'-- Up-to-date: /Users/brodie/ros2_truckplatoon/install/message/include/message/msg\n'}
[2.692640] (message) StdoutLine: {'line': b'-- Up-to-date: /Users/brodie/ros2_truckplatoon/install/message/include/message/msg/rosidl_generator_c__visibility_control.h\n'}
[2.693074] (message) StdoutLine: {'line': b'-- Up-to-date: /Users/brodie/ros2_truckplatoon/install/message/include/message/msg/message.h\n'}
[2.693502] (message) StdoutLine: {'line': b'-- Up-to-date: /Users/brodie/ros2_truckplatoon/install/message/include/message/msg/detail\n'}
[2.693893] (message) StdoutLine: {'line': b'-- Up-to-date: /Users/brodie/ros2_truckplatoon/install/message/include/message/msg/detail/message__struct.h\n'}
[2.694279] (message) StdoutLine: {'line': b'-- Up-to-date: /Users/brodie/ros2_truckplatoon/install/message/include/message/msg/detail/message__functions.h\n'}
[2.694660] (message) StdoutLine: {'line': b'-- Up-to-date: /Users/brodie/ros2_truckplatoon/install/message/include/message/msg/detail/message__type_support.h\n'}
[2.695043] (message) StdoutLine: {'line': b'-- Up-to-date: /Users/brodie/ros2_truckplatoon/install/message/include/message/msg/detail/message__functions.c\n'}
[2.695418] (message) StdoutLine: {'line': b'-- Up-to-date: /Users/brodie/ros2_truckplatoon/install/message/share/message/environment/library_path.sh\n'}
[2.695804] (message) StdoutLine: {'line': b'-- Up-to-date: /Users/brodie/ros2_truckplatoon/install/message/share/message/environment/library_path.dsv\n'}
[2.696193] (message) StdoutLine: {'line': b'-- Installing: /Users/brodie/ros2_truckplatoon/install/message/lib/libmessage__rosidl_generator_c.dylib\n'}
[2.712070] (-) TimerEvent: {}
[2.768253] (message) StdoutLine: {'line': b'-- Up-to-date: /Users/brodie/ros2_truckplatoon/install/message/include/message\n'}
[2.769360] (message) StdoutLine: {'line': b'-- Up-to-date: /Users/brodie/ros2_truckplatoon/install/message/include/message/msg\n'}
[2.770700] (message) StdoutLine: {'line': b'-- Up-to-date: /Users/brodie/ros2_truckplatoon/install/message/include/message/msg/detail\n'}
[2.771172] (message) StdoutLine: {'line': b'-- Up-to-date: /Users/brodie/ros2_truckplatoon/install/message/include/message/msg/detail/message__rosidl_typesupport_fastrtps_c.h\n'}
[2.771553] (message) StdoutLine: {'line': b'-- Up-to-date: /Users/brodie/ros2_truckplatoon/install/message/include/message/msg/rosidl_typesupport_fastrtps_c__visibility_control.h\n'}
[2.771957] (message) StdoutLine: {'line': b'-- Installing: /Users/brodie/ros2_truckplatoon/install/message/lib/libmessage__rosidl_typesupport_fastrtps_c.dylib\n'}
[2.817177] (-) TimerEvent: {}
[2.863943] (message) StdoutLine: {'line': b'-- Up-to-date: /Users/brodie/ros2_truckplatoon/install/message/include/message\n'}
[2.864570] (message) StdoutLine: {'line': b'-- Up-to-date: /Users/brodie/ros2_truckplatoon/install/message/include/message/msg\n'}
[2.865239] (message) StdoutLine: {'line': b'-- Up-to-date: /Users/brodie/ros2_truckplatoon/install/message/include/message/msg/rosidl_typesupport_fastrtps_cpp__visibility_control.h\n'}
[2.865924] (message) StdoutLine: {'line': b'-- Up-to-date: /Users/brodie/ros2_truckplatoon/install/message/include/message/msg/detail\n'}
[2.866175] (message) StdoutLine: {'line': b'-- Up-to-date: /Users/brodie/ros2_truckplatoon/install/message/include/message/msg/detail/dds_fastrtps\n'}
[2.866398] (message) StdoutLine: {'line': b'-- Up-to-date: /Users/brodie/ros2_truckplatoon/install/message/include/message/msg/detail/message__rosidl_typesupport_fastrtps_cpp.hpp\n'}
[2.866640] (message) StdoutLine: {'line': b'-- Installing: /Users/brodie/ros2_truckplatoon/install/message/lib/libmessage__rosidl_typesupport_fastrtps_cpp.dylib\n'}
[2.917369] (-) TimerEvent: {}
[2.919325] (message) StdoutLine: {'line': b'-- Up-to-date: /Users/brodie/ros2_truckplatoon/install/message/include/message\n'}
[2.920185] (message) StdoutLine: {'line': b'-- Up-to-date: /Users/brodie/ros2_truckplatoon/install/message/include/message/msg\n'}
[2.920541] (message) StdoutLine: {'line': b'-- Up-to-date: /Users/brodie/ros2_truckplatoon/install/message/include/message/msg/detail\n'}
[2.920808] (message) StdoutLine: {'line': b'-- Up-to-date: /Users/brodie/ros2_truckplatoon/install/message/include/message/msg/detail/message__type_support.c\n'}
[2.921158] (message) StdoutLine: {'line': b'-- Up-to-date: /Users/brodie/ros2_truckplatoon/install/message/include/message/msg/detail/message__rosidl_typesupport_introspection_c.h\n'}
[2.921393] (message) StdoutLine: {'line': b'-- Up-to-date: /Users/brodie/ros2_truckplatoon/install/message/include/message/msg/rosidl_typesupport_introspection_c__visibility_control.h\n'}
[2.921738] (message) StdoutLine: {'line': b'-- Installing: /Users/brodie/ros2_truckplatoon/install/message/lib/libmessage__rosidl_typesupport_introspection_c.dylib\n'}
[2.973618] (message) StdoutLine: {'line': b'-- Installing: /Users/brodie/ros2_truckplatoon/install/message/lib/libmessage__rosidl_typesupport_c.dylib\n'}
[2.999417] (message) StdoutLine: {'line': b'-- Up-to-date: /Users/brodie/ros2_truckplatoon/install/message/include/message\n'}
[2.999960] (message) StdoutLine: {'line': b'-- Up-to-date: /Users/brodie/ros2_truckplatoon/install/message/include/message/msg\n'}
[3.000165] (message) StdoutLine: {'line': b'-- Up-to-date: /Users/brodie/ros2_truckplatoon/install/message/include/message/msg/detail\n'}
[3.000571] (message) StdoutLine: {'line': b'-- Up-to-date: /Users/brodie/ros2_truckplatoon/install/message/include/message/msg/detail/message__traits.hpp\n'}
[3.000800] (message) StdoutLine: {'line': b'-- Up-to-date: /Users/brodie/ros2_truckplatoon/install/message/include/message/msg/detail/message__struct.hpp\n'}
[3.001263] (message) StdoutLine: {'line': b'-- Up-to-date: /Users/brodie/ros2_truckplatoon/install/message/include/message/msg/detail/message__builder.hpp\n'}
[3.002016] (message) StdoutLine: {'line': b'-- Up-to-date: /Users/brodie/ros2_truckplatoon/install/message/include/message/msg/message.hpp\n'}
[3.002412] (message) StdoutLine: {'line': b'-- Up-to-date: /Users/brodie/ros2_truckplatoon/install/message/include/message\n'}
[3.002788] (message) StdoutLine: {'line': b'-- Up-to-date: /Users/brodie/ros2_truckplatoon/install/message/include/message/msg\n'}
[3.003311] (message) StdoutLine: {'line': b'-- Up-to-date: /Users/brodie/ros2_truckplatoon/install/message/include/message/msg/detail\n'}
[3.003700] (message) StdoutLine: {'line': b'-- Up-to-date: /Users/brodie/ros2_truckplatoon/install/message/include/message/msg/detail/message__type_support.cpp\n'}
[3.004057] (message) StdoutLine: {'line': b'-- Up-to-date: /Users/brodie/ros2_truckplatoon/install/message/include/message/msg/detail/message__rosidl_typesupport_introspection_cpp.hpp\n'}
[3.004381] (message) StdoutLine: {'line': b'-- Installing: /Users/brodie/ros2_truckplatoon/install/message/lib/libmessage__rosidl_typesupport_introspection_cpp.dylib\n'}
[3.020652] (-) TimerEvent: {}
[3.028284] (message) StdoutLine: {'line': b'-- Installing: /Users/brodie/ros2_truckplatoon/install/message/lib/libmessage__rosidl_typesupport_cpp.dylib\n'}
[3.055125] (message) StdoutLine: {'line': b'-- Up-to-date: /Users/brodie/ros2_truckplatoon/install/message/share/message/environment/pythonpath.sh\n'}
[3.056152] (message) StdoutLine: {'line': b'-- Up-to-date: /Users/brodie/ros2_truckplatoon/install/message/share/message/environment/pythonpath.dsv\n'}
[3.056545] (message) StdoutLine: {'line': b'-- Up-to-date: /Users/brodie/ros2_truckplatoon/install/message/lib/python3.9/site-packages/message/__init__.py\n'}
[3.125309] (-) TimerEvent: {}
[3.205693] (message) StdoutLine: {'line': b'-- Up-to-date: /Users/brodie/ros2_truckplatoon/install/message/lib/python3.9/site-packages/message/msg\n'}
[3.206219] (message) StdoutLine: {'line': b'-- Up-to-date: /Users/brodie/ros2_truckplatoon/install/message/lib/python3.9/site-packages/message/msg/__init__.py\n'}
[3.206617] (message) StdoutLine: {'line': b'-- Up-to-date: /Users/brodie/ros2_truckplatoon/install/message/lib/python3.9/site-packages/message/msg/_message.py\n'}
[3.207116] (message) StdoutLine: {'line': b'-- Up-to-date: /Users/brodie/ros2_truckplatoon/install/message/lib/python3.9/site-packages/message/msg/_message_s.c\n'}
[3.207332] (message) StdoutLine: {'line': b'-- Up-to-date: /Users/brodie/ros2_truckplatoon/install/message/lib/python3.9/site-packages/message/message_s__rosidl_typesupport_fastrtps_c.cpython-39-darwin.so\n'}
[3.226581] (-) TimerEvent: {}
[3.233023] (message) StderrLine: {'line': b'error: /Applications/Xcode.app/Contents/Developer/Toolchains/XcodeDefault.xctoolchain/usr/bin/install_name_tool: no LC_RPATH load command with path: /Users/brodie/ros2_truckplatoon/build/message/rosidl_generator_py/message found in: /Users/brodie/ros2_truckplatoon/install/message/lib/python3.9/site-packages/message/message_s__rosidl_typesupport_fastrtps_c.cpython-39-darwin.so (for architecture x86_64), required for specified option "-delete_rpath /Users/brodie/ros2_truckplatoon/build/message/rosidl_generator_py/message"\n'}
[3.255949] (message) StderrLine: {'line': b'error: /Applications/Xcode.app/Contents/Developer/Toolchains/XcodeDefault.xctoolchain/usr/bin/install_name_tool: no LC_RPATH load command with path: /Users/brodie/ros2_truckplatoon/build/message found in: /Users/brodie/ros2_truckplatoon/install/message/lib/python3.9/site-packages/message/message_s__rosidl_typesupport_fastrtps_c.cpython-39-darwin.so (for architecture x86_64), required for specified option "-delete_rpath /Users/brodie/ros2_truckplatoon/build/message"\n'}
[3.279958] (message) StderrLine: {'line': b'error: /Applications/Xcode.app/Contents/Developer/Toolchains/XcodeDefault.xctoolchain/usr/bin/install_name_tool: no LC_RPATH load command with path: /Users/brodie/ros2_foxy/ros2-osx/lib found in: /Users/brodie/ros2_truckplatoon/install/message/lib/python3.9/site-packages/message/message_s__rosidl_typesupport_fastrtps_c.cpython-39-darwin.so (for architecture x86_64), required for specified option "-delete_rpath /Users/brodie/ros2_foxy/ros2-osx/lib"\n'}
[3.303675] (message) StderrLine: {'line': b'error: /Applications/Xcode.app/Contents/Developer/Toolchains/XcodeDefault.xctoolchain/usr/bin/install_name_tool: no LC_RPATH load command with path: /usr/local/lib found in: /Users/brodie/ros2_truckplatoon/install/message/lib/python3.9/site-packages/message/message_s__rosidl_typesupport_fastrtps_c.cpython-39-darwin.so (for architecture x86_64), required for specified option "-delete_rpath /usr/local/lib"\n'}
[3.304550] (message) StdoutLine: {'line': b'-- Up-to-date: /Users/brodie/ros2_truckplatoon/install/message/lib/python3.9/site-packages/message/message_s__rosidl_typesupport_introspection_c.cpython-39-darwin.so\n'}
[3.328836] (-) TimerEvent: {}
[3.329863] (message) StderrLine: {'line': b'error: /Applications/Xcode.app/Contents/Developer/Toolchains/XcodeDefault.xctoolchain/usr/bin/install_name_tool: no LC_RPATH load command with path: /Users/brodie/ros2_truckplatoon/build/message/rosidl_generator_py/message found in: /Users/brodie/ros2_truckplatoon/install/message/lib/python3.9/site-packages/message/message_s__rosidl_typesupport_introspection_c.cpython-39-darwin.so (for architecture x86_64), required for specified option "-delete_rpath /Users/brodie/ros2_truckplatoon/build/message/rosidl_generator_py/message"\n'}
[3.353736] (message) StderrLine: {'line': b'error: /Applications/Xcode.app/Contents/Developer/Toolchains/XcodeDefault.xctoolchain/usr/bin/install_name_tool: no LC_RPATH load command with path: /Users/brodie/ros2_truckplatoon/build/message found in: /Users/brodie/ros2_truckplatoon/install/message/lib/python3.9/site-packages/message/message_s__rosidl_typesupport_introspection_c.cpython-39-darwin.so (for architecture x86_64), required for specified option "-delete_rpath /Users/brodie/ros2_truckplatoon/build/message"\n'}
[3.378363] (message) StderrLine: {'line': b'error: /Applications/Xcode.app/Contents/Developer/Toolchains/XcodeDefault.xctoolchain/usr/bin/install_name_tool: no LC_RPATH load command with path: /Users/brodie/ros2_foxy/ros2-osx/lib found in: /Users/brodie/ros2_truckplatoon/install/message/lib/python3.9/site-packages/message/message_s__rosidl_typesupport_introspection_c.cpython-39-darwin.so (for architecture x86_64), required for specified option "-delete_rpath /Users/brodie/ros2_foxy/ros2-osx/lib"\n'}
[3.379481] (message) StdoutLine: {'line': b'-- Up-to-date: /Users/brodie/ros2_truckplatoon/install/message/lib/python3.9/site-packages/message/message_s__rosidl_typesupport_c.cpython-39-darwin.so\n'}
[3.404643] (message) StderrLine: {'line': b'error: /Applications/Xcode.app/Contents/Developer/Toolchains/XcodeDefault.xctoolchain/usr/bin/install_name_tool: no LC_RPATH load command with path: /Users/brodie/ros2_truckplatoon/build/message/rosidl_generator_py/message found in: /Users/brodie/ros2_truckplatoon/install/message/lib/python3.9/site-packages/message/message_s__rosidl_typesupport_c.cpython-39-darwin.so (for architecture x86_64), required for specified option "-delete_rpath /Users/brodie/ros2_truckplatoon/build/message/rosidl_generator_py/message"\n'}
[3.432301] (message) StderrLine: {'line': b'error: /Applications/Xcode.app/Contents/Developer/Toolchains/XcodeDefault.xctoolchain/usr/bin/install_name_tool: no LC_RPATH load command with path: /Users/brodie/ros2_truckplatoon/build/message found in: /Users/brodie/ros2_truckplatoon/install/message/lib/python3.9/site-packages/message/message_s__rosidl_typesupport_c.cpython-39-darwin.so (for architecture x86_64), required for specified option "-delete_rpath /Users/brodie/ros2_truckplatoon/build/message"\n'}
[3.432925] (-) TimerEvent: {}
[3.464370] (message) StderrLine: {'line': b'error: /Applications/Xcode.app/Contents/Developer/Toolchains/XcodeDefault.xctoolchain/usr/bin/install_name_tool: no LC_RPATH load command with path: /Users/brodie/ros2_foxy/ros2-osx/lib found in: /Users/brodie/ros2_truckplatoon/install/message/lib/python3.9/site-packages/message/message_s__rosidl_typesupport_c.cpython-39-darwin.so (for architecture x86_64), required for specified option "-delete_rpath /Users/brodie/ros2_foxy/ros2-osx/lib"\n'}
[3.465249] (message) StdoutLine: {'line': b'-- Installing: /Users/brodie/ros2_truckplatoon/install/message/lib/libmessage__python.dylib\n'}
[3.534913] (-) TimerEvent: {}
[3.538919] (message) StdoutLine: {'line': b'-- Up-to-date: /Users/brodie/ros2_truckplatoon/install/message/share/message/msg/Message.idl\n'}
[3.540123] (message) StdoutLine: {'line': b'-- Up-to-date: /Users/brodie/ros2_truckplatoon/install/message/share/message/msg/Message.msg\n'}
[3.542551] (message) StdoutLine: {'line': b'-- Up-to-date: /Users/brodie/ros2_truckplatoon/install/message/share/ament_index/resource_index/package_run_dependencies/message\n'}
[3.543451] (message) StdoutLine: {'line': b'-- Up-to-date: /Users/brodie/ros2_truckplatoon/install/message/share/ament_index/resource_index/parent_prefix_path/message\n'}
[3.544556] (message) StdoutLine: {'line': b'-- Up-to-date: /Users/brodie/ros2_truckplatoon/install/message/share/message/environment/ament_prefix_path.sh\n'}
[3.545434] (message) StdoutLine: {'line': b'-- Up-to-date: /Users/brodie/ros2_truckplatoon/install/message/share/message/environment/ament_prefix_path.dsv\n'}
[3.546652] (message) StdoutLine: {'line': b'-- Up-to-date: /Users/brodie/ros2_truckplatoon/install/message/share/message/environment/path.sh\n'}
[3.547062] (message) StdoutLine: {'line': b'-- Up-to-date: /Users/brodie/ros2_truckplatoon/install/message/share/message/environment/path.dsv\n'}
[3.547822] (message) StdoutLine: {'line': b'-- Up-to-date: /Users/brodie/ros2_truckplatoon/install/message/share/message/local_setup.bash\n'}
[3.548520] (message) StdoutLine: {'line': b'-- Up-to-date: /Users/brodie/ros2_truckplatoon/install/message/share/message/local_setup.sh\n'}
[3.549486] (message) StdoutLine: {'line': b'-- Up-to-date: /Users/brodie/ros2_truckplatoon/install/message/share/message/local_setup.zsh\n'}
[3.549995] (message) StdoutLine: {'line': b'-- Up-to-date: /Users/brodie/ros2_truckplatoon/install/message/share/message/local_setup.dsv\n'}
[3.550781] (message) StdoutLine: {'line': b'-- Installing: /Users/brodie/ros2_truckplatoon/install/message/share/message/package.dsv\n'}
[3.551219] (message) StdoutLine: {'line': b'-- Up-to-date: /Users/brodie/ros2_truckplatoon/install/message/share/ament_index/resource_index/packages/message\n'}
[3.551814] (message) StdoutLine: {'line': b'-- Up-to-date: /Users/brodie/ros2_truckplatoon/install/message/share/message/cmake/message__rosidl_generator_cExport.cmake\n'}
[3.552833] (message) StdoutLine: {'line': b'-- Up-to-date: /Users/brodie/ros2_truckplatoon/install/message/share/message/cmake/message__rosidl_generator_cExport-noconfig.cmake\n'}
[3.553142] (message) StdoutLine: {'line': b'-- Up-to-date: /Users/brodie/ros2_truckplatoon/install/message/share/message/cmake/message__rosidl_typesupport_introspection_cExport.cmake\n'}
[3.553513] (message) StdoutLine: {'line': b'-- Up-to-date: /Users/brodie/ros2_truckplatoon/install/message/share/message/cmake/message__rosidl_typesupport_introspection_cExport-noconfig.cmake\n'}
[3.555209] (message) StdoutLine: {'line': b'-- Up-to-date: /Users/brodie/ros2_truckplatoon/install/message/share/message/cmake/message__rosidl_typesupport_cExport.cmake\n'}
[3.556577] (message) StdoutLine: {'line': b'-- Up-to-date: /Users/brodie/ros2_truckplatoon/install/message/share/message/cmake/message__rosidl_typesupport_cExport-noconfig.cmake\n'}
[3.558459] (message) StdoutLine: {'line': b'-- Up-to-date: /Users/brodie/ros2_truckplatoon/install/message/share/message/cmake/message__rosidl_generator_cppExport.cmake\n'}
[3.559296] (message) StdoutLine: {'line': b'-- Up-to-date: /Users/brodie/ros2_truckplatoon/install/message/share/message/cmake/message__rosidl_typesupport_introspection_cppExport.cmake\n'}
[3.561720] (message) StdoutLine: {'line': b'-- Up-to-date: /Users/brodie/ros2_truckplatoon/install/message/share/message/cmake/message__rosidl_typesupport_introspection_cppExport-noconfig.cmake\n'}
[3.562455] (message) StdoutLine: {'line': b'-- Up-to-date: /Users/brodie/ros2_truckplatoon/install/message/share/message/cmake/message__rosidl_typesupport_cppExport.cmake\n'}
[3.562898] (message) StdoutLine: {'line': b'-- Up-to-date: /Users/brodie/ros2_truckplatoon/install/message/share/message/cmake/message__rosidl_typesupport_cppExport-noconfig.cmake\n'}
[3.563277] (message) StdoutLine: {'line': b'-- Up-to-date: /Users/brodie/ros2_truckplatoon/install/message/share/message/cmake/rosidl_cmake-extras.cmake\n'}
[3.564046] (message) StdoutLine: {'line': b'-- Up-to-date: /Users/brodie/ros2_truckplatoon/install/message/share/message/cmake/ament_cmake_export_dependencies-extras.cmake\n'}
[3.564449] (message) StdoutLine: {'line': b'-- Up-to-date: /Users/brodie/ros2_truckplatoon/install/message/share/message/cmake/ament_cmake_export_libraries-extras.cmake\n'}
[3.564790] (message) StdoutLine: {'line': b'-- Up-to-date: /Users/brodie/ros2_truckplatoon/install/message/share/message/cmake/ament_cmake_export_targets-extras.cmake\n'}
[3.565109] (message) StdoutLine: {'line': b'-- Up-to-date: /Users/brodie/ros2_truckplatoon/install/message/share/message/cmake/ament_cmake_export_include_directories-extras.cmake\n'}
[3.565570] (message) StdoutLine: {'line': b'-- Up-to-date: /Users/brodie/ros2_truckplatoon/install/message/share/message/cmake/rosidl_cmake_export_typesupport_libraries-extras.cmake\n'}
[3.565968] (message) StdoutLine: {'line': b'-- Up-to-date: /Users/brodie/ros2_truckplatoon/install/message/share/message/cmake/rosidl_cmake_export_typesupport_targets-extras.cmake\n'}
[3.567024] (message) StdoutLine: {'line': b'-- Up-to-date: /Users/brodie/ros2_truckplatoon/install/message/share/message/cmake/messageConfig.cmake\n'}
[3.571408] (message) StdoutLine: {'line': b'-- Up-to-date: /Users/brodie/ros2_truckplatoon/install/message/share/message/cmake/messageConfig-version.cmake\n'}
[3.571877] (message) StdoutLine: {'line': b'-- Up-to-date: /Users/brodie/ros2_truckplatoon/install/message/share/message/package.xml\n'}
[3.573876] (message) CommandEnded: {'returncode': 0}
[3.635053] (-) TimerEvent: {}
[3.740932] (-) TimerEvent: {}
[3.849279] (-) TimerEvent: {}
[3.950824] (-) TimerEvent: {}
[4.052508] (-) TimerEvent: {}
[4.153306] (-) TimerEvent: {}
[4.257295] (-) TimerEvent: {}
[4.363786] (-) TimerEvent: {}
[4.385402] (message) JobEnded: {'identifier': 'message', 'rc': 0}
[4.388195] (truck) StderrLine: {'line': b"/Users/brodie/ros2_truckplatoon/src/truck/src/src/Truck.cpp:35:21: error: no member named 'PublishTopic' in 'std::shared_ptr<Publisher>'; did you mean to use '->' instead of '.'?\n"}
[4.388713] (truck) StderrLine: {'line': b'    this->_publisher.PublishTopic("Ciao");\n'}
[4.389092] (truck) StderrLine: {'line': b'                    ^\n'}
[4.389454] (truck) StderrLine: {'line': b'                    ->\n'}
[4.468869] (-) TimerEvent: {}
[4.569356] (-) TimerEvent: {}
[4.673164] (-) TimerEvent: {}
[4.773672] (-) TimerEvent: {}
[4.874149] (-) TimerEvent: {}
[4.974978] (-) TimerEvent: {}
[5.075494] (-) TimerEvent: {}
[5.176047] (-) TimerEvent: {}
[5.281589] (-) TimerEvent: {}
[5.322700] (truck) StderrLine: {'line': b'1 warning and 1 error generated.\n'}
[5.338811] (truck) StderrLine: {'line': b'gmake[2]: *** [CMakeFiles/truck.dir/build.make:95: CMakeFiles/truck.dir/src/src/Truck.cpp.o] Error 1\n'}
[5.339999] (truck) StderrLine: {'line': b'gmake[1]: *** [CMakeFiles/Makefile2:97: CMakeFiles/truck.dir/all] Error 2\n'}
[5.340712] (truck) StderrLine: {'line': b'gmake: *** [Makefile:160: all] Error 2\n'}
[5.343609] (truck) CommandEnded: {'returncode': 2}
[5.382247] (-) TimerEvent: {}
[5.483636] (-) TimerEvent: {}
[5.587710] (-) TimerEvent: {}
[5.681202] (truck) JobEnded: {'identifier': 'truck', 'rc': 2}
[5.684655] (-) EventReactorShutdown: {}
