[0.053s] Invoking command in '/Users/brodie/ros2_truckplatoon/build/truck': CMAKE_PREFIX_PATH=${CMAKE_PREFIX_PATH}:/Users/brodie/my_workspace/install/my_package SHLVL=2 _=/usr/bin/env /usr/local/bin/cmake --build /Users/brodie/ros2_truckplatoon/build/truck -- -j8 -l8
[0.137s] Scanning dependencies of target truck
[0.157s] [ 33%] Building CXX object CMakeFiles/truck.dir/src/src/Communication.cpp.o
[0.158s] [ 33%] Building CXX object CMakeFiles/truck.dir/src/src/Leader.cpp.o
[0.158s] [ 66%] Building CXX object CMakeFiles/truck.dir/src/truck.cpp.o
[0.158s] [ 66%] Building CXX object CMakeFiles/truck.dir/src/src/Truck.cpp.o
[0.702s] In file included from /Users/brodie/ros2_truckplatoon/src/truck/src/src/Leader.cpp:1:
[0.703s] In file included from /Users/brodie/ros2_truckplatoon/src/truck/src/src/Leader.hpp:4:
[0.703s] /Users/brodie/ros2_truckplatoon/src/truck/src/src/Truck.hpp:4:10: warning: non-portable path to file '"utils/include.hpp"'; specified path differs in case from file name on disk [-Wnonportable-include-path]
[0.703s] #include "utils/Include.hpp"
[0.703s]          ^~~~~~~~~~~~~~~~~~~
[0.703s]          "utils/include.hpp"
[0.704s] In file included from /Users/brodie/ros2_truckplatoon/src/truck/src/truck.cpp:2:
[0.704s] In file included from /Users/brodie/ros2_truckplatoon/src/truck/src/Platoon.hpp:4:
[0.704s] In file included from /Users/brodie/ros2_truckplatoon/src/truck/src/src/Leader.hpp:4:
[0.704s] /Users/brodie/ros2_truckplatoon/src/truck/src/src/Truck.hpp:4:10: warning: non-portable path to file '"utils/include.hpp"'; specified path differs in case from file name on disk [-Wnonportable-include-path]
[0.704s] #include "utils/Include.hpp"
[0.704s]          ^~~~~~~~~~~~~~~~~~~
[0.704s]          "utils/include.hpp"
[0.704s] In file included from /Users/brodie/ros2_truckplatoon/src/truck/src/src/Truck.cpp:1:
[0.705s] /Users/brodie/ros2_truckplatoon/src/truck/src/src/Truck.hpp:4:10: warning: non-portable path to file '"utils/include.hpp"'; specified path differs in case from file name on disk [-Wnonportable-include-path]
[0.705s] #include "utils/Include.hpp"
[0.705s]          ^~~~~~~~~~~~~~~~~~~
[0.705s]          "utils/include.hpp"
[0.706s] In file included from /Users/brodie/ros2_truckplatoon/src/truck/src/src/Communication.cpp:1:
[0.707s] In file included from /Users/brodie/ros2_truckplatoon/src/truck/src/src/Communication.hpp:3:
[0.707s] /Users/brodie/ros2_truckplatoon/src/truck/src/src/Truck.hpp:4:10: warning: non-portable path to file '"utils/include.hpp"'; specified path differs in case from file name on disk [-Wnonportable-include-path]
[0.707s] #include "utils/Include.hpp"
[0.707s]          ^~~~~~~~~~~~~~~~~~~
[0.707s]          "utils/include.hpp"
[1.341s] In file included from /Users/brodie/ros2_truckplatoon/src/truck/src/truck.cpp:2:
[1.341s] In file included from /Users/brodie/ros2_truckplatoon/src/truck/src/Platoon.hpp:4:
[1.341s] In file included from /Users/brodie/ros2_truckplatoon/src/truck/src/src/Leader.hpp:4:
[1.341s] In file included from /Users/brodie/ros2_truckplatoon/src/truck/src/src/Truck.hpp:7:
[1.341s] /Users/brodie/ros2_truckplatoon/src/truck/src/src/Subscriber.hpp:34:31: error: use of undeclared identifier 'tutorial_interfaces'
[1.341s]     void topic_callback(const tutorial_interfaces::msg::Message::SharedPtr msg) const
[1.342s]                               ^
[1.344s] In file included from /Users/brodie/ros2_truckplatoon/src/truck/src/src/Leader.cpp:1:
[1.344s] In file included from /Users/brodie/ros2_truckplatoon/src/truck/src/src/Leader.hpp:4:
[1.344s] In file included from /Users/brodie/ros2_truckplatoon/src/truck/src/src/Truck.hpp:7:
[1.345s] /Users/brodie/ros2_truckplatoon/src/truck/src/src/Subscriber.hpp:34:31: error: use of undeclared identifier 'tutorial_interfaces'
[1.345s]     void topic_callback(const tutorial_interfaces::msg::Message::SharedPtr msg) const
[1.345s]                               ^
[1.346s] In file included from /Users/brodie/ros2_truckplatoon/src/truck/src/src/Truck.cpp:1:
[1.347s] In file included from /Users/brodie/ros2_truckplatoon/src/truck/src/src/Truck.hpp:7:
[1.347s] /Users/brodie/ros2_truckplatoon/src/truck/src/src/Subscriber.hpp:34:31: error: use of undeclared identifier 'tutorial_interfaces'
[1.347s]     void topic_callback(const tutorial_interfaces::msg::Message::SharedPtr msg) const
[1.347s]                               ^
[1.347s] In file included from /Users/brodie/ros2_truckplatoon/src/truck/src/src/Communication.cpp:1:
[1.348s] In file included from /Users/brodie/ros2_truckplatoon/src/truck/src/src/Communication.hpp:3:
[1.348s] In file included from /Users/brodie/ros2_truckplatoon/src/truck/src/src/Truck.hpp:7:
[1.348s] /Users/brodie/ros2_truckplatoon/src/truck/src/src/Subscriber.hpp:34:31: error: use of undeclared identifier 'tutorial_interfaces'
[1.348s]     void topic_callback(const tutorial_interfaces::msg::Message::SharedPtr msg) const
[1.348s]                               ^
[1.359s] /Users/brodie/ros2_truckplatoon/src/truck/src/src/Subscriber.hpp:31:69: error: use of undeclared identifier '_1'; did you mean 'std::placeholders::_1'?
[1.359s]         TopicName, 10, std::bind(&Subscriber::topic_callback, this, _1));
[1.359s]                                                                     ^~
[1.359s]                                                                     std::placeholders::_1
[1.359s] /Applications/Xcode.app/Contents/Developer/Platforms/MacOSX.platform/Developer/SDKs/MacOSX12.3.sdk/usr/include/c++/v1/__functional/bind.h:61:46: note: 'std::placeholders::_1' declared here
[1.360s] /* _LIBCPP_INLINE_VAR */ constexpr __ph<1>   _1{};
[1.360s]                                              ^
[1.361s] In file included from /Users/brodie/ros2_truckplatoon/src/truck/src/truck.cpp:2:
[1.362s] /Users/brodie/ros2_truckplatoon/src/truck/src/Platoon.hpp:8:10: warning: non-portable path to file '"src/utils/include.hpp"'; specified path differs in case from file name on disk [-Wnonportable-include-path]
[1.362s] #include "src/utils/Include.hpp"
[1.362s]          ^~~~~~~~~~~~~~~~~~~~~~~
[1.362s]          "src/utils/include.hpp"
[1.367s] /Users/brodie/ros2_truckplatoon/src/truck/src/src/Subscriber.hpp:31:69: error: use of undeclared identifier '_1'; did you mean 'std::placeholders::_1'?
[1.367s]         TopicName, 10, std::bind(&Subscriber::topic_callback, this, _1));
[1.368s]                                                                     ^~
[1.368s]                                                                     std::placeholders::_1
[1.368s] /Applications/Xcode.app/Contents/Developer/Platforms/MacOSX.platform/Developer/SDKs/MacOSX12.3.sdk/usr/include/c++/v1/__functional/bind.h:61:46: note: 'std::placeholders::_1' declared here
[1.368s] /* _LIBCPP_INLINE_VAR */ constexpr __ph<1>   _1{};
[1.369s]                                              ^
[1.369s] /Users/brodie/ros2_truckplatoon/src/truck/src/src/Subscriber.hpp:31:69: error: use of undeclared identifier '_1'; did you mean 'std::placeholders::_1'?
[1.370s]         TopicName, 10, std::bind(&Subscriber::topic_callback, this, _1));
[1.370s]                                                                     ^~
[1.370s]                                                                     std::placeholders::_1
[1.370s] /Applications/Xcode.app/Contents/Developer/Platforms/MacOSX.platform/Developer/SDKs/MacOSX12.3.sdk/usr/include/c++/v1/__functional/bind.h:61:46: note: 'std::placeholders::_1' declared here
[1.370s] /* _LIBCPP_INLINE_VAR */ constexpr __ph<1>   _1{};
[1.370s]                                              ^
[1.370s] /Users/brodie/ros2_truckplatoon/src/truck/src/src/Subscriber.hpp:31:69: error: use of undeclared identifier '_1'; did you mean 'std::placeholders::_1'?
[1.371s]         TopicName, 10, std::bind(&Subscriber::topic_callback, this, _1));
[1.371s]                                                                     ^~
[1.371s]                                                                     std::placeholders::_1
[1.371s] /Applications/Xcode.app/Contents/Developer/Platforms/MacOSX.platform/Developer/SDKs/MacOSX12.3.sdk/usr/include/c++/v1/__functional/bind.h:61:46: note: 'std::placeholders::_1' declared here
[1.371s] /* _LIBCPP_INLINE_VAR */ constexpr __ph<1>   _1{};
[1.371s]                                              ^
[1.824s] In file included from /Users/brodie/ros2_truckplatoon/src/truck/src/truck.cpp:2:
[1.825s] In file included from /Users/brodie/ros2_truckplatoon/src/truck/src/Platoon.hpp:11:
[1.825s] /Users/brodie/ros2_truckplatoon/src/truck/src/src/DrivingEvent.hpp:9:15: warning: private field '_speed' is not used [-Wunused-private-field]
[1.825s]     speedType _speed;
[1.825s]               ^
[1.825s] /Users/brodie/ros2_truckplatoon/src/truck/src/src/DrivingEvent.hpp:10:23: warning: private field '_stearingAngle' is not used [-Wunused-private-field]
[1.826s]     stearingAngleType _stearingAngle;
[1.826s]                       ^
[1.826s] /Users/brodie/ros2_truckplatoon/src/truck/src/src/DrivingEvent.hpp:11:18: warning: private field '_distance' is not used [-Wunused-private-field]
[1.826s]     distanceType _distance;
[1.826s]                  ^
[1.826s] 5 warnings and 2 errors generated.
[1.834s] 1 warning and 2 errors generated.
[1.835s] 1 warning and 2 errors generated.
[1.839s] gmake[2]: *** [CMakeFiles/truck.dir/build.make:82: CMakeFiles/truck.dir/src/truck.cpp.o] Error 1
[1.839s] gmake[2]: *** Waiting for unfinished jobs....
[1.848s] gmake[2]: *** [CMakeFiles/truck.dir/build.make:108: CMakeFiles/truck.dir/src/src/Leader.cpp.o] Error 1
[1.850s] gmake[2]: *** [CMakeFiles/truck.dir/build.make:121: CMakeFiles/truck.dir/src/src/Communication.cpp.o] Error 1
[1.878s] 1 warning and 2 errors generated.
[1.890s] gmake[2]: *** [CMakeFiles/truck.dir/build.make:95: CMakeFiles/truck.dir/src/src/Truck.cpp.o] Error 1
[1.891s] gmake[1]: *** [CMakeFiles/Makefile2:97: CMakeFiles/truck.dir/all] Error 2
[1.891s] gmake: *** [Makefile:160: all] Error 2
[1.892s] Invoked command in '/Users/brodie/ros2_truckplatoon/build/truck' returned '2': CMAKE_PREFIX_PATH=${CMAKE_PREFIX_PATH}:/Users/brodie/my_workspace/install/my_package SHLVL=2 _=/usr/bin/env /usr/local/bin/cmake --build /Users/brodie/ros2_truckplatoon/build/truck -- -j8 -l8
