[0.054s] Invoking command in '/Users/brodie/ros2_truckplatoon/build/truck': CMAKE_PREFIX_PATH=${CMAKE_PREFIX_PATH}:/Users/brodie/my_workspace/install/my_package SHLVL=2 _=/usr/bin/env /usr/local/bin/cmake --build /Users/brodie/ros2_truckplatoon/build/truck -- -j8 -l8
[0.193s] Scanning dependencies of target truck
[0.214s] [ 16%] Building CXX object CMakeFiles/truck.dir/src/src/Truck.cpp.o
[0.655s] In file included from /Users/brodie/ros2_truckplatoon/src/truck/src/src/Truck.cpp:1:
[0.655s] /Users/brodie/ros2_truckplatoon/src/truck/src/src/Truck.hpp:4:10: warning: non-portable path to file '"utils/include.hpp"'; specified path differs in case from file name on disk [-Wnonportable-include-path]
[0.656s] #include "utils/Include.hpp"
[0.656s]          ^~~~~~~~~~~~~~~~~~~
[0.656s]          "utils/include.hpp"
[1.473s] In file included from /Users/brodie/ros2_truckplatoon/src/truck/src/src/Truck.cpp:1:
[1.473s] In file included from /Users/brodie/ros2_truckplatoon/src/truck/src/src/Truck.hpp:7:
[1.473s] /Users/brodie/ros2_truckplatoon/src/truck/src/src/Subscriber.hpp:34:64: warning: unused parameter 'msg' [-Wunused-parameter]
[1.473s]     void topic_callback(const message::msg::Message::SharedPtr msg) const
[1.473s]                                                                ^
[1.485s] /Users/brodie/ros2_truckplatoon/src/truck/src/src/Truck.cpp:14:13: error: no type named 'spin_once' in namespace 'rclcpp'
[1.485s]     rclcpp::spin_once(_publisher);
[1.485s]     ~~~~~~~~^
[1.496s] /Users/brodie/ros2_truckplatoon/src/truck/src/src/Truck.cpp:41:13: error: no type named 'spin_once' in namespace 'rclcpp'
[1.496s]     rclcpp::spin_once(_publisher);
[1.496s]     ~~~~~~~~^
[2.271s] 2 warnings and 2 errors generated.
[2.288s] gmake[2]: *** [CMakeFiles/truck.dir/build.make:95: CMakeFiles/truck.dir/src/src/Truck.cpp.o] Error 1
[2.288s] gmake[1]: *** [CMakeFiles/Makefile2:97: CMakeFiles/truck.dir/all] Error 2
[2.288s] gmake: *** [Makefile:160: all] Error 2
[2.290s] Invoked command in '/Users/brodie/ros2_truckplatoon/build/truck' returned '2': CMAKE_PREFIX_PATH=${CMAKE_PREFIX_PATH}:/Users/brodie/my_workspace/install/my_package SHLVL=2 _=/usr/bin/env /usr/local/bin/cmake --build /Users/brodie/ros2_truckplatoon/build/truck -- -j8 -l8
