-- The C compiler identification is AppleClang 14.0.0.14000029
-- The CXX compiler identification is AppleClang 14.0.0.14000029
-- Detecting C compiler ABI info
-- Detecting C compiler ABI info - done
-- Check for working C compiler: /Applications/Xcode.app/Contents/Developer/Toolchains/XcodeDefault.xctoolchain/usr/bin/cc - skipped
-- Detecting C compile features
-- Detecting C compile features - done
-- Detecting CXX compiler ABI info
-- Detecting CXX compiler ABI info - done
-- Check for working CXX compiler: /Applications/Xcode.app/Contents/Developer/Toolchains/XcodeDefault.xctoolchain/usr/bin/c++ - skipped
-- Detecting CXX compile features
-- Detecting CXX compile features - done
-- Found ament_cmake: 0.9.9 (/Users/brodie/ros2_foxy/ros2-osx/share/ament_cmake/cmake)
-- Found PythonInterp: /Library/Frameworks/Python.framework/Versions/3.9/bin/python3 (found suitable version "3.9.4", minimum required is "3") 
-- Using PYTHON_EXECUTABLE: /Library/Frameworks/Python.framework/Versions/3.9/bin/python3
-- Found ament_lint_auto: 0.9.6 (/Users/brodie/ros2_foxy/ros2-osx/share/ament_lint_auto/cmake)
-- Added test 'copyright' to check source files copyright and LICENSE
-- Added test 'cppcheck' to perform static code analysis on C / C++ code
-- Configured cppcheck include dirs: $<BUILD_INTERFACE:/Users/brodie/ros2_truckplatoon/src/truck/include>
-- Configured cppcheck exclude dirs and/or files: 
-- Added test 'cpplint' to check C / C++ code against the Google style
-- Configured cpplint exclude dirs and/or files: 
-- Added test 'lint_cmake' to check CMake code style
-- Added test 'uncrustify' to check C / C++ code style
-- Configured uncrustify additional arguments: 
-- Added test 'xmllint' to check XML markup files
-- Configuring done
-- Generating done
-- Build files have been written to: /Users/brodie/ros2_truckplatoon/build/truck
Scanning dependencies of target truck
[ 50%] Building CXX object CMakeFiles/truck.dir/src/truck.cpp.o
[100%] Linking CXX executable truck
[100%] Built target truck
-- Install configuration: ""
-- Installing: /Users/brodie/ros2_truckplatoon/install/truck/lib/truck/truck
-- Installing: /Users/brodie/ros2_truckplatoon/install/truck/share/ament_index/resource_index/package_run_dependencies/truck
-- Installing: /Users/brodie/ros2_truckplatoon/install/truck/share/ament_index/resource_index/parent_prefix_path/truck
-- Up-to-date: /Users/brodie/ros2_truckplatoon/install/truck/share/truck/environment/ament_prefix_path.sh
-- Installing: /Users/brodie/ros2_truckplatoon/install/truck/share/truck/environment/ament_prefix_path.dsv
-- Up-to-date: /Users/brodie/ros2_truckplatoon/install/truck/share/truck/environment/path.sh
-- Installing: /Users/brodie/ros2_truckplatoon/install/truck/share/truck/environment/path.dsv
-- Installing: /Users/brodie/ros2_truckplatoon/install/truck/share/truck/local_setup.bash
-- Installing: /Users/brodie/ros2_truckplatoon/install/truck/share/truck/local_setup.sh
-- Installing: /Users/brodie/ros2_truckplatoon/install/truck/share/truck/local_setup.zsh
-- Installing: /Users/brodie/ros2_truckplatoon/install/truck/share/truck/local_setup.dsv
-- Installing: /Users/brodie/ros2_truckplatoon/install/truck/share/truck/package.dsv
-- Installing: /Users/brodie/ros2_truckplatoon/install/truck/share/ament_index/resource_index/packages/truck
-- Installing: /Users/brodie/ros2_truckplatoon/install/truck/share/truck/cmake/truckConfig.cmake
-- Installing: /Users/brodie/ros2_truckplatoon/install/truck/share/truck/cmake/truckConfig-version.cmake
-- Installing: /Users/brodie/ros2_truckplatoon/install/truck/share/truck/package.xml
