[0.000000] (-) TimerEvent: {}
[0.000248] (message) JobQueued: {'identifier': 'message', 'dependencies': OrderedDict()}
[0.000320] (truck) JobQueued: {'identifier': 'truck', 'dependencies': OrderedDict([('message', '/Users/brodie/ros2_truckplatoon/install/message')])}
[0.004339] (message) JobStarted: {'identifier': 'message'}
[0.100334] (-) TimerEvent: {}
[0.128223] (message) JobProgress: {'identifier': 'message', 'progress': 'cmake'}
[0.129789] (message) JobProgress: {'identifier': 'message', 'progress': 'build'}
[0.132909] (message) Command: {'cmd': ['/usr/local/bin/cmake', '--build', '/Users/brodie/ros2_truckplatoon/build/message', '--', '-j8', '-l8'], 'cwd': '/Users/brodie/ros2_truckplatoon/build/message', 'env': OrderedDict([('TERM_PROGRAM', 'Apple_Terminal'), ('SHELL', '/bin/zsh'), ('TERM', 'xterm-256color'), ('TMPDIR', '/var/folders/b6/t14lv28n5xqdhgq7zcrqwfkm0000gn/T/'), ('TERM_PROGRAM_VERSION', '447'), ('ROS_PYTHON_VERSION', '3'), ('ROS_VERSION', '2'), ('COLCON_PREFIX_PATH', '/Users/brodie/ros2_truckplatoon/install:/Users/brodie/my_workspace/install:/Users/brodie/ros2_foxy/ros2-osx'), ('TERM_SESSION_ID', 'E5BABC13-F725-46CC-AAF9-198796464AAA'), ('AMENT_PREFIX_PATH', '/Users/brodie/ros2_truckplatoon/install/truck:/Users/brodie/ros2_truckplatoon/install/message:/Users/brodie/ros2_truckplatoon/install/Messages:/Users/brodie/my_workspace/install/cpp_srvcli:/Users/brodie/my_workspace/install/cpp_pubsub:/Users/brodie/my_workspace/install/tutorial_interfaces:/Users/brodie/my_workspace/install/my_package:/Users/brodie/ros2_foxy/ros2-osx'), ('USER', 'brodie'), ('SSH_AUTH_SOCK', '/private/tmp/com.apple.launchd.y7sM3h0PYQ/Listeners'), ('__CF_USER_TEXT_ENCODING', '0x1F5:0x0:0x4'), ('PATH', '/Users/brodie/ros2_foxy/ros2-osx/bin:/Library/Frameworks/Python.framework/Versions/3.9/bin:/Library/Frameworks/Python.framework/Versions/2.7/bin:/usr/local/bin:/System/Cryptexes/App/usr/bin:/usr/bin:/bin:/usr/sbin:/sbin:/Library/TeX/texbin:/usr/local/share/dotnet:/opt/X11/bin:~/.dotnet/tools:/Library/Apple/usr/bin:/Library/Frameworks/Mono.framework/Versions/Current/Commands:/usr/local/CrossPack-AVR/bin:/Applications/Postgres.app/Contents/Versions/latest/bin:/Applications/Xamarin Workbooks.app/Contents/SharedSupport/path-bin'), ('LaunchInstanceID', '9FE7DBD5-29B0-4D79-BB55-564B76C74B34'), ('__CFBundleIdentifier', 'com.apple.Terminal'), ('PWD', '/Users/brodie/ros2_truckplatoon/build/message'), ('COLCON', '1'), ('LANG', 'it_IT.UTF-8'), ('XPC_FLAGS', '0x0'), ('XPC_SERVICE_NAME', '0'), ('OPENSSL_ROOT_DIR', '/usr/local/Cellar/openssl@3'), ('SHLVL', '2'), ('HOME', '/Users/brodie'), ('ROS_DISTRO', 'foxy'), ('PYTHONPATH', '/Users/brodie/ros2_truckplatoon/install/message/lib/python3.9/site-packages:/Users/brodie/my_workspace/install/tutorial_interfaces/lib/python3.9/site-packages:/Users/brodie/my_workspace/install/my_package/lib/python3.9/site-packages:/Users/brodie/ros2_foxy/ros2-osx/lib/python3.8/site-packages'), ('LOGNAME', 'brodie'), ('PKG_CONFIG_PATH', '/Users/brodie/ros2_foxy/ros2-osx/lib/pkgconfig'), ('CMAKE_PREFIX_PATH', '/Users/brodie/ros2_truckplatoon/install/truck:/Users/brodie/ros2_truckplatoon/install/message:/Users/brodie/ros2_truckplatoon/install/Messages:/Users/brodie/my_workspace/install/cpp_srvcli:/Users/brodie/my_workspace/install/cpp_pubsub:/Users/brodie/my_workspace/install/tutorial_interfaces:/Users/brodie/ros2_foxy/ros2-osx:/Users/brodie/my_workspace/install/my_package'), ('DISPLAY', '/private/tmp/com.apple.launchd.wAeY1AWNrh/org.xquartz:0'), ('ROS_LOCALHOST_ONLY', '0'), ('SECURITYSESSIONID', '186a3'), ('_', '/usr/bin/env')]), 'shell': False}
[0.204008] (-) TimerEvent: {}
[0.259098] (message) StdoutLine: {'line': b'[  3%] Built target message__cpp\n'}
[0.260073] (message) StdoutLine: {'line': b'[ 12%] Built target message__rosidl_generator_c\n'}
[0.305287] (-) TimerEvent: {}
[0.328313] (message) StdoutLine: {'line': b'[ 22%] Built target message__rosidl_typesupport_cpp\n'}
[0.332345] (message) StdoutLine: {'line': b'[ 32%] Built target message__rosidl_typesupport_introspection_cpp\n'}
[0.335009] (message) StdoutLine: {'line': b'[ 41%] Built target message__rosidl_typesupport_fastrtps_cpp\n'}
[0.340306] (message) StdoutLine: {'line': b'[ 51%] Built target message__rosidl_typesupport_c\n'}
[0.341340] (message) StdoutLine: {'line': b'[ 61%] Built target message__rosidl_typesupport_introspection_c\n'}
[0.397197] (message) StdoutLine: {'line': b'[ 70%] Built target message__rosidl_typesupport_fastrtps_c\n'}
[0.405353] (-) TimerEvent: {}
[0.468857] (message) StdoutLine: {'line': b'[ 70%] Built target message\n'}
[0.505537] (-) TimerEvent: {}
[0.537822] (message) StdoutLine: {'line': b'[ 74%] Built target message__py\n'}
[0.595007] (message) StdoutLine: {'line': b'[ 80%] Built target message__python\n'}
[0.606694] (-) TimerEvent: {}
[0.658831] (message) StdoutLine: {'line': b'[ 90%] Built target message__rosidl_typesupport_introspection_c__pyext\n'}
[0.659415] (message) StdoutLine: {'line': b'[ 93%] Built target message__rosidl_typesupport_fastrtps_c__pyext\n'}
[0.661823] (message) StdoutLine: {'line': b'[100%] Built target message__rosidl_typesupport_c__pyext\n'}
[0.685033] (message) CommandEnded: {'returncode': 0}
[0.711002] (-) TimerEvent: {}
[0.811617] (-) TimerEvent: {}
[0.914870] (-) TimerEvent: {}
[1.015512] (-) TimerEvent: {}
[1.049787] (message) JobProgress: {'identifier': 'message', 'progress': 'install'}
[1.073259] (message) Command: {'cmd': ['/usr/local/bin/cmake', '--install', '/Users/brodie/ros2_truckplatoon/build/message'], 'cwd': '/Users/brodie/ros2_truckplatoon/build/message', 'env': OrderedDict([('TERM_PROGRAM', 'Apple_Terminal'), ('SHELL', '/bin/zsh'), ('TERM', 'xterm-256color'), ('TMPDIR', '/var/folders/b6/t14lv28n5xqdhgq7zcrqwfkm0000gn/T/'), ('TERM_PROGRAM_VERSION', '447'), ('ROS_PYTHON_VERSION', '3'), ('ROS_VERSION', '2'), ('COLCON_PREFIX_PATH', '/Users/brodie/ros2_truckplatoon/install:/Users/brodie/my_workspace/install:/Users/brodie/ros2_foxy/ros2-osx'), ('TERM_SESSION_ID', 'E5BABC13-F725-46CC-AAF9-198796464AAA'), ('AMENT_PREFIX_PATH', '/Users/brodie/ros2_truckplatoon/install/truck:/Users/brodie/ros2_truckplatoon/install/message:/Users/brodie/ros2_truckplatoon/install/Messages:/Users/brodie/my_workspace/install/cpp_srvcli:/Users/brodie/my_workspace/install/cpp_pubsub:/Users/brodie/my_workspace/install/tutorial_interfaces:/Users/brodie/my_workspace/install/my_package:/Users/brodie/ros2_foxy/ros2-osx'), ('USER', 'brodie'), ('SSH_AUTH_SOCK', '/private/tmp/com.apple.launchd.y7sM3h0PYQ/Listeners'), ('__CF_USER_TEXT_ENCODING', '0x1F5:0x0:0x4'), ('PATH', '/Users/brodie/ros2_foxy/ros2-osx/bin:/Library/Frameworks/Python.framework/Versions/3.9/bin:/Library/Frameworks/Python.framework/Versions/2.7/bin:/usr/local/bin:/System/Cryptexes/App/usr/bin:/usr/bin:/bin:/usr/sbin:/sbin:/Library/TeX/texbin:/usr/local/share/dotnet:/opt/X11/bin:~/.dotnet/tools:/Library/Apple/usr/bin:/Library/Frameworks/Mono.framework/Versions/Current/Commands:/usr/local/CrossPack-AVR/bin:/Applications/Postgres.app/Contents/Versions/latest/bin:/Applications/Xamarin Workbooks.app/Contents/SharedSupport/path-bin'), ('LaunchInstanceID', '9FE7DBD5-29B0-4D79-BB55-564B76C74B34'), ('__CFBundleIdentifier', 'com.apple.Terminal'), ('PWD', '/Users/brodie/ros2_truckplatoon/build/message'), ('COLCON', '1'), ('LANG', 'it_IT.UTF-8'), ('XPC_FLAGS', '0x0'), ('XPC_SERVICE_NAME', '0'), ('OPENSSL_ROOT_DIR', '/usr/local/Cellar/openssl@3'), ('SHLVL', '2'), ('HOME', '/Users/brodie'), ('ROS_DISTRO', 'foxy'), ('PYTHONPATH', '/Users/brodie/ros2_truckplatoon/install/message/lib/python3.9/site-packages:/Users/brodie/my_workspace/install/tutorial_interfaces/lib/python3.9/site-packages:/Users/brodie/my_workspace/install/my_package/lib/python3.9/site-packages:/Users/brodie/ros2_foxy/ros2-osx/lib/python3.8/site-packages'), ('LOGNAME', 'brodie'), ('PKG_CONFIG_PATH', '/Users/brodie/ros2_foxy/ros2-osx/lib/pkgconfig'), ('CMAKE_PREFIX_PATH', '/Users/brodie/ros2_truckplatoon/install/truck:/Users/brodie/ros2_truckplatoon/install/message:/Users/brodie/ros2_truckplatoon/install/Messages:/Users/brodie/my_workspace/install/cpp_srvcli:/Users/brodie/my_workspace/install/cpp_pubsub:/Users/brodie/my_workspace/install/tutorial_interfaces:/Users/brodie/ros2_foxy/ros2-osx:/Users/brodie/my_workspace/install/my_package'), ('DISPLAY', '/private/tmp/com.apple.launchd.wAeY1AWNrh/org.xquartz:0'), ('ROS_LOCALHOST_ONLY', '0'), ('SECURITYSESSIONID', '186a3'), ('_', '/usr/bin/env')]), 'shell': False}
[1.093210] (message) StdoutLine: {'line': b'-- Install configuration: ""\n'}
[1.093889] (message) StdoutLine: {'line': b'-- Up-to-date: /Users/brodie/ros2_truckplatoon/install/message/share/ament_index/resource_index/rosidl_interfaces/message\n'}
[1.094398] (message) StdoutLine: {'line': b'-- Up-to-date: /Users/brodie/ros2_truckplatoon/install/message/include/message\n'}
[1.094986] (message) StdoutLine: {'line': b'-- Up-to-date: /Users/brodie/ros2_truckplatoon/install/message/include/message/msg\n'}
[1.095490] (message) StdoutLine: {'line': b'-- Up-to-date: /Users/brodie/ros2_truckplatoon/install/message/include/message/msg/rosidl_generator_c__visibility_control.h\n'}
[1.095886] (message) StdoutLine: {'line': b'-- Up-to-date: /Users/brodie/ros2_truckplatoon/install/message/include/message/msg/message.h\n'}
[1.096250] (message) StdoutLine: {'line': b'-- Up-to-date: /Users/brodie/ros2_truckplatoon/install/message/include/message/msg/detail\n'}
[1.096438] (message) StdoutLine: {'line': b'-- Up-to-date: /Users/brodie/ros2_truckplatoon/install/message/include/message/msg/detail/message__struct.h\n'}
[1.096744] (message) StdoutLine: {'line': b'-- Up-to-date: /Users/brodie/ros2_truckplatoon/install/message/include/message/msg/detail/message__functions.h\n'}
[1.097085] (message) StdoutLine: {'line': b'-- Up-to-date: /Users/brodie/ros2_truckplatoon/install/message/include/message/msg/detail/message__type_support.h\n'}
[1.097254] (message) StdoutLine: {'line': b'-- Up-to-date: /Users/brodie/ros2_truckplatoon/install/message/include/message/msg/detail/message__functions.c\n'}
[1.097412] (message) StdoutLine: {'line': b'-- Up-to-date: /Users/brodie/ros2_truckplatoon/install/message/share/message/environment/library_path.sh\n'}
[1.097563] (message) StdoutLine: {'line': b'-- Up-to-date: /Users/brodie/ros2_truckplatoon/install/message/share/message/environment/library_path.dsv\n'}
[1.097711] (message) StdoutLine: {'line': b'-- Installing: /Users/brodie/ros2_truckplatoon/install/message/lib/libmessage__rosidl_generator_c.dylib\n'}
[1.115270] (message) StdoutLine: {'line': b'-- Up-to-date: /Users/brodie/ros2_truckplatoon/install/message/include/message\n'}
[1.115660] (-) TimerEvent: {}
[1.116090] (message) StdoutLine: {'line': b'-- Up-to-date: /Users/brodie/ros2_truckplatoon/install/message/include/message/msg\n'}
[1.116469] (message) StdoutLine: {'line': b'-- Up-to-date: /Users/brodie/ros2_truckplatoon/install/message/include/message/msg/detail\n'}
[1.116645] (message) StdoutLine: {'line': b'-- Up-to-date: /Users/brodie/ros2_truckplatoon/install/message/include/message/msg/detail/message__rosidl_typesupport_fastrtps_c.h\n'}
[1.116799] (message) StdoutLine: {'line': b'-- Up-to-date: /Users/brodie/ros2_truckplatoon/install/message/include/message/msg/rosidl_typesupport_fastrtps_c__visibility_control.h\n'}
[1.116950] (message) StdoutLine: {'line': b'-- Installing: /Users/brodie/ros2_truckplatoon/install/message/lib/libmessage__rosidl_typesupport_fastrtps_c.dylib\n'}
[1.175455] (message) StdoutLine: {'line': b'-- Up-to-date: /Users/brodie/ros2_truckplatoon/install/message/include/message\n'}
[1.176436] (message) StdoutLine: {'line': b'-- Up-to-date: /Users/brodie/ros2_truckplatoon/install/message/include/message/msg\n'}
[1.177031] (message) StdoutLine: {'line': b'-- Up-to-date: /Users/brodie/ros2_truckplatoon/install/message/include/message/msg/rosidl_typesupport_fastrtps_cpp__visibility_control.h\n'}
[1.177333] (message) StdoutLine: {'line': b'-- Up-to-date: /Users/brodie/ros2_truckplatoon/install/message/include/message/msg/detail\n'}
[1.177502] (message) StdoutLine: {'line': b'-- Up-to-date: /Users/brodie/ros2_truckplatoon/install/message/include/message/msg/detail/dds_fastrtps\n'}
[1.177658] (message) StdoutLine: {'line': b'-- Up-to-date: /Users/brodie/ros2_truckplatoon/install/message/include/message/msg/detail/message__rosidl_typesupport_fastrtps_cpp.hpp\n'}
[1.177827] (message) StdoutLine: {'line': b'-- Installing: /Users/brodie/ros2_truckplatoon/install/message/lib/libmessage__rosidl_typesupport_fastrtps_cpp.dylib\n'}
[1.215845] (-) TimerEvent: {}
[1.218216] (message) StdoutLine: {'line': b'-- Up-to-date: /Users/brodie/ros2_truckplatoon/install/message/include/message\n'}
[1.219063] (message) StdoutLine: {'line': b'-- Up-to-date: /Users/brodie/ros2_truckplatoon/install/message/include/message/msg\n'}
[1.219733] (message) StdoutLine: {'line': b'-- Up-to-date: /Users/brodie/ros2_truckplatoon/install/message/include/message/msg/detail\n'}
[1.220181] (message) StdoutLine: {'line': b'-- Up-to-date: /Users/brodie/ros2_truckplatoon/install/message/include/message/msg/detail/message__type_support.c\n'}
[1.220358] (message) StdoutLine: {'line': b'-- Up-to-date: /Users/brodie/ros2_truckplatoon/install/message/include/message/msg/detail/message__rosidl_typesupport_introspection_c.h\n'}
[1.220580] (message) StdoutLine: {'line': b'-- Up-to-date: /Users/brodie/ros2_truckplatoon/install/message/include/message/msg/rosidl_typesupport_introspection_c__visibility_control.h\n'}
[1.220769] (message) StdoutLine: {'line': b'-- Installing: /Users/brodie/ros2_truckplatoon/install/message/lib/libmessage__rosidl_typesupport_introspection_c.dylib\n'}
[1.258986] (message) StdoutLine: {'line': b'-- Installing: /Users/brodie/ros2_truckplatoon/install/message/lib/libmessage__rosidl_typesupport_c.dylib\n'}
[1.278083] (message) StdoutLine: {'line': b'-- Up-to-date: /Users/brodie/ros2_truckplatoon/install/message/include/message\n'}
[1.278349] (message) StdoutLine: {'line': b'-- Up-to-date: /Users/brodie/ros2_truckplatoon/install/message/include/message/msg\n'}
[1.278639] (message) StdoutLine: {'line': b'-- Up-to-date: /Users/brodie/ros2_truckplatoon/install/message/include/message/msg/detail\n'}
[1.279058] (message) StdoutLine: {'line': b'-- Up-to-date: /Users/brodie/ros2_truckplatoon/install/message/include/message/msg/detail/message__traits.hpp\n'}
[1.279352] (message) StdoutLine: {'line': b'-- Up-to-date: /Users/brodie/ros2_truckplatoon/install/message/include/message/msg/detail/message__struct.hpp\n'}
[1.279508] (message) StdoutLine: {'line': b'-- Up-to-date: /Users/brodie/ros2_truckplatoon/install/message/include/message/msg/detail/message__builder.hpp\n'}
[1.279722] (message) StdoutLine: {'line': b'-- Up-to-date: /Users/brodie/ros2_truckplatoon/install/message/include/message/msg/message.hpp\n'}
[1.279912] (message) StdoutLine: {'line': b'-- Up-to-date: /Users/brodie/ros2_truckplatoon/install/message/include/message\n'}
[1.280253] (message) StdoutLine: {'line': b'-- Up-to-date: /Users/brodie/ros2_truckplatoon/install/message/include/message/msg\n'}
[1.280762] (message) StdoutLine: {'line': b'-- Up-to-date: /Users/brodie/ros2_truckplatoon/install/message/include/message/msg/detail\n'}
[1.280944] (message) StdoutLine: {'line': b'-- Up-to-date: /Users/brodie/ros2_truckplatoon/install/message/include/message/msg/detail/message__type_support.cpp\n'}
[1.281118] (message) StdoutLine: {'line': b'-- Up-to-date: /Users/brodie/ros2_truckplatoon/install/message/include/message/msg/detail/message__rosidl_typesupport_introspection_cpp.hpp\n'}
[1.281322] (message) StdoutLine: {'line': b'-- Installing: /Users/brodie/ros2_truckplatoon/install/message/lib/libmessage__rosidl_typesupport_introspection_cpp.dylib\n'}
[1.298935] (message) StdoutLine: {'line': b'-- Installing: /Users/brodie/ros2_truckplatoon/install/message/lib/libmessage__rosidl_typesupport_cpp.dylib\n'}
[1.317256] (-) TimerEvent: {}
[1.318686] (message) StdoutLine: {'line': b'-- Up-to-date: /Users/brodie/ros2_truckplatoon/install/message/share/message/environment/pythonpath.sh\n'}
[1.319204] (message) StdoutLine: {'line': b'-- Up-to-date: /Users/brodie/ros2_truckplatoon/install/message/share/message/environment/pythonpath.dsv\n'}
[1.319511] (message) StdoutLine: {'line': b'-- Up-to-date: /Users/brodie/ros2_truckplatoon/install/message/lib/python3.9/site-packages/message/__init__.py\n'}
[1.419435] (-) TimerEvent: {}
[1.456555] (message) StdoutLine: {'line': b'-- Up-to-date: /Users/brodie/ros2_truckplatoon/install/message/lib/python3.9/site-packages/message/msg\n'}
[1.457585] (message) StdoutLine: {'line': b'-- Up-to-date: /Users/brodie/ros2_truckplatoon/install/message/lib/python3.9/site-packages/message/msg/__init__.py\n'}
[1.457990] (message) StdoutLine: {'line': b'-- Up-to-date: /Users/brodie/ros2_truckplatoon/install/message/lib/python3.9/site-packages/message/msg/_message.py\n'}
[1.458261] (message) StdoutLine: {'line': b'-- Up-to-date: /Users/brodie/ros2_truckplatoon/install/message/lib/python3.9/site-packages/message/msg/_message_s.c\n'}
[1.458493] (message) StdoutLine: {'line': b'-- Up-to-date: /Users/brodie/ros2_truckplatoon/install/message/lib/python3.9/site-packages/message/message_s__rosidl_typesupport_fastrtps_c.cpython-39-darwin.so\n'}
[1.480892] (message) StderrLine: {'line': b'error: /Applications/Xcode.app/Contents/Developer/Toolchains/XcodeDefault.xctoolchain/usr/bin/install_name_tool: no LC_RPATH load command with path: /Users/brodie/ros2_truckplatoon/build/message/rosidl_generator_py/message found in: /Users/brodie/ros2_truckplatoon/install/message/lib/python3.9/site-packages/message/message_s__rosidl_typesupport_fastrtps_c.cpython-39-darwin.so (for architecture x86_64), required for specified option "-delete_rpath /Users/brodie/ros2_truckplatoon/build/message/rosidl_generator_py/message"\n'}
[1.498676] (message) StderrLine: {'line': b'error: /Applications/Xcode.app/Contents/Developer/Toolchains/XcodeDefault.xctoolchain/usr/bin/install_name_tool: no LC_RPATH load command with path: /Users/brodie/ros2_truckplatoon/build/message found in: /Users/brodie/ros2_truckplatoon/install/message/lib/python3.9/site-packages/message/message_s__rosidl_typesupport_fastrtps_c.cpython-39-darwin.so (for architecture x86_64), required for specified option "-delete_rpath /Users/brodie/ros2_truckplatoon/build/message"\n'}
[1.515627] (message) StderrLine: {'line': b'error: /Applications/Xcode.app/Contents/Developer/Toolchains/XcodeDefault.xctoolchain/usr/bin/install_name_tool: no LC_RPATH load command with path: /Users/brodie/ros2_foxy/ros2-osx/lib found in: /Users/brodie/ros2_truckplatoon/install/message/lib/python3.9/site-packages/message/message_s__rosidl_typesupport_fastrtps_c.cpython-39-darwin.so (for architecture x86_64), required for specified option "-delete_rpath /Users/brodie/ros2_foxy/ros2-osx/lib"\n'}
[1.520372] (-) TimerEvent: {}
[1.532951] (message) StderrLine: {'line': b'error: /Applications/Xcode.app/Contents/Developer/Toolchains/XcodeDefault.xctoolchain/usr/bin/install_name_tool: no LC_RPATH load command with path: /usr/local/lib found in: /Users/brodie/ros2_truckplatoon/install/message/lib/python3.9/site-packages/message/message_s__rosidl_typesupport_fastrtps_c.cpython-39-darwin.so (for architecture x86_64), required for specified option "-delete_rpath /usr/local/lib"\n'}
[1.533469] (message) StdoutLine: {'line': b'-- Up-to-date: /Users/brodie/ros2_truckplatoon/install/message/lib/python3.9/site-packages/message/message_s__rosidl_typesupport_introspection_c.cpython-39-darwin.so\n'}
[1.550844] (message) StderrLine: {'line': b'error: /Applications/Xcode.app/Contents/Developer/Toolchains/XcodeDefault.xctoolchain/usr/bin/install_name_tool: no LC_RPATH load command with path: /Users/brodie/ros2_truckplatoon/build/message/rosidl_generator_py/message found in: /Users/brodie/ros2_truckplatoon/install/message/lib/python3.9/site-packages/message/message_s__rosidl_typesupport_introspection_c.cpython-39-darwin.so (for architecture x86_64), required for specified option "-delete_rpath /Users/brodie/ros2_truckplatoon/build/message/rosidl_generator_py/message"\n'}
[1.570695] (message) StderrLine: {'line': b'error: /Applications/Xcode.app/Contents/Developer/Toolchains/XcodeDefault.xctoolchain/usr/bin/install_name_tool: no LC_RPATH load command with path: /Users/brodie/ros2_truckplatoon/build/message found in: /Users/brodie/ros2_truckplatoon/install/message/lib/python3.9/site-packages/message/message_s__rosidl_typesupport_introspection_c.cpython-39-darwin.so (for architecture x86_64), required for specified option "-delete_rpath /Users/brodie/ros2_truckplatoon/build/message"\n'}
[1.588890] (message) StderrLine: {'line': b'error: /Applications/Xcode.app/Contents/Developer/Toolchains/XcodeDefault.xctoolchain/usr/bin/install_name_tool: no LC_RPATH load command with path: /Users/brodie/ros2_foxy/ros2-osx/lib found in: /Users/brodie/ros2_truckplatoon/install/message/lib/python3.9/site-packages/message/message_s__rosidl_typesupport_introspection_c.cpython-39-darwin.so (for architecture x86_64), required for specified option "-delete_rpath /Users/brodie/ros2_foxy/ros2-osx/lib"\n'}
[1.589410] (message) StdoutLine: {'line': b'-- Up-to-date: /Users/brodie/ros2_truckplatoon/install/message/lib/python3.9/site-packages/message/message_s__rosidl_typesupport_c.cpython-39-darwin.so\n'}
[1.609074] (message) StderrLine: {'line': b'error: /Applications/Xcode.app/Contents/Developer/Toolchains/XcodeDefault.xctoolchain/usr/bin/install_name_tool: no LC_RPATH load command with path: /Users/brodie/ros2_truckplatoon/build/message/rosidl_generator_py/message found in: /Users/brodie/ros2_truckplatoon/install/message/lib/python3.9/site-packages/message/message_s__rosidl_typesupport_c.cpython-39-darwin.so (for architecture x86_64), required for specified option "-delete_rpath /Users/brodie/ros2_truckplatoon/build/message/rosidl_generator_py/message"\n'}
[1.622249] (-) TimerEvent: {}
[1.631290] (message) StderrLine: {'line': b'error: /Applications/Xcode.app/Contents/Developer/Toolchains/XcodeDefault.xctoolchain/usr/bin/install_name_tool: no LC_RPATH load command with path: /Users/brodie/ros2_truckplatoon/build/message found in: /Users/brodie/ros2_truckplatoon/install/message/lib/python3.9/site-packages/message/message_s__rosidl_typesupport_c.cpython-39-darwin.so (for architecture x86_64), required for specified option "-delete_rpath /Users/brodie/ros2_truckplatoon/build/message"\n'}
[1.647975] (message) StderrLine: {'line': b'error: /Applications/Xcode.app/Contents/Developer/Toolchains/XcodeDefault.xctoolchain/usr/bin/install_name_tool: no LC_RPATH load command with path: /Users/brodie/ros2_foxy/ros2-osx/lib found in: /Users/brodie/ros2_truckplatoon/install/message/lib/python3.9/site-packages/message/message_s__rosidl_typesupport_c.cpython-39-darwin.so (for architecture x86_64), required for specified option "-delete_rpath /Users/brodie/ros2_foxy/ros2-osx/lib"\n'}
[1.648410] (message) StdoutLine: {'line': b'-- Installing: /Users/brodie/ros2_truckplatoon/install/message/lib/libmessage__python.dylib\n'}
[1.684600] (message) StdoutLine: {'line': b'-- Up-to-date: /Users/brodie/ros2_truckplatoon/install/message/share/message/msg/Message.idl\n'}
[1.685006] (message) StdoutLine: {'line': b'-- Up-to-date: /Users/brodie/ros2_truckplatoon/install/message/share/message/msg/Message.msg\n'}
[1.685412] (message) StdoutLine: {'line': b'-- Up-to-date: /Users/brodie/ros2_truckplatoon/install/message/share/ament_index/resource_index/package_run_dependencies/message\n'}
[1.685886] (message) StdoutLine: {'line': b'-- Up-to-date: /Users/brodie/ros2_truckplatoon/install/message/share/ament_index/resource_index/parent_prefix_path/message\n'}
[1.686209] (message) StdoutLine: {'line': b'-- Up-to-date: /Users/brodie/ros2_truckplatoon/install/message/share/message/environment/ament_prefix_path.sh\n'}
[1.686534] (message) StdoutLine: {'line': b'-- Up-to-date: /Users/brodie/ros2_truckplatoon/install/message/share/message/environment/ament_prefix_path.dsv\n'}
[1.686741] (message) StdoutLine: {'line': b'-- Up-to-date: /Users/brodie/ros2_truckplatoon/install/message/share/message/environment/path.sh\n'}
[1.686882] (message) StdoutLine: {'line': b'-- Up-to-date: /Users/brodie/ros2_truckplatoon/install/message/share/message/environment/path.dsv\n'}
[1.687044] (message) StdoutLine: {'line': b'-- Up-to-date: /Users/brodie/ros2_truckplatoon/install/message/share/message/local_setup.bash\n'}
[1.687219] (message) StdoutLine: {'line': b'-- Up-to-date: /Users/brodie/ros2_truckplatoon/install/message/share/message/local_setup.sh\n'}
[1.687566] (message) StdoutLine: {'line': b'-- Up-to-date: /Users/brodie/ros2_truckplatoon/install/message/share/message/local_setup.zsh\n'}
[1.687948] (message) StdoutLine: {'line': b'-- Up-to-date: /Users/brodie/ros2_truckplatoon/install/message/share/message/local_setup.dsv\n'}
[1.688391] (message) StdoutLine: {'line': b'-- Installing: /Users/brodie/ros2_truckplatoon/install/message/share/message/package.dsv\n'}
[1.688788] (message) StdoutLine: {'line': b'-- Up-to-date: /Users/brodie/ros2_truckplatoon/install/message/share/ament_index/resource_index/packages/message\n'}
[1.689199] (message) StdoutLine: {'line': b'-- Up-to-date: /Users/brodie/ros2_truckplatoon/install/message/share/message/cmake/message__rosidl_generator_cExport.cmake\n'}
[1.689517] (message) StdoutLine: {'line': b'-- Up-to-date: /Users/brodie/ros2_truckplatoon/install/message/share/message/cmake/message__rosidl_generator_cExport-noconfig.cmake\n'}
[1.689810] (message) StdoutLine: {'line': b'-- Up-to-date: /Users/brodie/ros2_truckplatoon/install/message/share/message/cmake/message__rosidl_typesupport_introspection_cExport.cmake\n'}
[1.690058] (message) StdoutLine: {'line': b'-- Up-to-date: /Users/brodie/ros2_truckplatoon/install/message/share/message/cmake/message__rosidl_typesupport_introspection_cExport-noconfig.cmake\n'}
[1.690387] (message) StdoutLine: {'line': b'-- Up-to-date: /Users/brodie/ros2_truckplatoon/install/message/share/message/cmake/message__rosidl_typesupport_cExport.cmake\n'}
[1.690695] (message) StdoutLine: {'line': b'-- Up-to-date: /Users/brodie/ros2_truckplatoon/install/message/share/message/cmake/message__rosidl_typesupport_cExport-noconfig.cmake\n'}
[1.691192] (message) StdoutLine: {'line': b'-- Up-to-date: /Users/brodie/ros2_truckplatoon/install/message/share/message/cmake/message__rosidl_generator_cppExport.cmake\n'}
[1.691439] (message) StdoutLine: {'line': b'-- Up-to-date: /Users/brodie/ros2_truckplatoon/install/message/share/message/cmake/message__rosidl_typesupport_introspection_cppExport.cmake\n'}
[1.691829] (message) StdoutLine: {'line': b'-- Up-to-date: /Users/brodie/ros2_truckplatoon/install/message/share/message/cmake/message__rosidl_typesupport_introspection_cppExport-noconfig.cmake\n'}
[1.692335] (message) StdoutLine: {'line': b'-- Up-to-date: /Users/brodie/ros2_truckplatoon/install/message/share/message/cmake/message__rosidl_typesupport_cppExport.cmake\n'}
[1.692730] (message) StdoutLine: {'line': b'-- Up-to-date: /Users/brodie/ros2_truckplatoon/install/message/share/message/cmake/message__rosidl_typesupport_cppExport-noconfig.cmake\n'}
[1.692984] (message) StdoutLine: {'line': b'-- Up-to-date: /Users/brodie/ros2_truckplatoon/install/message/share/message/cmake/rosidl_cmake-extras.cmake\n'}
[1.693140] (message) StdoutLine: {'line': b'-- Up-to-date: /Users/brodie/ros2_truckplatoon/install/message/share/message/cmake/ament_cmake_export_dependencies-extras.cmake\n'}
[1.693751] (message) StdoutLine: {'line': b'-- Up-to-date: /Users/brodie/ros2_truckplatoon/install/message/share/message/cmake/ament_cmake_export_libraries-extras.cmake\n'}
[1.693924] (message) StdoutLine: {'line': b'-- Up-to-date: /Users/brodie/ros2_truckplatoon/install/message/share/message/cmake/ament_cmake_export_targets-extras.cmake\n'}
[1.694135] (message) StdoutLine: {'line': b'-- Up-to-date: /Users/brodie/ros2_truckplatoon/install/message/share/message/cmake/ament_cmake_export_include_directories-extras.cmake\n'}
[1.694416] (message) StdoutLine: {'line': b'-- Up-to-date: /Users/brodie/ros2_truckplatoon/install/message/share/message/cmake/rosidl_cmake_export_typesupport_libraries-extras.cmake\n'}
[1.694570] (message) StdoutLine: {'line': b'-- Up-to-date: /Users/brodie/ros2_truckplatoon/install/message/share/message/cmake/rosidl_cmake_export_typesupport_targets-extras.cmake\n'}
[1.694743] (message) StdoutLine: {'line': b'-- Up-to-date: /Users/brodie/ros2_truckplatoon/install/message/share/message/cmake/messageConfig.cmake\n'}
[1.694883] (message) StdoutLine: {'line': b'-- Up-to-date: /Users/brodie/ros2_truckplatoon/install/message/share/message/cmake/messageConfig-version.cmake\n'}
[1.695043] (message) StdoutLine: {'line': b'-- Up-to-date: /Users/brodie/ros2_truckplatoon/install/message/share/message/package.xml\n'}
[1.696192] (message) CommandEnded: {'returncode': 0}
[1.730717] (-) TimerEvent: {}
[1.831418] (-) TimerEvent: {}
[1.932903] (-) TimerEvent: {}
[2.033808] (-) TimerEvent: {}
[2.134120] (-) TimerEvent: {}
[2.244679] (-) TimerEvent: {}
[2.255647] (message) JobEnded: {'identifier': 'message', 'rc': 0}
[2.281039] (truck) JobStarted: {'identifier': 'truck'}
[2.347541] (-) TimerEvent: {}
[2.364758] (truck) JobProgress: {'identifier': 'truck', 'progress': 'cmake'}
[2.366405] (truck) JobProgress: {'identifier': 'truck', 'progress': 'build'}
[2.367407] (truck) Command: {'cmd': ['/usr/local/bin/cmake', '--build', '/Users/brodie/ros2_truckplatoon/build/truck', '--', '-j8', '-l8'], 'cwd': '/Users/brodie/ros2_truckplatoon/build/truck', 'env': OrderedDict([('TERM_PROGRAM', 'Apple_Terminal'), ('SHELL', '/bin/zsh'), ('TERM', 'xterm-256color'), ('TMPDIR', '/var/folders/b6/t14lv28n5xqdhgq7zcrqwfkm0000gn/T/'), ('TERM_PROGRAM_VERSION', '447'), ('ROS_PYTHON_VERSION', '3'), ('ROS_VERSION', '2'), ('COLCON_PREFIX_PATH', '/Users/brodie/ros2_truckplatoon/install:/Users/brodie/my_workspace/install:/Users/brodie/ros2_foxy/ros2-osx'), ('TERM_SESSION_ID', 'E5BABC13-F725-46CC-AAF9-198796464AAA'), ('AMENT_PREFIX_PATH', '/Users/brodie/ros2_truckplatoon/install/truck:/Users/brodie/ros2_truckplatoon/install/message:/Users/brodie/ros2_truckplatoon/install/Messages:/Users/brodie/my_workspace/install/cpp_srvcli:/Users/brodie/my_workspace/install/cpp_pubsub:/Users/brodie/my_workspace/install/tutorial_interfaces:/Users/brodie/my_workspace/install/my_package:/Users/brodie/ros2_foxy/ros2-osx'), ('USER', 'brodie'), ('SSH_AUTH_SOCK', '/private/tmp/com.apple.launchd.y7sM3h0PYQ/Listeners'), ('__CF_USER_TEXT_ENCODING', '0x1F5:0x0:0x4'), ('PATH', '/Users/brodie/ros2_foxy/ros2-osx/bin:/Library/Frameworks/Python.framework/Versions/3.9/bin:/Library/Frameworks/Python.framework/Versions/2.7/bin:/usr/local/bin:/System/Cryptexes/App/usr/bin:/usr/bin:/bin:/usr/sbin:/sbin:/Library/TeX/texbin:/usr/local/share/dotnet:/opt/X11/bin:~/.dotnet/tools:/Library/Apple/usr/bin:/Library/Frameworks/Mono.framework/Versions/Current/Commands:/usr/local/CrossPack-AVR/bin:/Applications/Postgres.app/Contents/Versions/latest/bin:/Applications/Xamarin Workbooks.app/Contents/SharedSupport/path-bin'), ('LaunchInstanceID', '9FE7DBD5-29B0-4D79-BB55-564B76C74B34'), ('__CFBundleIdentifier', 'com.apple.Terminal'), ('PWD', '/Users/brodie/ros2_truckplatoon/build/truck'), ('COLCON', '1'), ('LANG', 'it_IT.UTF-8'), ('XPC_FLAGS', '0x0'), ('XPC_SERVICE_NAME', '0'), ('OPENSSL_ROOT_DIR', '/usr/local/Cellar/openssl@3'), ('SHLVL', '2'), ('HOME', '/Users/brodie'), ('ROS_DISTRO', 'foxy'), ('PYTHONPATH', '/Users/brodie/ros2_truckplatoon/install/message/lib/python3.9/site-packages:/Users/brodie/my_workspace/install/tutorial_interfaces/lib/python3.9/site-packages:/Users/brodie/my_workspace/install/my_package/lib/python3.9/site-packages:/Users/brodie/ros2_foxy/ros2-osx/lib/python3.8/site-packages'), ('LOGNAME', 'brodie'), ('PKG_CONFIG_PATH', '/Users/brodie/ros2_foxy/ros2-osx/lib/pkgconfig'), ('CMAKE_PREFIX_PATH', '/Users/brodie/ros2_truckplatoon/install/message:/Users/brodie/ros2_truckplatoon/install/truck:/Users/brodie/ros2_truckplatoon/install/Messages:/Users/brodie/my_workspace/install/cpp_srvcli:/Users/brodie/my_workspace/install/cpp_pubsub:/Users/brodie/my_workspace/install/tutorial_interfaces:/Users/brodie/ros2_foxy/ros2-osx:/Users/brodie/my_workspace/install/my_package'), ('DISPLAY', '/private/tmp/com.apple.launchd.wAeY1AWNrh/org.xquartz:0'), ('ROS_LOCALHOST_ONLY', '0'), ('SECURITYSESSIONID', '186a3'), ('_', '/usr/bin/env')]), 'shell': False}
[2.449019] (-) TimerEvent: {}
[2.554605] (-) TimerEvent: {}
[2.563255] (truck) StdoutLine: {'line': b'Scanning dependencies of target truck\n'}
[2.605945] (truck) StdoutLine: {'line': b'[ 16%] Building CXX object CMakeFiles/truck.dir/src/truck.cpp.o\n'}
[2.606519] (truck) StdoutLine: {'line': b'[ 33%] Building CXX object CMakeFiles/truck.dir/src/src/Truck.cpp.o\n'}
[2.607054] (truck) StdoutLine: {'line': b'[ 50%] Building CXX object CMakeFiles/truck.dir/src/src/Leader.cpp.o\n'}
[2.607465] (truck) StdoutLine: {'line': b'[ 66%] Building CXX object CMakeFiles/truck.dir/src/src/Communication.cpp.o\n'}
[2.656358] (-) TimerEvent: {}
[2.757632] (-) TimerEvent: {}
[2.861835] (-) TimerEvent: {}
[2.963600] (-) TimerEvent: {}
[3.064847] (-) TimerEvent: {}
[3.165492] (-) TimerEvent: {}
[3.265879] (-) TimerEvent: {}
[3.366464] (-) TimerEvent: {}
[3.467795] (-) TimerEvent: {}
[3.528071] (truck) StderrLine: {'line': b'In file included from /Users/brodie/ros2_truckplatoon/src/truck/src/src/Communication.cpp:1:\n'}
[3.528685] (truck) StderrLine: {'line': b'In file included from /Users/brodie/ros2_truckplatoon/src/truck/src/src/Communication.hpp:3:\n'}
[3.528973] (truck) StderrLine: {'line': b'/Users/brodie/ros2_truckplatoon/src/truck/src/src/Truck.hpp:4:10: warning: non-portable path to file \'"utils/include.hpp"\'; specified path differs in case from file name on disk [-Wnonportable-include-path]\n'}
[3.529161] (truck) StderrLine: {'line': b'#include "utils/Include.hpp"\n'}
[3.529316] (truck) StderrLine: {'line': b'         ^~~~~~~~~~~~~~~~~~~\n'}
[3.529466] (truck) StderrLine: {'line': b'         "utils/include.hpp"\n'}
[3.539662] (truck) StderrLine: {'line': b'In file included from /Users/brodie/ros2_truckplatoon/src/truck/src/src/Truck.cpp:1:\n'}
[3.540135] (truck) StderrLine: {'line': b'/Users/brodie/ros2_truckplatoon/src/truck/src/src/Truck.hpp:4:10: warning: non-portable path to file \'"utils/include.hpp"\'; specified path differs in case from file name on disk [-Wnonportable-include-path]\n'}
[3.540839] (truck) StderrLine: {'line': b'#include "utils/Include.hpp"\n'}
[3.541302] (truck) StderrLine: {'line': b'         ^~~~~~~~~~~~~~~~~~~\n'}
[3.541624] (truck) StderrLine: {'line': b'         "utils/include.hpp"\n'}
[3.541896] (truck) StderrLine: {'line': b'In file included from /Users/brodie/ros2_truckplatoon/src/truck/src/truck.cpp:2:\n'}
[3.542150] (truck) StderrLine: {'line': b'In file included from /Users/brodie/ros2_truckplatoon/src/truck/src/Platoon.hpp:4:\n'}
[3.542409] (truck) StderrLine: {'line': b'In file included from /Users/brodie/ros2_truckplatoon/src/truck/src/src/Leader.hpp:4:\n'}
[3.542675] (truck) StderrLine: {'line': b'/Users/brodie/ros2_truckplatoon/src/truck/src/src/Truck.hpp:In file included from 4/Users/brodie/ros2_truckplatoon/src/truck/src/src/Leader.cpp::101::\n'}
[3.542947] (truck) StderrLine: {'line': b' In file included from warning: /Users/brodie/ros2_truckplatoon/src/truck/src/src/Leader.hpp:4:\n'}
[3.543218] (truck) StderrLine: {'line': b'non-portable path to file \'"utils/include.hpp"\'; specified path differs in case from file name on disk [-Wnonportable-include-path]\n'}
[3.543492] (truck) StderrLine: {'line': b'/Users/brodie/ros2_truckplatoon/src/truck/src/src/Truck.hpp:4:10: warning: non-portable path to file \'"utils/include.hpp"\'; specified path differs in case from file name on disk [-Wnonportable-include-path]\n'}
[3.543767] (truck) StderrLine: {'line': b'#include "utils/Include.hpp"#include "utils/Include.hpp"\n'}
[3.544041] (truck) StderrLine: {'line': b'         ^~~~~~~~~~~~~~~~~~~\n'}
[3.544314] (truck) StderrLine: {'line': b'         "utils/include.hpp"\n'}
[3.544586] (truck) StderrLine: {'line': b'\n'}
[3.544860] (truck) StderrLine: {'line': b'         ^~~~~~~~~~~~~~~~~~~\n'}
[3.545132] (truck) StderrLine: {'line': b'         "utils/include.hpp"\n'}
[3.570130] (-) TimerEvent: {}
[3.673862] (-) TimerEvent: {}
[3.777070] (-) TimerEvent: {}
[3.880470] (-) TimerEvent: {}
[3.981660] (-) TimerEvent: {}
[4.084765] (-) TimerEvent: {}
[4.190196] (-) TimerEvent: {}
[4.293968] (-) TimerEvent: {}
[4.397350] (-) TimerEvent: {}
[4.502742] (-) TimerEvent: {}
[4.606815] (-) TimerEvent: {}
[4.711850] (-) TimerEvent: {}
[4.756773] (truck) StderrLine: {'line': b'In file included from /Users/brodie/ros2_truckplatoon/src/truck/src/src/Leader.cpp:1:\n'}
[4.757217] (truck) StderrLine: {'line': b'In file included from /Users/brodie/ros2_truckplatoon/src/truck/src/src/Leader.hpp:4:\n'}
[4.757486] (truck) StderrLine: {'line': b'In file included from /Users/brodie/ros2_truckplatoon/src/truck/src/src/Truck.hpp:7:\n'}
[4.757742] (truck) StderrLine: {'line': b"/Users/brodie/ros2_truckplatoon/src/truck/src/src/Subscriber.hpp:26:60: error: unknown type name 'Interval'\n"}
[4.758004] (truck) StderrLine: {'line': b'    Subscriber(std::string nodeName = "DefaultNode", const Interval &interval)\n'}
[4.758298] (truck) StderrLine: {'line': b'                                                           ^\n'}
[4.778129] (truck) StderrLine: {'line': b'In file included from /Users/brodie/ros2_truckplatoon/src/truck/src/truck.cpp:2:\n'}
[4.778544] (truck) StderrLine: {'line': b'In file included from /Users/brodie/ros2_truckplatoon/src/truck/src/Platoon.hpp:4:\n'}
[4.778781] (truck) StderrLine: {'line': b'In file included from /Users/brodie/ros2_truckplatoon/src/truck/src/src/Leader.hpp:4:\n'}
[4.778996] (truck) StderrLine: {'line': b'In file included from /Users/brodie/ros2_truckplatoon/src/truck/src/src/Truck.hpp:7:\n'}
[4.779200] (truck) StderrLine: {'line': b"/Users/brodie/ros2_truckplatoon/src/truck/src/src/Subscriber.hpp:26:60: error: unknown type name 'Interval'\n"}
[4.779405] (truck) StderrLine: {'line': b'    Subscriber(std::string nodeName = "DefaultNode", const Interval &interval)\n'}
[4.779658] (truck) StderrLine: {'line': b'                                                           ^\n'}
[4.784968] (truck) StderrLine: {'line': b"/Users/brodie/ros2_truckplatoon/src/truck/src/src/Subscriber.hpp:52:29: error: no viable overloaded '='\n"}
[4.785937] (truck) StderrLine: {'line': b'      if(!_running)_running = true;\n'}
[4.786500] (truck) StderrLine: {'line': b'                   ~~~~~~~~ ^ ~~~~\n'}
[4.786780] (truck) StderrLine: {'line': b"/Applications/Xcode.app/Contents/Developer/Platforms/MacOSX.platform/Developer/SDKs/MacOSX12.3.sdk/usr/include/c++/v1/atomic:1834:9: note: candidate function not viable: 'this' argument has type 'const std::atomic_bool' (aka 'const atomic<bool>'), but method is not marked const\n"}
[4.787054] (truck) StderrLine: {'line': b'    _Tp operator=(_Tp __d) volatile _NOEXCEPT\n'}
[4.787320] (truck) StderrLine: {'line': b'        ^\n'}
[4.787581] (truck) StderrLine: {'line': b"/Applications/Xcode.app/Contents/Developer/Platforms/MacOSX.platform/Developer/SDKs/MacOSX12.3.sdk/usr/include/c++/v1/atomic:1837:9: note: candidate function not viable: 'this' argument has type 'const std::atomic_bool' (aka 'const atomic<bool>'), but method is not marked const\n"}
[4.787850] (truck) StderrLine: {'line': b'    _Tp operator=(_Tp __d) _NOEXCEPT\n'}
[4.788166] (truck) StderrLine: {'line': b'        ^\n'}
[4.788422] (truck) StderrLine: {'line': b"/Applications/Xcode.app/Contents/Developer/Platforms/MacOSX.platform/Developer/SDKs/MacOSX12.3.sdk/usr/include/c++/v1/atomic:1840:13: note: candidate function not viable: 'this' argument has type 'const std::atomic_bool' (aka 'const atomic<bool>'), but method is not marked const\n"}
[4.788684] (truck) StderrLine: {'line': b'    atomic& operator=(const atomic&) = delete;\n'}
[4.788980] (truck) StderrLine: {'line': b'            ^\n'}
[4.789232] (truck) StderrLine: {'line': b"/Applications/Xcode.app/Contents/Developer/Platforms/MacOSX.platform/Developer/SDKs/MacOSX12.3.sdk/usr/include/c++/v1/atomic:1841:13: note: candidate function not viable: 'this' argument has type 'const std::atomic_bool' (aka 'const atomic<bool>'), but method is not marked const\n"}
[4.789486] (truck) StderrLine: {'line': b'    atomic& operator=(const atomic&) volatile = delete;\n'}
[4.789738] (truck) StderrLine: {'line': b'            ^\n'}
[4.789980] (truck) StderrLine: {'line': b'In file included from /Users/brodie/ros2_truckplatoon/src/truck/src/src/Leader.cpp:1:\n'}
[4.790225] (truck) StderrLine: {'line': b'In file included from /Users/brodie/ros2_truckplatoon/src/truck/src/src/Leader.hpp:4:\n'}
[4.790467] (truck) StderrLine: {'line': b'In file included from /Users/brodie/ros2_truckplatoon/src/truck/src/src/Truck.hpp:7:\n'}
[4.790739] (truck) StderrLine: {'line': b"/Users/brodie/ros2_truckplatoon/src/truck/src/src/Subscriber.hpp:49:64: warning: unused parameter 'msg' [-Wunused-parameter]\n"}
[4.790988] (truck) StderrLine: {'line': b'    void topic_callback(const message::msg::Message::SharedPtr msg) const\n'}
[4.791243] (truck) StderrLine: {'line': b'                                                               ^\n'}
[4.791484] (truck) StderrLine: {'line': b'In file included from /Users/brodie/ros2_truckplatoon/src/truck/src/src/Communication.cpp:1:\n'}
[4.791726] (truck) StderrLine: {'line': b'In file included from /Users/brodie/ros2_truckplatoon/src/truck/src/src/Communication.hpp:3:\n'}
[4.791962] (truck) StderrLine: {'line': b'In file included from /Users/brodie/ros2_truckplatoon/src/truck/src/src/Truck.hpp:7:\n'}
[4.792204] (truck) StderrLine: {'line': b"/Users/brodie/ros2_truckplatoon/src/truck/src/src/Subscriber.hpp:26:60: error: unknown type name 'Interval'\n"}
[4.792442] (truck) StderrLine: {'line': b'    Subscriber(std::string nodeName = "DefaultNode", const Interval &interval)\n'}
[4.792683] (truck) StderrLine: {'line': b'                                                           ^\n'}
[4.792924] (truck) StderrLine: {'line': b'In file included from /Users/brodie/ros2_truckplatoon/src/truck/src/src/Truck.cpp:1:\n'}
[4.793166] (truck) StderrLine: {'line': b'In file included from /Users/brodie/ros2_truckplatoon/src/truck/src/src/Truck.hpp:7:\n'}
[4.793412] (truck) StderrLine: {'line': b"/Users/brodie/ros2_truckplatoon/src/truck/src/src/Subscriber.hpp:26:60: error: unknown type name 'Interval'\n"}
[4.793653] (truck) StderrLine: {'line': b'    Subscriber(std::string nodeName = "DefaultNode", const Interval &interval)\n'}
[4.793896] (truck) StderrLine: {'line': b'                                                           ^\n'}
[4.805889] (truck) StderrLine: {'line': b"/Users/brodie/ros2_truckplatoon/src/truck/src/src/Subscriber.hpp:52:29: error: no viable overloaded '='\n"}
[4.806709] (truck) StderrLine: {'line': b'      if(!_running)_running = true;\n'}
[4.806998] (truck) StderrLine: {'line': b'                   ~~~~~~~~ ^ ~~~~\n'}
[4.807261] (truck) StderrLine: {'line': b"/Applications/Xcode.app/Contents/Developer/Platforms/MacOSX.platform/Developer/SDKs/MacOSX12.3.sdk/usr/include/c++/v1/atomic:1834:9: note: candidate function not viable: 'this' argument has type 'const std::atomic_bool' (aka 'const atomic<bool>'), but method is not marked const\n"}
[4.807520] (truck) StderrLine: {'line': b'    _Tp operator=(_Tp __d) volatile _NOEXCEPT\n'}
[4.807773] (truck) StderrLine: {'line': b'        ^\n'}
[4.808018] (truck) StderrLine: {'line': b"/Applications/Xcode.app/Contents/Developer/Platforms/MacOSX.platform/Developer/SDKs/MacOSX12.3.sdk/usr/include/c++/v1/atomic:1837:9: note: candidate function not viable: 'this' argument has type 'const std::atomic_bool' (aka 'const atomic<bool>'), but method is not marked const\n"}
[4.808296] (truck) StderrLine: {'line': b'    _Tp operator=(_Tp __d) _NOEXCEPT\n'}
[4.808546] (truck) StderrLine: {'line': b'        ^\n'}
[4.808795] (truck) StderrLine: {'line': b"/Applications/Xcode.app/Contents/Developer/Platforms/MacOSX.platform/Developer/SDKs/MacOSX12.3.sdk/usr/include/c++/v1/atomic:1840:13: note: candidate function not viable: 'this' argument has type 'const std::atomic_bool' (aka 'const atomic<bool>'), but method is not marked const\n"}
[4.809058] (truck) StderrLine: {'line': b'    atomic& operator=(const atomic&) = delete;\n'}
[4.809313] (truck) StderrLine: {'line': b'            ^\n'}
[4.809562] (truck) StderrLine: {'line': b"/Applications/Xcode.app/Contents/Developer/Platforms/MacOSX.platform/Developer/SDKs/MacOSX12.3.sdk/usr/include/c++/v1/atomic:1841:13: note: candidate function not viable: 'this' argument has type 'const std::atomic_bool' (aka 'const atomic<bool>'), but method is not marked const\n"}
[4.809793] (truck) StderrLine: {'line': b'    atomic& operator=(const atomic&) volatile = delete;\n'}
[4.810864] (truck) StderrLine: {'line': b'            ^\n'}
[4.811367] (truck) StderrLine: {'line': b'In file included from /Users/brodie/ros2_truckplatoon/src/truck/src/truck.cpp:2:\n'}
[4.812443] (-) TimerEvent: {}
[4.812680] (truck) StderrLine: {'line': b'In file included from /Users/brodie/ros2_truckplatoon/src/truck/src/Platoon.hpp:4:\n'}
[4.812963] (truck) StderrLine: {'line': b'In file included from /Users/brodie/ros2_truckplatoon/src/truck/src/src/Leader.hpp:4:\n'}
[4.813645] (truck) StderrLine: {'line': b'In file included from /Users/brodie/ros2_truckplatoon/src/truck/src/src/Truck.hpp:7:\n'}
[4.813915] (truck) StderrLine: {'line': b"/Users/brodie/ros2_truckplatoon/src/truck/src/src/Subscriber.hpp:49:64: warning: unused parameter 'msg' [-Wunused-parameter]\n"}
[4.814207] (truck) StderrLine: {'line': b'    void topic_callback(const message::msg::Message::SharedPtr msg) const\n'}
[4.814456] (truck) StderrLine: {'line': b'                                                               ^\n'}
[4.814704] (truck) StderrLine: {'line': b"/Users/brodie/ros2_truckplatoon/src/truck/src/src/Subscriber.hpp:52:29: error: no viable overloaded '='\n"}
[4.814955] (truck) StderrLine: {'line': b'      if(!_running)_running = true;\n'}
[4.815234] (truck) StderrLine: {'line': b'                   ~~~~~~~~ ^ ~~~~\n'}
[4.815488] (truck) StderrLine: {'line': b"/Applications/Xcode.app/Contents/Developer/Platforms/MacOSX.platform/Developer/SDKs/MacOSX12.3.sdk/usr/include/c++/v1/atomic:1834:9: note: candidate function not viable: 'this' argument has type 'const std::atomic_bool' (aka 'const atomic<bool>'), but method is not marked const\n"}
[4.815745] (truck) StderrLine: {'line': b'    _Tp operator=(_Tp __d) volatile _NOEXCEPT\n'}
[4.815989] (truck) StderrLine: {'line': b'        ^\n'}
[4.816234] (truck) StderrLine: {'line': b"/Applications/Xcode.app/Contents/Developer/Platforms/MacOSX.platform/Developer/SDKs/MacOSX12.3.sdk/usr/include/c++/v1/atomic:1837:9: note: candidate function not viable: 'this' argument has type 'const std::atomic_bool' (aka 'const atomic<bool>'), but method is not marked const\n"}
[4.816460] (truck) StderrLine: {'line': b'    _Tp operator=(_Tp __d) _NOEXCEPT\n'}
[4.816695] (truck) StderrLine: {'line': b'        ^\n'}
[4.816942] (truck) StderrLine: {'line': b"/Applications/Xcode.app/Contents/Developer/Platforms/MacOSX.platform/Developer/SDKs/MacOSX12.3.sdk/usr/include/c++/v1/atomic:1840:13: note: candidate function not viable: 'this' argument has type 'const std::atomic_bool' (aka 'const atomic<bool>'), but method is not marked const\n"}
[4.817177] (truck) StderrLine: {'line': b'    atomic& operator=(const atomic&) = delete;\n'}
[4.817418] (truck) StderrLine: {'line': b'            ^\n'}
[4.817663] (truck) StderrLine: {'line': b"/Applications/Xcode.app/Contents/Developer/Platforms/MacOSX.platform/Developer/SDKs/MacOSX12.3.sdk/usr/include/c++/v1/atomic:1841:13: note: candidate function not viable: 'this' argument has type 'const std::atomic_bool' (aka 'const atomic<bool>'), but method is not marked const\n"}
[4.817886] (truck) StderrLine: {'line': b'    atomic& operator=(const atomic&) volatile = delete;\n'}
[4.818527] (truck) StderrLine: {'line': b'            ^\n'}
[4.818788] (truck) StderrLine: {'line': b'In file included from /Users/brodie/ros2_truckplatoon/src/truck/src/src/Communication.cpp:1:\n'}
[4.819040] (truck) StderrLine: {'line': b'In file included from /Users/brodie/ros2_truckplatoon/src/truck/src/src/Communication.hpp:3:\n'}
[4.819276] (truck) StderrLine: {'line': b'In file included from /Users/brodie/ros2_truckplatoon/src/truck/src/src/Truck.hpp:7:\n'}
[4.819492] (truck) StderrLine: {'line': b"/Users/brodie/ros2_truckplatoon/src/truck/src/src/Subscriber.hpp:49:64: warning: unused parameter 'msg' [-Wunused-parameter]\n"}
[4.819702] (truck) StderrLine: {'line': b'    void topic_callback(const message::msg::Message::SharedPtr msg) const\n'}
[4.819911] (truck) StderrLine: {'line': b'                                                               ^\n'}
[4.820115] (truck) StderrLine: {'line': b'In file included from /Users/brodie/ros2_truckplatoon/src/truck/src/truck.cpp:2:\n'}
[4.820355] (truck) StderrLine: {'line': b'/Users/brodie/ros2_truckplatoon/src/truck/src/Platoon.hpp:8:10: warning: non-portable path to file \'"src/utils/include.hpp"\'; specified path differs in case from file name on disk [-Wnonportable-include-path]\n'}
[4.820587] (truck) StderrLine: {'line': b'#include "src/utils/Include.hpp"\n'}
[4.820793] (truck) StderrLine: {'line': b'         ^~~~~~~~~~~~~~~~~~~~~~~\n'}
[4.821003] (truck) StderrLine: {'line': b'         "src/utils/include.hpp"\n'}
[4.821240] (truck) StderrLine: {'line': b"/Users/brodie/ros2_truckplatoon/src/truck/src/src/Subscriber.hpp:52:29: error: no viable overloaded '='\n"}
[4.821487] (truck) StderrLine: {'line': b'      if(!_running)_running = true;\n'}
[4.821731] (truck) StderrLine: {'line': b'                   ~~~~~~~~ ^ ~~~~\n'}
[4.821970] (truck) StderrLine: {'line': b"/Applications/Xcode.app/Contents/Developer/Platforms/MacOSX.platform/Developer/SDKs/MacOSX12.3.sdk/usr/include/c++/v1/atomic:1834:9: note: candidate function not viable: 'this' argument has type 'const std::atomic_bool' (aka 'const atomic<bool>'), but method is not marked const\n"}
[4.822215] (truck) StderrLine: {'line': b'    _Tp operator=(_Tp __d) volatile _NOEXCEPT\n'}
[4.822462] (truck) StderrLine: {'line': b'        ^\n'}
[4.822711] (truck) StderrLine: {'line': b"/Applications/Xcode.app/Contents/Developer/Platforms/MacOSX.platform/Developer/SDKs/MacOSX12.3.sdk/usr/include/c++/v1/atomic:1837:9: note: candidate function not viable: 'this' argument has type 'const std::atomic_bool' (aka 'const atomic<bool>'), but method is not marked const\n"}
[4.822963] (truck) StderrLine: {'line': b'    _Tp operator=(_Tp __d) _NOEXCEPT\n'}
[4.823205] (truck) StderrLine: {'line': b'        ^\n'}
[4.823443] (truck) StderrLine: {'line': b"/Applications/Xcode.app/Contents/Developer/Platforms/MacOSX.platform/Developer/SDKs/MacOSX12.3.sdk/usr/include/c++/v1/atomic:1840:13: note: candidate function not viable: 'this' argument has type 'const std::atomic_bool' (aka 'const atomic<bool>'), but method is not marked const\n"}
[4.823691] (truck) StderrLine: {'line': b'    atomic& operator=(const atomic&) = delete;\n'}
[4.823935] (truck) StderrLine: {'line': b'            ^\n'}
[4.824173] (truck) StderrLine: {'line': b"/Applications/Xcode.app/Contents/Developer/Platforms/MacOSX.platform/Developer/SDKs/MacOSX12.3.sdk/usr/include/c++/v1/atomic:1841:13: note: candidate function not viable: 'this' argument has type 'const std::atomic_bool' (aka 'const atomic<bool>'), but method is not marked const\n"}
[4.824452] (truck) StderrLine: {'line': b'    atomic& operator=(const atomic&) volatile = delete;\n'}
[4.824692] (truck) StderrLine: {'line': b'            ^\n'}
[4.824933] (truck) StderrLine: {'line': b'In file included from /Users/brodie/ros2_truckplatoon/src/truck/src/src/Truck.cpp:1:\n'}
[4.825181] (truck) StderrLine: {'line': b'In file included from /Users/brodie/ros2_truckplatoon/src/truck/src/src/Truck.hpp:7:\n'}
[4.825427] (truck) StderrLine: {'line': b"/Users/brodie/ros2_truckplatoon/src/truck/src/src/Subscriber.hpp:49:64: warning: unused parameter 'msg' [-Wunused-parameter]\n"}
[4.825707] (truck) StderrLine: {'line': b'    void topic_callback(const message::msg::Message::SharedPtr msg) const\n'}
[4.825958] (truck) StderrLine: {'line': b'                                                               ^\n'}
[4.826207] (truck) StderrLine: {'line': b"/Users/brodie/ros2_truckplatoon/src/truck/src/truck.cpp:3:14: warning: unused parameter 'argc' [-Wunused-parameter]\n"}
[4.826457] (truck) StderrLine: {'line': b'int main(int argc, char ** argv)\n'}
[4.826705] (truck) StderrLine: {'line': b'             ^\n'}
[4.826942] (truck) StderrLine: {'line': b"/Users/brodie/ros2_truckplatoon/src/truck/src/truck.cpp:3:28: warning: unused parameter 'argv' [-Wunused-parameter]\n"}
[4.827164] (truck) StderrLine: {'line': b'int main(int argc, char ** argv)\n'}
[4.827394] (truck) StderrLine: {'line': b'                           ^\n'}
[4.827620] (truck) StderrLine: {'line': b"/Users/brodie/ros2_truckplatoon/src/truck/src/src/Truck.cpp:59:130: error: expected ';' after expression\n"}
[4.827875] (truck) StderrLine: {'line': b'    this ->_subscriber = std::make_shared<Subscriber>("Subscriber_Truck_" + std::to_string(_id), std::chrono::milliseconds(1000))\n'}
[4.828108] (truck) StderrLine: {'line': b'                                                                                                                                 ^\n'}
[4.828333] (truck) StderrLine: {'line': b'                                                                                                                                 ;\n'}
[4.917545] (-) TimerEvent: {}
[5.021067] (-) TimerEvent: {}
[5.121984] (-) TimerEvent: {}
[5.224936] (-) TimerEvent: {}
[5.330366] (-) TimerEvent: {}
[5.432364] (-) TimerEvent: {}
[5.537753] (-) TimerEvent: {}
[5.643178] (-) TimerEvent: {}
[5.747002] (-) TimerEvent: {}
[5.852423] (-) TimerEvent: {}
[5.954423] (-) TimerEvent: {}
[6.049921] (truck) StderrLine: {'line': b'2 warnings and 2 errors generated.\n'}
[6.054947] (truck) StderrLine: {'line': b'In file included from /Users/brodie/ros2_truckplatoon/src/truck/src/truck.cpp:2:\n'}
[6.055410] (-) TimerEvent: {}
[6.055621] (truck) StderrLine: {'line': b'In file included from /Users/brodie/ros2_truckplatoon/src/truck/src/Platoon.hpp:11:\n'}
[6.055850] (truck) StderrLine: {'line': b"/Users/brodie/ros2_truckplatoon/src/truck/src/src/DrivingEvent.hpp:9:15: warning: private field '_speed' is not used [-Wunused-private-field]\n"}
[6.056088] (truck) StderrLine: {'line': b'    speedType _speed;\n'}
[6.056240] (truck) StderrLine: {'line': b'              ^\n'}
[6.056381] (truck) StderrLine: {'line': b"/Users/brodie/ros2_truckplatoon/src/truck/src/src/DrivingEvent.hpp:10:23: warning: private field '_stearingAngle' is not used [-Wunused-private-field]\n"}
[6.056517] (truck) StderrLine: {'line': b'    stearingAngleType _stearingAngle;\n'}
[6.056650] (truck) StderrLine: {'line': b'                      ^\n'}
[6.056781] (truck) StderrLine: {'line': b"/Users/brodie/ros2_truckplatoon/src/truck/src/src/DrivingEvent.hpp:11:18: warning: private field '_distance' is not used [-Wunused-private-field]\n"}
[6.056939] (truck) StderrLine: {'line': b'    distanceType _distance;\n'}
[6.057071] (truck) StderrLine: {'line': b'                 ^\n'}
[6.057202] (truck) StderrLine: {'line': b'8 warnings and 2 errors generated.\n'}
[6.066320] (truck) StderrLine: {'line': b'2 warnings and 2 errors generated.\n'}
[6.074317] (truck) StderrLine: {'line': b'gmake[2]: *** [CMakeFiles/truck.dir/build.make:108: CMakeFiles/truck.dir/src/src/Leader.cpp.o] Error 1\n'}
[6.074584] (truck) StderrLine: {'line': b'gmake[2]: *** Waiting for unfinished jobs....\n'}
[6.076651] (truck) StderrLine: {'line': b'gmake[2]: *** [CMakeFiles/truck.dir/build.make:82: CMakeFiles/truck.dir/src/truck.cpp.o] Error 1\n'}
[6.085081] (truck) StderrLine: {'line': b'gmake[2]: *** [CMakeFiles/truck.dir/build.make:121: CMakeFiles/truck.dir/src/src/Communication.cpp.o] Error 1\n'}
[6.106242] (truck) StderrLine: {'line': b'In file included from /Users/brodie/ros2_truckplatoon/src/truck/src/src/Truck.cpp:1:\n'}
[6.106550] (truck) StderrLine: {'line': b'In file included from /Users/brodie/ros2_truckplatoon/src/truck/src/src/Truck.hpp:3:\n'}
[6.106902] (truck) StderrLine: {'line': b'In file included from /Users/brodie/ros2_truckplatoon/src/truck/src/src/utils/PlatoonTypes.hpp:5:\n'}
[6.107066] (truck) StderrLine: {'line': b'In file included from /Users/brodie/ros2_truckplatoon/src/truck/src/src/utils/Include.hpp:3:\n'}
[6.107206] (truck) StderrLine: {'line': b'In file included from /Applications/Xcode.app/Contents/Developer/Platforms/MacOSX.platform/Developer/SDKs/MacOSX12.3.sdk/usr/include/c++/v1/iostream:37:\n'}
[6.107340] (truck) StderrLine: {'line': b'In file included from /Applications/Xcode.app/Contents/Developer/Platforms/MacOSX.platform/Developer/SDKs/MacOSX12.3.sdk/usr/include/c++/v1/ios:214:\n'}
[6.107474] (truck) StderrLine: {'line': b'In file included from /Applications/Xcode.app/Contents/Developer/Platforms/MacOSX.platform/Developer/SDKs/MacOSX12.3.sdk/usr/include/c++/v1/__locale:15:\n'}
[6.107635] (truck) StderrLine: {'line': b'In file included from /Applications/Xcode.app/Contents/Developer/Platforms/MacOSX.platform/Developer/SDKs/MacOSX12.3.sdk/usr/include/c++/v1/string:522:\n'}
[6.107782] (truck) StderrLine: {'line': b'In file included from /Applications/Xcode.app/Contents/Developer/Platforms/MacOSX.platform/Developer/SDKs/MacOSX12.3.sdk/usr/include/c++/v1/algorithm:653:\n'}
[6.107915] (truck) StderrLine: {'line': b'In file included from /Applications/Xcode.app/Contents/Developer/Platforms/MacOSX.platform/Developer/SDKs/MacOSX12.3.sdk/usr/include/c++/v1/functional:500:\n'}
[6.108047] (truck) StderrLine: {'line': b'In file included from /Applications/Xcode.app/Contents/Developer/Platforms/MacOSX.platform/Developer/SDKs/MacOSX12.3.sdk/usr/include/c++/v1/__functional/function.h:20:\n'}
[6.108179] (truck) StderrLine: {'line': b"/Applications/Xcode.app/Contents/Developer/Platforms/MacOSX.platform/Developer/SDKs/MacOSX12.3.sdk/usr/include/c++/v1/__memory/shared_ptr.h:298:37: error: no matching constructor for initialization of 'Subscriber'\n"}
[6.108331] (truck) StderrLine: {'line': b'        ::new ((void*)__get_elem()) _Tp(_VSTD::forward<_Args>(__args)...);\n'}
[6.108462] (truck) StderrLine: {'line': b'                                    ^   ~~~~~~~~~~~~~~~~~~~~~~~~~~~~~\n'}
[6.108593] (truck) StderrLine: {'line': b"/Applications/Xcode.app/Contents/Developer/Platforms/MacOSX.platform/Developer/SDKs/MacOSX12.3.sdk/usr/include/c++/v1/__memory/shared_ptr.h:1106:55: note: in instantiation of function template specialization 'std::__shared_ptr_emplace<Subscriber, std::allocator<Subscriber>>::__shared_ptr_emplace<std::string, std::chrono::duration<long long, std::ratio<1, 1000>>>' requested here\n"}
[6.108748] (truck) StderrLine: {'line': b'    ::new ((void*)_VSTD::addressof(*__guard.__get())) _ControlBlock(__a, _VSTD::forward<_Args>(__args)...);\n'}
[6.108881] (truck) StderrLine: {'line': b'                                                      ^\n'}
[6.109011] (truck) StderrLine: {'line': b"/Applications/Xcode.app/Contents/Developer/Platforms/MacOSX.platform/Developer/SDKs/MacOSX12.3.sdk/usr/include/c++/v1/__memory/shared_ptr.h:1115:19: note: in instantiation of function template specialization 'std::allocate_shared<Subscriber, std::allocator<Subscriber>, std::string, std::chrono::duration<long long, std::ratio<1, 1000>>, void>' requested here\n"}
[6.109149] (truck) StderrLine: {'line': b'    return _VSTD::allocate_shared<_Tp>(allocator<_Tp>(), _VSTD::forward<_Args>(__args)...);\n'}
[6.109281] (truck) StderrLine: {'line': b'                  ^\n'}
[6.109411] (truck) StderrLine: {'line': b"/Users/brodie/ros2_truckplatoon/src/truck/src/src/Truck.cpp:59:31: note: in instantiation of function template specialization 'std::make_shared<Subscriber, std::string, std::chrono::duration<long long, std::ratio<1, 1000>>, void>' requested here\n"}
[6.109543] (truck) StderrLine: {'line': b'    this ->_subscriber = std::make_shared<Subscriber>("Subscriber_Truck_" + std::to_string(_id), std::chrono::milliseconds(1000))\n'}
[6.109674] (truck) StderrLine: {'line': b'                              ^\n'}
[6.109803] (truck) StderrLine: {'line': b'/Users/brodie/ros2_truckplatoon/src/truck/src/src/Subscriber.hpp:23:7: note: candidate constructor (the implicit copy constructor) not viable: requires 1 argument, but 2 were provided\n'}
[6.109949] (truck) StderrLine: {'line': b'class Subscriber : public rclcpp::Node\n'}
[6.110083] (truck) StderrLine: {'line': b'      ^\n'}
[6.110214] (truck) StderrLine: {'line': b'/Users/brodie/ros2_truckplatoon/src/truck/src/src/Subscriber.hpp:23:7: note: candidate constructor (the implicit default constructor) not viable: requires 0 arguments, but 2 were provided\n'}
[6.138496] (truck) StderrLine: {'line': b'2 warnings and 4 errors generated.\n'}
[6.158808] (-) TimerEvent: {}
[6.160648] (truck) StderrLine: {'line': b'gmake[2]: *** [CMakeFiles/truck.dir/build.make:95: CMakeFiles/truck.dir/src/src/Truck.cpp.o] Error 1\n'}
[6.161321] (truck) StderrLine: {'line': b'gmake[1]: *** [CMakeFiles/Makefile2:97: CMakeFiles/truck.dir/all] Error 2\n'}
[6.161743] (truck) StderrLine: {'line': b'gmake: *** [Makefile:160: all] Error 2\n'}
[6.163250] (truck) CommandEnded: {'returncode': 2}
[6.258965] (-) TimerEvent: {}
[6.374082] (-) TimerEvent: {}
[6.424893] (truck) JobEnded: {'identifier': 'truck', 'rc': 2}
[6.427464] (-) EventReactorShutdown: {}
