[0.000000] (-) TimerEvent: {}
[0.000551] (-) JobUnselected: {'identifier': 'truck'}
[0.000624] (message) JobQueued: {'identifier': 'message', 'dependencies': OrderedDict()}
[0.003810] (message) JobStarted: {'identifier': 'message'}
[0.102621] (-) TimerEvent: {}
[0.105082] (message) JobProgress: {'identifier': 'message', 'progress': 'cmake'}
[0.108657] (message) Command: {'cmd': ['/usr/local/bin/cmake', '/Users/brodie/ros2_truckplatoon/src/message', '-DCMAKE_INSTALL_PREFIX=/Users/brodie/ros2_truckplatoon/install/message'], 'cwd': '/Users/brodie/ros2_truckplatoon/build/message', 'env': OrderedDict([('TERM_PROGRAM', 'Apple_Terminal'), ('SHELL', '/bin/zsh'), ('TERM', 'xterm-256color'), ('TMPDIR', '/var/folders/b6/t14lv28n5xqdhgq7zcrqwfkm0000gn/T/'), ('TERM_PROGRAM_VERSION', '445'), ('ROS_PYTHON_VERSION', '3'), ('ROS_VERSION', '2'), ('COLCON_PREFIX_PATH', '/Users/brodie/ros2_truckplatoon/install:/Users/brodie/my_workspace/install:/Users/brodie/ros2_foxy/ros2-osx'), ('TERM_SESSION_ID', '68464B11-5BA9-4066-9F09-461F903B1524'), ('AMENT_PREFIX_PATH', '/Users/brodie/ros2_truckplatoon/install/truck:/Users/brodie/my_workspace/install/tutorial_interfaces:/Users/brodie/my_workspace/install/cpp_srvcli:/Users/brodie/my_workspace/install/cpp_pubsub:/Users/brodie/my_workspace/install/my_package:/Users/brodie/ros2_foxy/ros2-osx'), ('USER', 'brodie'), ('SSH_AUTH_SOCK', '/private/tmp/com.apple.launchd.4a9jOPzOQR/Listeners'), ('__CF_USER_TEXT_ENCODING', '0x1F5:0x0:0x4'), ('PATH', '/Users/brodie/ros2_foxy/ros2-osx/bin:/Library/Frameworks/Python.framework/Versions/3.9/bin:/Library/Frameworks/Python.framework/Versions/2.7/bin:/usr/local/bin:/usr/bin:/bin:/usr/sbin:/sbin:/Library/TeX/texbin:/usr/local/share/dotnet:/opt/X11/bin:~/.dotnet/tools:/Library/Apple/usr/bin:/Library/Frameworks/Mono.framework/Versions/Current/Commands:/usr/local/CrossPack-AVR/bin:/Applications/Postgres.app/Contents/Versions/latest/bin:/Applications/Xamarin Workbooks.app/Contents/SharedSupport/path-bin'), ('__CFBundleIdentifier', 'com.apple.Terminal'), ('PWD', '/Users/brodie/ros2_truckplatoon/build/message'), ('COLCON', '1'), ('LANG', 'it_IT.UTF-8'), ('XPC_FLAGS', '0x0'), ('XPC_SERVICE_NAME', '0'), ('OPENSSL_ROOT_DIR', '/usr/local/Cellar/openssl@3'), ('SHLVL', '2'), ('HOME', '/Users/brodie'), ('ROS_DISTRO', 'foxy'), ('PYTHONPATH', '/Users/brodie/my_workspace/install/tutorial_interfaces/lib/python3.9/site-packages:/Users/brodie/my_workspace/install/my_package/lib/python3.9/site-packages:/Users/brodie/ros2_foxy/ros2-osx/lib/python3.8/site-packages'), ('LOGNAME', 'brodie'), ('PKG_CONFIG_PATH', '/Users/brodie/ros2_foxy/ros2-osx/lib/pkgconfig'), ('CMAKE_PREFIX_PATH', '/Users/brodie/ros2_truckplatoon/install/truck:/Users/brodie/my_workspace/install/tutorial_interfaces:/Users/brodie/my_workspace/install/cpp_srvcli:/Users/brodie/my_workspace/install/cpp_pubsub:/Users/brodie/ros2_foxy/ros2-osx:/Users/brodie/my_workspace/install/my_package'), ('DISPLAY', '/private/tmp/com.apple.launchd.fnO1XjjJMH/org.xquartz:0'), ('ROS_LOCALHOST_ONLY', '0'), ('_', '/usr/bin/env')]), 'shell': False}
[0.164384] (message) StdoutLine: {'line': b'-- Found ament_cmake: 0.9.9 (/Users/brodie/ros2_foxy/ros2-osx/share/ament_cmake/cmake)\n'}
[0.203758] (-) TimerEvent: {}
[0.237448] (message) StdoutLine: {'line': b'-- Found PythonInterp: /Library/Frameworks/Python.framework/Versions/3.9/bin/python3 (found suitable version "3.9.4", minimum required is "3") \n'}
[0.237898] (message) StdoutLine: {'line': b'-- Using PYTHON_EXECUTABLE: /Library/Frameworks/Python.framework/Versions/3.9/bin/python3\n'}
[0.307037] (-) TimerEvent: {}
[0.411610] (-) TimerEvent: {}
[0.516967] (-) TimerEvent: {}
[0.620428] (-) TimerEvent: {}
[0.696662] (message) StdoutLine: {'line': b'-- Found rosidl_default_generators: 1.0.1 (/Users/brodie/ros2_foxy/ros2-osx/share/rosidl_default_generators/cmake)\n'}
[0.701012] (message) StdoutLine: {'line': b'-- Using all available rosidl_typesupport_c: rosidl_typesupport_connext_c;rosidl_typesupport_fastrtps_c;rosidl_typesupport_introspection_c\n'}
[0.707080] (message) StdoutLine: {'line': b'-- Found rosidl_adapter: 1.2.1 (/Users/brodie/ros2_foxy/ros2-osx/share/rosidl_adapter/cmake)\n'}
[0.720553] (-) TimerEvent: {}
[0.820996] (-) TimerEvent: {}
[0.827429] (message) StdoutLine: {'line': b'-- Could not find RTI Connext - skipping rosidl_typesupport_connext_c\n'}
[0.862694] (message) StdoutLine: {'line': b'-- Could not find RTI Connext - skipping rosidl_typesupport_connext_cpp\n'}
[0.921714] (-) TimerEvent: {}
[1.023324] (-) TimerEvent: {}
[1.070643] (message) StdoutLine: {'line': b'-- Using all available rosidl_typesupport_cpp: rosidl_typesupport_connext_cpp;rosidl_typesupport_fastrtps_cpp;rosidl_typesupport_introspection_cpp\n'}
[1.127767] (-) TimerEvent: {}
[1.169661] (message) StdoutLine: {'line': b'-- Found PythonInterp: /Library/Frameworks/Python.framework/Versions/3.9/bin/python3 (found version "3.9.4") \n'}
[1.230036] (-) TimerEvent: {}
[1.276410] (message) StderrLine: {'line': b'CMake Error at /Users/brodie/ros2_foxy/ros2-osx/share/rosidl_adapter/cmake/rosidl_adapt_interfaces.cmake:60 (message):\n'}
[1.276857] (message) StderrLine: {'line': b'  \n'}
[1.277136] (message) StderrLine: {'line': b'  execute_process(/Library/Frameworks/Python.framework/Versions/3.9/bin/python3\n'}
[1.277444] (message) StderrLine: {'line': b'  -m rosidl_adapter --package-name message --arguments-file\n'}
[1.277612] (message) StderrLine: {'line': b'  /Users/brodie/ros2_truckplatoon/build/message/rosidl_adapter__arguments__message.json\n'}
[1.277772] (message) StderrLine: {'line': b'  --output-dir\n'}
[1.277923] (message) StderrLine: {'line': b'  /Users/brodie/ros2_truckplatoon/build/message/rosidl_adapter/message\n'}
[1.278077] (message) StderrLine: {'line': b'  --output-file\n'}
[1.278231] (message) StderrLine: {'line': b'  /Users/brodie/ros2_truckplatoon/build/message/rosidl_adapter/message.idls)\n'}
[1.278437] (message) StderrLine: {'line': b'  returned error code 1:\n'}
[1.278582] (message) StderrLine: {'line': b'\n'}
[1.278723] (message) StderrLine: {'line': b"  Error processing 'int16 SenderPosition' of 'message/Message':\n"}
[1.278866] (message) StderrLine: {'line': b"  ''SenderPosition' is an invalid field name.  It should have the pattern\n"}
[1.279006] (message) StderrLine: {'line': b"  '^(?!.*__)(?!.*_$)[a-z][a-z0-9_]*$''\n"}
[1.279147] (message) StderrLine: {'line': b'\n'}
[1.279287] (message) StderrLine: {'line': b'  Traceback (most recent call last):\n'}
[1.279427] (message) StderrLine: {'line': b'\n'}
[1.279568] (message) StderrLine: {'line': b'    File "/Library/Frameworks/Python.framework/Versions/3.9/lib/python3.9/runpy.py", line 197, in _run_module_as_main\n'}
[1.279711] (message) StderrLine: {'line': b'      return _run_code(code, main_globals, None,\n'}
[1.279852] (message) StderrLine: {'line': b'    File "/Library/Frameworks/Python.framework/Versions/3.9/lib/python3.9/runpy.py", line 87, in _run_code\n'}
[1.279994] (message) StderrLine: {'line': b'      exec(code, run_globals)\n'}
[1.280134] (message) StderrLine: {'line': b'    File "/Users/brodie/ros2_foxy/ros2-osx/lib/python3.8/site-packages/rosidl_adapter/__main__.py", line 19, in <module>\n'}
[1.280278] (message) StderrLine: {'line': b'      sys.exit(main())\n'}
[1.280418] (message) StderrLine: {'line': b'    File "/Users/brodie/ros2_foxy/ros2-osx/lib/python3.8/site-packages/rosidl_adapter/main.py", line 53, in main\n'}
[1.280558] (message) StderrLine: {'line': b'      abs_idl_file = convert_to_idl(\n'}
[1.280697] (message) StderrLine: {'line': b'    File "/Users/brodie/ros2_foxy/ros2-osx/lib/python3.8/site-packages/rosidl_adapter/__init__.py", line 19, in convert_to_idl\n'}
[1.280839] (message) StderrLine: {'line': b'      return convert_msg_to_idl(\n'}
[1.280978] (message) StderrLine: {'line': b'    File "/Users/brodie/ros2_foxy/ros2-osx/lib/python3.8/site-packages/rosidl_adapter/msg/__init__.py", line 28, in convert_msg_to_idl\n'}
[1.281119] (message) StderrLine: {'line': b'      msg = parse_message_string(package_name, input_file.stem, content)\n'}
[1.281260] (message) StderrLine: {'line': b'    File "/Users/brodie/ros2_foxy/ros2-osx/lib/python3.8/site-packages/rosidl_adapter/parser.py", line 515, in parse_message_string\n'}
[1.281421] (message) StderrLine: {'line': b'      fields.append(Field(\n'}
[1.281563] (message) StderrLine: {'line': b'    File "/Users/brodie/ros2_foxy/ros2-osx/lib/python3.8/site-packages/rosidl_adapter/parser.py", line 353, in __init__\n'}
[1.281703] (message) StderrLine: {'line': b'      raise NameError(\n'}
[1.281845] (message) StderrLine: {'line': b'\n'}
[1.281985] (message) StderrLine: {'line': b"  NameError: 'SenderPosition' is an invalid field name.  It should have the\n"}
[1.282127] (message) StderrLine: {'line': b"  pattern '^(?!.*__)(?!.*_$)[a-z][a-z0-9_]*$'\n"}
[1.282269] (message) StderrLine: {'line': b'\n'}
[1.282409] (message) StderrLine: {'line': b'Call Stack (most recent call first):\n'}
[1.282551] (message) StderrLine: {'line': b'  /Users/brodie/ros2_foxy/ros2-osx/share/rosidl_cmake/cmake/rosidl_generate_interfaces.cmake:130 (rosidl_adapt_interfaces)\n'}
[1.282716] (message) StderrLine: {'line': b'  CMakeLists.txt:25 (rosidl_generate_interfaces)\n'}
[1.282857] (message) StderrLine: {'line': b'\n'}
[1.282994] (message) StderrLine: {'line': b'\n'}
[1.283130] (message) StdoutLine: {'line': b'-- Configuring incomplete, errors occurred!\n'}
[1.283275] (message) StdoutLine: {'line': b'See also "/Users/brodie/ros2_truckplatoon/build/message/CMakeFiles/CMakeOutput.log".\n'}
[1.283416] (message) StdoutLine: {'line': b'See also "/Users/brodie/ros2_truckplatoon/build/message/CMakeFiles/CMakeError.log".\n'}
[1.284453] (message) CommandEnded: {'returncode': 1}
[1.340527] (-) TimerEvent: {}
[1.353287] (message) JobEnded: {'identifier': 'message', 'rc': 1}
[1.355410] (-) EventReactorShutdown: {}
