[0.809s] DEBUG:colcon:Command line arguments: ['/Library/Frameworks/Python.framework/Versions/3.9/bin/colcon', 'build']
[0.809s] DEBUG:colcon:Parsed command line arguments: Namespace(log_base=None, log_level=None, verb_name='build', build_base='build', install_base='install', merge_install=False, symlink_install=False, test_result_base=None, continue_on_error=False, executor='parallel', parallel_workers=8, event_handlers=None, ignore_user_meta=False, metas=['./colcon.meta'], base_paths=['.'], packages_ignore=None, packages_ignore_regex=None, paths=None, packages_up_to=None, packages_up_to_regex=None, packages_above=None, packages_above_and_dependencies=None, packages_above_depth=None, packages_select_by_dep=None, packages_skip_by_dep=None, packages_skip_up_to=None, packages_select_build_failed=False, packages_skip_build_finished=False, packages_select_test_failures=False, packages_skip_test_passed=False, packages_select=None, packages_skip=None, packages_select_regex=None, packages_skip_regex=None, packages_start=None, packages_end=None, cmake_args=None, cmake_target=None, cmake_target_skip_unavailable=False, cmake_clean_cache=False, cmake_clean_first=False, cmake_force_configure=False, ament_cmake_args=None, catkin_cmake_args=None, catkin_skip_building_tests=False, verb_parser=<colcon_defaults.argument_parser.defaults.DefaultArgumentsDecorator object at 0x7f8f998cc100>, verb_extension=<colcon_core.verb.build.BuildVerb object at 0x7f8f99846ca0>, main=<bound method BuildVerb.main of <colcon_core.verb.build.BuildVerb object at 0x7f8f99846ca0>>)
[0.888s] Level 1:colcon.colcon_core.package_discovery:discover_packages(colcon_meta) check parameters
[0.888s] Level 1:colcon.colcon_core.package_discovery:discover_packages(recursive) check parameters
[0.888s] Level 1:colcon.colcon_core.package_discovery:discover_packages(ignore) check parameters
[0.889s] Level 1:colcon.colcon_core.package_discovery:discover_packages(path) check parameters
[0.889s] Level 1:colcon.colcon_core.package_discovery:discover_packages(colcon_meta) discover
[0.889s] Level 1:colcon.colcon_core.package_discovery:discover_packages(recursive) discover
[0.889s] INFO:colcon.colcon_core.package_discovery:Crawling recursively for packages in '/Users/brodie/ros2_truckplatoon'
[0.889s] Level 1:colcon.colcon_core.package_identification:_identify(.) by extensions ['ignore', 'ignore_ament_install']
[0.889s] Level 1:colcon.colcon_core.package_identification:_identify(.) by extension 'ignore'
[0.889s] Level 1:colcon.colcon_core.package_identification:_identify(.) by extension 'ignore_ament_install'
[0.889s] Level 1:colcon.colcon_core.package_identification:_identify(.) by extensions ['colcon_pkg']
[0.889s] Level 1:colcon.colcon_core.package_identification:_identify(.) by extension 'colcon_pkg'
[0.889s] Level 1:colcon.colcon_core.package_identification:_identify(.) by extensions ['colcon_meta']
[0.889s] Level 1:colcon.colcon_core.package_identification:_identify(.) by extension 'colcon_meta'
[0.889s] Level 1:colcon.colcon_core.package_identification:_identify(.) by extensions ['ros']
[0.889s] Level 1:colcon.colcon_core.package_identification:_identify(.) by extension 'ros'
[0.907s] Level 1:colcon.colcon_core.package_identification:_identify(.) by extensions ['cmake', 'python']
[0.907s] Level 1:colcon.colcon_core.package_identification:_identify(.) by extension 'cmake'
[0.907s] Level 1:colcon.colcon_core.package_identification:_identify(.) by extension 'python'
[0.907s] Level 1:colcon.colcon_core.package_identification:_identify(.) by extensions ['python_setup_py']
[0.907s] Level 1:colcon.colcon_core.package_identification:_identify(.) by extension 'python_setup_py'
[0.907s] Level 1:colcon.colcon_core.package_identification:_identify(build) by extensions ['ignore', 'ignore_ament_install']
[0.907s] Level 1:colcon.colcon_core.package_identification:_identify(build) by extension 'ignore'
[0.907s] Level 1:colcon.colcon_core.package_identification:_identify(build) ignored
[0.908s] Level 1:colcon.colcon_core.package_identification:_identify(install) by extensions ['ignore', 'ignore_ament_install']
[0.908s] Level 1:colcon.colcon_core.package_identification:_identify(install) by extension 'ignore'
[0.908s] Level 1:colcon.colcon_core.package_identification:_identify(install) ignored
[0.908s] Level 1:colcon.colcon_core.package_identification:_identify(log) by extensions ['ignore', 'ignore_ament_install']
[0.908s] Level 1:colcon.colcon_core.package_identification:_identify(log) by extension 'ignore'
[0.908s] Level 1:colcon.colcon_core.package_identification:_identify(log) ignored
[0.908s] Level 1:colcon.colcon_core.package_identification:_identify(src) by extensions ['ignore', 'ignore_ament_install']
[0.908s] Level 1:colcon.colcon_core.package_identification:_identify(src) by extension 'ignore'
[0.908s] Level 1:colcon.colcon_core.package_identification:_identify(src) by extension 'ignore_ament_install'
[0.908s] Level 1:colcon.colcon_core.package_identification:_identify(src) by extensions ['colcon_pkg']
[0.909s] Level 1:colcon.colcon_core.package_identification:_identify(src) by extension 'colcon_pkg'
[0.909s] Level 1:colcon.colcon_core.package_identification:_identify(src) by extensions ['colcon_meta']
[0.909s] Level 1:colcon.colcon_core.package_identification:_identify(src) by extension 'colcon_meta'
[0.909s] Level 1:colcon.colcon_core.package_identification:_identify(src) by extensions ['ros']
[0.909s] Level 1:colcon.colcon_core.package_identification:_identify(src) by extension 'ros'
[0.909s] Level 1:colcon.colcon_core.package_identification:_identify(src) by extensions ['cmake', 'python']
[0.909s] Level 1:colcon.colcon_core.package_identification:_identify(src) by extension 'cmake'
[0.909s] Level 1:colcon.colcon_core.package_identification:_identify(src) by extension 'python'
[0.909s] Level 1:colcon.colcon_core.package_identification:_identify(src) by extensions ['python_setup_py']
[0.909s] Level 1:colcon.colcon_core.package_identification:_identify(src) by extension 'python_setup_py'
[0.909s] Level 1:colcon.colcon_core.package_identification:_identify(src/message) by extensions ['ignore', 'ignore_ament_install']
[0.909s] Level 1:colcon.colcon_core.package_identification:_identify(src/message) by extension 'ignore'
[0.909s] Level 1:colcon.colcon_core.package_identification:_identify(src/message) by extension 'ignore_ament_install'
[0.909s] Level 1:colcon.colcon_core.package_identification:_identify(src/message) by extensions ['colcon_pkg']
[0.909s] Level 1:colcon.colcon_core.package_identification:_identify(src/message) by extension 'colcon_pkg'
[0.909s] Level 1:colcon.colcon_core.package_identification:_identify(src/message) by extensions ['colcon_meta']
[0.909s] Level 1:colcon.colcon_core.package_identification:_identify(src/message) by extension 'colcon_meta'
[0.910s] Level 1:colcon.colcon_core.package_identification:_identify(src/message) by extensions ['ros']
[0.910s] Level 1:colcon.colcon_core.package_identification:_identify(src/message) by extension 'ros'
[0.912s] DEBUG:colcon.colcon_core.package_identification:Package 'src/message' with type 'ros.ament_cmake' and name 'message'
[0.912s] Level 1:colcon.colcon_core.package_identification:_identify(src/truck) by extensions ['ignore', 'ignore_ament_install']
[0.912s] Level 1:colcon.colcon_core.package_identification:_identify(src/truck) by extension 'ignore'
[0.913s] Level 1:colcon.colcon_core.package_identification:_identify(src/truck) by extension 'ignore_ament_install'
[0.913s] Level 1:colcon.colcon_core.package_identification:_identify(src/truck) by extensions ['colcon_pkg']
[0.913s] Level 1:colcon.colcon_core.package_identification:_identify(src/truck) by extension 'colcon_pkg'
[0.913s] Level 1:colcon.colcon_core.package_identification:_identify(src/truck) by extensions ['colcon_meta']
[0.913s] Level 1:colcon.colcon_core.package_identification:_identify(src/truck) by extension 'colcon_meta'
[0.913s] Level 1:colcon.colcon_core.package_identification:_identify(src/truck) by extensions ['ros']
[0.913s] Level 1:colcon.colcon_core.package_identification:_identify(src/truck) by extension 'ros'
[0.913s] DEBUG:colcon.colcon_core.package_identification:Package 'src/truck' with type 'ros.ament_cmake' and name 'truck'
[0.913s] Level 1:colcon.colcon_core.package_discovery:discover_packages(recursive) using defaults
[0.914s] Level 1:colcon.colcon_core.package_discovery:discover_packages(ignore) discover
[0.914s] Level 1:colcon.colcon_core.package_discovery:discover_packages(ignore) using defaults
[0.914s] Level 1:colcon.colcon_core.package_discovery:discover_packages(path) discover
[0.914s] Level 1:colcon.colcon_core.package_discovery:discover_packages(path) using defaults
[0.968s] Level 5:colcon.colcon_core.verb:set package 'message' build argument 'cmake_args' from command line to 'None'
[0.968s] Level 5:colcon.colcon_core.verb:set package 'message' build argument 'cmake_target' from command line to 'None'
[0.968s] Level 5:colcon.colcon_core.verb:set package 'message' build argument 'cmake_target_skip_unavailable' from command line to 'False'
[0.968s] Level 5:colcon.colcon_core.verb:set package 'message' build argument 'cmake_clean_cache' from command line to 'False'
[0.968s] Level 5:colcon.colcon_core.verb:set package 'message' build argument 'cmake_clean_first' from command line to 'False'
[0.968s] Level 5:colcon.colcon_core.verb:set package 'message' build argument 'cmake_force_configure' from command line to 'False'
[0.968s] Level 5:colcon.colcon_core.verb:set package 'message' build argument 'ament_cmake_args' from command line to 'None'
[0.968s] Level 5:colcon.colcon_core.verb:set package 'message' build argument 'catkin_cmake_args' from command line to 'None'
[0.968s] Level 5:colcon.colcon_core.verb:set package 'message' build argument 'catkin_skip_building_tests' from command line to 'False'
[0.968s] DEBUG:colcon.colcon_core.verb:Building package 'message' with the following arguments: {'ament_cmake_args': None, 'build_base': '/Users/brodie/ros2_truckplatoon/build/message', 'catkin_cmake_args': None, 'catkin_skip_building_tests': False, 'cmake_args': None, 'cmake_clean_cache': False, 'cmake_clean_first': False, 'cmake_force_configure': False, 'cmake_target': None, 'cmake_target_skip_unavailable': False, 'install_base': '/Users/brodie/ros2_truckplatoon/install/message', 'merge_install': False, 'path': '/Users/brodie/ros2_truckplatoon/src/message', 'symlink_install': False, 'test_result_base': None}
[0.979s] Level 5:colcon.colcon_core.verb:set package 'truck' build argument 'cmake_args' from command line to 'None'
[0.979s] Level 5:colcon.colcon_core.verb:set package 'truck' build argument 'cmake_target' from command line to 'None'
[0.979s] Level 5:colcon.colcon_core.verb:set package 'truck' build argument 'cmake_target_skip_unavailable' from command line to 'False'
[0.979s] Level 5:colcon.colcon_core.verb:set package 'truck' build argument 'cmake_clean_cache' from command line to 'False'
[0.979s] Level 5:colcon.colcon_core.verb:set package 'truck' build argument 'cmake_clean_first' from command line to 'False'
[0.979s] Level 5:colcon.colcon_core.verb:set package 'truck' build argument 'cmake_force_configure' from command line to 'False'
[0.979s] Level 5:colcon.colcon_core.verb:set package 'truck' build argument 'ament_cmake_args' from command line to 'None'
[0.979s] Level 5:colcon.colcon_core.verb:set package 'truck' build argument 'catkin_cmake_args' from command line to 'None'
[0.979s] Level 5:colcon.colcon_core.verb:set package 'truck' build argument 'catkin_skip_building_tests' from command line to 'False'
[0.979s] DEBUG:colcon.colcon_core.verb:Building package 'truck' with the following arguments: {'ament_cmake_args': None, 'build_base': '/Users/brodie/ros2_truckplatoon/build/truck', 'catkin_cmake_args': None, 'catkin_skip_building_tests': False, 'cmake_args': None, 'cmake_clean_cache': False, 'cmake_clean_first': False, 'cmake_force_configure': False, 'cmake_target': None, 'cmake_target_skip_unavailable': False, 'install_base': '/Users/brodie/ros2_truckplatoon/install/truck', 'merge_install': False, 'path': '/Users/brodie/ros2_truckplatoon/src/truck', 'symlink_install': False, 'test_result_base': None}
[0.982s] INFO:colcon.colcon_core.executor:Executing jobs using 'parallel' executor
[1.000s] DEBUG:colcon.colcon_parallel_executor.executor.parallel:run_until_complete
[1.001s] INFO:colcon.colcon_ros.task.ament_cmake.build:Building ROS package in '/Users/brodie/ros2_truckplatoon/src/message' with build type 'ament_cmake'
[1.001s] INFO:colcon.colcon_cmake.task.cmake.build:Building CMake package in '/Users/brodie/ros2_truckplatoon/src/message'
[1.035s] INFO:colcon.colcon_core.plugin_system:Skipping extension 'colcon_core.shell.bat': Not used on non-Windows systems
[1.035s] INFO:colcon.colcon_core.shell:Skip shell extension 'powershell' for command environment: Not usable outside of PowerShell
[1.035s] DEBUG:colcon.colcon_core.shell:Skip shell extension 'dsv' for command environment
[1.097s] DEBUG:colcon.colcon_core.event_handler.log_command:Invoking command in '/Users/brodie/ros2_truckplatoon/build/message': CMAKE_PREFIX_PATH=${CMAKE_PREFIX_PATH}:/Users/brodie/my_workspace/install/my_package SHLVL=2 _=/usr/bin/env /usr/local/bin/cmake --build /Users/brodie/ros2_truckplatoon/build/message -- -j8 -l8
[1.532s] DEBUG:colcon.colcon_core.event_handler.log_command:Invoked command in '/Users/brodie/ros2_truckplatoon/build/message' returned '0': CMAKE_PREFIX_PATH=${CMAKE_PREFIX_PATH}:/Users/brodie/my_workspace/install/my_package SHLVL=2 _=/usr/bin/env /usr/local/bin/cmake --build /Users/brodie/ros2_truckplatoon/build/message -- -j8 -l8
[1.724s] DEBUG:colcon.colcon_core.event_handler.log_command:Invoking command in '/Users/brodie/ros2_truckplatoon/build/message': CMAKE_PREFIX_PATH=${CMAKE_PREFIX_PATH}:/Users/brodie/my_workspace/install/my_package SHLVL=2 _=/usr/bin/env /usr/local/bin/cmake --install /Users/brodie/ros2_truckplatoon/build/message
[2.072s] Level 1:colcon.colcon_core.environment:create_environment_scripts_only(message)
[2.081s] DEBUG:colcon.colcon_core.event_handler.log_command:Invoked command in '/Users/brodie/ros2_truckplatoon/build/message' returned '0': CMAKE_PREFIX_PATH=${CMAKE_PREFIX_PATH}:/Users/brodie/my_workspace/install/my_package SHLVL=2 _=/usr/bin/env /usr/local/bin/cmake --install /Users/brodie/ros2_truckplatoon/build/message
[2.088s] Level 1:colcon.colcon_core.environment:checking '/Users/brodie/ros2_truckplatoon/install/message' for CMake module files
[2.089s] Level 1:colcon.colcon_core.environment:checking '/Users/brodie/ros2_truckplatoon/install/message' for CMake config files
[2.090s] Level 1:colcon.colcon_core.shell:create_environment_hook('message', 'cmake_prefix_path')
[2.098s] INFO:colcon.colcon_core.shell:Creating environment hook '/Users/brodie/ros2_truckplatoon/install/message/share/message/hook/cmake_prefix_path.ps1'
[2.099s] INFO:colcon.colcon_core.shell:Creating environment descriptor '/Users/brodie/ros2_truckplatoon/install/message/share/message/hook/cmake_prefix_path.dsv'
[2.099s] INFO:colcon.colcon_core.shell:Creating environment hook '/Users/brodie/ros2_truckplatoon/install/message/share/message/hook/cmake_prefix_path.sh'
[2.100s] Level 1:colcon.colcon_core.environment:checking '/Users/brodie/ros2_truckplatoon/install/message/lib'
[2.100s] Level 1:colcon.colcon_core.shell:create_environment_hook('message', 'dyld_library_path')
[2.108s] INFO:colcon.colcon_core.shell:Creating environment hook '/Users/brodie/ros2_truckplatoon/install/message/share/message/hook/dyld_library_path.ps1'
[2.109s] INFO:colcon.colcon_core.shell:Creating environment descriptor '/Users/brodie/ros2_truckplatoon/install/message/share/message/hook/dyld_library_path.dsv'
[2.109s] INFO:colcon.colcon_core.shell:Creating environment hook '/Users/brodie/ros2_truckplatoon/install/message/share/message/hook/dyld_library_path.sh'
[2.110s] Level 1:colcon.colcon_core.environment:checking '/Users/brodie/ros2_truckplatoon/install/message/bin'
[2.110s] Level 1:colcon.colcon_core.environment:checking '/Users/brodie/ros2_truckplatoon/install/message/lib/pkgconfig/message.pc'
[2.110s] Level 1:colcon.colcon_core.environment:checking '/Users/brodie/ros2_truckplatoon/install/message/lib/python3.9/site-packages'
[2.110s] Level 1:colcon.colcon_core.shell:create_environment_hook('message', 'pythonpath')
[2.118s] INFO:colcon.colcon_core.shell:Creating environment hook '/Users/brodie/ros2_truckplatoon/install/message/share/message/hook/pythonpath.ps1'
[2.118s] INFO:colcon.colcon_core.shell:Creating environment descriptor '/Users/brodie/ros2_truckplatoon/install/message/share/message/hook/pythonpath.dsv'
[2.119s] INFO:colcon.colcon_core.shell:Creating environment hook '/Users/brodie/ros2_truckplatoon/install/message/share/message/hook/pythonpath.sh'
[2.120s] Level 1:colcon.colcon_core.environment:checking '/Users/brodie/ros2_truckplatoon/install/message/bin'
[2.128s] INFO:colcon.colcon_core.shell:Creating package script '/Users/brodie/ros2_truckplatoon/install/message/share/message/package.ps1'
[2.129s] INFO:colcon.colcon_core.shell:Creating package descriptor '/Users/brodie/ros2_truckplatoon/install/message/share/message/package.dsv'
[2.129s] INFO:colcon.colcon_core.shell:Creating package script '/Users/brodie/ros2_truckplatoon/install/message/share/message/package.sh'
[2.130s] INFO:colcon.colcon_core.shell:Creating package script '/Users/brodie/ros2_truckplatoon/install/message/share/message/package.bash'
[2.131s] INFO:colcon.colcon_core.shell:Creating package script '/Users/brodie/ros2_truckplatoon/install/message/share/message/package.zsh'
[2.132s] Level 1:colcon.colcon_core.environment:create_file_with_runtime_dependencies(/Users/brodie/ros2_truckplatoon/install/message/share/colcon-core/packages/message)
[2.316s] Level 1:colcon.colcon_core.environment:create_environment_scripts_only(message)
[2.325s] Level 1:colcon.colcon_core.environment:checking '/Users/brodie/ros2_truckplatoon/install/message' for CMake module files
[2.327s] Level 1:colcon.colcon_core.environment:checking '/Users/brodie/ros2_truckplatoon/install/message' for CMake config files
[2.327s] Level 1:colcon.colcon_core.shell:create_environment_hook('message', 'cmake_prefix_path')
[2.335s] INFO:colcon.colcon_core.shell:Creating environment hook '/Users/brodie/ros2_truckplatoon/install/message/share/message/hook/cmake_prefix_path.ps1'
[2.336s] INFO:colcon.colcon_core.shell:Creating environment descriptor '/Users/brodie/ros2_truckplatoon/install/message/share/message/hook/cmake_prefix_path.dsv'
[2.337s] INFO:colcon.colcon_core.shell:Creating environment hook '/Users/brodie/ros2_truckplatoon/install/message/share/message/hook/cmake_prefix_path.sh'
[2.338s] Level 1:colcon.colcon_core.environment:checking '/Users/brodie/ros2_truckplatoon/install/message/lib'
[2.338s] Level 1:colcon.colcon_core.shell:create_environment_hook('message', 'dyld_library_path')
[2.346s] INFO:colcon.colcon_core.shell:Creating environment hook '/Users/brodie/ros2_truckplatoon/install/message/share/message/hook/dyld_library_path.ps1'
[2.347s] INFO:colcon.colcon_core.shell:Creating environment descriptor '/Users/brodie/ros2_truckplatoon/install/message/share/message/hook/dyld_library_path.dsv'
[2.347s] INFO:colcon.colcon_core.shell:Creating environment hook '/Users/brodie/ros2_truckplatoon/install/message/share/message/hook/dyld_library_path.sh'
[2.348s] Level 1:colcon.colcon_core.environment:checking '/Users/brodie/ros2_truckplatoon/install/message/bin'
[2.348s] Level 1:colcon.colcon_core.environment:checking '/Users/brodie/ros2_truckplatoon/install/message/lib/pkgconfig/message.pc'
[2.348s] Level 1:colcon.colcon_core.environment:checking '/Users/brodie/ros2_truckplatoon/install/message/lib/python3.9/site-packages'
[2.348s] Level 1:colcon.colcon_core.shell:create_environment_hook('message', 'pythonpath')
[2.357s] INFO:colcon.colcon_core.shell:Creating environment hook '/Users/brodie/ros2_truckplatoon/install/message/share/message/hook/pythonpath.ps1'
[2.358s] INFO:colcon.colcon_core.shell:Creating environment descriptor '/Users/brodie/ros2_truckplatoon/install/message/share/message/hook/pythonpath.dsv'
[2.358s] INFO:colcon.colcon_core.shell:Creating environment hook '/Users/brodie/ros2_truckplatoon/install/message/share/message/hook/pythonpath.sh'
[2.359s] Level 1:colcon.colcon_core.environment:checking '/Users/brodie/ros2_truckplatoon/install/message/bin'
[2.367s] INFO:colcon.colcon_core.shell:Creating package script '/Users/brodie/ros2_truckplatoon/install/message/share/message/package.ps1'
[2.368s] INFO:colcon.colcon_core.shell:Creating package descriptor '/Users/brodie/ros2_truckplatoon/install/message/share/message/package.dsv'
[2.368s] INFO:colcon.colcon_core.shell:Creating package script '/Users/brodie/ros2_truckplatoon/install/message/share/message/package.sh'
[2.369s] INFO:colcon.colcon_core.shell:Creating package script '/Users/brodie/ros2_truckplatoon/install/message/share/message/package.bash'
[2.369s] INFO:colcon.colcon_core.shell:Creating package script '/Users/brodie/ros2_truckplatoon/install/message/share/message/package.zsh'
[2.370s] Level 1:colcon.colcon_core.environment:create_file_with_runtime_dependencies(/Users/brodie/ros2_truckplatoon/install/message/share/colcon-core/packages/message)
[2.371s] INFO:colcon.colcon_ros.task.ament_cmake.build:Building ROS package in '/Users/brodie/ros2_truckplatoon/src/truck' with build type 'ament_cmake'
[2.371s] INFO:colcon.colcon_cmake.task.cmake.build:Building CMake package in '/Users/brodie/ros2_truckplatoon/src/truck'
[2.379s] INFO:colcon.colcon_core.shell:Skip shell extension 'powershell' for command environment: Not usable outside of PowerShell
[2.379s] DEBUG:colcon.colcon_core.shell:Skip shell extension 'dsv' for command environment
[2.440s] DEBUG:colcon.colcon_core.event_handler.log_command:Invoking command in '/Users/brodie/ros2_truckplatoon/build/truck': CMAKE_PREFIX_PATH=${CMAKE_PREFIX_PATH}:/Users/brodie/my_workspace/install/my_package SHLVL=2 _=/usr/bin/env /usr/local/bin/cmake --build /Users/brodie/ros2_truckplatoon/build/truck -- -j8 -l8
[4.705s] DEBUG:colcon.colcon_core.event_handler.log_command:Invoked command in '/Users/brodie/ros2_truckplatoon/build/truck' returned '0': CMAKE_PREFIX_PATH=${CMAKE_PREFIX_PATH}:/Users/brodie/my_workspace/install/my_package SHLVL=2 _=/usr/bin/env /usr/local/bin/cmake --build /Users/brodie/ros2_truckplatoon/build/truck -- -j8 -l8
[4.804s] DEBUG:colcon.colcon_core.event_handler.log_command:Invoking command in '/Users/brodie/ros2_truckplatoon/build/truck': CMAKE_PREFIX_PATH=${CMAKE_PREFIX_PATH}:/Users/brodie/my_workspace/install/my_package SHLVL=2 _=/usr/bin/env /usr/local/bin/cmake --install /Users/brodie/ros2_truckplatoon/build/truck
[4.860s] Level 1:colcon.colcon_core.environment:create_environment_scripts_only(truck)
[4.870s] Level 1:colcon.colcon_core.environment:checking '/Users/brodie/ros2_truckplatoon/install/truck' for CMake module files
[4.871s] DEBUG:colcon.colcon_core.event_handler.log_command:Invoked command in '/Users/brodie/ros2_truckplatoon/build/truck' returned '0': CMAKE_PREFIX_PATH=${CMAKE_PREFIX_PATH}:/Users/brodie/my_workspace/install/my_package SHLVL=2 _=/usr/bin/env /usr/local/bin/cmake --install /Users/brodie/ros2_truckplatoon/build/truck
[4.872s] Level 1:colcon.colcon_core.environment:checking '/Users/brodie/ros2_truckplatoon/install/truck' for CMake config files
[4.872s] Level 1:colcon.colcon_core.shell:create_environment_hook('truck', 'cmake_prefix_path')
[4.880s] INFO:colcon.colcon_core.shell:Creating environment hook '/Users/brodie/ros2_truckplatoon/install/truck/share/truck/hook/cmake_prefix_path.ps1'
[4.881s] INFO:colcon.colcon_core.shell:Creating environment descriptor '/Users/brodie/ros2_truckplatoon/install/truck/share/truck/hook/cmake_prefix_path.dsv'
[4.881s] INFO:colcon.colcon_core.shell:Creating environment hook '/Users/brodie/ros2_truckplatoon/install/truck/share/truck/hook/cmake_prefix_path.sh'
[4.882s] Level 1:colcon.colcon_core.environment:checking '/Users/brodie/ros2_truckplatoon/install/truck/lib'
[4.882s] Level 1:colcon.colcon_core.environment:checking '/Users/brodie/ros2_truckplatoon/install/truck/bin'
[4.882s] Level 1:colcon.colcon_core.environment:checking '/Users/brodie/ros2_truckplatoon/install/truck/lib/pkgconfig/truck.pc'
[4.882s] Level 1:colcon.colcon_core.environment:checking '/Users/brodie/ros2_truckplatoon/install/truck/lib/python3.9/site-packages'
[4.883s] Level 1:colcon.colcon_core.environment:checking '/Users/brodie/ros2_truckplatoon/install/truck/bin'
[4.891s] INFO:colcon.colcon_core.shell:Creating package script '/Users/brodie/ros2_truckplatoon/install/truck/share/truck/package.ps1'
[4.891s] INFO:colcon.colcon_core.shell:Creating package descriptor '/Users/brodie/ros2_truckplatoon/install/truck/share/truck/package.dsv'
[4.892s] INFO:colcon.colcon_core.shell:Creating package script '/Users/brodie/ros2_truckplatoon/install/truck/share/truck/package.sh'
[4.892s] INFO:colcon.colcon_core.shell:Creating package script '/Users/brodie/ros2_truckplatoon/install/truck/share/truck/package.bash'
[4.893s] INFO:colcon.colcon_core.shell:Creating package script '/Users/brodie/ros2_truckplatoon/install/truck/share/truck/package.zsh'
[4.893s] Level 1:colcon.colcon_core.environment:create_file_with_runtime_dependencies(/Users/brodie/ros2_truckplatoon/install/truck/share/colcon-core/packages/truck)
[4.995s] Level 1:colcon.colcon_core.environment:create_environment_scripts_only(truck)
[5.005s] Level 1:colcon.colcon_core.environment:checking '/Users/brodie/ros2_truckplatoon/install/truck' for CMake module files
[5.006s] Level 1:colcon.colcon_core.environment:checking '/Users/brodie/ros2_truckplatoon/install/truck' for CMake config files
[5.006s] Level 1:colcon.colcon_core.shell:create_environment_hook('truck', 'cmake_prefix_path')
[5.014s] INFO:colcon.colcon_core.shell:Creating environment hook '/Users/brodie/ros2_truckplatoon/install/truck/share/truck/hook/cmake_prefix_path.ps1'
[5.015s] INFO:colcon.colcon_core.shell:Creating environment descriptor '/Users/brodie/ros2_truckplatoon/install/truck/share/truck/hook/cmake_prefix_path.dsv'
[5.015s] INFO:colcon.colcon_core.shell:Creating environment hook '/Users/brodie/ros2_truckplatoon/install/truck/share/truck/hook/cmake_prefix_path.sh'
[5.016s] Level 1:colcon.colcon_core.environment:checking '/Users/brodie/ros2_truckplatoon/install/truck/lib'
[5.016s] Level 1:colcon.colcon_core.environment:checking '/Users/brodie/ros2_truckplatoon/install/truck/bin'
[5.016s] Level 1:colcon.colcon_core.environment:checking '/Users/brodie/ros2_truckplatoon/install/truck/lib/pkgconfig/truck.pc'
[5.017s] Level 1:colcon.colcon_core.environment:checking '/Users/brodie/ros2_truckplatoon/install/truck/lib/python3.9/site-packages'
[5.017s] Level 1:colcon.colcon_core.environment:checking '/Users/brodie/ros2_truckplatoon/install/truck/bin'
[5.025s] INFO:colcon.colcon_core.shell:Creating package script '/Users/brodie/ros2_truckplatoon/install/truck/share/truck/package.ps1'
[5.026s] INFO:colcon.colcon_core.shell:Creating package descriptor '/Users/brodie/ros2_truckplatoon/install/truck/share/truck/package.dsv'
[5.027s] INFO:colcon.colcon_core.shell:Creating package script '/Users/brodie/ros2_truckplatoon/install/truck/share/truck/package.sh'
[5.027s] INFO:colcon.colcon_core.shell:Creating package script '/Users/brodie/ros2_truckplatoon/install/truck/share/truck/package.bash'
[5.028s] INFO:colcon.colcon_core.shell:Creating package script '/Users/brodie/ros2_truckplatoon/install/truck/share/truck/package.zsh'
[5.028s] Level 1:colcon.colcon_core.environment:create_file_with_runtime_dependencies(/Users/brodie/ros2_truckplatoon/install/truck/share/colcon-core/packages/truck)
[5.029s] DEBUG:colcon.colcon_parallel_executor.executor.parallel:closing loop
[5.029s] DEBUG:colcon.colcon_parallel_executor.executor.parallel:loop closed
[5.029s] DEBUG:colcon.colcon_parallel_executor.executor.parallel:run_until_complete finished with '0'
[5.029s] DEBUG:colcon.colcon_core.event_reactor:joining thread
[5.039s] INFO:colcon.colcon_core.plugin_system:Skipping extension 'colcon_notification.desktop_notification.notify2': 'notify2' not found
[5.040s] INFO:colcon.colcon_core.plugin_system:Skipping extension 'colcon_notification.desktop_notification.notify_send': Not used on non-Linux systems
[5.040s] INFO:colcon.colcon_core.plugin_system:Skipping extension 'colcon_notification.desktop_notification.win32': Not used on non-Windows systems
[5.040s] INFO:colcon.colcon_notification.desktop_notification:Sending desktop notification using 'terminal_notifier'
[5.082s] DEBUG:colcon.colcon_core.event_reactor:joined thread
[5.095s] INFO:colcon.colcon_core.shell:Creating prefix script '/Users/brodie/ros2_truckplatoon/install/local_setup.ps1'
[5.096s] INFO:colcon.colcon_core.shell:Creating prefix util module '/Users/brodie/ros2_truckplatoon/install/_local_setup_util_ps1.py'
[5.098s] INFO:colcon.colcon_core.shell:Creating prefix chain script '/Users/brodie/ros2_truckplatoon/install/setup.ps1'
[5.107s] INFO:colcon.colcon_core.shell:Creating prefix script '/Users/brodie/ros2_truckplatoon/install/local_setup.sh'
[5.108s] INFO:colcon.colcon_core.shell:Creating prefix util module '/Users/brodie/ros2_truckplatoon/install/_local_setup_util_sh.py'
[5.108s] INFO:colcon.colcon_core.shell:Creating prefix chain script '/Users/brodie/ros2_truckplatoon/install/setup.sh'
[5.119s] INFO:colcon.colcon_core.shell:Creating prefix script '/Users/brodie/ros2_truckplatoon/install/local_setup.bash'
[5.120s] INFO:colcon.colcon_core.shell:Creating prefix chain script '/Users/brodie/ros2_truckplatoon/install/setup.bash'
[5.132s] INFO:colcon.colcon_core.shell:Creating prefix script '/Users/brodie/ros2_truckplatoon/install/local_setup.zsh'
[5.133s] INFO:colcon.colcon_core.shell:Creating prefix chain script '/Users/brodie/ros2_truckplatoon/install/setup.zsh'
