[0.818s] DEBUG:colcon:Command line arguments: ['/Library/Frameworks/Python.framework/Versions/3.9/bin/colcon', 'build']
[0.819s] DEBUG:colcon:Parsed command line arguments: Namespace(log_base=None, log_level=None, verb_name='build', build_base='build', install_base='install', merge_install=False, symlink_install=False, test_result_base=None, continue_on_error=False, executor='parallel', parallel_workers=8, event_handlers=None, ignore_user_meta=False, metas=['./colcon.meta'], base_paths=['.'], packages_ignore=None, packages_ignore_regex=None, paths=None, packages_up_to=None, packages_up_to_regex=None, packages_above=None, packages_above_and_dependencies=None, packages_above_depth=None, packages_select_by_dep=None, packages_skip_by_dep=None, packages_skip_up_to=None, packages_select_build_failed=False, packages_skip_build_finished=False, packages_select_test_failures=False, packages_skip_test_passed=False, packages_select=None, packages_skip=None, packages_select_regex=None, packages_skip_regex=None, packages_start=None, packages_end=None, cmake_args=None, cmake_target=None, cmake_target_skip_unavailable=False, cmake_clean_cache=False, cmake_clean_first=False, cmake_force_configure=False, ament_cmake_args=None, catkin_cmake_args=None, catkin_skip_building_tests=False, verb_parser=<colcon_defaults.argument_parser.defaults.DefaultArgumentsDecorator object at 0x7febbef85b20>, verb_extension=<colcon_core.verb.build.BuildVerb object at 0x7febbeee8fa0>, main=<bound method BuildVerb.main of <colcon_core.verb.build.BuildVerb object at 0x7febbeee8fa0>>)
[0.899s] Level 1:colcon.colcon_core.package_discovery:discover_packages(colcon_meta) check parameters
[0.899s] Level 1:colcon.colcon_core.package_discovery:discover_packages(recursive) check parameters
[0.899s] Level 1:colcon.colcon_core.package_discovery:discover_packages(ignore) check parameters
[0.899s] Level 1:colcon.colcon_core.package_discovery:discover_packages(path) check parameters
[0.899s] Level 1:colcon.colcon_core.package_discovery:discover_packages(colcon_meta) discover
[0.899s] Level 1:colcon.colcon_core.package_discovery:discover_packages(recursive) discover
[0.899s] INFO:colcon.colcon_core.package_discovery:Crawling recursively for packages in '/Users/brodie/ros2_truckplatoon'
[0.899s] Level 1:colcon.colcon_core.package_identification:_identify(.) by extensions ['ignore', 'ignore_ament_install']
[0.900s] Level 1:colcon.colcon_core.package_identification:_identify(.) by extension 'ignore'
[0.900s] Level 1:colcon.colcon_core.package_identification:_identify(.) by extension 'ignore_ament_install'
[0.900s] Level 1:colcon.colcon_core.package_identification:_identify(.) by extensions ['colcon_pkg']
[0.900s] Level 1:colcon.colcon_core.package_identification:_identify(.) by extension 'colcon_pkg'
[0.900s] Level 1:colcon.colcon_core.package_identification:_identify(.) by extensions ['colcon_meta']
[0.900s] Level 1:colcon.colcon_core.package_identification:_identify(.) by extension 'colcon_meta'
[0.900s] Level 1:colcon.colcon_core.package_identification:_identify(.) by extensions ['ros']
[0.900s] Level 1:colcon.colcon_core.package_identification:_identify(.) by extension 'ros'
[0.917s] Level 1:colcon.colcon_core.package_identification:_identify(.) by extensions ['cmake', 'python']
[0.917s] Level 1:colcon.colcon_core.package_identification:_identify(.) by extension 'cmake'
[0.917s] Level 1:colcon.colcon_core.package_identification:_identify(.) by extension 'python'
[0.917s] Level 1:colcon.colcon_core.package_identification:_identify(.) by extensions ['python_setup_py']
[0.917s] Level 1:colcon.colcon_core.package_identification:_identify(.) by extension 'python_setup_py'
[0.917s] Level 1:colcon.colcon_core.package_identification:_identify(build) by extensions ['ignore', 'ignore_ament_install']
[0.917s] Level 1:colcon.colcon_core.package_identification:_identify(build) by extension 'ignore'
[0.917s] Level 1:colcon.colcon_core.package_identification:_identify(build) ignored
[0.917s] Level 1:colcon.colcon_core.package_identification:_identify(install) by extensions ['ignore', 'ignore_ament_install']
[0.918s] Level 1:colcon.colcon_core.package_identification:_identify(install) by extension 'ignore'
[0.918s] Level 1:colcon.colcon_core.package_identification:_identify(install) ignored
[0.918s] Level 1:colcon.colcon_core.package_identification:_identify(log) by extensions ['ignore', 'ignore_ament_install']
[0.918s] Level 1:colcon.colcon_core.package_identification:_identify(log) by extension 'ignore'
[0.918s] Level 1:colcon.colcon_core.package_identification:_identify(log) ignored
[0.918s] Level 1:colcon.colcon_core.package_identification:_identify(src) by extensions ['ignore', 'ignore_ament_install']
[0.918s] Level 1:colcon.colcon_core.package_identification:_identify(src) by extension 'ignore'
[0.918s] Level 1:colcon.colcon_core.package_identification:_identify(src) by extension 'ignore_ament_install'
[0.918s] Level 1:colcon.colcon_core.package_identification:_identify(src) by extensions ['colcon_pkg']
[0.919s] Level 1:colcon.colcon_core.package_identification:_identify(src) by extension 'colcon_pkg'
[0.919s] Level 1:colcon.colcon_core.package_identification:_identify(src) by extensions ['colcon_meta']
[0.919s] Level 1:colcon.colcon_core.package_identification:_identify(src) by extension 'colcon_meta'
[0.919s] Level 1:colcon.colcon_core.package_identification:_identify(src) by extensions ['ros']
[0.919s] Level 1:colcon.colcon_core.package_identification:_identify(src) by extension 'ros'
[0.919s] Level 1:colcon.colcon_core.package_identification:_identify(src) by extensions ['cmake', 'python']
[0.919s] Level 1:colcon.colcon_core.package_identification:_identify(src) by extension 'cmake'
[0.919s] Level 1:colcon.colcon_core.package_identification:_identify(src) by extension 'python'
[0.919s] Level 1:colcon.colcon_core.package_identification:_identify(src) by extensions ['python_setup_py']
[0.919s] Level 1:colcon.colcon_core.package_identification:_identify(src) by extension 'python_setup_py'
[0.919s] Level 1:colcon.colcon_core.package_identification:_identify(src/message) by extensions ['ignore', 'ignore_ament_install']
[0.919s] Level 1:colcon.colcon_core.package_identification:_identify(src/message) by extension 'ignore'
[0.919s] Level 1:colcon.colcon_core.package_identification:_identify(src/message) by extension 'ignore_ament_install'
[0.919s] Level 1:colcon.colcon_core.package_identification:_identify(src/message) by extensions ['colcon_pkg']
[0.919s] Level 1:colcon.colcon_core.package_identification:_identify(src/message) by extension 'colcon_pkg'
[0.919s] Level 1:colcon.colcon_core.package_identification:_identify(src/message) by extensions ['colcon_meta']
[0.919s] Level 1:colcon.colcon_core.package_identification:_identify(src/message) by extension 'colcon_meta'
[0.920s] Level 1:colcon.colcon_core.package_identification:_identify(src/message) by extensions ['ros']
[0.920s] Level 1:colcon.colcon_core.package_identification:_identify(src/message) by extension 'ros'
[0.922s] DEBUG:colcon.colcon_core.package_identification:Package 'src/message' with type 'ros.ament_cmake' and name 'message'
[0.922s] Level 1:colcon.colcon_core.package_identification:_identify(src/truck) by extensions ['ignore', 'ignore_ament_install']
[0.922s] Level 1:colcon.colcon_core.package_identification:_identify(src/truck) by extension 'ignore'
[0.922s] Level 1:colcon.colcon_core.package_identification:_identify(src/truck) by extension 'ignore_ament_install'
[0.923s] Level 1:colcon.colcon_core.package_identification:_identify(src/truck) by extensions ['colcon_pkg']
[0.923s] Level 1:colcon.colcon_core.package_identification:_identify(src/truck) by extension 'colcon_pkg'
[0.923s] Level 1:colcon.colcon_core.package_identification:_identify(src/truck) by extensions ['colcon_meta']
[0.923s] Level 1:colcon.colcon_core.package_identification:_identify(src/truck) by extension 'colcon_meta'
[0.923s] Level 1:colcon.colcon_core.package_identification:_identify(src/truck) by extensions ['ros']
[0.923s] Level 1:colcon.colcon_core.package_identification:_identify(src/truck) by extension 'ros'
[0.923s] DEBUG:colcon.colcon_core.package_identification:Package 'src/truck' with type 'ros.ament_cmake' and name 'truck'
[0.923s] Level 1:colcon.colcon_core.package_discovery:discover_packages(recursive) using defaults
[0.923s] Level 1:colcon.colcon_core.package_discovery:discover_packages(ignore) discover
[0.923s] Level 1:colcon.colcon_core.package_discovery:discover_packages(ignore) using defaults
[0.924s] Level 1:colcon.colcon_core.package_discovery:discover_packages(path) discover
[0.924s] Level 1:colcon.colcon_core.package_discovery:discover_packages(path) using defaults
[0.979s] Level 5:colcon.colcon_core.verb:set package 'message' build argument 'cmake_args' from command line to 'None'
[0.980s] Level 5:colcon.colcon_core.verb:set package 'message' build argument 'cmake_target' from command line to 'None'
[0.980s] Level 5:colcon.colcon_core.verb:set package 'message' build argument 'cmake_target_skip_unavailable' from command line to 'False'
[0.980s] Level 5:colcon.colcon_core.verb:set package 'message' build argument 'cmake_clean_cache' from command line to 'False'
[0.980s] Level 5:colcon.colcon_core.verb:set package 'message' build argument 'cmake_clean_first' from command line to 'False'
[0.980s] Level 5:colcon.colcon_core.verb:set package 'message' build argument 'cmake_force_configure' from command line to 'False'
[0.980s] Level 5:colcon.colcon_core.verb:set package 'message' build argument 'ament_cmake_args' from command line to 'None'
[0.980s] Level 5:colcon.colcon_core.verb:set package 'message' build argument 'catkin_cmake_args' from command line to 'None'
[0.980s] Level 5:colcon.colcon_core.verb:set package 'message' build argument 'catkin_skip_building_tests' from command line to 'False'
[0.980s] DEBUG:colcon.colcon_core.verb:Building package 'message' with the following arguments: {'ament_cmake_args': None, 'build_base': '/Users/brodie/ros2_truckplatoon/build/message', 'catkin_cmake_args': None, 'catkin_skip_building_tests': False, 'cmake_args': None, 'cmake_clean_cache': False, 'cmake_clean_first': False, 'cmake_force_configure': False, 'cmake_target': None, 'cmake_target_skip_unavailable': False, 'install_base': '/Users/brodie/ros2_truckplatoon/install/message', 'merge_install': False, 'path': '/Users/brodie/ros2_truckplatoon/src/message', 'symlink_install': False, 'test_result_base': None}
[0.991s] Level 5:colcon.colcon_core.verb:set package 'truck' build argument 'cmake_args' from command line to 'None'
[0.991s] Level 5:colcon.colcon_core.verb:set package 'truck' build argument 'cmake_target' from command line to 'None'
[0.992s] Level 5:colcon.colcon_core.verb:set package 'truck' build argument 'cmake_target_skip_unavailable' from command line to 'False'
[0.992s] Level 5:colcon.colcon_core.verb:set package 'truck' build argument 'cmake_clean_cache' from command line to 'False'
[0.992s] Level 5:colcon.colcon_core.verb:set package 'truck' build argument 'cmake_clean_first' from command line to 'False'
[0.992s] Level 5:colcon.colcon_core.verb:set package 'truck' build argument 'cmake_force_configure' from command line to 'False'
[0.992s] Level 5:colcon.colcon_core.verb:set package 'truck' build argument 'ament_cmake_args' from command line to 'None'
[0.992s] Level 5:colcon.colcon_core.verb:set package 'truck' build argument 'catkin_cmake_args' from command line to 'None'
[0.992s] Level 5:colcon.colcon_core.verb:set package 'truck' build argument 'catkin_skip_building_tests' from command line to 'False'
[0.992s] DEBUG:colcon.colcon_core.verb:Building package 'truck' with the following arguments: {'ament_cmake_args': None, 'build_base': '/Users/brodie/ros2_truckplatoon/build/truck', 'catkin_cmake_args': None, 'catkin_skip_building_tests': False, 'cmake_args': None, 'cmake_clean_cache': False, 'cmake_clean_first': False, 'cmake_force_configure': False, 'cmake_target': None, 'cmake_target_skip_unavailable': False, 'install_base': '/Users/brodie/ros2_truckplatoon/install/truck', 'merge_install': False, 'path': '/Users/brodie/ros2_truckplatoon/src/truck', 'symlink_install': False, 'test_result_base': None}
[0.995s] INFO:colcon.colcon_core.executor:Executing jobs using 'parallel' executor
[1.014s] DEBUG:colcon.colcon_parallel_executor.executor.parallel:run_until_complete
[1.015s] INFO:colcon.colcon_ros.task.ament_cmake.build:Building ROS package in '/Users/brodie/ros2_truckplatoon/src/message' with build type 'ament_cmake'
[1.015s] INFO:colcon.colcon_cmake.task.cmake.build:Building CMake package in '/Users/brodie/ros2_truckplatoon/src/message'
[1.046s] INFO:colcon.colcon_core.plugin_system:Skipping extension 'colcon_core.shell.bat': Not used on non-Windows systems
[1.047s] INFO:colcon.colcon_core.shell:Skip shell extension 'powershell' for command environment: Not usable outside of PowerShell
[1.047s] DEBUG:colcon.colcon_core.shell:Skip shell extension 'dsv' for command environment
[1.102s] DEBUG:colcon.colcon_core.event_handler.log_command:Invoking command in '/Users/brodie/ros2_truckplatoon/build/message': CMAKE_PREFIX_PATH=${CMAKE_PREFIX_PATH}:/Users/brodie/my_workspace/install/my_package SHLVL=2 _=/usr/bin/env /usr/local/bin/cmake --build /Users/brodie/ros2_truckplatoon/build/message -- -j8 -l8
[1.442s] DEBUG:colcon.colcon_core.event_handler.log_command:Invoked command in '/Users/brodie/ros2_truckplatoon/build/message' returned '0': CMAKE_PREFIX_PATH=${CMAKE_PREFIX_PATH}:/Users/brodie/my_workspace/install/my_package SHLVL=2 _=/usr/bin/env /usr/local/bin/cmake --build /Users/brodie/ros2_truckplatoon/build/message -- -j8 -l8
[1.638s] DEBUG:colcon.colcon_core.event_handler.log_command:Invoking command in '/Users/brodie/ros2_truckplatoon/build/message': CMAKE_PREFIX_PATH=${CMAKE_PREFIX_PATH}:/Users/brodie/my_workspace/install/my_package SHLVL=2 _=/usr/bin/env /usr/local/bin/cmake --install /Users/brodie/ros2_truckplatoon/build/message
[2.018s] Level 1:colcon.colcon_core.environment:create_environment_scripts_only(message)
[2.032s] DEBUG:colcon.colcon_core.event_handler.log_command:Invoked command in '/Users/brodie/ros2_truckplatoon/build/message' returned '0': CMAKE_PREFIX_PATH=${CMAKE_PREFIX_PATH}:/Users/brodie/my_workspace/install/my_package SHLVL=2 _=/usr/bin/env /usr/local/bin/cmake --install /Users/brodie/ros2_truckplatoon/build/message
[2.035s] Level 1:colcon.colcon_core.environment:checking '/Users/brodie/ros2_truckplatoon/install/message' for CMake module files
[2.036s] Level 1:colcon.colcon_core.environment:checking '/Users/brodie/ros2_truckplatoon/install/message' for CMake config files
[2.037s] Level 1:colcon.colcon_core.shell:create_environment_hook('message', 'cmake_prefix_path')
[2.045s] INFO:colcon.colcon_core.shell:Creating environment hook '/Users/brodie/ros2_truckplatoon/install/message/share/message/hook/cmake_prefix_path.ps1'
[2.046s] INFO:colcon.colcon_core.shell:Creating environment descriptor '/Users/brodie/ros2_truckplatoon/install/message/share/message/hook/cmake_prefix_path.dsv'
[2.046s] INFO:colcon.colcon_core.shell:Creating environment hook '/Users/brodie/ros2_truckplatoon/install/message/share/message/hook/cmake_prefix_path.sh'
[2.047s] Level 1:colcon.colcon_core.environment:checking '/Users/brodie/ros2_truckplatoon/install/message/lib'
[2.048s] Level 1:colcon.colcon_core.shell:create_environment_hook('message', 'dyld_library_path')
[2.056s] INFO:colcon.colcon_core.shell:Creating environment hook '/Users/brodie/ros2_truckplatoon/install/message/share/message/hook/dyld_library_path.ps1'
[2.056s] INFO:colcon.colcon_core.shell:Creating environment descriptor '/Users/brodie/ros2_truckplatoon/install/message/share/message/hook/dyld_library_path.dsv'
[2.057s] INFO:colcon.colcon_core.shell:Creating environment hook '/Users/brodie/ros2_truckplatoon/install/message/share/message/hook/dyld_library_path.sh'
[2.057s] Level 1:colcon.colcon_core.environment:checking '/Users/brodie/ros2_truckplatoon/install/message/bin'
[2.057s] Level 1:colcon.colcon_core.environment:checking '/Users/brodie/ros2_truckplatoon/install/message/lib/pkgconfig/message.pc'
[2.058s] Level 1:colcon.colcon_core.environment:checking '/Users/brodie/ros2_truckplatoon/install/message/lib/python3.9/site-packages'
[2.058s] Level 1:colcon.colcon_core.shell:create_environment_hook('message', 'pythonpath')
[2.066s] INFO:colcon.colcon_core.shell:Creating environment hook '/Users/brodie/ros2_truckplatoon/install/message/share/message/hook/pythonpath.ps1'
[2.066s] INFO:colcon.colcon_core.shell:Creating environment descriptor '/Users/brodie/ros2_truckplatoon/install/message/share/message/hook/pythonpath.dsv'
[2.067s] INFO:colcon.colcon_core.shell:Creating environment hook '/Users/brodie/ros2_truckplatoon/install/message/share/message/hook/pythonpath.sh'
[2.068s] Level 1:colcon.colcon_core.environment:checking '/Users/brodie/ros2_truckplatoon/install/message/bin'
[2.076s] INFO:colcon.colcon_core.shell:Creating package script '/Users/brodie/ros2_truckplatoon/install/message/share/message/package.ps1'
[2.077s] INFO:colcon.colcon_core.shell:Creating package descriptor '/Users/brodie/ros2_truckplatoon/install/message/share/message/package.dsv'
[2.078s] INFO:colcon.colcon_core.shell:Creating package script '/Users/brodie/ros2_truckplatoon/install/message/share/message/package.sh'
[2.079s] INFO:colcon.colcon_core.shell:Creating package script '/Users/brodie/ros2_truckplatoon/install/message/share/message/package.bash'
[2.080s] INFO:colcon.colcon_core.shell:Creating package script '/Users/brodie/ros2_truckplatoon/install/message/share/message/package.zsh'
[2.081s] Level 1:colcon.colcon_core.environment:create_file_with_runtime_dependencies(/Users/brodie/ros2_truckplatoon/install/message/share/colcon-core/packages/message)
[2.273s] Level 1:colcon.colcon_core.environment:create_environment_scripts_only(message)
[2.283s] Level 1:colcon.colcon_core.environment:checking '/Users/brodie/ros2_truckplatoon/install/message' for CMake module files
[2.284s] Level 1:colcon.colcon_core.environment:checking '/Users/brodie/ros2_truckplatoon/install/message' for CMake config files
[2.285s] Level 1:colcon.colcon_core.shell:create_environment_hook('message', 'cmake_prefix_path')
[2.296s] INFO:colcon.colcon_core.shell:Creating environment hook '/Users/brodie/ros2_truckplatoon/install/message/share/message/hook/cmake_prefix_path.ps1'
[2.297s] INFO:colcon.colcon_core.shell:Creating environment descriptor '/Users/brodie/ros2_truckplatoon/install/message/share/message/hook/cmake_prefix_path.dsv'
[2.298s] INFO:colcon.colcon_core.shell:Creating environment hook '/Users/brodie/ros2_truckplatoon/install/message/share/message/hook/cmake_prefix_path.sh'
[2.299s] Level 1:colcon.colcon_core.environment:checking '/Users/brodie/ros2_truckplatoon/install/message/lib'
[2.299s] Level 1:colcon.colcon_core.shell:create_environment_hook('message', 'dyld_library_path')
[2.310s] INFO:colcon.colcon_core.shell:Creating environment hook '/Users/brodie/ros2_truckplatoon/install/message/share/message/hook/dyld_library_path.ps1'
[2.311s] INFO:colcon.colcon_core.shell:Creating environment descriptor '/Users/brodie/ros2_truckplatoon/install/message/share/message/hook/dyld_library_path.dsv'
[2.312s] INFO:colcon.colcon_core.shell:Creating environment hook '/Users/brodie/ros2_truckplatoon/install/message/share/message/hook/dyld_library_path.sh'
[2.313s] Level 1:colcon.colcon_core.environment:checking '/Users/brodie/ros2_truckplatoon/install/message/bin'
[2.313s] Level 1:colcon.colcon_core.environment:checking '/Users/brodie/ros2_truckplatoon/install/message/lib/pkgconfig/message.pc'
[2.314s] Level 1:colcon.colcon_core.environment:checking '/Users/brodie/ros2_truckplatoon/install/message/lib/python3.9/site-packages'
[2.314s] Level 1:colcon.colcon_core.shell:create_environment_hook('message', 'pythonpath')
[2.329s] INFO:colcon.colcon_core.shell:Creating environment hook '/Users/brodie/ros2_truckplatoon/install/message/share/message/hook/pythonpath.ps1'
[2.330s] INFO:colcon.colcon_core.shell:Creating environment descriptor '/Users/brodie/ros2_truckplatoon/install/message/share/message/hook/pythonpath.dsv'
[2.330s] INFO:colcon.colcon_core.shell:Creating environment hook '/Users/brodie/ros2_truckplatoon/install/message/share/message/hook/pythonpath.sh'
[2.331s] Level 1:colcon.colcon_core.environment:checking '/Users/brodie/ros2_truckplatoon/install/message/bin'
[2.340s] INFO:colcon.colcon_core.shell:Creating package script '/Users/brodie/ros2_truckplatoon/install/message/share/message/package.ps1'
[2.341s] INFO:colcon.colcon_core.shell:Creating package descriptor '/Users/brodie/ros2_truckplatoon/install/message/share/message/package.dsv'
[2.341s] INFO:colcon.colcon_core.shell:Creating package script '/Users/brodie/ros2_truckplatoon/install/message/share/message/package.sh'
[2.342s] INFO:colcon.colcon_core.shell:Creating package script '/Users/brodie/ros2_truckplatoon/install/message/share/message/package.bash'
[2.342s] INFO:colcon.colcon_core.shell:Creating package script '/Users/brodie/ros2_truckplatoon/install/message/share/message/package.zsh'
[2.343s] Level 1:colcon.colcon_core.environment:create_file_with_runtime_dependencies(/Users/brodie/ros2_truckplatoon/install/message/share/colcon-core/packages/message)
[2.344s] INFO:colcon.colcon_ros.task.ament_cmake.build:Building ROS package in '/Users/brodie/ros2_truckplatoon/src/truck' with build type 'ament_cmake'
[2.344s] INFO:colcon.colcon_cmake.task.cmake.build:Building CMake package in '/Users/brodie/ros2_truckplatoon/src/truck'
[2.355s] INFO:colcon.colcon_core.shell:Skip shell extension 'powershell' for command environment: Not usable outside of PowerShell
[2.355s] DEBUG:colcon.colcon_core.shell:Skip shell extension 'dsv' for command environment
[2.417s] DEBUG:colcon.colcon_core.event_handler.log_command:Invoking command in '/Users/brodie/ros2_truckplatoon/build/truck': CMAKE_PREFIX_PATH=${CMAKE_PREFIX_PATH}:/Users/brodie/my_workspace/install/my_package SHLVL=2 _=/usr/bin/env /usr/local/bin/cmake --build /Users/brodie/ros2_truckplatoon/build/truck -- -j8 -l8
[5.527s] DEBUG:colcon.colcon_core.event_handler.log_command:Invoked command in '/Users/brodie/ros2_truckplatoon/build/truck' returned '0': CMAKE_PREFIX_PATH=${CMAKE_PREFIX_PATH}:/Users/brodie/my_workspace/install/my_package SHLVL=2 _=/usr/bin/env /usr/local/bin/cmake --build /Users/brodie/ros2_truckplatoon/build/truck -- -j8 -l8
[5.625s] DEBUG:colcon.colcon_core.event_handler.log_command:Invoking command in '/Users/brodie/ros2_truckplatoon/build/truck': CMAKE_PREFIX_PATH=${CMAKE_PREFIX_PATH}:/Users/brodie/my_workspace/install/my_package SHLVL=2 _=/usr/bin/env /usr/local/bin/cmake --install /Users/brodie/ros2_truckplatoon/build/truck
[5.698s] Level 1:colcon.colcon_core.environment:create_environment_scripts_only(truck)
[5.711s] Level 1:colcon.colcon_core.environment:checking '/Users/brodie/ros2_truckplatoon/install/truck' for CMake module files
[5.712s] DEBUG:colcon.colcon_core.event_handler.log_command:Invoked command in '/Users/brodie/ros2_truckplatoon/build/truck' returned '0': CMAKE_PREFIX_PATH=${CMAKE_PREFIX_PATH}:/Users/brodie/my_workspace/install/my_package SHLVL=2 _=/usr/bin/env /usr/local/bin/cmake --install /Users/brodie/ros2_truckplatoon/build/truck
[5.713s] Level 1:colcon.colcon_core.environment:checking '/Users/brodie/ros2_truckplatoon/install/truck' for CMake config files
[5.713s] Level 1:colcon.colcon_core.shell:create_environment_hook('truck', 'cmake_prefix_path')
[5.721s] INFO:colcon.colcon_core.shell:Creating environment hook '/Users/brodie/ros2_truckplatoon/install/truck/share/truck/hook/cmake_prefix_path.ps1'
[5.722s] INFO:colcon.colcon_core.shell:Creating environment descriptor '/Users/brodie/ros2_truckplatoon/install/truck/share/truck/hook/cmake_prefix_path.dsv'
[5.723s] INFO:colcon.colcon_core.shell:Creating environment hook '/Users/brodie/ros2_truckplatoon/install/truck/share/truck/hook/cmake_prefix_path.sh'
[5.723s] Level 1:colcon.colcon_core.environment:checking '/Users/brodie/ros2_truckplatoon/install/truck/lib'
[5.723s] Level 1:colcon.colcon_core.environment:checking '/Users/brodie/ros2_truckplatoon/install/truck/bin'
[5.723s] Level 1:colcon.colcon_core.environment:checking '/Users/brodie/ros2_truckplatoon/install/truck/lib/pkgconfig/truck.pc'
[5.724s] Level 1:colcon.colcon_core.environment:checking '/Users/brodie/ros2_truckplatoon/install/truck/lib/python3.9/site-packages'
[5.724s] Level 1:colcon.colcon_core.environment:checking '/Users/brodie/ros2_truckplatoon/install/truck/bin'
[5.733s] INFO:colcon.colcon_core.shell:Creating package script '/Users/brodie/ros2_truckplatoon/install/truck/share/truck/package.ps1'
[5.734s] INFO:colcon.colcon_core.shell:Creating package descriptor '/Users/brodie/ros2_truckplatoon/install/truck/share/truck/package.dsv'
[5.734s] INFO:colcon.colcon_core.shell:Creating package script '/Users/brodie/ros2_truckplatoon/install/truck/share/truck/package.sh'
[5.735s] INFO:colcon.colcon_core.shell:Creating package script '/Users/brodie/ros2_truckplatoon/install/truck/share/truck/package.bash'
[5.735s] INFO:colcon.colcon_core.shell:Creating package script '/Users/brodie/ros2_truckplatoon/install/truck/share/truck/package.zsh'
[5.735s] Level 1:colcon.colcon_core.environment:create_file_with_runtime_dependencies(/Users/brodie/ros2_truckplatoon/install/truck/share/colcon-core/packages/truck)
[5.840s] Level 1:colcon.colcon_core.environment:create_environment_scripts_only(truck)
[5.849s] Level 1:colcon.colcon_core.environment:checking '/Users/brodie/ros2_truckplatoon/install/truck' for CMake module files
[5.850s] Level 1:colcon.colcon_core.environment:checking '/Users/brodie/ros2_truckplatoon/install/truck' for CMake config files
[5.850s] Level 1:colcon.colcon_core.shell:create_environment_hook('truck', 'cmake_prefix_path')
[5.859s] INFO:colcon.colcon_core.shell:Creating environment hook '/Users/brodie/ros2_truckplatoon/install/truck/share/truck/hook/cmake_prefix_path.ps1'
[5.860s] INFO:colcon.colcon_core.shell:Creating environment descriptor '/Users/brodie/ros2_truckplatoon/install/truck/share/truck/hook/cmake_prefix_path.dsv'
[5.860s] INFO:colcon.colcon_core.shell:Creating environment hook '/Users/brodie/ros2_truckplatoon/install/truck/share/truck/hook/cmake_prefix_path.sh'
[5.861s] Level 1:colcon.colcon_core.environment:checking '/Users/brodie/ros2_truckplatoon/install/truck/lib'
[5.861s] Level 1:colcon.colcon_core.environment:checking '/Users/brodie/ros2_truckplatoon/install/truck/bin'
[5.861s] Level 1:colcon.colcon_core.environment:checking '/Users/brodie/ros2_truckplatoon/install/truck/lib/pkgconfig/truck.pc'
[5.861s] Level 1:colcon.colcon_core.environment:checking '/Users/brodie/ros2_truckplatoon/install/truck/lib/python3.9/site-packages'
[5.862s] Level 1:colcon.colcon_core.environment:checking '/Users/brodie/ros2_truckplatoon/install/truck/bin'
[5.870s] INFO:colcon.colcon_core.shell:Creating package script '/Users/brodie/ros2_truckplatoon/install/truck/share/truck/package.ps1'
[5.870s] INFO:colcon.colcon_core.shell:Creating package descriptor '/Users/brodie/ros2_truckplatoon/install/truck/share/truck/package.dsv'
[5.871s] INFO:colcon.colcon_core.shell:Creating package script '/Users/brodie/ros2_truckplatoon/install/truck/share/truck/package.sh'
[5.871s] INFO:colcon.colcon_core.shell:Creating package script '/Users/brodie/ros2_truckplatoon/install/truck/share/truck/package.bash'
[5.872s] INFO:colcon.colcon_core.shell:Creating package script '/Users/brodie/ros2_truckplatoon/install/truck/share/truck/package.zsh'
[5.872s] Level 1:colcon.colcon_core.environment:create_file_with_runtime_dependencies(/Users/brodie/ros2_truckplatoon/install/truck/share/colcon-core/packages/truck)
[5.873s] DEBUG:colcon.colcon_parallel_executor.executor.parallel:closing loop
[5.874s] DEBUG:colcon.colcon_parallel_executor.executor.parallel:loop closed
[5.874s] DEBUG:colcon.colcon_parallel_executor.executor.parallel:run_until_complete finished with '0'
[5.874s] DEBUG:colcon.colcon_core.event_reactor:joining thread
[5.883s] INFO:colcon.colcon_core.plugin_system:Skipping extension 'colcon_notification.desktop_notification.notify2': 'notify2' not found
[5.883s] INFO:colcon.colcon_core.plugin_system:Skipping extension 'colcon_notification.desktop_notification.notify_send': Not used on non-Linux systems
[5.884s] INFO:colcon.colcon_core.plugin_system:Skipping extension 'colcon_notification.desktop_notification.win32': Not used on non-Windows systems
[5.884s] INFO:colcon.colcon_notification.desktop_notification:Sending desktop notification using 'terminal_notifier'
[5.933s] DEBUG:colcon.colcon_core.event_reactor:joined thread
[5.949s] INFO:colcon.colcon_core.shell:Creating prefix script '/Users/brodie/ros2_truckplatoon/install/local_setup.ps1'
[5.950s] INFO:colcon.colcon_core.shell:Creating prefix util module '/Users/brodie/ros2_truckplatoon/install/_local_setup_util_ps1.py'
[5.953s] INFO:colcon.colcon_core.shell:Creating prefix chain script '/Users/brodie/ros2_truckplatoon/install/setup.ps1'
[5.962s] INFO:colcon.colcon_core.shell:Creating prefix script '/Users/brodie/ros2_truckplatoon/install/local_setup.sh'
[5.963s] INFO:colcon.colcon_core.shell:Creating prefix util module '/Users/brodie/ros2_truckplatoon/install/_local_setup_util_sh.py'
[5.964s] INFO:colcon.colcon_core.shell:Creating prefix chain script '/Users/brodie/ros2_truckplatoon/install/setup.sh'
[5.976s] INFO:colcon.colcon_core.shell:Creating prefix script '/Users/brodie/ros2_truckplatoon/install/local_setup.bash'
[5.977s] INFO:colcon.colcon_core.shell:Creating prefix chain script '/Users/brodie/ros2_truckplatoon/install/setup.bash'
[5.988s] INFO:colcon.colcon_core.shell:Creating prefix script '/Users/brodie/ros2_truckplatoon/install/local_setup.zsh'
[5.988s] INFO:colcon.colcon_core.shell:Creating prefix chain script '/Users/brodie/ros2_truckplatoon/install/setup.zsh'
