[0.050s] Invoking command in '/Users/brodie/ros2_truckplatoon/build/truck': CMAKE_PREFIX_PATH=${CMAKE_PREFIX_PATH}:/Users/brodie/my_workspace/install/my_package SHLVL=2 _=/usr/bin/env /usr/local/bin/cmake --build /Users/brodie/ros2_truckplatoon/build/truck -- -j8 -l8
[0.103s] -- Found ament_cmake: 0.9.9 (/Users/brodie/ros2_foxy/ros2-osx/share/ament_cmake/cmake)
[0.151s] -- Using PYTHON_EXECUTABLE: /Library/Frameworks/Python.framework/Versions/3.9/bin/python3
[0.470s] -- Found rclcpp: 2.4.0 (/Users/brodie/ros2_foxy/ros2-osx/share/rclcpp/cmake)
[0.496s] -- Using all available rosidl_typesupport_c: rosidl_typesupport_connext_c;rosidl_typesupport_fastrtps_c;rosidl_typesupport_introspection_c
[0.500s] -- Found rosidl_adapter: 1.2.1 (/Users/brodie/ros2_foxy/ros2-osx/share/rosidl_adapter/cmake)
[0.567s] -- Could not find RTI Connext - skipping rosidl_typesupport_connext_c
[0.576s] -- Could not find RTI Connext - skipping rosidl_typesupport_connext_cpp
[0.711s] -- Using all available rosidl_typesupport_cpp: rosidl_typesupport_connext_cpp;rosidl_typesupport_fastrtps_cpp;rosidl_typesupport_introspection_cpp
[0.765s] -- Found rmw_implementation_cmake: 1.0.3 (/Users/brodie/ros2_foxy/ros2-osx/share/rmw_implementation_cmake/cmake)
[0.767s] -- Using RMW implementation 'rmw_fastrtps_cpp' as default
[0.864s] -- Found message: 0.0.0 (/Users/brodie/ros2_truckplatoon/install/message/share/message/cmake)
[0.872s] -- Found ament_lint_auto: 0.9.6 (/Users/brodie/ros2_foxy/ros2-osx/share/ament_lint_auto/cmake)
[0.968s] -- Added test 'copyright' to check source files copyright and LICENSE
[0.971s] -- Added test 'cppcheck' to perform static code analysis on C / C++ code
[0.971s] -- Configured cppcheck include dirs: $<BUILD_INTERFACE:/Users/brodie/ros2_truckplatoon/src/truck/include>
[0.972s] -- Configured cppcheck exclude dirs and/or files: 
[0.975s] -- Added test 'cpplint' to check C / C++ code against the Google style
[0.975s] -- Configured cpplint exclude dirs and/or files: 
[0.977s] -- Added test 'lint_cmake' to check CMake code style
[0.980s] -- Added test 'uncrustify' to check C / C++ code style
[0.980s] -- Configured uncrustify additional arguments: 
[0.981s] -- Added test 'xmllint' to check XML markup files
[0.982s] -- Configuring done
[1.015s] -- Generating done
[1.021s] -- Build files have been written to: /Users/brodie/ros2_truckplatoon/build/truck
[1.079s] [ 16%] Linking CXX executable truck
[1.158s] [100%] Built target truck
[1.169s] Invoked command in '/Users/brodie/ros2_truckplatoon/build/truck' returned '0': CMAKE_PREFIX_PATH=${CMAKE_PREFIX_PATH}:/Users/brodie/my_workspace/install/my_package SHLVL=2 _=/usr/bin/env /usr/local/bin/cmake --build /Users/brodie/ros2_truckplatoon/build/truck -- -j8 -l8
[1.273s] Invoking command in '/Users/brodie/ros2_truckplatoon/build/truck': CMAKE_PREFIX_PATH=${CMAKE_PREFIX_PATH}:/Users/brodie/my_workspace/install/my_package SHLVL=2 _=/usr/bin/env /usr/local/bin/cmake --install /Users/brodie/ros2_truckplatoon/build/truck
[1.280s] -- Install configuration: ""
[1.280s] -- Installing: /Users/brodie/ros2_truckplatoon/install/truck/lib/truck/truck
[1.328s] -- Up-to-date: /Users/brodie/ros2_truckplatoon/install/truck/share/ament_index/resource_index/package_run_dependencies/truck
[1.328s] -- Up-to-date: /Users/brodie/ros2_truckplatoon/install/truck/share/ament_index/resource_index/parent_prefix_path/truck
[1.328s] -- Up-to-date: /Users/brodie/ros2_truckplatoon/install/truck/share/truck/environment/ament_prefix_path.sh
[1.328s] -- Installing: /Users/brodie/ros2_truckplatoon/install/truck/share/truck/environment/ament_prefix_path.dsv
[1.329s] -- Up-to-date: /Users/brodie/ros2_truckplatoon/install/truck/share/truck/environment/path.sh
[1.329s] -- Installing: /Users/brodie/ros2_truckplatoon/install/truck/share/truck/environment/path.dsv
[1.329s] -- Up-to-date: /Users/brodie/ros2_truckplatoon/install/truck/share/truck/local_setup.bash
[1.329s] -- Up-to-date: /Users/brodie/ros2_truckplatoon/install/truck/share/truck/local_setup.sh
[1.329s] -- Up-to-date: /Users/brodie/ros2_truckplatoon/install/truck/share/truck/local_setup.zsh
[1.330s] -- Installing: /Users/brodie/ros2_truckplatoon/install/truck/share/truck/local_setup.dsv
[1.330s] -- Installing: /Users/brodie/ros2_truckplatoon/install/truck/share/truck/package.dsv
[1.330s] -- Up-to-date: /Users/brodie/ros2_truckplatoon/install/truck/share/ament_index/resource_index/packages/truck
[1.330s] -- Up-to-date: /Users/brodie/ros2_truckplatoon/install/truck/share/truck/cmake/truckConfig.cmake
[1.330s] -- Up-to-date: /Users/brodie/ros2_truckplatoon/install/truck/share/truck/cmake/truckConfig-version.cmake
[1.330s] -- Up-to-date: /Users/brodie/ros2_truckplatoon/install/truck/share/truck/package.xml
[1.347s] Invoked command in '/Users/brodie/ros2_truckplatoon/build/truck' returned '0': CMAKE_PREFIX_PATH=${CMAKE_PREFIX_PATH}:/Users/brodie/my_workspace/install/my_package SHLVL=2 _=/usr/bin/env /usr/local/bin/cmake --install /Users/brodie/ros2_truckplatoon/build/truck
