[1.041s] DEBUG:colcon:Command line arguments: ['/Library/Frameworks/Python.framework/Versions/3.9/bin/colcon', 'build']
[1.041s] DEBUG:colcon:Parsed command line arguments: Namespace(log_base=None, log_level=None, verb_name='build', build_base='build', install_base='install', merge_install=False, symlink_install=False, test_result_base=None, continue_on_error=False, executor='parallel', parallel_workers=8, event_handlers=None, ignore_user_meta=False, metas=['./colcon.meta'], base_paths=['.'], packages_ignore=None, packages_ignore_regex=None, paths=None, packages_up_to=None, packages_up_to_regex=None, packages_above=None, packages_above_and_dependencies=None, packages_above_depth=None, packages_select_by_dep=None, packages_skip_by_dep=None, packages_skip_up_to=None, packages_select_build_failed=False, packages_skip_build_finished=False, packages_select_test_failures=False, packages_skip_test_passed=False, packages_select=None, packages_skip=None, packages_select_regex=None, packages_skip_regex=None, packages_start=None, packages_end=None, cmake_args=None, cmake_target=None, cmake_target_skip_unavailable=False, cmake_clean_cache=False, cmake_clean_first=False, cmake_force_configure=False, ament_cmake_args=None, catkin_cmake_args=None, catkin_skip_building_tests=False, verb_parser=<colcon_defaults.argument_parser.defaults.DefaultArgumentsDecorator object at 0x7f81b90cb100>, verb_extension=<colcon_core.verb.build.BuildVerb object at 0x7f81b9046ca0>, main=<bound method BuildVerb.main of <colcon_core.verb.build.BuildVerb object at 0x7f81b9046ca0>>)
[1.159s] Level 1:colcon.colcon_core.package_discovery:discover_packages(colcon_meta) check parameters
[1.159s] Level 1:colcon.colcon_core.package_discovery:discover_packages(recursive) check parameters
[1.159s] Level 1:colcon.colcon_core.package_discovery:discover_packages(ignore) check parameters
[1.159s] Level 1:colcon.colcon_core.package_discovery:discover_packages(path) check parameters
[1.159s] Level 1:colcon.colcon_core.package_discovery:discover_packages(colcon_meta) discover
[1.159s] Level 1:colcon.colcon_core.package_discovery:discover_packages(recursive) discover
[1.159s] INFO:colcon.colcon_core.package_discovery:Crawling recursively for packages in '/Users/brodie/ros2_truckplatoon'
[1.159s] Level 1:colcon.colcon_core.package_identification:_identify(.) by extensions ['ignore', 'ignore_ament_install']
[1.159s] Level 1:colcon.colcon_core.package_identification:_identify(.) by extension 'ignore'
[1.160s] Level 1:colcon.colcon_core.package_identification:_identify(.) by extension 'ignore_ament_install'
[1.160s] Level 1:colcon.colcon_core.package_identification:_identify(.) by extensions ['colcon_pkg']
[1.160s] Level 1:colcon.colcon_core.package_identification:_identify(.) by extension 'colcon_pkg'
[1.160s] Level 1:colcon.colcon_core.package_identification:_identify(.) by extensions ['colcon_meta']
[1.160s] Level 1:colcon.colcon_core.package_identification:_identify(.) by extension 'colcon_meta'
[1.160s] Level 1:colcon.colcon_core.package_identification:_identify(.) by extensions ['ros']
[1.160s] Level 1:colcon.colcon_core.package_identification:_identify(.) by extension 'ros'
[1.184s] Level 1:colcon.colcon_core.package_identification:_identify(.) by extensions ['cmake', 'python']
[1.185s] Level 1:colcon.colcon_core.package_identification:_identify(.) by extension 'cmake'
[1.185s] Level 1:colcon.colcon_core.package_identification:_identify(.) by extension 'python'
[1.186s] Level 1:colcon.colcon_core.package_identification:_identify(.) by extensions ['python_setup_py']
[1.186s] Level 1:colcon.colcon_core.package_identification:_identify(.) by extension 'python_setup_py'
[1.186s] Level 1:colcon.colcon_core.package_identification:_identify(build) by extensions ['ignore', 'ignore_ament_install']
[1.187s] Level 1:colcon.colcon_core.package_identification:_identify(build) by extension 'ignore'
[1.187s] Level 1:colcon.colcon_core.package_identification:_identify(build) ignored
[1.188s] Level 1:colcon.colcon_core.package_identification:_identify(install) by extensions ['ignore', 'ignore_ament_install']
[1.189s] Level 1:colcon.colcon_core.package_identification:_identify(install) by extension 'ignore'
[1.189s] Level 1:colcon.colcon_core.package_identification:_identify(install) ignored
[1.189s] Level 1:colcon.colcon_core.package_identification:_identify(log) by extensions ['ignore', 'ignore_ament_install']
[1.190s] Level 1:colcon.colcon_core.package_identification:_identify(log) by extension 'ignore'
[1.190s] Level 1:colcon.colcon_core.package_identification:_identify(log) ignored
[1.190s] Level 1:colcon.colcon_core.package_identification:_identify(src) by extensions ['ignore', 'ignore_ament_install']
[1.191s] Level 1:colcon.colcon_core.package_identification:_identify(src) by extension 'ignore'
[1.191s] Level 1:colcon.colcon_core.package_identification:_identify(src) by extension 'ignore_ament_install'
[1.191s] Level 1:colcon.colcon_core.package_identification:_identify(src) by extensions ['colcon_pkg']
[1.191s] Level 1:colcon.colcon_core.package_identification:_identify(src) by extension 'colcon_pkg'
[1.191s] Level 1:colcon.colcon_core.package_identification:_identify(src) by extensions ['colcon_meta']
[1.192s] Level 1:colcon.colcon_core.package_identification:_identify(src) by extension 'colcon_meta'
[1.192s] Level 1:colcon.colcon_core.package_identification:_identify(src) by extensions ['ros']
[1.192s] Level 1:colcon.colcon_core.package_identification:_identify(src) by extension 'ros'
[1.192s] Level 1:colcon.colcon_core.package_identification:_identify(src) by extensions ['cmake', 'python']
[1.192s] Level 1:colcon.colcon_core.package_identification:_identify(src) by extension 'cmake'
[1.192s] Level 1:colcon.colcon_core.package_identification:_identify(src) by extension 'python'
[1.192s] Level 1:colcon.colcon_core.package_identification:_identify(src) by extensions ['python_setup_py']
[1.192s] Level 1:colcon.colcon_core.package_identification:_identify(src) by extension 'python_setup_py'
[1.193s] Level 1:colcon.colcon_core.package_identification:_identify(src/message) by extensions ['ignore', 'ignore_ament_install']
[1.193s] Level 1:colcon.colcon_core.package_identification:_identify(src/message) by extension 'ignore'
[1.193s] Level 1:colcon.colcon_core.package_identification:_identify(src/message) by extension 'ignore_ament_install'
[1.194s] Level 1:colcon.colcon_core.package_identification:_identify(src/message) by extensions ['colcon_pkg']
[1.194s] Level 1:colcon.colcon_core.package_identification:_identify(src/message) by extension 'colcon_pkg'
[1.194s] Level 1:colcon.colcon_core.package_identification:_identify(src/message) by extensions ['colcon_meta']
[1.194s] Level 1:colcon.colcon_core.package_identification:_identify(src/message) by extension 'colcon_meta'
[1.194s] Level 1:colcon.colcon_core.package_identification:_identify(src/message) by extensions ['ros']
[1.195s] Level 1:colcon.colcon_core.package_identification:_identify(src/message) by extension 'ros'
[1.204s] DEBUG:colcon.colcon_core.package_identification:Package 'src/message' with type 'ros.ament_cmake' and name 'message'
[1.206s] Level 1:colcon.colcon_core.package_identification:_identify(src/truck) by extensions ['ignore', 'ignore_ament_install']
[1.206s] Level 1:colcon.colcon_core.package_identification:_identify(src/truck) by extension 'ignore'
[1.207s] Level 1:colcon.colcon_core.package_identification:_identify(src/truck) by extension 'ignore_ament_install'
[1.207s] Level 1:colcon.colcon_core.package_identification:_identify(src/truck) by extensions ['colcon_pkg']
[1.207s] Level 1:colcon.colcon_core.package_identification:_identify(src/truck) by extension 'colcon_pkg'
[1.208s] Level 1:colcon.colcon_core.package_identification:_identify(src/truck) by extensions ['colcon_meta']
[1.208s] Level 1:colcon.colcon_core.package_identification:_identify(src/truck) by extension 'colcon_meta'
[1.209s] Level 1:colcon.colcon_core.package_identification:_identify(src/truck) by extensions ['ros']
[1.209s] Level 1:colcon.colcon_core.package_identification:_identify(src/truck) by extension 'ros'
[1.211s] DEBUG:colcon.colcon_core.package_identification:Package 'src/truck' with type 'ros.ament_cmake' and name 'truck'
[1.211s] Level 1:colcon.colcon_core.package_discovery:discover_packages(recursive) using defaults
[1.211s] Level 1:colcon.colcon_core.package_discovery:discover_packages(ignore) discover
[1.211s] Level 1:colcon.colcon_core.package_discovery:discover_packages(ignore) using defaults
[1.211s] Level 1:colcon.colcon_core.package_discovery:discover_packages(path) discover
[1.211s] Level 1:colcon.colcon_core.package_discovery:discover_packages(path) using defaults
[1.317s] Level 5:colcon.colcon_core.verb:set package 'message' build argument 'cmake_args' from command line to 'None'
[1.317s] Level 5:colcon.colcon_core.verb:set package 'message' build argument 'cmake_target' from command line to 'None'
[1.317s] Level 5:colcon.colcon_core.verb:set package 'message' build argument 'cmake_target_skip_unavailable' from command line to 'False'
[1.317s] Level 5:colcon.colcon_core.verb:set package 'message' build argument 'cmake_clean_cache' from command line to 'False'
[1.317s] Level 5:colcon.colcon_core.verb:set package 'message' build argument 'cmake_clean_first' from command line to 'False'
[1.317s] Level 5:colcon.colcon_core.verb:set package 'message' build argument 'cmake_force_configure' from command line to 'False'
[1.317s] Level 5:colcon.colcon_core.verb:set package 'message' build argument 'ament_cmake_args' from command line to 'None'
[1.317s] Level 5:colcon.colcon_core.verb:set package 'message' build argument 'catkin_cmake_args' from command line to 'None'
[1.317s] Level 5:colcon.colcon_core.verb:set package 'message' build argument 'catkin_skip_building_tests' from command line to 'False'
[1.317s] DEBUG:colcon.colcon_core.verb:Building package 'message' with the following arguments: {'ament_cmake_args': None, 'build_base': '/Users/brodie/ros2_truckplatoon/build/message', 'catkin_cmake_args': None, 'catkin_skip_building_tests': False, 'cmake_args': None, 'cmake_clean_cache': False, 'cmake_clean_first': False, 'cmake_force_configure': False, 'cmake_target': None, 'cmake_target_skip_unavailable': False, 'install_base': '/Users/brodie/ros2_truckplatoon/install/message', 'merge_install': False, 'path': '/Users/brodie/ros2_truckplatoon/src/message', 'symlink_install': False, 'test_result_base': None}
[1.332s] Level 5:colcon.colcon_core.verb:set package 'truck' build argument 'cmake_args' from command line to 'None'
[1.332s] Level 5:colcon.colcon_core.verb:set package 'truck' build argument 'cmake_target' from command line to 'None'
[1.332s] Level 5:colcon.colcon_core.verb:set package 'truck' build argument 'cmake_target_skip_unavailable' from command line to 'False'
[1.332s] Level 5:colcon.colcon_core.verb:set package 'truck' build argument 'cmake_clean_cache' from command line to 'False'
[1.332s] Level 5:colcon.colcon_core.verb:set package 'truck' build argument 'cmake_clean_first' from command line to 'False'
[1.332s] Level 5:colcon.colcon_core.verb:set package 'truck' build argument 'cmake_force_configure' from command line to 'False'
[1.332s] Level 5:colcon.colcon_core.verb:set package 'truck' build argument 'ament_cmake_args' from command line to 'None'
[1.332s] Level 5:colcon.colcon_core.verb:set package 'truck' build argument 'catkin_cmake_args' from command line to 'None'
[1.332s] Level 5:colcon.colcon_core.verb:set package 'truck' build argument 'catkin_skip_building_tests' from command line to 'False'
[1.332s] DEBUG:colcon.colcon_core.verb:Building package 'truck' with the following arguments: {'ament_cmake_args': None, 'build_base': '/Users/brodie/ros2_truckplatoon/build/truck', 'catkin_cmake_args': None, 'catkin_skip_building_tests': False, 'cmake_args': None, 'cmake_clean_cache': False, 'cmake_clean_first': False, 'cmake_force_configure': False, 'cmake_target': None, 'cmake_target_skip_unavailable': False, 'install_base': '/Users/brodie/ros2_truckplatoon/install/truck', 'merge_install': False, 'path': '/Users/brodie/ros2_truckplatoon/src/truck', 'symlink_install': False, 'test_result_base': None}
[1.337s] INFO:colcon.colcon_core.executor:Executing jobs using 'parallel' executor
[1.359s] DEBUG:colcon.colcon_parallel_executor.executor.parallel:run_until_complete
[1.360s] INFO:colcon.colcon_ros.task.ament_cmake.build:Building ROS package in '/Users/brodie/ros2_truckplatoon/src/message' with build type 'ament_cmake'
[1.360s] INFO:colcon.colcon_cmake.task.cmake.build:Building CMake package in '/Users/brodie/ros2_truckplatoon/src/message'
[1.394s] INFO:colcon.colcon_core.plugin_system:Skipping extension 'colcon_core.shell.bat': Not used on non-Windows systems
[1.394s] INFO:colcon.colcon_core.shell:Skip shell extension 'powershell' for command environment: Not usable outside of PowerShell
[1.395s] DEBUG:colcon.colcon_core.shell:Skip shell extension 'dsv' for command environment
[1.457s] DEBUG:colcon.colcon_core.event_handler.log_command:Invoking command in '/Users/brodie/ros2_truckplatoon/build/message': CMAKE_PREFIX_PATH=${CMAKE_PREFIX_PATH}:/Users/brodie/my_workspace/install/my_package SHLVL=2 _=/usr/bin/env /usr/local/bin/cmake --build /Users/brodie/ros2_truckplatoon/build/message -- -j8 -l8
[1.963s] DEBUG:colcon.colcon_core.event_handler.log_command:Invoked command in '/Users/brodie/ros2_truckplatoon/build/message' returned '0': CMAKE_PREFIX_PATH=${CMAKE_PREFIX_PATH}:/Users/brodie/my_workspace/install/my_package SHLVL=2 _=/usr/bin/env /usr/local/bin/cmake --build /Users/brodie/ros2_truckplatoon/build/message -- -j8 -l8
[2.207s] DEBUG:colcon.colcon_core.event_handler.log_command:Invoking command in '/Users/brodie/ros2_truckplatoon/build/message': CMAKE_PREFIX_PATH=${CMAKE_PREFIX_PATH}:/Users/brodie/my_workspace/install/my_package SHLVL=2 _=/usr/bin/env /usr/local/bin/cmake --install /Users/brodie/ros2_truckplatoon/build/message
[2.667s] Level 1:colcon.colcon_core.environment:create_environment_scripts_only(message)
[2.672s] DEBUG:colcon.colcon_core.event_handler.log_command:Invoked command in '/Users/brodie/ros2_truckplatoon/build/message' returned '0': CMAKE_PREFIX_PATH=${CMAKE_PREFIX_PATH}:/Users/brodie/my_workspace/install/my_package SHLVL=2 _=/usr/bin/env /usr/local/bin/cmake --install /Users/brodie/ros2_truckplatoon/build/message
[2.688s] Level 1:colcon.colcon_core.environment:checking '/Users/brodie/ros2_truckplatoon/install/message' for CMake module files
[2.689s] Level 1:colcon.colcon_core.environment:checking '/Users/brodie/ros2_truckplatoon/install/message' for CMake config files
[2.690s] Level 1:colcon.colcon_core.shell:create_environment_hook('message', 'cmake_prefix_path')
[2.698s] INFO:colcon.colcon_core.shell:Creating environment hook '/Users/brodie/ros2_truckplatoon/install/message/share/message/hook/cmake_prefix_path.ps1'
[2.700s] INFO:colcon.colcon_core.shell:Creating environment descriptor '/Users/brodie/ros2_truckplatoon/install/message/share/message/hook/cmake_prefix_path.dsv'
[2.701s] INFO:colcon.colcon_core.shell:Creating environment hook '/Users/brodie/ros2_truckplatoon/install/message/share/message/hook/cmake_prefix_path.sh'
[2.702s] Level 1:colcon.colcon_core.environment:checking '/Users/brodie/ros2_truckplatoon/install/message/lib'
[2.703s] Level 1:colcon.colcon_core.shell:create_environment_hook('message', 'dyld_library_path')
[2.711s] INFO:colcon.colcon_core.shell:Creating environment hook '/Users/brodie/ros2_truckplatoon/install/message/share/message/hook/dyld_library_path.ps1'
[2.712s] INFO:colcon.colcon_core.shell:Creating environment descriptor '/Users/brodie/ros2_truckplatoon/install/message/share/message/hook/dyld_library_path.dsv'
[2.713s] INFO:colcon.colcon_core.shell:Creating environment hook '/Users/brodie/ros2_truckplatoon/install/message/share/message/hook/dyld_library_path.sh'
[2.713s] Level 1:colcon.colcon_core.environment:checking '/Users/brodie/ros2_truckplatoon/install/message/bin'
[2.713s] Level 1:colcon.colcon_core.environment:checking '/Users/brodie/ros2_truckplatoon/install/message/lib/pkgconfig/message.pc'
[2.714s] Level 1:colcon.colcon_core.environment:checking '/Users/brodie/ros2_truckplatoon/install/message/lib/python3.9/site-packages'
[2.714s] Level 1:colcon.colcon_core.shell:create_environment_hook('message', 'pythonpath')
[2.723s] INFO:colcon.colcon_core.shell:Creating environment hook '/Users/brodie/ros2_truckplatoon/install/message/share/message/hook/pythonpath.ps1'
[2.724s] INFO:colcon.colcon_core.shell:Creating environment descriptor '/Users/brodie/ros2_truckplatoon/install/message/share/message/hook/pythonpath.dsv'
[2.724s] INFO:colcon.colcon_core.shell:Creating environment hook '/Users/brodie/ros2_truckplatoon/install/message/share/message/hook/pythonpath.sh'
[2.725s] Level 1:colcon.colcon_core.environment:checking '/Users/brodie/ros2_truckplatoon/install/message/bin'
[2.734s] INFO:colcon.colcon_core.shell:Creating package script '/Users/brodie/ros2_truckplatoon/install/message/share/message/package.ps1'
[2.736s] INFO:colcon.colcon_core.shell:Creating package descriptor '/Users/brodie/ros2_truckplatoon/install/message/share/message/package.dsv'
[2.737s] INFO:colcon.colcon_core.shell:Creating package script '/Users/brodie/ros2_truckplatoon/install/message/share/message/package.sh'
[2.738s] INFO:colcon.colcon_core.shell:Creating package script '/Users/brodie/ros2_truckplatoon/install/message/share/message/package.bash'
[2.739s] INFO:colcon.colcon_core.shell:Creating package script '/Users/brodie/ros2_truckplatoon/install/message/share/message/package.zsh'
[2.740s] Level 1:colcon.colcon_core.environment:create_file_with_runtime_dependencies(/Users/brodie/ros2_truckplatoon/install/message/share/colcon-core/packages/message)
[2.926s] Level 1:colcon.colcon_core.environment:create_environment_scripts_only(message)
[2.935s] Level 1:colcon.colcon_core.environment:checking '/Users/brodie/ros2_truckplatoon/install/message' for CMake module files
[2.937s] Level 1:colcon.colcon_core.environment:checking '/Users/brodie/ros2_truckplatoon/install/message' for CMake config files
[2.937s] Level 1:colcon.colcon_core.shell:create_environment_hook('message', 'cmake_prefix_path')
[2.945s] INFO:colcon.colcon_core.shell:Creating environment hook '/Users/brodie/ros2_truckplatoon/install/message/share/message/hook/cmake_prefix_path.ps1'
[2.946s] INFO:colcon.colcon_core.shell:Creating environment descriptor '/Users/brodie/ros2_truckplatoon/install/message/share/message/hook/cmake_prefix_path.dsv'
[2.946s] INFO:colcon.colcon_core.shell:Creating environment hook '/Users/brodie/ros2_truckplatoon/install/message/share/message/hook/cmake_prefix_path.sh'
[2.947s] Level 1:colcon.colcon_core.environment:checking '/Users/brodie/ros2_truckplatoon/install/message/lib'
[2.947s] Level 1:colcon.colcon_core.shell:create_environment_hook('message', 'dyld_library_path')
[2.958s] INFO:colcon.colcon_core.shell:Creating environment hook '/Users/brodie/ros2_truckplatoon/install/message/share/message/hook/dyld_library_path.ps1'
[2.959s] INFO:colcon.colcon_core.shell:Creating environment descriptor '/Users/brodie/ros2_truckplatoon/install/message/share/message/hook/dyld_library_path.dsv'
[2.959s] INFO:colcon.colcon_core.shell:Creating environment hook '/Users/brodie/ros2_truckplatoon/install/message/share/message/hook/dyld_library_path.sh'
[2.959s] Level 1:colcon.colcon_core.environment:checking '/Users/brodie/ros2_truckplatoon/install/message/bin'
[2.959s] Level 1:colcon.colcon_core.environment:checking '/Users/brodie/ros2_truckplatoon/install/message/lib/pkgconfig/message.pc'
[2.960s] Level 1:colcon.colcon_core.environment:checking '/Users/brodie/ros2_truckplatoon/install/message/lib/python3.9/site-packages'
[2.960s] Level 1:colcon.colcon_core.shell:create_environment_hook('message', 'pythonpath')
[2.968s] INFO:colcon.colcon_core.shell:Creating environment hook '/Users/brodie/ros2_truckplatoon/install/message/share/message/hook/pythonpath.ps1'
[2.969s] INFO:colcon.colcon_core.shell:Creating environment descriptor '/Users/brodie/ros2_truckplatoon/install/message/share/message/hook/pythonpath.dsv'
[2.969s] INFO:colcon.colcon_core.shell:Creating environment hook '/Users/brodie/ros2_truckplatoon/install/message/share/message/hook/pythonpath.sh'
[2.970s] Level 1:colcon.colcon_core.environment:checking '/Users/brodie/ros2_truckplatoon/install/message/bin'
[2.979s] INFO:colcon.colcon_core.shell:Creating package script '/Users/brodie/ros2_truckplatoon/install/message/share/message/package.ps1'
[2.979s] INFO:colcon.colcon_core.shell:Creating package descriptor '/Users/brodie/ros2_truckplatoon/install/message/share/message/package.dsv'
[2.980s] INFO:colcon.colcon_core.shell:Creating package script '/Users/brodie/ros2_truckplatoon/install/message/share/message/package.sh'
[2.981s] INFO:colcon.colcon_core.shell:Creating package script '/Users/brodie/ros2_truckplatoon/install/message/share/message/package.bash'
[2.981s] INFO:colcon.colcon_core.shell:Creating package script '/Users/brodie/ros2_truckplatoon/install/message/share/message/package.zsh'
[2.982s] Level 1:colcon.colcon_core.environment:create_file_with_runtime_dependencies(/Users/brodie/ros2_truckplatoon/install/message/share/colcon-core/packages/message)
[2.983s] INFO:colcon.colcon_ros.task.ament_cmake.build:Building ROS package in '/Users/brodie/ros2_truckplatoon/src/truck' with build type 'ament_cmake'
[2.983s] INFO:colcon.colcon_cmake.task.cmake.build:Building CMake package in '/Users/brodie/ros2_truckplatoon/src/truck'
[2.991s] INFO:colcon.colcon_core.shell:Skip shell extension 'powershell' for command environment: Not usable outside of PowerShell
[2.991s] DEBUG:colcon.colcon_core.shell:Skip shell extension 'dsv' for command environment
[3.056s] DEBUG:colcon.colcon_core.event_handler.log_command:Invoking command in '/Users/brodie/ros2_truckplatoon/build/truck': CMAKE_PREFIX_PATH=${CMAKE_PREFIX_PATH}:/Users/brodie/my_workspace/install/my_package SHLVL=2 _=/usr/bin/env /usr/local/bin/cmake --build /Users/brodie/ros2_truckplatoon/build/truck -- -j8 -l8
[5.240s] DEBUG:colcon.colcon_core.event_handler.log_command:Invoked command in '/Users/brodie/ros2_truckplatoon/build/truck' returned '2': CMAKE_PREFIX_PATH=${CMAKE_PREFIX_PATH}:/Users/brodie/my_workspace/install/my_package SHLVL=2 _=/usr/bin/env /usr/local/bin/cmake --build /Users/brodie/ros2_truckplatoon/build/truck -- -j8 -l8
[5.344s] Level 1:colcon.colcon_core.environment:create_environment_scripts_only(truck)
[5.354s] Level 1:colcon.colcon_core.environment:checking '/Users/brodie/ros2_truckplatoon/install/truck' for CMake module files
[5.355s] Level 1:colcon.colcon_core.environment:checking '/Users/brodie/ros2_truckplatoon/install/truck' for CMake config files
[5.355s] Level 1:colcon.colcon_core.shell:create_environment_hook('truck', 'cmake_prefix_path')
[5.363s] INFO:colcon.colcon_core.shell:Creating environment hook '/Users/brodie/ros2_truckplatoon/install/truck/share/truck/hook/cmake_prefix_path.ps1'
[5.364s] INFO:colcon.colcon_core.shell:Creating environment descriptor '/Users/brodie/ros2_truckplatoon/install/truck/share/truck/hook/cmake_prefix_path.dsv'
[5.364s] INFO:colcon.colcon_core.shell:Creating environment hook '/Users/brodie/ros2_truckplatoon/install/truck/share/truck/hook/cmake_prefix_path.sh'
[5.365s] Level 1:colcon.colcon_core.environment:checking '/Users/brodie/ros2_truckplatoon/install/truck/lib'
[5.365s] Level 1:colcon.colcon_core.environment:checking '/Users/brodie/ros2_truckplatoon/install/truck/bin'
[5.365s] Level 1:colcon.colcon_core.environment:checking '/Users/brodie/ros2_truckplatoon/install/truck/lib/pkgconfig/truck.pc'
[5.366s] Level 1:colcon.colcon_core.environment:checking '/Users/brodie/ros2_truckplatoon/install/truck/lib/python3.9/site-packages'
[5.366s] Level 1:colcon.colcon_core.environment:checking '/Users/brodie/ros2_truckplatoon/install/truck/bin'
[5.374s] INFO:colcon.colcon_core.shell:Creating package script '/Users/brodie/ros2_truckplatoon/install/truck/share/truck/package.ps1'
[5.375s] INFO:colcon.colcon_core.shell:Creating package descriptor '/Users/brodie/ros2_truckplatoon/install/truck/share/truck/package.dsv'
[5.375s] INFO:colcon.colcon_core.shell:Creating package script '/Users/brodie/ros2_truckplatoon/install/truck/share/truck/package.sh'
[5.376s] INFO:colcon.colcon_core.shell:Creating package script '/Users/brodie/ros2_truckplatoon/install/truck/share/truck/package.bash'
[5.376s] INFO:colcon.colcon_core.shell:Creating package script '/Users/brodie/ros2_truckplatoon/install/truck/share/truck/package.zsh'
[5.377s] Level 1:colcon.colcon_core.environment:create_file_with_runtime_dependencies(/Users/brodie/ros2_truckplatoon/install/truck/share/colcon-core/packages/truck)
[5.377s] DEBUG:colcon.colcon_parallel_executor.executor.parallel:closing loop
[5.378s] DEBUG:colcon.colcon_parallel_executor.executor.parallel:loop closed
[5.378s] DEBUG:colcon.colcon_parallel_executor.executor.parallel:run_until_complete finished with '2'
[5.378s] DEBUG:colcon.colcon_core.event_reactor:joining thread
[5.389s] INFO:colcon.colcon_core.plugin_system:Skipping extension 'colcon_notification.desktop_notification.notify2': 'notify2' not found
[5.389s] INFO:colcon.colcon_core.plugin_system:Skipping extension 'colcon_notification.desktop_notification.notify_send': Not used on non-Linux systems
[5.389s] INFO:colcon.colcon_core.plugin_system:Skipping extension 'colcon_notification.desktop_notification.win32': Not used on non-Windows systems
[5.389s] INFO:colcon.colcon_notification.desktop_notification:Sending desktop notification using 'terminal_notifier'
[5.436s] DEBUG:colcon.colcon_core.event_reactor:joined thread
[5.449s] INFO:colcon.colcon_core.shell:Creating prefix script '/Users/brodie/ros2_truckplatoon/install/local_setup.ps1'
[5.451s] INFO:colcon.colcon_core.shell:Creating prefix util module '/Users/brodie/ros2_truckplatoon/install/_local_setup_util_ps1.py'
[5.453s] INFO:colcon.colcon_core.shell:Creating prefix chain script '/Users/brodie/ros2_truckplatoon/install/setup.ps1'
[5.461s] INFO:colcon.colcon_core.shell:Creating prefix script '/Users/brodie/ros2_truckplatoon/install/local_setup.sh'
[5.462s] INFO:colcon.colcon_core.shell:Creating prefix util module '/Users/brodie/ros2_truckplatoon/install/_local_setup_util_sh.py'
[5.463s] INFO:colcon.colcon_core.shell:Creating prefix chain script '/Users/brodie/ros2_truckplatoon/install/setup.sh'
[5.473s] INFO:colcon.colcon_core.shell:Creating prefix script '/Users/brodie/ros2_truckplatoon/install/local_setup.bash'
[5.474s] INFO:colcon.colcon_core.shell:Creating prefix chain script '/Users/brodie/ros2_truckplatoon/install/setup.bash'
[5.485s] INFO:colcon.colcon_core.shell:Creating prefix script '/Users/brodie/ros2_truckplatoon/install/local_setup.zsh'
[5.486s] INFO:colcon.colcon_core.shell:Creating prefix chain script '/Users/brodie/ros2_truckplatoon/install/setup.zsh'
