[0.056s] Invoking command in '/Users/brodie/ros2_truckplatoon/build/truck': CMAKE_PREFIX_PATH=${CMAKE_PREFIX_PATH}:/Users/brodie/my_workspace/install/my_package SHLVL=2 _=/usr/bin/env /usr/local/bin/cmake --build /Users/brodie/ros2_truckplatoon/build/truck -- -j8 -l8
[0.139s] Scanning dependencies of target truck
[0.159s] [ 66%] Building CXX object CMakeFiles/truck.dir/src/src/Leader.cpp.o
[0.159s] [ 66%] Building CXX object CMakeFiles/truck.dir/src/src/Truck.cpp.o
[0.159s] [ 66%] Building CXX object CMakeFiles/truck.dir/src/src/Communication.cpp.o
[0.159s] [ 66%] Building CXX object CMakeFiles/truck.dir/src/truck.cpp.o
[0.686s] In file included from /Users/brodie/ros2_truckplatoon/src/truck/src/src/Truck.cpp:1:
[0.686s] /Users/brodie/ros2_truckplatoon/src/truck/src/src/Truck.hpp:4:10: warning: non-portable path to file '"utils/include.hpp"'; specified path differs in case from file name on disk [-Wnonportable-include-path]
[0.686s] #include "utils/Include.hpp"
[0.686s]          ^~~~~~~~~~~~~~~~~~~
[0.687s]          "utils/include.hpp"
[0.689s] In file included from /Users/brodie/ros2_truckplatoon/src/truck/src/truck.cpp:2:
[0.689s] In file included from /Users/brodie/ros2_truckplatoon/src/truck/src/Platoon.hpp:4:
[0.689s] In file included from /Users/brodie/ros2_truckplatoon/src/truck/src/src/Leader.hpp:4:
[0.689s] /Users/brodie/ros2_truckplatoon/src/truck/src/src/Truck.hpp:4:10: warning: non-portable path to file '"utils/include.hpp"'; specified path differs in case from file name on disk [-Wnonportable-include-path]
[0.689s] #include "utils/Include.hpp"
[0.690s]          ^~~~~~~~~~~~~~~~~~~
[0.690s]          "utils/include.hpp"
[0.694s] In file included from /Users/brodie/ros2_truckplatoon/src/truck/src/src/Leader.cpp:1:
[0.694s] In file included from /Users/brodie/ros2_truckplatoon/src/truck/src/src/Leader.hpp:4:
[0.694s] /Users/brodie/ros2_truckplatoon/src/truck/src/src/Truck.hpp:4:10: warning: non-portable path to file '"utils/include.hpp"'; specified path differs in case from file name on disk [-Wnonportable-include-path]
[0.694s] #include "utils/Include.hpp"
[0.694s]          ^~~~~~~~~~~~~~~~~~~
[0.694s]          "utils/include.hpp"
[0.695s] In file included from /Users/brodie/ros2_truckplatoon/src/truck/src/src/Communication.cpp:1:
[0.695s] In file included from /Users/brodie/ros2_truckplatoon/src/truck/src/src/Communication.hpp:3:
[0.696s] /Users/brodie/ros2_truckplatoon/src/truck/src/src/Truck.hpp:4:10: warning: non-portable path to file '"utils/include.hpp"'; specified path differs in case from file name on disk [-Wnonportable-include-path]
[0.696s] #include "utils/Include.hpp"
[0.696s]          ^~~~~~~~~~~~~~~~~~~
[0.696s]          "utils/include.hpp"
[1.321s] In file included from /Users/brodie/ros2_truckplatoon/src/truck/src/truck.cpp:2:
[1.321s] In file included from /Users/brodie/ros2_truckplatoon/src/truck/src/Platoon.hpp:4:
[1.322s] In file included from /Users/brodie/ros2_truckplatoon/src/truck/src/src/Leader.hpp:4:
[1.322s] In file included from /Users/brodie/ros2_truckplatoon/src/truck/src/src/Truck.hpp:6:
[1.322s] /Users/brodie/ros2_truckplatoon/src/truck/src/src/Publisher.hpp:26:39: error: expected ';' after expression
[1.322s]  std::bind(&Publisher::callback, this)
[1.322s]                                       ^
[1.323s]                                       ;
[1.327s] In file included from /Users/brodie/ros2_truckplatoon/src/truck/src/src/Truck.cpp:1:
[1.328s] In file included from /Users/brodie/ros2_truckplatoon/src/truck/src/src/Truck.hpp:6:
[1.328s] /Users/brodie/ros2_truckplatoon/src/truck/src/src/Publisher.hpp:26:39: error: expected ';' after expression
[1.328s]  std::bind(&Publisher::callback, this)
[1.328s]                                       ^
[1.328s]                                       ;
[1.330s] In file included from /Users/brodie/ros2_truckplatoon/src/truck/src/src/Leader.cpp:1:
[1.330s] In file included from /Users/brodie/ros2_truckplatoon/src/truck/src/src/Leader.hpp:4:
[1.330s] In file included from /Users/brodie/ros2_truckplatoon/src/truck/src/src/Truck.hpp:6:
[1.330s] /Users/brodie/ros2_truckplatoon/src/truck/src/src/Publisher.hpp:26:39: error: expected ';' after expression
[1.331s]  std::bind(&Publisher::callback, this)
[1.331s]                                       ^
[1.331s]                                       ;
[1.331s] In file included from /Users/brodie/ros2_truckplatoon/src/truck/src/src/Communication.cpp:1:
[1.331s] In file included from /Users/brodie/ros2_truckplatoon/src/truck/src/src/Communication.hpp:3:
[1.332s] In file included from /Users/brodie/ros2_truckplatoon/src/truck/src/src/Truck.hpp:6:
[1.332s] /Users/brodie/ros2_truckplatoon/src/truck/src/src/Publisher.hpp:26:39: error: expected ';' after expression
[1.332s]  std::bind(&Publisher::callback, this)
[1.332s]                                       ^
[1.332s]                                       ;
[1.335s] /Users/brodie/ros2_truckplatoon/src/truck/src/src/Publisher.hpp:48:21: error: use of undeclared identifier 'TopicName'
[1.335s]   this->publishers_[TopicName]->publish(message);
[1.335s]                     ^
[1.338s] /Users/brodie/ros2_truckplatoon/src/truck/src/src/Publisher.hpp:53:29: warning: unused parameter 'TopicName' [-Wunused-parameter]
[1.338s]   void callback(std::string TopicName)
[1.338s]                             ^
[1.341s] /Users/brodie/ros2_truckplatoon/src/truck/src/src/Publisher.hpp:48:21: error: use of undeclared identifier 'TopicName'
[1.341s]   this->publishers_[TopicName]->publish(message);
[1.341s]                     ^
[1.344s] /Users/brodie/ros2_truckplatoon/src/truck/src/src/Publisher.hpp:53:29: warning: unused parameter 'TopicName' [-Wunused-parameter]
[1.344s]   void callback(std::string TopicName)
[1.344s]                             ^
[1.345s] /Users/brodie/ros2_truckplatoon/src/truck/src/src/Publisher.hpp:48:21: error: use of undeclared identifier 'TopicName'
[1.345s]   this->publishers_[TopicName]->publish(message);
[1.345s]                     ^
[1.345s] /Users/brodie/ros2_truckplatoon/src/truck/src/src/Publisher.hpp:48:21: error: use of undeclared identifier 'TopicName'
[1.345s]   this->publishers_[TopicName]->publish(message);
[1.346s]                     ^
[1.347s] /Users/brodie/ros2_truckplatoon/src/truck/src/src/Publisher.hpp:53:29: warning: unused parameter 'TopicName' [-Wunused-parameter]
[1.348s]   void callback(std::string TopicName)
[1.348s]                             ^
[1.348s] /Users/brodie/ros2_truckplatoon/src/truck/src/src/Publisher.hpp:53:29: warning: unused parameter 'TopicName' [-Wunused-parameter]
[1.349s]   void callback(std::string TopicName)
[1.349s]                             ^
[1.356s] In file included from /Users/brodie/ros2_truckplatoon/src/truck/src/truck.cpp:2:
[1.357s] In file included from /Users/brodie/ros2_truckplatoon/src/truck/src/Platoon.hpp:4:
[1.357s] In file included from /Users/brodie/ros2_truckplatoon/src/truck/src/src/Leader.hpp:4:
[1.357s] In file included from /Users/brodie/ros2_truckplatoon/src/truck/src/src/Truck.hpp:7:
[1.357s] /Users/brodie/ros2_truckplatoon/src/truck/src/src/Subscriber.hpp:37:64: warning: unused parameter 'msg' [-Wunused-parameter]
[1.357s]     void topic_callback(const message::msg::Message::SharedPtr msg) const
[1.358s]                                                                ^
[1.359s] In file included from /Users/brodie/ros2_truckplatoon/src/truck/src/truck.cpp:2:
[1.359s] /Users/brodie/ros2_truckplatoon/src/truck/src/Platoon.hpp:8:10: warning: non-portable path to file '"src/utils/include.hpp"'; specified path differs in case from file name on disk [-Wnonportable-include-path]
[1.359s] #include "src/utils/Include.hpp"
[1.359s]          ^~~~~~~~~~~~~~~~~~~~~~~
[1.359s]          "src/utils/include.hpp"
[1.361s] In file included from /Users/brodie/ros2_truckplatoon/src/truck/src/src/Truck.cpp:1:
[1.361s] In file included from /Users/brodie/ros2_truckplatoon/src/truck/src/src/Truck.hpp:7:
[1.361s] /Users/brodie/ros2_truckplatoon/src/truck/src/src/Subscriber.hpp:37:64: warning: unused parameter 'msg' [-Wunused-parameter]
[1.361s]     void topic_callback(const message::msg::Message::SharedPtr msg) const
[1.361s]                                                                ^
[1.364s] In file included from /Users/brodie/ros2_truckplatoon/src/truck/src/src/Leader.cpp:1:
[1.365s] In file included from /Users/brodie/ros2_truckplatoon/src/truck/src/src/Leader.hpp:4:
[1.365s] In file included from /Users/brodie/ros2_truckplatoon/src/truck/src/src/Truck.hpp:7:
[1.365s] /Users/brodie/ros2_truckplatoon/src/truck/src/src/Subscriber.hpp:37:64: warning: unused parameter 'msg' [-Wunused-parameter]
[1.365s]     void topic_callback(const message::msg::Message::SharedPtr msg) const
[1.365s]                                                                ^
[1.367s] In file included from /Users/brodie/ros2_truckplatoon/src/truck/src/src/Communication.cpp:1:
[1.367s] In file included from /Users/brodie/ros2_truckplatoon/src/truck/src/src/Communication.hpp:3:
[1.367s] In file included from /Users/brodie/ros2_truckplatoon/src/truck/src/src/Truck.hpp:7:
[1.367s] /Users/brodie/ros2_truckplatoon/src/truck/src/src/Subscriber.hpp:37:64: warning: unused parameter 'msg' [-Wunused-parameter]
[1.367s]     void topic_callback(const message::msg::Message::SharedPtr msg) const
[1.367s]                                                                ^
[2.171s] In file included from /Users/brodie/ros2_truckplatoon/src/truck/src/truck.cpp:2:
[2.171s] In file included from /Users/brodie/ros2_truckplatoon/src/truck/src/Platoon.hpp:11:
[2.171s] /Users/brodie/ros2_truckplatoon/src/truck/src/src/DrivingEvent.hpp:9:15: warning: private field '_speed' is not used [-Wunused-private-field]
[2.171s]     speedType _speed;
[2.171s]               ^
[2.171s] /Users/brodie/ros2_truckplatoon/src/truck/src/src/DrivingEvent.hpp:10:23: warning: private field '_stearingAngle' is not used [-Wunused-private-field]
[2.172s]     stearingAngleType _stearingAngle;
[2.172s]                       ^
[2.172s] /Users/brodie/ros2_truckplatoon/src/truck/src/src/DrivingEvent.hpp:11:18: warning: private field '_distance' is not used [-Wunused-private-field]
[2.172s]     distanceType _distance;
[2.172s]                  ^
[2.172s] 7 warnings and 2 errors generated.
[2.186s] 3 warnings and 2 errors generated.
[2.190s] gmake[2]: *** [CMakeFiles/truck.dir/build.make:82: CMakeFiles/truck.dir/src/truck.cpp.o] Error 1
[2.190s] gmake[2]: *** Waiting for unfinished jobs....
[2.194s] 3 warnings and 2 errors generated.
[2.204s] gmake[2]: *** [CMakeFiles/truck.dir/build.make:108: CMakeFiles/truck.dir/src/src/Leader.cpp.o] Error 1
[2.210s] gmake[2]: *** [CMakeFiles/truck.dir/build.make:121: CMakeFiles/truck.dir/src/src/Communication.cpp.o] Error 1
[2.222s] 3 warnings and 2 errors generated.
[2.237s] gmake[2]: *** [CMakeFiles/truck.dir/build.make:95: CMakeFiles/truck.dir/src/src/Truck.cpp.o] Error 1
[2.238s] gmake[1]: *** [CMakeFiles/Makefile2:97: CMakeFiles/truck.dir/all] Error 2
[2.238s] gmake: *** [Makefile:160: all] Error 2
[2.240s] Invoked command in '/Users/brodie/ros2_truckplatoon/build/truck' returned '2': CMAKE_PREFIX_PATH=${CMAKE_PREFIX_PATH}:/Users/brodie/my_workspace/install/my_package SHLVL=2 _=/usr/bin/env /usr/local/bin/cmake --build /Users/brodie/ros2_truckplatoon/build/truck -- -j8 -l8
