[0.087s] Invoking command in '/Users/brodie/ros2_truckplatoon/build/message': CMAKE_PREFIX_PATH=${CMAKE_PREFIX_PATH}:/Users/brodie/my_workspace/install/my_package SHLVL=2 _=/usr/bin/env /usr/local/bin/cmake --build /Users/brodie/ros2_truckplatoon/build/message -- -j8 -l8
[0.167s] [  6%] Built target message__cpp
[0.167s] [ 12%] Built target message__rosidl_generator_c
[0.225s] [ 32%] Built target message__rosidl_typesupport_cpp
[0.225s] [ 32%] Built target message__rosidl_typesupport_fastrtps_cpp
[0.230s] [ 41%] Built target message__rosidl_typesupport_c
[0.233s] [ 51%] Built target message__rosidl_typesupport_introspection_cpp
[0.238s] [ 61%] Built target message__rosidl_typesupport_introspection_c
[0.293s] [ 70%] Built target message__rosidl_typesupport_fastrtps_c
[0.338s] [ 70%] Built target message
[0.374s] [ 74%] Built target message__py
[0.405s] [ 80%] Built target message__python
[0.439s] [ 87%] Built target message__rosidl_typesupport_c__pyext
[0.440s] [ 93%] Built target message__rosidl_typesupport_introspection_c__pyext
[0.441s] [100%] Built target message__rosidl_typesupport_fastrtps_c__pyext
[0.453s] Invoked command in '/Users/brodie/ros2_truckplatoon/build/message' returned '0': CMAKE_PREFIX_PATH=${CMAKE_PREFIX_PATH}:/Users/brodie/my_workspace/install/my_package SHLVL=2 _=/usr/bin/env /usr/local/bin/cmake --build /Users/brodie/ros2_truckplatoon/build/message -- -j8 -l8
[0.640s] Invoking command in '/Users/brodie/ros2_truckplatoon/build/message': CMAKE_PREFIX_PATH=${CMAKE_PREFIX_PATH}:/Users/brodie/my_workspace/install/my_package SHLVL=2 _=/usr/bin/env /usr/local/bin/cmake --install /Users/brodie/ros2_truckplatoon/build/message
[0.648s] -- Install configuration: ""
[0.648s] -- Up-to-date: /Users/brodie/ros2_truckplatoon/install/message/share/ament_index/resource_index/rosidl_interfaces/message
[0.648s] -- Up-to-date: /Users/brodie/ros2_truckplatoon/install/message/include/message
[0.648s] -- Up-to-date: /Users/brodie/ros2_truckplatoon/install/message/include/message/msg
[0.648s] -- Up-to-date: /Users/brodie/ros2_truckplatoon/install/message/include/message/msg/rosidl_generator_c__visibility_control.h
[0.648s] -- Up-to-date: /Users/brodie/ros2_truckplatoon/install/message/include/message/msg/message.h
[0.649s] -- Up-to-date: /Users/brodie/ros2_truckplatoon/install/message/include/message/msg/detail
[0.649s] -- Up-to-date: /Users/brodie/ros2_truckplatoon/install/message/include/message/msg/detail/message__struct.h
[0.649s] -- Up-to-date: /Users/brodie/ros2_truckplatoon/install/message/include/message/msg/detail/message__functions.h
[0.649s] -- Up-to-date: /Users/brodie/ros2_truckplatoon/install/message/include/message/msg/detail/message__type_support.h
[0.649s] -- Up-to-date: /Users/brodie/ros2_truckplatoon/install/message/include/message/msg/detail/message__functions.c
[0.649s] -- Up-to-date: /Users/brodie/ros2_truckplatoon/install/message/share/message/environment/library_path.sh
[0.649s] -- Up-to-date: /Users/brodie/ros2_truckplatoon/install/message/share/message/environment/library_path.dsv
[0.649s] -- Installing: /Users/brodie/ros2_truckplatoon/install/message/lib/libmessage__rosidl_generator_c.dylib
[0.670s] -- Up-to-date: /Users/brodie/ros2_truckplatoon/install/message/include/message
[0.670s] -- Up-to-date: /Users/brodie/ros2_truckplatoon/install/message/include/message/msg
[0.670s] -- Up-to-date: /Users/brodie/ros2_truckplatoon/install/message/include/message/msg/detail
[0.671s] -- Up-to-date: /Users/brodie/ros2_truckplatoon/install/message/include/message/msg/detail/message__rosidl_typesupport_fastrtps_c.h
[0.671s] -- Up-to-date: /Users/brodie/ros2_truckplatoon/install/message/include/message/msg/rosidl_typesupport_fastrtps_c__visibility_control.h
[0.671s] -- Installing: /Users/brodie/ros2_truckplatoon/install/message/lib/libmessage__rosidl_typesupport_fastrtps_c.dylib
[0.709s] -- Up-to-date: /Users/brodie/ros2_truckplatoon/install/message/include/message
[0.709s] -- Up-to-date: /Users/brodie/ros2_truckplatoon/install/message/include/message/msg
[0.709s] -- Up-to-date: /Users/brodie/ros2_truckplatoon/install/message/include/message/msg/rosidl_typesupport_fastrtps_cpp__visibility_control.h
[0.709s] -- Up-to-date: /Users/brodie/ros2_truckplatoon/install/message/include/message/msg/detail
[0.709s] -- Up-to-date: /Users/brodie/ros2_truckplatoon/install/message/include/message/msg/detail/dds_fastrtps
[0.710s] -- Up-to-date: /Users/brodie/ros2_truckplatoon/install/message/include/message/msg/detail/message__rosidl_typesupport_fastrtps_cpp.hpp
[0.710s] -- Installing: /Users/brodie/ros2_truckplatoon/install/message/lib/libmessage__rosidl_typesupport_fastrtps_cpp.dylib
[0.734s] -- Up-to-date: /Users/brodie/ros2_truckplatoon/install/message/include/message
[0.734s] -- Up-to-date: /Users/brodie/ros2_truckplatoon/install/message/include/message/msg
[0.734s] -- Up-to-date: /Users/brodie/ros2_truckplatoon/install/message/include/message/msg/detail
[0.734s] -- Up-to-date: /Users/brodie/ros2_truckplatoon/install/message/include/message/msg/detail/message__type_support.c
[0.735s] -- Up-to-date: /Users/brodie/ros2_truckplatoon/install/message/include/message/msg/detail/message__rosidl_typesupport_introspection_c.h
[0.735s] -- Up-to-date: /Users/brodie/ros2_truckplatoon/install/message/include/message/msg/rosidl_typesupport_introspection_c__visibility_control.h
[0.735s] -- Installing: /Users/brodie/ros2_truckplatoon/install/message/lib/libmessage__rosidl_typesupport_introspection_c.dylib
[0.759s] -- Installing: /Users/brodie/ros2_truckplatoon/install/message/lib/libmessage__rosidl_typesupport_c.dylib
[0.771s] -- Up-to-date: /Users/brodie/ros2_truckplatoon/install/message/include/message
[0.771s] -- Up-to-date: /Users/brodie/ros2_truckplatoon/install/message/include/message/msg
[0.771s] -- Up-to-date: /Users/brodie/ros2_truckplatoon/install/message/include/message/msg/detail
[0.771s] -- Up-to-date: /Users/brodie/ros2_truckplatoon/install/message/include/message/msg/detail/message__traits.hpp
[0.772s] -- Up-to-date: /Users/brodie/ros2_truckplatoon/install/message/include/message/msg/detail/message__struct.hpp
[0.772s] -- Up-to-date: /Users/brodie/ros2_truckplatoon/install/message/include/message/msg/detail/message__builder.hpp
[0.772s] -- Up-to-date: /Users/brodie/ros2_truckplatoon/install/message/include/message/msg/message.hpp
[0.772s] -- Up-to-date: /Users/brodie/ros2_truckplatoon/install/message/include/message
[0.772s] -- Up-to-date: /Users/brodie/ros2_truckplatoon/install/message/include/message/msg
[0.772s] -- Up-to-date: /Users/brodie/ros2_truckplatoon/install/message/include/message/msg/detail
[0.772s] -- Up-to-date: /Users/brodie/ros2_truckplatoon/install/message/include/message/msg/detail/message__type_support.cpp
[0.772s] -- Up-to-date: /Users/brodie/ros2_truckplatoon/install/message/include/message/msg/detail/message__rosidl_typesupport_introspection_cpp.hpp
[0.772s] -- Installing: /Users/brodie/ros2_truckplatoon/install/message/lib/libmessage__rosidl_typesupport_introspection_cpp.dylib
[0.784s] -- Installing: /Users/brodie/ros2_truckplatoon/install/message/lib/libmessage__rosidl_typesupport_cpp.dylib
[0.796s] -- Up-to-date: /Users/brodie/ros2_truckplatoon/install/message/share/message/environment/pythonpath.sh
[0.796s] -- Up-to-date: /Users/brodie/ros2_truckplatoon/install/message/share/message/environment/pythonpath.dsv
[0.797s] -- Up-to-date: /Users/brodie/ros2_truckplatoon/install/message/lib/python3.9/site-packages/message/__init__.py
[0.852s] -- Up-to-date: /Users/brodie/ros2_truckplatoon/install/message/lib/python3.9/site-packages/message/msg
[0.852s] -- Up-to-date: /Users/brodie/ros2_truckplatoon/install/message/lib/python3.9/site-packages/message/msg/__init__.py
[0.852s] -- Up-to-date: /Users/brodie/ros2_truckplatoon/install/message/lib/python3.9/site-packages/message/msg/_message.py
[0.852s] -- Up-to-date: /Users/brodie/ros2_truckplatoon/install/message/lib/python3.9/site-packages/message/msg/_message_s.c
[0.852s] -- Up-to-date: /Users/brodie/ros2_truckplatoon/install/message/lib/python3.9/site-packages/message/message_s__rosidl_typesupport_fastrtps_c.cpython-39-darwin.so
[0.863s] error: /Applications/Xcode.app/Contents/Developer/Toolchains/XcodeDefault.xctoolchain/usr/bin/install_name_tool: no LC_RPATH load command with path: /Users/brodie/ros2_truckplatoon/build/message/rosidl_generator_py/message found in: /Users/brodie/ros2_truckplatoon/install/message/lib/python3.9/site-packages/message/message_s__rosidl_typesupport_fastrtps_c.cpython-39-darwin.so (for architecture x86_64), required for specified option "-delete_rpath /Users/brodie/ros2_truckplatoon/build/message/rosidl_generator_py/message"
[0.875s] error: /Applications/Xcode.app/Contents/Developer/Toolchains/XcodeDefault.xctoolchain/usr/bin/install_name_tool: no LC_RPATH load command with path: /Users/brodie/ros2_truckplatoon/build/message found in: /Users/brodie/ros2_truckplatoon/install/message/lib/python3.9/site-packages/message/message_s__rosidl_typesupport_fastrtps_c.cpython-39-darwin.so (for architecture x86_64), required for specified option "-delete_rpath /Users/brodie/ros2_truckplatoon/build/message"
[0.886s] error: /Applications/Xcode.app/Contents/Developer/Toolchains/XcodeDefault.xctoolchain/usr/bin/install_name_tool: no LC_RPATH load command with path: /Users/brodie/ros2_foxy/ros2-osx/lib found in: /Users/brodie/ros2_truckplatoon/install/message/lib/python3.9/site-packages/message/message_s__rosidl_typesupport_fastrtps_c.cpython-39-darwin.so (for architecture x86_64), required for specified option "-delete_rpath /Users/brodie/ros2_foxy/ros2-osx/lib"
[0.897s] error: /Applications/Xcode.app/Contents/Developer/Toolchains/XcodeDefault.xctoolchain/usr/bin/install_name_tool: no LC_RPATH load command with path: /usr/local/lib found in: /Users/brodie/ros2_truckplatoon/install/message/lib/python3.9/site-packages/message/message_s__rosidl_typesupport_fastrtps_c.cpython-39-darwin.so (for architecture x86_64), required for specified option "-delete_rpath /usr/local/lib"
[0.897s] -- Up-to-date: /Users/brodie/ros2_truckplatoon/install/message/lib/python3.9/site-packages/message/message_s__rosidl_typesupport_introspection_c.cpython-39-darwin.so
[0.908s] error: /Applications/Xcode.app/Contents/Developer/Toolchains/XcodeDefault.xctoolchain/usr/bin/install_name_tool: no LC_RPATH load command with path: /Users/brodie/ros2_truckplatoon/build/message/rosidl_generator_py/message found in: /Users/brodie/ros2_truckplatoon/install/message/lib/python3.9/site-packages/message/message_s__rosidl_typesupport_introspection_c.cpython-39-darwin.so (for architecture x86_64), required for specified option "-delete_rpath /Users/brodie/ros2_truckplatoon/build/message/rosidl_generator_py/message"
[0.919s] error: /Applications/Xcode.app/Contents/Developer/Toolchains/XcodeDefault.xctoolchain/usr/bin/install_name_tool: no LC_RPATH load command with path: /Users/brodie/ros2_truckplatoon/build/message found in: /Users/brodie/ros2_truckplatoon/install/message/lib/python3.9/site-packages/message/message_s__rosidl_typesupport_introspection_c.cpython-39-darwin.so (for architecture x86_64), required for specified option "-delete_rpath /Users/brodie/ros2_truckplatoon/build/message"
[0.930s] error: /Applications/Xcode.app/Contents/Developer/Toolchains/XcodeDefault.xctoolchain/usr/bin/install_name_tool: no LC_RPATH load command with path: /Users/brodie/ros2_foxy/ros2-osx/lib found in: /Users/brodie/ros2_truckplatoon/install/message/lib/python3.9/site-packages/message/message_s__rosidl_typesupport_introspection_c.cpython-39-darwin.so (for architecture x86_64), required for specified option "-delete_rpath /Users/brodie/ros2_foxy/ros2-osx/lib"
[0.930s] -- Up-to-date: /Users/brodie/ros2_truckplatoon/install/message/lib/python3.9/site-packages/message/message_s__rosidl_typesupport_c.cpython-39-darwin.so
[0.941s] error: /Applications/Xcode.app/Contents/Developer/Toolchains/XcodeDefault.xctoolchain/usr/bin/install_name_tool: no LC_RPATH load command with path: /Users/brodie/ros2_truckplatoon/build/message/rosidl_generator_py/message found in: /Users/brodie/ros2_truckplatoon/install/message/lib/python3.9/site-packages/message/message_s__rosidl_typesupport_c.cpython-39-darwin.so (for architecture x86_64), required for specified option "-delete_rpath /Users/brodie/ros2_truckplatoon/build/message/rosidl_generator_py/message"
[0.952s] error: /Applications/Xcode.app/Contents/Developer/Toolchains/XcodeDefault.xctoolchain/usr/bin/install_name_tool: no LC_RPATH load command with path: /Users/brodie/ros2_truckplatoon/build/message found in: /Users/brodie/ros2_truckplatoon/install/message/lib/python3.9/site-packages/message/message_s__rosidl_typesupport_c.cpython-39-darwin.so (for architecture x86_64), required for specified option "-delete_rpath /Users/brodie/ros2_truckplatoon/build/message"
[0.964s] error: /Applications/Xcode.app/Contents/Developer/Toolchains/XcodeDefault.xctoolchain/usr/bin/install_name_tool: no LC_RPATH load command with path: /Users/brodie/ros2_foxy/ros2-osx/lib found in: /Users/brodie/ros2_truckplatoon/install/message/lib/python3.9/site-packages/message/message_s__rosidl_typesupport_c.cpython-39-darwin.so (for architecture x86_64), required for specified option "-delete_rpath /Users/brodie/ros2_foxy/ros2-osx/lib"
[0.964s] -- Installing: /Users/brodie/ros2_truckplatoon/install/message/lib/libmessage__python.dylib
[0.988s] -- Up-to-date: /Users/brodie/ros2_truckplatoon/install/message/share/message/msg/Message.idl
[0.989s] -- Up-to-date: /Users/brodie/ros2_truckplatoon/install/message/share/message/msg/Message.msg
[0.989s] -- Up-to-date: /Users/brodie/ros2_truckplatoon/install/message/share/ament_index/resource_index/package_run_dependencies/message
[0.989s] -- Up-to-date: /Users/brodie/ros2_truckplatoon/install/message/share/ament_index/resource_index/parent_prefix_path/message
[0.989s] -- Up-to-date: /Users/brodie/ros2_truckplatoon/install/message/share/message/environment/ament_prefix_path.sh
[0.990s] -- Up-to-date: /Users/brodie/ros2_truckplatoon/install/message/share/message/environment/ament_prefix_path.dsv
[0.990s] -- Up-to-date: /Users/brodie/ros2_truckplatoon/install/message/share/message/environment/path.sh
[0.990s] -- Up-to-date: /Users/brodie/ros2_truckplatoon/install/message/share/message/environment/path.dsv
[0.990s] -- Up-to-date: /Users/brodie/ros2_truckplatoon/install/message/share/message/local_setup.bash
[0.991s] -- Up-to-date: /Users/brodie/ros2_truckplatoon/install/message/share/message/local_setup.sh
[0.991s] -- Up-to-date: /Users/brodie/ros2_truckplatoon/install/message/share/message/local_setup.zsh
[0.991s] -- Up-to-date: /Users/brodie/ros2_truckplatoon/install/message/share/message/local_setup.dsv
[0.991s] -- Installing: /Users/brodie/ros2_truckplatoon/install/message/share/message/package.dsv
[0.992s] -- Up-to-date: /Users/brodie/ros2_truckplatoon/install/message/share/ament_index/resource_index/packages/message
[0.992s] -- Up-to-date: /Users/brodie/ros2_truckplatoon/install/message/share/message/cmake/message__rosidl_generator_cExport.cmake
[0.992s] -- Up-to-date: /Users/brodie/ros2_truckplatoon/install/message/share/message/cmake/message__rosidl_generator_cExport-noconfig.cmake
[0.992s] -- Up-to-date: /Users/brodie/ros2_truckplatoon/install/message/share/message/cmake/message__rosidl_typesupport_introspection_cExport.cmake
[0.992s] -- Up-to-date: /Users/brodie/ros2_truckplatoon/install/message/share/message/cmake/message__rosidl_typesupport_introspection_cExport-noconfig.cmake
[0.992s] -- Up-to-date: /Users/brodie/ros2_truckplatoon/install/message/share/message/cmake/message__rosidl_typesupport_cExport.cmake
[0.992s] -- Up-to-date: /Users/brodie/ros2_truckplatoon/install/message/share/message/cmake/message__rosidl_typesupport_cExport-noconfig.cmake
[0.992s] -- Up-to-date: /Users/brodie/ros2_truckplatoon/install/message/share/message/cmake/message__rosidl_generator_cppExport.cmake
[0.992s] -- Up-to-date: /Users/brodie/ros2_truckplatoon/install/message/share/message/cmake/message__rosidl_typesupport_introspection_cppExport.cmake
[0.992s] -- Up-to-date: /Users/brodie/ros2_truckplatoon/install/message/share/message/cmake/message__rosidl_typesupport_introspection_cppExport-noconfig.cmake
[0.993s] -- Up-to-date: /Users/brodie/ros2_truckplatoon/install/message/share/message/cmake/message__rosidl_typesupport_cppExport.cmake
[0.993s] -- Up-to-date: /Users/brodie/ros2_truckplatoon/install/message/share/message/cmake/message__rosidl_typesupport_cppExport-noconfig.cmake
[0.996s] -- Up-to-date: /Users/brodie/ros2_truckplatoon/install/message/share/message/cmake/rosidl_cmake-extras.cmake
[0.996s] -- Up-to-date: /Users/brodie/ros2_truckplatoon/install/message/share/message/cmake/ament_cmake_export_dependencies-extras.cmake
[0.997s] -- Up-to-date: /Users/brodie/ros2_truckplatoon/install/message/share/message/cmake/ament_cmake_export_libraries-extras.cmake
[0.998s] -- Up-to-date: /Users/brodie/ros2_truckplatoon/install/message/share/message/cmake/ament_cmake_export_targets-extras.cmake
[0.998s] -- Up-to-date: /Users/brodie/ros2_truckplatoon/install/message/share/message/cmake/ament_cmake_export_include_directories-extras.cmake
[0.998s] -- Up-to-date: /Users/brodie/ros2_truckplatoon/install/message/share/message/cmake/rosidl_cmake_export_typesupport_libraries-extras.cmake
[0.998s] -- Up-to-date: /Users/brodie/ros2_truckplatoon/install/message/share/message/cmake/rosidl_cmake_export_typesupport_targets-extras.cmake
[0.998s] -- Up-to-date: /Users/brodie/ros2_truckplatoon/install/message/share/message/cmake/messageConfig.cmake
[1.001s] -- Up-to-date: /Users/brodie/ros2_truckplatoon/install/message/share/message/cmake/messageConfig-version.cmake
[1.001s] -- Up-to-date: /Users/brodie/ros2_truckplatoon/install/message/share/message/package.xml
[1.001s] Invoked command in '/Users/brodie/ros2_truckplatoon/build/message' returned '0': CMAKE_PREFIX_PATH=${CMAKE_PREFIX_PATH}:/Users/brodie/my_workspace/install/my_package SHLVL=2 _=/usr/bin/env /usr/local/bin/cmake --install /Users/brodie/ros2_truckplatoon/build/message
