Scanning dependencies of target truck
[ 16%] Building CXX object CMakeFiles/truck.dir/src/truck.cpp.o
[ 33%] Building CXX object CMakeFiles/truck.dir/src/src/Leader.cpp.o
[ 50%] Building CXX object CMakeFiles/truck.dir/src/src/Truck.cpp.o
[ 66%] Building CXX object CMakeFiles/truck.dir/src/src/Communication.cpp.o
In file included from /Users/brodie/ros2_truckplatoon/src/truck/src/src/Communication.cpp:1:
In file included from /Users/brodie/ros2_truckplatoon/src/truck/src/src/Communication.hpp:3:
/Users/brodie/ros2_truckplatoon/src/truck/src/src/Truck.hpp:4:10: warning: non-portable path to file '"utils/include.hpp"'; specified path differs in case from file name on disk [-Wnonportable-include-path]
#include "utils/Include.hpp"
         ^~~~~~~~~~~~~~~~~~~
         "utils/include.hpp"
In file included from /Users/brodie/ros2_truckplatoon/src/truck/src/src/Truck.cpp:1:
/Users/brodie/ros2_truckplatoon/src/truck/src/src/Truck.hpp:4:10: warning: non-portable path to file '"utils/include.hpp"'; specified path differs in case from file name on disk [-Wnonportable-include-path]
#include "utils/Include.hpp"
         ^~~~~~~~~~~~~~~~~~~
         "utils/include.hpp"
In file included from /Users/brodie/ros2_truckplatoon/src/truck/src/truck.cpp:2:
In file included from /Users/brodie/ros2_truckplatoon/src/truck/src/Platoon.hpp:4:
In file included from /Users/brodie/ros2_truckplatoon/src/truck/src/src/Leader.hpp:4:
/Users/brodie/ros2_truckplatoon/src/truck/src/src/Truck.hpp:4:10: warning: non-portable path to file '"utils/include.hpp"'; specified path differs in case from file name on disk [-Wnonportable-include-path]
#include "utils/Include.hpp"
         ^~~~~~~~~~~~~~~~~~~
         "utils/include.hpp"
In file included from /Users/brodie/ros2_truckplatoon/src/truck/src/src/Leader.cpp:1:
In file included from /Users/brodie/ros2_truckplatoon/src/truck/src/src/Leader.hpp:4:
/Users/brodie/ros2_truckplatoon/src/truck/src/src/Truck.hpp:4:10: warning: non-portable path to file '"utils/include.hpp"'; specified path differs in case from file name on disk [-Wnonportable-include-path]
#include "utils/Include.hpp"
         ^~~~~~~~~~~~~~~~~~~
         "utils/include.hpp"
In file included from /Users/brodie/ros2_truckplatoon/src/truck/src/truck.cpp:2:
In file included from /Users/brodie/ros2_truckplatoon/src/truck/src/Platoon.hpp:4:
In file included from /Users/brodie/ros2_truckplatoon/src/truck/src/src/Leader.hpp:4:
In file included from /Users/brodie/ros2_truckplatoon/src/truck/src/src/Truck.hpp:6:
/Users/brodie/ros2_truckplatoon/src/truck/src/src/NodePublisher.hpp:17:3: error: C++ requires a type specifier for all declarations
  MinimalPublisher()
  ^
In file included from /Users/brodie/ros2_truckplatoon/src/truck/src/src/Communication.cpp:1:
In file included from /Users/brodie/ros2_truckplatoon/src/truck/src/src/Communication.hpp:3:
In file included from /Users/brodie/ros2_truckplatoon/src/truck/src/src/Truck.hpp:6:
/Users/brodie/ros2_truckplatoon/src/truck/src/src/NodePublisher.hpp:17:3: error: C++ requires a type specifier for all declarations
  MinimalPublisher()
  ^
/Users/brodie/ros2_truckplatoon/src/truck/src/src/NodePublisher.hpp:32:58: error: use of undeclared identifier 'tutorial_interfaces'
void PublishMessage (const std::string& TopicName, const tutorial_interfaces::msg::Message& message)
                                                         ^
In file included from /Users/brodie/ros2_truckplatoon/src/truck/src/src/Truck.cpp:1:
In file included from /Users/brodie/ros2_truckplatoon/src/truck/src/src/Truck.hpp:6:
/Users/brodie/ros2_truckplatoon/src/truck/src/src/NodePublisher.hpp:17:3: error: C++ requires a type specifier for all declarations
  MinimalPublisher()
  ^
In file included from /Users/brodie/ros2_truckplatoon/src/truck/src/src/Leader.cpp:1:
In file included from /Users/brodie/ros2_truckplatoon/src/truck/src/src/Leader.hpp:4:
In file included from /Users/brodie/ros2_truckplatoon/src/truck/src/src/Truck.hpp:6:
/Users/brodie/ros2_truckplatoon/src/truck/src/src/NodePublisher.hpp:17:3: error: C++ requires a type specifier for all declarations
  MinimalPublisher()
  ^
/Users/brodie/ros2_truckplatoon/src/truck/src/src/NodePublisher.hpp:32:58: error: use of undeclared identifier 'tutorial_interfaces'
void PublishMessage (const std::string& TopicName, const tutorial_interfaces::msg::Message& message)
                                                         ^
/Users/brodie/ros2_truckplatoon/src/truck/src/src/NodePublisher.hpp:46:43: error: use of undeclared identifier 'tutorial_interfaces'
  std::map<std::string, rclcpp::Publisher<tutorial_interfaces::msg::Num>::SharedPtr> publishers_;
                                          ^
/Users/brodie/ros2_truckplatoon/src/truck/src/src/NodePublisher.hpp:18:3: error: only constructors take base initializers
  : Node("minimal_publisher"), count_(0)
  ^
/Users/brodie/ros2_truckplatoon/src/truck/src/src/NodePublisher.hpp:32:58: error: use of undeclared identifier 'tutorial_interfaces'
void PublishMessage (const std::string& TopicName, const tutorial_interfaces::msg::Message& message)
                                                         ^
/Users/brodie/ros2_truckplatoon/src/truck/src/src/NodePublisher.hpp:32:58: error: use of undeclared identifier 'tutorial_interfaces'
void PublishMessage (const std::string& TopicName, const tutorial_interfaces::msg::Message& message)
                                                         ^
/Users/brodie/ros2_truckplatoon/src/truck/src/src/NodePublisher.hpp:46:43: error: use of undeclared identifier 'tutorial_interfaces'
  std::map<std::string, rclcpp::Publisher<tutorial_interfaces::msg::Num>::SharedPtr> publishers_;
                                          ^
/Users/brodie/ros2_truckplatoon/src/truck/src/src/NodePublisher.hpp:18:3: error: only constructors take base initializers
  : Node("minimal_publisher"), count_(0)
  ^
/Users/brodie/ros2_truckplatoon/src/truck/src/src/NodePublisher.hpp:28:51: error: use of undeclared identifier 'tutorial_interfaces'
  publishers_[TopicName] = this->create_publisher<tutorial_interfaces::msg::Message>(TopicName, 10);
                                                  ^
In file included from /Users/brodie/ros2_truckplatoon/src/truck/src/truck.cpp:2:
/Users/brodie/ros2_truckplatoon/src/truck/src/Platoon.hpp:8:10: warning: non-portable path to file '"src/utils/include.hpp"'; specified path differs in case from file name on disk [-Wnonportable-include-path]
#include "src/utils/Include.hpp"
         ^~~~~~~~~~~~~~~~~~~~~~~
         "src/utils/include.hpp"
/Users/brodie/ros2_truckplatoon/src/truck/src/src/NodePublisher.hpp:46:43: error: use of undeclared identifier 'tutorial_interfaces'
  std::map<std::string, rclcpp::Publisher<tutorial_interfaces::msg::Num>::SharedPtr> publishers_;
                                          ^
/Users/brodie/ros2_truckplatoon/src/truck/src/src/NodePublisher.hpp:18:3: error: only constructors take base initializers
  : Node("minimal_publisher"), count_(0)
  ^
/Users/brodie/ros2_truckplatoon/src/truck/src/src/NodePublisher.hpp:46:43: error: use of undeclared identifier 'tutorial_interfaces'
  std::map<std::string, rclcpp::Publisher<tutorial_interfaces::msg::Num>::SharedPtr> publishers_;
                                          ^
/Users/brodie/ros2_truckplatoon/src/truck/src/src/NodePublisher.hpp:18:3: error: only constructors take base initializers
  : Node("minimal_publisher"), count_(0)
  ^
/Users/brodie/ros2_truckplatoon/src/truck/src/src/NodePublisher.hpp:28:51: error: use of undeclared identifier 'tutorial_interfaces'
  publishers_[TopicName] = this->create_publisher<tutorial_interfaces::msg::Message>(TopicName, 10);
                                                  ^
/Users/brodie/ros2_truckplatoon/src/truck/src/src/NodePublisher.hpp:28:51: error: use of undeclared identifier 'tutorial_interfaces'
  publishers_[TopicName] = this->create_publisher<tutorial_interfaces::msg::Message>(TopicName, 10);
                                                  ^
/Users/brodie/ros2_truckplatoon/src/truck/src/src/Truck.cpp:14:5: error: no matching function for call to 'spin'
    rclcpp::spin(_publisher);
    ^~~~~~~~~~~~
/Users/brodie/ros2_foxy/ros2-osx/include/rclcpp/executors.hpp:45:1: note: candidate function not viable: no known conversion from 'shared_ptr<Publisher>' to 'shared_ptr<rclcpp::node_interfaces::NodeBaseInterface>' for 1st argument
spin(rclcpp::node_interfaces::NodeBaseInterface::SharedPtr node_ptr);
^
/Users/brodie/ros2_foxy/ros2-osx/include/rclcpp/executors.hpp:49:1: note: candidate function not viable: no known conversion from 'shared_ptr<Publisher>' to 'shared_ptr<rclcpp::Node>' for 1st argument
spin(rclcpp::Node::SharedPtr node_ptr);
^
/Users/brodie/ros2_truckplatoon/src/truck/src/src/NodePublisher.hpp:28:51: error: use of undeclared identifier 'tutorial_interfaces'
  publishers_[TopicName] = this->create_publisher<tutorial_interfaces::msg::Message>(TopicName, 10);
                                                  ^
In file included from /Users/brodie/ros2_truckplatoon/src/truck/src/truck.cpp:2:
In file included from /Users/brodie/ros2_truckplatoon/src/truck/src/Platoon.hpp:4:
In file included from /Users/brodie/ros2_truckplatoon/src/truck/src/src/Leader.hpp:4:
In file included from /Users/brodie/ros2_truckplatoon/src/truck/src/src/Truck.hpp:6:
/Users/brodie/ros2_truckplatoon/src/truck/src/src/NodePublisher.hpp:46:86: warning: private field 'publishers_' is not used [-Wunused-private-field]
  std::map<std::string, rclcpp::Publisher<tutorial_interfaces::msg::Num>::SharedPtr> publishers_;
                                                                                     ^
In file included from /Users/brodie/ros2_truckplatoon/src/truck/src/truck.cpp:2:
In file included from /Users/brodie/ros2_truckplatoon/src/truck/src/Platoon.hpp:11:
/Users/brodie/ros2_truckplatoon/src/truck/src/src/DrivingEvent.hpp:9:15: warning: private field '_speed' is not used [-Wunused-private-field]
    speedType _speed;
              ^
/Users/brodie/ros2_truckplatoon/src/truck/src/src/DrivingEvent.hpp:10:23: warning: private field '_stearingAngle' is not used [-Wunused-private-field]
    stearingAngleType _stearingAngle;
                      ^
/Users/brodie/ros2_truckplatoon/src/truck/src/src/DrivingEvent.hpp:11:18: warning: private field '_distance' is not used [-Wunused-private-field]
    distanceType _distance;
                 ^
6 warnings and 5 errors generated.
gmake[2]: *** [CMakeFiles/truck.dir/build.make:82: CMakeFiles/truck.dir/src/truck.cpp.o] Error 1
gmake[2]: *** Waiting for unfinished jobs....
/Users/brodie/ros2_truckplatoon/src/truck/src/src/NodePublisher.hpp:46:86: warning: private field 'publishers_' is not used [-Wunused-private-field]
  std::map<std::string, rclcpp::Publisher<tutorial_interfaces::msg::Num>::SharedPtr> publishers_;
                                                                                     ^
2 warnings and 5 errors generated.
/Users/brodie/ros2_truckplatoon/src/truck/src/src/NodePublisher.hpp:46:86: warning: private field 'publishers_' is not used [-Wunused-private-field]
  std::map<std::string, rclcpp::Publisher<tutorial_interfaces::msg::Num>::SharedPtr> publishers_;
                                                                                     ^
2 warnings and 5 errors generated.
gmake[2]: *** [CMakeFiles/truck.dir/build.make:121: CMakeFiles/truck.dir/src/src/Communication.cpp.o] Error 1
gmake[2]: *** [CMakeFiles/truck.dir/build.make:108: CMakeFiles/truck.dir/src/src/Leader.cpp.o] Error 1
In file included from /Users/brodie/ros2_truckplatoon/src/truck/src/src/Truck.cpp:1:
In file included from /Users/brodie/ros2_truckplatoon/src/truck/src/src/Truck.hpp:6:
/Users/brodie/ros2_truckplatoon/src/truck/src/src/NodePublisher.hpp:14:7: error: implicit default constructor for 'Publisher' must explicitly initialize the base class 'rclcpp::Node' which does not have a default constructor
class Publisher : public rclcpp::Node
      ^
/Applications/Xcode.app/Contents/Developer/Platforms/MacOSX.platform/Developer/SDKs/MacOSX12.3.sdk/usr/include/c++/v1/__memory/shared_ptr.h:298:37: note: in implicit default constructor for 'Publisher' first required here
        ::new ((void*)__get_elem()) _Tp(_VSTD::forward<_Args>(__args)...);
                                    ^
/Applications/Xcode.app/Contents/Developer/Platforms/MacOSX.platform/Developer/SDKs/MacOSX12.3.sdk/usr/include/c++/v1/__memory/shared_ptr.h:1106:55: note: in instantiation of function template specialization 'std::__shared_ptr_emplace<Publisher, std::allocator<Publisher>>::__shared_ptr_emplace<>' requested here
    ::new ((void*)_VSTD::addressof(*__guard.__get())) _ControlBlock(__a, _VSTD::forward<_Args>(__args)...);
                                                      ^
/Applications/Xcode.app/Contents/Developer/Platforms/MacOSX.platform/Developer/SDKs/MacOSX12.3.sdk/usr/include/c++/v1/__memory/shared_ptr.h:1115:19: note: in instantiation of function template specialization 'std::allocate_shared<Publisher, std::allocator<Publisher>, void>' requested here
    return _VSTD::allocate_shared<_Tp>(allocator<_Tp>(), _VSTD::forward<_Args>(__args)...);
                  ^
/Users/brodie/ros2_truckplatoon/src/truck/src/src/Truck.cpp:13:30: note: in instantiation of function template specialization 'std::make_shared<Publisher, void>' requested here
    this ->_publisher = std::make_shared<Publisher>();
                             ^
/Users/brodie/ros2_foxy/ros2-osx/include/rclcpp/node.hpp:74:7: note: 'rclcpp::Node' declared here
class Node : public std::enable_shared_from_this<Node>
      ^
In file included from /Users/brodie/ros2_truckplatoon/src/truck/src/src/Truck.cpp:1:
In file included from /Users/brodie/ros2_truckplatoon/src/truck/src/src/Truck.hpp:3:
In file included from /Users/brodie/ros2_truckplatoon/src/truck/src/src/utils/PlatoonTypes.hpp:5:
In file included from /Users/brodie/ros2_truckplatoon/src/truck/src/src/utils/Include.hpp:3:
In file included from /Applications/Xcode.app/Contents/Developer/Platforms/MacOSX.platform/Developer/SDKs/MacOSX12.3.sdk/usr/include/c++/v1/iostream:37:
In file included from /Applications/Xcode.app/Contents/Developer/Platforms/MacOSX.platform/Developer/SDKs/MacOSX12.3.sdk/usr/include/c++/v1/ios:214:
In file included from /Applications/Xcode.app/Contents/Developer/Platforms/MacOSX.platform/Developer/SDKs/MacOSX12.3.sdk/usr/include/c++/v1/__locale:15:
In file included from /Applications/Xcode.app/Contents/Developer/Platforms/MacOSX.platform/Developer/SDKs/MacOSX12.3.sdk/usr/include/c++/v1/string:522:
In file included from /Applications/Xcode.app/Contents/Developer/Platforms/MacOSX.platform/Developer/SDKs/MacOSX12.3.sdk/usr/include/c++/v1/algorithm:653:
In file included from /Applications/Xcode.app/Contents/Developer/Platforms/MacOSX.platform/Developer/SDKs/MacOSX12.3.sdk/usr/include/c++/v1/functional:500:
In file included from /Applications/Xcode.app/Contents/Developer/Platforms/MacOSX.platform/Developer/SDKs/MacOSX12.3.sdk/usr/include/c++/v1/__functional/function.h:19:
/Applications/Xcode.app/Contents/Developer/Platforms/MacOSX.platform/Developer/SDKs/MacOSX12.3.sdk/usr/include/c++/v1/__memory/compressed_pair.h:171:12: error: static_cast from 'std::__compressed_pair<std::allocator<Publisher>, Publisher> *' to 'std::__compressed_pair<std::allocator<Publisher>, Publisher>::_Base1 *' (aka '__compressed_pair_elem<std::allocator<Publisher>, 0> *'), which are not related by inheritance, is not allowed
    return static_cast<_Base1*>(__pair);
           ^~~~~~~~~~~~~~~~~~~~~~~~~~~~
/Applications/Xcode.app/Contents/Developer/Platforms/MacOSX.platform/Developer/SDKs/MacOSX12.3.sdk/usr/include/c++/v1/__memory/shared_ptr.h:348:74: note: in instantiation of member function 'std::__compressed_pair<std::allocator<Publisher>, Publisher>::__get_first_base' requested here
            typename _CompressedPair::_Base1* __first = _CompressedPair::__get_first_base(__as_pair);
                                                                         ^
/Applications/Xcode.app/Contents/Developer/Platforms/MacOSX.platform/Developer/SDKs/MacOSX12.3.sdk/usr/include/c++/v1/__memory/shared_ptr.h:341:27: note: in instantiation of member function 'std::__shared_ptr_emplace<Publisher, std::allocator<Publisher>>::_Storage::__get_alloc' requested here
            ::new ((void*)__get_alloc()) _Alloc(_VSTD::move(__a));
                          ^
/Applications/Xcode.app/Contents/Developer/Platforms/MacOSX.platform/Developer/SDKs/MacOSX12.3.sdk/usr/include/c++/v1/__memory/shared_ptr.h:291:11: note: in instantiation of member function 'std::__shared_ptr_emplace<Publisher, std::allocator<Publisher>>::_Storage::_Storage' requested here
        : __storage_(_VSTD::move(__a))
          ^
/Applications/Xcode.app/Contents/Developer/Platforms/MacOSX.platform/Developer/SDKs/MacOSX12.3.sdk/usr/include/c++/v1/__memory/shared_ptr.h:1106:55: note: in instantiation of function template specialization 'std::__shared_ptr_emplace<Publisher, std::allocator<Publisher>>::__shared_ptr_emplace<>' requested here
    ::new ((void*)_VSTD::addressof(*__guard.__get())) _ControlBlock(__a, _VSTD::forward<_Args>(__args)...);
                                                      ^
/Applications/Xcode.app/Contents/Developer/Platforms/MacOSX.platform/Developer/SDKs/MacOSX12.3.sdk/usr/include/c++/v1/__memory/shared_ptr.h:1115:19: note: in instantiation of function template specialization 'std::allocate_shared<Publisher, std::allocator<Publisher>, void>' requested here
    return _VSTD::allocate_shared<_Tp>(allocator<_Tp>(), _VSTD::forward<_Args>(__args)...);
                  ^
/Users/brodie/ros2_truckplatoon/src/truck/src/src/Truck.cpp:13:30: note: in instantiation of function template specialization 'std::make_shared<Publisher, void>' requested here
    this ->_publisher = std::make_shared<Publisher>();
                             ^
In file included from /Users/brodie/ros2_truckplatoon/src/truck/src/src/Truck.cpp:1:
In file included from /Users/brodie/ros2_truckplatoon/src/truck/src/src/Truck.hpp:3:
In file included from /Users/brodie/ros2_truckplatoon/src/truck/src/src/utils/PlatoonTypes.hpp:5:
In file included from /Users/brodie/ros2_truckplatoon/src/truck/src/src/utils/Include.hpp:3:
In file included from /Applications/Xcode.app/Contents/Developer/Platforms/MacOSX.platform/Developer/SDKs/MacOSX12.3.sdk/usr/include/c++/v1/iostream:37:
In file included from /Applications/Xcode.app/Contents/Developer/Platforms/MacOSX.platform/Developer/SDKs/MacOSX12.3.sdk/usr/include/c++/v1/ios:214:
In file included from /Applications/Xcode.app/Contents/Developer/Platforms/MacOSX.platform/Developer/SDKs/MacOSX12.3.sdk/usr/include/c++/v1/__locale:15:
In file included from /Applications/Xcode.app/Contents/Developer/Platforms/MacOSX.platform/Developer/SDKs/MacOSX12.3.sdk/usr/include/c++/v1/string:522:
In file included from /Applications/Xcode.app/Contents/Developer/Platforms/MacOSX.platform/Developer/SDKs/MacOSX12.3.sdk/usr/include/c++/v1/algorithm:653:
In file included from /Applications/Xcode.app/Contents/Developer/Platforms/MacOSX.platform/Developer/SDKs/MacOSX12.3.sdk/usr/include/c++/v1/functional:500:
In file included from /Applications/Xcode.app/Contents/Developer/Platforms/MacOSX.platform/Developer/SDKs/MacOSX12.3.sdk/usr/include/c++/v1/__functional/function.h:19:
/Applications/Xcode.app/Contents/Developer/Platforms/MacOSX.platform/Developer/SDKs/MacOSX12.3.sdk/usr/include/c++/v1/__memory/compressed_pair.h:175:12: error: static_cast from 'std::__compressed_pair<std::allocator<Publisher>, Publisher> *' to 'std::__compressed_pair<std::allocator<Publisher>, Publisher>::_Base2 *' (aka '__compressed_pair_elem<Publisher, 1> *'), which are not related by inheritance, is not allowed
    return static_cast<_Base2*>(__pair);
           ^~~~~~~~~~~~~~~~~~~~~~~~~~~~
/Applications/Xcode.app/Contents/Developer/Platforms/MacOSX.platform/Developer/SDKs/MacOSX12.3.sdk/usr/include/c++/v1/__memory/shared_ptr.h:354:75: note: in instantiation of member function 'std::__compressed_pair<std::allocator<Publisher>, Publisher>::__get_second_base' requested here
            typename _CompressedPair::_Base2* __second = _CompressedPair::__get_second_base(__as_pair);
                                                                          ^
/Applications/Xcode.app/Contents/Developer/Platforms/MacOSX.platform/Developer/SDKs/MacOSX12.3.sdk/usr/include/c++/v1/__memory/shared_ptr.h:306:53: note: in instantiation of member function 'std::__shared_ptr_emplace<Publisher, std::allocator<Publisher>>::_Storage::__get_elem' requested here
    _Tp* __get_elem() _NOEXCEPT { return __storage_.__get_elem(); }
                                                    ^
/Applications/Xcode.app/Contents/Developer/Platforms/MacOSX.platform/Developer/SDKs/MacOSX12.3.sdk/usr/include/c++/v1/__memory/shared_ptr.h:1108:76: note: in instantiation of member function 'std::__shared_ptr_emplace<Publisher, std::allocator<Publisher>>::__get_elem' requested here
    return shared_ptr<_Tp>::__create_with_control_block((*__control_block).__get_elem(), _VSTD::addressof(*__control_block));
                                                                           ^
/Applications/Xcode.app/Contents/Developer/Platforms/MacOSX.platform/Developer/SDKs/MacOSX12.3.sdk/usr/include/c++/v1/__memory/shared_ptr.h:1115:19: note: in instantiation of function template specialization 'std::allocate_shared<Publisher, std::allocator<Publisher>, void>' requested here
    return _VSTD::allocate_shared<_Tp>(allocator<_Tp>(), _VSTD::forward<_Args>(__args)...);
                  ^
/Users/brodie/ros2_truckplatoon/src/truck/src/src/Truck.cpp:13:30: note: in instantiation of function template specialization 'std::make_shared<Publisher, void>' requested here
    this ->_publisher = std::make_shared<Publisher>();
                             ^
In file included from /Users/brodie/ros2_truckplatoon/src/truck/src/src/Truck.cpp:1:
In file included from /Users/brodie/ros2_truckplatoon/src/truck/src/src/Truck.hpp:6:
/Users/brodie/ros2_truckplatoon/src/truck/src/src/NodePublisher.hpp:46:86: warning: private field 'publishers_' is not used [-Wunused-private-field]
  std::map<std::string, rclcpp::Publisher<tutorial_interfaces::msg::Num>::SharedPtr> publishers_;
                                                                                     ^
2 warnings and 9 errors generated.
gmake[2]: *** [CMakeFiles/truck.dir/build.make:95: CMakeFiles/truck.dir/src/src/Truck.cpp.o] Error 1
gmake[1]: *** [CMakeFiles/Makefile2:97: CMakeFiles/truck.dir/all] Error 2
gmake: *** [Makefile:160: all] Error 2
