[0.000000] (-) TimerEvent: {}
[0.000361] (message) JobQueued: {'identifier': 'message', 'dependencies': OrderedDict()}
[0.000619] (truck) JobQueued: {'identifier': 'truck', 'dependencies': OrderedDict([('message', '/Users/brodie/ros2_truckplatoon/install/message')])}
[0.002546] (message) JobStarted: {'identifier': 'message'}
[0.069702] (message) JobProgress: {'identifier': 'message', 'progress': 'cmake'}
[0.070692] (message) JobProgress: {'identifier': 'message', 'progress': 'build'}
[0.072817] (message) Command: {'cmd': ['/usr/local/bin/cmake', '--build', '/Users/brodie/ros2_truckplatoon/build/message', '--', '-j8', '-l8'], 'cwd': '/Users/brodie/ros2_truckplatoon/build/message', 'env': OrderedDict([('TERM_PROGRAM', 'Apple_Terminal'), ('SHELL', '/bin/zsh'), ('TERM', 'xterm-256color'), ('TMPDIR', '/var/folders/b6/t14lv28n5xqdhgq7zcrqwfkm0000gn/T/'), ('TERM_PROGRAM_VERSION', '445'), ('ROS_PYTHON_VERSION', '3'), ('ROS_VERSION', '2'), ('COLCON_PREFIX_PATH', '/Users/brodie/ros2_truckplatoon/install:/Users/brodie/my_workspace/install:/Users/brodie/ros2_foxy/ros2-osx'), ('TERM_SESSION_ID', '68464B11-5BA9-4066-9F09-461F903B1524'), ('AMENT_PREFIX_PATH', '/Users/brodie/ros2_truckplatoon/install/message:/Users/brodie/ros2_truckplatoon/install/Messages:/Users/brodie/ros2_truckplatoon/install/truck:/Users/brodie/my_workspace/install/tutorial_interfaces:/Users/brodie/my_workspace/install/cpp_srvcli:/Users/brodie/my_workspace/install/cpp_pubsub:/Users/brodie/my_workspace/install/my_package:/Users/brodie/ros2_foxy/ros2-osx'), ('USER', 'brodie'), ('SSH_AUTH_SOCK', '/private/tmp/com.apple.launchd.4a9jOPzOQR/Listeners'), ('__CF_USER_TEXT_ENCODING', '0x1F5:0x0:0x4'), ('PATH', '/Users/brodie/ros2_foxy/ros2-osx/bin:/Library/Frameworks/Python.framework/Versions/3.9/bin:/Library/Frameworks/Python.framework/Versions/2.7/bin:/usr/local/bin:/usr/bin:/bin:/usr/sbin:/sbin:/Library/TeX/texbin:/usr/local/share/dotnet:/opt/X11/bin:~/.dotnet/tools:/Library/Apple/usr/bin:/Library/Frameworks/Mono.framework/Versions/Current/Commands:/usr/local/CrossPack-AVR/bin:/Applications/Postgres.app/Contents/Versions/latest/bin:/Applications/Xamarin Workbooks.app/Contents/SharedSupport/path-bin'), ('__CFBundleIdentifier', 'com.apple.Terminal'), ('PWD', '/Users/brodie/ros2_truckplatoon/build/message'), ('COLCON', '1'), ('LANG', 'it_IT.UTF-8'), ('XPC_FLAGS', '0x0'), ('XPC_SERVICE_NAME', '0'), ('OPENSSL_ROOT_DIR', '/usr/local/Cellar/openssl@3'), ('SHLVL', '2'), ('HOME', '/Users/brodie'), ('ROS_DISTRO', 'foxy'), ('PYTHONPATH', '/Users/brodie/ros2_truckplatoon/install/message/lib/python3.9/site-packages:/Users/brodie/my_workspace/install/tutorial_interfaces/lib/python3.9/site-packages:/Users/brodie/my_workspace/install/my_package/lib/python3.9/site-packages:/Users/brodie/ros2_foxy/ros2-osx/lib/python3.8/site-packages'), ('LOGNAME', 'brodie'), ('PKG_CONFIG_PATH', '/Users/brodie/ros2_foxy/ros2-osx/lib/pkgconfig'), ('CMAKE_PREFIX_PATH', '/Users/brodie/ros2_truckplatoon/install/message:/Users/brodie/ros2_truckplatoon/install/Messages:/Users/brodie/ros2_truckplatoon/install/truck:/Users/brodie/my_workspace/install/tutorial_interfaces:/Users/brodie/my_workspace/install/cpp_srvcli:/Users/brodie/my_workspace/install/cpp_pubsub:/Users/brodie/ros2_foxy/ros2-osx:/Users/brodie/my_workspace/install/my_package'), ('DISPLAY', '/private/tmp/com.apple.launchd.fnO1XjjJMH/org.xquartz:0'), ('ROS_LOCALHOST_ONLY', '0'), ('_', '/usr/bin/env')]), 'shell': False}
[0.102246] (-) TimerEvent: {}
[0.139654] (message) StdoutLine: {'line': b'[  6%] Built target message__cpp\n'}
[0.140040] (message) StdoutLine: {'line': b'[ 12%] Built target message__rosidl_generator_c\n'}
[0.178354] (message) StdoutLine: {'line': b'[ 29%] Built target message__rosidl_typesupport_cpp\n'}
[0.178785] (message) StdoutLine: {'line': b'[ 32%] Built target message__rosidl_typesupport_fastrtps_cpp\n'}
[0.179243] (message) StdoutLine: {'line': b'[ 41%] Built target message__rosidl_typesupport_c\n'}
[0.181011] (message) StdoutLine: {'line': b'[ 61%] Built target message__rosidl_typesupport_introspection_c\n'}
[0.181367] (message) StdoutLine: {'line': b'[ 61%] Built target message__rosidl_typesupport_introspection_cpp\n'}
[0.206545] (-) TimerEvent: {}
[0.223067] (message) StdoutLine: {'line': b'[ 70%] Built target message__rosidl_typesupport_fastrtps_c\n'}
[0.258362] (message) StdoutLine: {'line': b'[ 70%] Built target message\n'}
[0.290051] (message) StdoutLine: {'line': b'[ 74%] Built target message__py\n'}
[0.310038] (-) TimerEvent: {}
[0.323002] (message) StdoutLine: {'line': b'[ 80%] Built target message__python\n'}
[0.356178] (message) StdoutLine: {'line': b'[ 93%] Built target message__rosidl_typesupport_c__pyext\n'}
[0.356393] (message) StdoutLine: {'line': b'[ 93%] Built target message__rosidl_typesupport_fastrtps_c__pyext\n'}
[0.358205] (message) StdoutLine: {'line': b'[100%] Built target message__rosidl_typesupport_introspection_c__pyext\n'}
[0.369942] (message) CommandEnded: {'returncode': 0}
[0.414756] (-) TimerEvent: {}
[0.517848] (-) TimerEvent: {}
[0.550837] (message) JobProgress: {'identifier': 'message', 'progress': 'install'}
[0.561569] (message) Command: {'cmd': ['/usr/local/bin/cmake', '--install', '/Users/brodie/ros2_truckplatoon/build/message'], 'cwd': '/Users/brodie/ros2_truckplatoon/build/message', 'env': OrderedDict([('TERM_PROGRAM', 'Apple_Terminal'), ('SHELL', '/bin/zsh'), ('TERM', 'xterm-256color'), ('TMPDIR', '/var/folders/b6/t14lv28n5xqdhgq7zcrqwfkm0000gn/T/'), ('TERM_PROGRAM_VERSION', '445'), ('ROS_PYTHON_VERSION', '3'), ('ROS_VERSION', '2'), ('COLCON_PREFIX_PATH', '/Users/brodie/ros2_truckplatoon/install:/Users/brodie/my_workspace/install:/Users/brodie/ros2_foxy/ros2-osx'), ('TERM_SESSION_ID', '68464B11-5BA9-4066-9F09-461F903B1524'), ('AMENT_PREFIX_PATH', '/Users/brodie/ros2_truckplatoon/install/message:/Users/brodie/ros2_truckplatoon/install/Messages:/Users/brodie/ros2_truckplatoon/install/truck:/Users/brodie/my_workspace/install/tutorial_interfaces:/Users/brodie/my_workspace/install/cpp_srvcli:/Users/brodie/my_workspace/install/cpp_pubsub:/Users/brodie/my_workspace/install/my_package:/Users/brodie/ros2_foxy/ros2-osx'), ('USER', 'brodie'), ('SSH_AUTH_SOCK', '/private/tmp/com.apple.launchd.4a9jOPzOQR/Listeners'), ('__CF_USER_TEXT_ENCODING', '0x1F5:0x0:0x4'), ('PATH', '/Users/brodie/ros2_foxy/ros2-osx/bin:/Library/Frameworks/Python.framework/Versions/3.9/bin:/Library/Frameworks/Python.framework/Versions/2.7/bin:/usr/local/bin:/usr/bin:/bin:/usr/sbin:/sbin:/Library/TeX/texbin:/usr/local/share/dotnet:/opt/X11/bin:~/.dotnet/tools:/Library/Apple/usr/bin:/Library/Frameworks/Mono.framework/Versions/Current/Commands:/usr/local/CrossPack-AVR/bin:/Applications/Postgres.app/Contents/Versions/latest/bin:/Applications/Xamarin Workbooks.app/Contents/SharedSupport/path-bin'), ('__CFBundleIdentifier', 'com.apple.Terminal'), ('PWD', '/Users/brodie/ros2_truckplatoon/build/message'), ('COLCON', '1'), ('LANG', 'it_IT.UTF-8'), ('XPC_FLAGS', '0x0'), ('XPC_SERVICE_NAME', '0'), ('OPENSSL_ROOT_DIR', '/usr/local/Cellar/openssl@3'), ('SHLVL', '2'), ('HOME', '/Users/brodie'), ('ROS_DISTRO', 'foxy'), ('PYTHONPATH', '/Users/brodie/ros2_truckplatoon/install/message/lib/python3.9/site-packages:/Users/brodie/my_workspace/install/tutorial_interfaces/lib/python3.9/site-packages:/Users/brodie/my_workspace/install/my_package/lib/python3.9/site-packages:/Users/brodie/ros2_foxy/ros2-osx/lib/python3.8/site-packages'), ('LOGNAME', 'brodie'), ('PKG_CONFIG_PATH', '/Users/brodie/ros2_foxy/ros2-osx/lib/pkgconfig'), ('CMAKE_PREFIX_PATH', '/Users/brodie/ros2_truckplatoon/install/message:/Users/brodie/ros2_truckplatoon/install/Messages:/Users/brodie/ros2_truckplatoon/install/truck:/Users/brodie/my_workspace/install/tutorial_interfaces:/Users/brodie/my_workspace/install/cpp_srvcli:/Users/brodie/my_workspace/install/cpp_pubsub:/Users/brodie/ros2_foxy/ros2-osx:/Users/brodie/my_workspace/install/my_package'), ('DISPLAY', '/private/tmp/com.apple.launchd.fnO1XjjJMH/org.xquartz:0'), ('ROS_LOCALHOST_ONLY', '0'), ('_', '/usr/bin/env')]), 'shell': False}
[0.572038] (message) StdoutLine: {'line': b'-- Install configuration: ""\n'}
[0.572357] (message) StdoutLine: {'line': b'-- Up-to-date: /Users/brodie/ros2_truckplatoon/install/message/share/ament_index/resource_index/rosidl_interfaces/message\n'}
[0.572591] (message) StdoutLine: {'line': b'-- Up-to-date: /Users/brodie/ros2_truckplatoon/install/message/include/message\n'}
[0.572775] (message) StdoutLine: {'line': b'-- Up-to-date: /Users/brodie/ros2_truckplatoon/install/message/include/message/msg\n'}
[0.572994] (message) StdoutLine: {'line': b'-- Up-to-date: /Users/brodie/ros2_truckplatoon/install/message/include/message/msg/rosidl_generator_c__visibility_control.h\n'}
[0.573141] (message) StdoutLine: {'line': b'-- Up-to-date: /Users/brodie/ros2_truckplatoon/install/message/include/message/msg/message.h\n'}
[0.573396] (message) StdoutLine: {'line': b'-- Up-to-date: /Users/brodie/ros2_truckplatoon/install/message/include/message/msg/detail\n'}
[0.573514] (message) StdoutLine: {'line': b'-- Up-to-date: /Users/brodie/ros2_truckplatoon/install/message/include/message/msg/detail/message__struct.h\n'}
[0.573614] (message) StdoutLine: {'line': b'-- Up-to-date: /Users/brodie/ros2_truckplatoon/install/message/include/message/msg/detail/message__functions.h\n'}
[0.573710] (message) StdoutLine: {'line': b'-- Up-to-date: /Users/brodie/ros2_truckplatoon/install/message/include/message/msg/detail/message__type_support.h\n'}
[0.573803] (message) StdoutLine: {'line': b'-- Up-to-date: /Users/brodie/ros2_truckplatoon/install/message/include/message/msg/detail/message__functions.c\n'}
[0.573895] (message) StdoutLine: {'line': b'-- Up-to-date: /Users/brodie/ros2_truckplatoon/install/message/share/message/environment/library_path.sh\n'}
[0.573987] (message) StdoutLine: {'line': b'-- Up-to-date: /Users/brodie/ros2_truckplatoon/install/message/share/message/environment/library_path.dsv\n'}
[0.574078] (message) StdoutLine: {'line': b'-- Installing: /Users/brodie/ros2_truckplatoon/install/message/lib/libmessage__rosidl_generator_c.dylib\n'}
[0.585945] (message) StdoutLine: {'line': b'-- Up-to-date: /Users/brodie/ros2_truckplatoon/install/message/include/message\n'}
[0.586137] (message) StdoutLine: {'line': b'-- Up-to-date: /Users/brodie/ros2_truckplatoon/install/message/include/message/msg\n'}
[0.586353] (message) StdoutLine: {'line': b'-- Up-to-date: /Users/brodie/ros2_truckplatoon/install/message/include/message/msg/detail\n'}
[0.586581] (message) StdoutLine: {'line': b'-- Up-to-date: /Users/brodie/ros2_truckplatoon/install/message/include/message/msg/detail/message__rosidl_typesupport_fastrtps_c.h\n'}
[0.586693] (message) StdoutLine: {'line': b'-- Up-to-date: /Users/brodie/ros2_truckplatoon/install/message/include/message/msg/rosidl_typesupport_fastrtps_c__visibility_control.h\n'}
[0.586790] (message) StdoutLine: {'line': b'-- Installing: /Users/brodie/ros2_truckplatoon/install/message/lib/libmessage__rosidl_typesupport_fastrtps_c.dylib\n'}
[0.621389] (-) TimerEvent: {}
[0.623453] (message) StdoutLine: {'line': b'-- Up-to-date: /Users/brodie/ros2_truckplatoon/install/message/include/message\n'}
[0.623910] (message) StdoutLine: {'line': b'-- Up-to-date: /Users/brodie/ros2_truckplatoon/install/message/include/message/msg\n'}
[0.624091] (message) StdoutLine: {'line': b'-- Up-to-date: /Users/brodie/ros2_truckplatoon/install/message/include/message/msg/rosidl_typesupport_fastrtps_cpp__visibility_control.h\n'}
[0.624212] (message) StdoutLine: {'line': b'-- Up-to-date: /Users/brodie/ros2_truckplatoon/install/message/include/message/msg/detail\n'}
[0.624307] (message) StdoutLine: {'line': b'-- Up-to-date: /Users/brodie/ros2_truckplatoon/install/message/include/message/msg/detail/dds_fastrtps\n'}
[0.624453] (message) StdoutLine: {'line': b'-- Up-to-date: /Users/brodie/ros2_truckplatoon/install/message/include/message/msg/detail/message__rosidl_typesupport_fastrtps_cpp.hpp\n'}
[0.624563] (message) StdoutLine: {'line': b'-- Installing: /Users/brodie/ros2_truckplatoon/install/message/lib/libmessage__rosidl_typesupport_fastrtps_cpp.dylib\n'}
[0.648922] (message) StdoutLine: {'line': b'-- Up-to-date: /Users/brodie/ros2_truckplatoon/install/message/include/message\n'}
[0.649338] (message) StdoutLine: {'line': b'-- Up-to-date: /Users/brodie/ros2_truckplatoon/install/message/include/message/msg\n'}
[0.649521] (message) StdoutLine: {'line': b'-- Up-to-date: /Users/brodie/ros2_truckplatoon/install/message/include/message/msg/detail\n'}
[0.649628] (message) StdoutLine: {'line': b'-- Up-to-date: /Users/brodie/ros2_truckplatoon/install/message/include/message/msg/detail/message__type_support.c\n'}
[0.649736] (message) StdoutLine: {'line': b'-- Up-to-date: /Users/brodie/ros2_truckplatoon/install/message/include/message/msg/detail/message__rosidl_typesupport_introspection_c.h\n'}
[0.649857] (message) StdoutLine: {'line': b'-- Up-to-date: /Users/brodie/ros2_truckplatoon/install/message/include/message/msg/rosidl_typesupport_introspection_c__visibility_control.h\n'}
[0.649984] (message) StdoutLine: {'line': b'-- Installing: /Users/brodie/ros2_truckplatoon/install/message/lib/libmessage__rosidl_typesupport_introspection_c.dylib\n'}
[0.674033] (message) StdoutLine: {'line': b'-- Installing: /Users/brodie/ros2_truckplatoon/install/message/lib/libmessage__rosidl_typesupport_c.dylib\n'}
[0.686195] (message) StdoutLine: {'line': b'-- Up-to-date: /Users/brodie/ros2_truckplatoon/install/message/include/message\n'}
[0.686477] (message) StdoutLine: {'line': b'-- Up-to-date: /Users/brodie/ros2_truckplatoon/install/message/include/message/msg\n'}
[0.686580] (message) StdoutLine: {'line': b'-- Up-to-date: /Users/brodie/ros2_truckplatoon/install/message/include/message/msg/detail\n'}
[0.686672] (message) StdoutLine: {'line': b'-- Up-to-date: /Users/brodie/ros2_truckplatoon/install/message/include/message/msg/detail/message__traits.hpp\n'}
[0.686929] (message) StdoutLine: {'line': b'-- Up-to-date: /Users/brodie/ros2_truckplatoon/install/message/include/message/msg/detail/message__struct.hpp\n'}
[0.687110] (message) StdoutLine: {'line': b'-- Up-to-date: /Users/brodie/ros2_truckplatoon/install/message/include/message/msg/detail/message__builder.hpp\n'}
[0.687203] (message) StdoutLine: {'line': b'-- Up-to-date: /Users/brodie/ros2_truckplatoon/install/message/include/message/msg/message.hpp\n'}
[0.687291] (message) StdoutLine: {'line': b'-- Up-to-date: /Users/brodie/ros2_truckplatoon/install/message/include/message\n'}
[0.687410] (message) StdoutLine: {'line': b'-- Up-to-date: /Users/brodie/ros2_truckplatoon/install/message/include/message/msg\n'}
[0.687518] (message) StdoutLine: {'line': b'-- Up-to-date: /Users/brodie/ros2_truckplatoon/install/message/include/message/msg/detail\n'}
[0.687607] (message) StdoutLine: {'line': b'-- Up-to-date: /Users/brodie/ros2_truckplatoon/install/message/include/message/msg/detail/message__type_support.cpp\n'}
[0.687693] (message) StdoutLine: {'line': b'-- Up-to-date: /Users/brodie/ros2_truckplatoon/install/message/include/message/msg/detail/message__rosidl_typesupport_introspection_cpp.hpp\n'}
[0.687779] (message) StdoutLine: {'line': b'-- Installing: /Users/brodie/ros2_truckplatoon/install/message/lib/libmessage__rosidl_typesupport_introspection_cpp.dylib\n'}
[0.700048] (message) StdoutLine: {'line': b'-- Installing: /Users/brodie/ros2_truckplatoon/install/message/lib/libmessage__rosidl_typesupport_cpp.dylib\n'}
[0.712227] (message) StdoutLine: {'line': b'-- Up-to-date: /Users/brodie/ros2_truckplatoon/install/message/share/message/environment/pythonpath.sh\n'}
[0.712434] (message) StdoutLine: {'line': b'-- Up-to-date: /Users/brodie/ros2_truckplatoon/install/message/share/message/environment/pythonpath.dsv\n'}
[0.712607] (message) StdoutLine: {'line': b'-- Up-to-date: /Users/brodie/ros2_truckplatoon/install/message/lib/python3.9/site-packages/message/__init__.py\n'}
[0.722100] (-) TimerEvent: {}
[0.767100] (message) StdoutLine: {'line': b'-- Up-to-date: /Users/brodie/ros2_truckplatoon/install/message/lib/python3.9/site-packages/message/msg\n'}
[0.767424] (message) StdoutLine: {'line': b'-- Up-to-date: /Users/brodie/ros2_truckplatoon/install/message/lib/python3.9/site-packages/message/msg/__init__.py\n'}
[0.767591] (message) StdoutLine: {'line': b'-- Up-to-date: /Users/brodie/ros2_truckplatoon/install/message/lib/python3.9/site-packages/message/msg/_message.py\n'}
[0.767776] (message) StdoutLine: {'line': b'-- Up-to-date: /Users/brodie/ros2_truckplatoon/install/message/lib/python3.9/site-packages/message/msg/_message_s.c\n'}
[0.767892] (message) StdoutLine: {'line': b'-- Up-to-date: /Users/brodie/ros2_truckplatoon/install/message/lib/python3.9/site-packages/message/message_s__rosidl_typesupport_fastrtps_c.cpython-39-darwin.so\n'}
[0.778562] (message) StderrLine: {'line': b'error: /Applications/Xcode.app/Contents/Developer/Toolchains/XcodeDefault.xctoolchain/usr/bin/install_name_tool: no LC_RPATH load command with path: /Users/brodie/ros2_truckplatoon/build/message/rosidl_generator_py/message found in: /Users/brodie/ros2_truckplatoon/install/message/lib/python3.9/site-packages/message/message_s__rosidl_typesupport_fastrtps_c.cpython-39-darwin.so (for architecture x86_64), required for specified option "-delete_rpath /Users/brodie/ros2_truckplatoon/build/message/rosidl_generator_py/message"\n'}
[0.790547] (message) StderrLine: {'line': b'error: /Applications/Xcode.app/Contents/Developer/Toolchains/XcodeDefault.xctoolchain/usr/bin/install_name_tool: no LC_RPATH load command with path: /Users/brodie/ros2_truckplatoon/build/message found in: /Users/brodie/ros2_truckplatoon/install/message/lib/python3.9/site-packages/message/message_s__rosidl_typesupport_fastrtps_c.cpython-39-darwin.so (for architecture x86_64), required for specified option "-delete_rpath /Users/brodie/ros2_truckplatoon/build/message"\n'}
[0.802901] (message) StderrLine: {'line': b'error: /Applications/Xcode.app/Contents/Developer/Toolchains/XcodeDefault.xctoolchain/usr/bin/install_name_tool: no LC_RPATH load command with path: /Users/brodie/ros2_foxy/ros2-osx/lib found in: /Users/brodie/ros2_truckplatoon/install/message/lib/python3.9/site-packages/message/message_s__rosidl_typesupport_fastrtps_c.cpython-39-darwin.so (for architecture x86_64), required for specified option "-delete_rpath /Users/brodie/ros2_foxy/ros2-osx/lib"\n'}
[0.814168] (message) StderrLine: {'line': b'error: /Applications/Xcode.app/Contents/Developer/Toolchains/XcodeDefault.xctoolchain/usr/bin/install_name_tool: no LC_RPATH load command with path: /usr/local/lib found in: /Users/brodie/ros2_truckplatoon/install/message/lib/python3.9/site-packages/message/message_s__rosidl_typesupport_fastrtps_c.cpython-39-darwin.so (for architecture x86_64), required for specified option "-delete_rpath /usr/local/lib"\n'}
[0.814520] (message) StdoutLine: {'line': b'-- Up-to-date: /Users/brodie/ros2_truckplatoon/install/message/lib/python3.9/site-packages/message/message_s__rosidl_typesupport_introspection_c.cpython-39-darwin.so\n'}
[0.823060] (-) TimerEvent: {}
[0.825419] (message) StderrLine: {'line': b'error: /Applications/Xcode.app/Contents/Developer/Toolchains/XcodeDefault.xctoolchain/usr/bin/install_name_tool: no LC_RPATH load command with path: /Users/brodie/ros2_truckplatoon/build/message/rosidl_generator_py/message found in: /Users/brodie/ros2_truckplatoon/install/message/lib/python3.9/site-packages/message/message_s__rosidl_typesupport_introspection_c.cpython-39-darwin.so (for architecture x86_64), required for specified option "-delete_rpath /Users/brodie/ros2_truckplatoon/build/message/rosidl_generator_py/message"\n'}
[0.836601] (message) StderrLine: {'line': b'error: /Applications/Xcode.app/Contents/Developer/Toolchains/XcodeDefault.xctoolchain/usr/bin/install_name_tool: no LC_RPATH load command with path: /Users/brodie/ros2_truckplatoon/build/message found in: /Users/brodie/ros2_truckplatoon/install/message/lib/python3.9/site-packages/message/message_s__rosidl_typesupport_introspection_c.cpython-39-darwin.so (for architecture x86_64), required for specified option "-delete_rpath /Users/brodie/ros2_truckplatoon/build/message"\n'}
[0.847905] (message) StderrLine: {'line': b'error: /Applications/Xcode.app/Contents/Developer/Toolchains/XcodeDefault.xctoolchain/usr/bin/install_name_tool: no LC_RPATH load command with path: /Users/brodie/ros2_foxy/ros2-osx/lib found in: /Users/brodie/ros2_truckplatoon/install/message/lib/python3.9/site-packages/message/message_s__rosidl_typesupport_introspection_c.cpython-39-darwin.so (for architecture x86_64), required for specified option "-delete_rpath /Users/brodie/ros2_foxy/ros2-osx/lib"\n'}
[0.848205] (message) StdoutLine: {'line': b'-- Up-to-date: /Users/brodie/ros2_truckplatoon/install/message/lib/python3.9/site-packages/message/message_s__rosidl_typesupport_c.cpython-39-darwin.so\n'}
[0.859347] (message) StderrLine: {'line': b'error: /Applications/Xcode.app/Contents/Developer/Toolchains/XcodeDefault.xctoolchain/usr/bin/install_name_tool: no LC_RPATH load command with path: /Users/brodie/ros2_truckplatoon/build/message/rosidl_generator_py/message found in: /Users/brodie/ros2_truckplatoon/install/message/lib/python3.9/site-packages/message/message_s__rosidl_typesupport_c.cpython-39-darwin.so (for architecture x86_64), required for specified option "-delete_rpath /Users/brodie/ros2_truckplatoon/build/message/rosidl_generator_py/message"\n'}
[0.870654] (message) StderrLine: {'line': b'error: /Applications/Xcode.app/Contents/Developer/Toolchains/XcodeDefault.xctoolchain/usr/bin/install_name_tool: no LC_RPATH load command with path: /Users/brodie/ros2_truckplatoon/build/message found in: /Users/brodie/ros2_truckplatoon/install/message/lib/python3.9/site-packages/message/message_s__rosidl_typesupport_c.cpython-39-darwin.so (for architecture x86_64), required for specified option "-delete_rpath /Users/brodie/ros2_truckplatoon/build/message"\n'}
[0.881996] (message) StderrLine: {'line': b'error: /Applications/Xcode.app/Contents/Developer/Toolchains/XcodeDefault.xctoolchain/usr/bin/install_name_tool: no LC_RPATH load command with path: /Users/brodie/ros2_foxy/ros2-osx/lib found in: /Users/brodie/ros2_truckplatoon/install/message/lib/python3.9/site-packages/message/message_s__rosidl_typesupport_c.cpython-39-darwin.so (for architecture x86_64), required for specified option "-delete_rpath /Users/brodie/ros2_foxy/ros2-osx/lib"\n'}
[0.882281] (message) StdoutLine: {'line': b'-- Installing: /Users/brodie/ros2_truckplatoon/install/message/lib/libmessage__python.dylib\n'}
[0.906779] (message) StdoutLine: {'line': b'-- Up-to-date: /Users/brodie/ros2_truckplatoon/install/message/share/message/msg/Message.idl\n'}
[0.906950] (message) StdoutLine: {'line': b'-- Up-to-date: /Users/brodie/ros2_truckplatoon/install/message/share/message/msg/Message.msg\n'}
[0.907124] (message) StdoutLine: {'line': b'-- Up-to-date: /Users/brodie/ros2_truckplatoon/install/message/share/ament_index/resource_index/package_run_dependencies/message\n'}
[0.907378] (message) StdoutLine: {'line': b'-- Up-to-date: /Users/brodie/ros2_truckplatoon/install/message/share/ament_index/resource_index/parent_prefix_path/message\n'}
[0.907474] (message) StdoutLine: {'line': b'-- Up-to-date: /Users/brodie/ros2_truckplatoon/install/message/share/message/environment/ament_prefix_path.sh\n'}
[0.907581] (message) StdoutLine: {'line': b'-- Up-to-date: /Users/brodie/ros2_truckplatoon/install/message/share/message/environment/ament_prefix_path.dsv\n'}
[0.908025] (message) StdoutLine: {'line': b'-- Up-to-date: /Users/brodie/ros2_truckplatoon/install/message/share/message/environment/path.sh\n'}
[0.908477] (message) StdoutLine: {'line': b'-- Up-to-date: /Users/brodie/ros2_truckplatoon/install/message/share/message/environment/path.dsv\n'}
[0.909009] (message) StdoutLine: {'line': b'-- Up-to-date: /Users/brodie/ros2_truckplatoon/install/message/share/message/local_setup.bash\n'}
[0.909459] (message) StdoutLine: {'line': b'-- Up-to-date: /Users/brodie/ros2_truckplatoon/install/message/share/message/local_setup.sh\n'}
[0.909811] (message) StdoutLine: {'line': b'-- Up-to-date: /Users/brodie/ros2_truckplatoon/install/message/share/message/local_setup.zsh\n'}
[0.910321] (message) StdoutLine: {'line': b'-- Up-to-date: /Users/brodie/ros2_truckplatoon/install/message/share/message/local_setup.dsv\n'}
[0.910917] (message) StdoutLine: {'line': b'-- Installing: /Users/brodie/ros2_truckplatoon/install/message/share/message/package.dsv\n'}
[0.911356] (message) StdoutLine: {'line': b'-- Up-to-date: /Users/brodie/ros2_truckplatoon/install/message/share/ament_index/resource_index/packages/message\n'}
[0.911588] (message) StdoutLine: {'line': b'-- Up-to-date: /Users/brodie/ros2_truckplatoon/install/message/share/message/cmake/message__rosidl_generator_cExport.cmake\n'}
[0.911824] (message) StdoutLine: {'line': b'-- Up-to-date: /Users/brodie/ros2_truckplatoon/install/message/share/message/cmake/message__rosidl_generator_cExport-noconfig.cmake\n'}
[0.911983] (message) StdoutLine: {'line': b'-- Up-to-date: /Users/brodie/ros2_truckplatoon/install/message/share/message/cmake/message__rosidl_typesupport_introspection_cExport.cmake\n'}
[0.912135] (message) StdoutLine: {'line': b'-- Up-to-date: /Users/brodie/ros2_truckplatoon/install/message/share/message/cmake/message__rosidl_typesupport_introspection_cExport-noconfig.cmake\n'}
[0.912282] (message) StdoutLine: {'line': b'-- Up-to-date: /Users/brodie/ros2_truckplatoon/install/message/share/message/cmake/message__rosidl_typesupport_cExport.cmake\n'}
[0.912411] (message) StdoutLine: {'line': b'-- Up-to-date: /Users/brodie/ros2_truckplatoon/install/message/share/message/cmake/message__rosidl_typesupport_cExport-noconfig.cmake\n'}
[0.912844] (message) StdoutLine: {'line': b'-- Up-to-date: /Users/brodie/ros2_truckplatoon/install/message/share/message/cmake/message__rosidl_generator_cppExport.cmake\n'}
[0.913027] (message) StdoutLine: {'line': b'-- Up-to-date: /Users/brodie/ros2_truckplatoon/install/message/share/message/cmake/message__rosidl_typesupport_introspection_cppExport.cmake\n'}
[0.913149] (message) StdoutLine: {'line': b'-- Up-to-date: /Users/brodie/ros2_truckplatoon/install/message/share/message/cmake/message__rosidl_typesupport_introspection_cppExport-noconfig.cmake\n'}
[0.913241] (message) StdoutLine: {'line': b'-- Up-to-date: /Users/brodie/ros2_truckplatoon/install/message/share/message/cmake/message__rosidl_typesupport_cppExport.cmake\n'}
[0.913416] (message) StdoutLine: {'line': b'-- Up-to-date: /Users/brodie/ros2_truckplatoon/install/message/share/message/cmake/message__rosidl_typesupport_cppExport-noconfig.cmake\n'}
[0.913615] (message) StdoutLine: {'line': b'-- Up-to-date: /Users/brodie/ros2_truckplatoon/install/message/share/message/cmake/rosidl_cmake-extras.cmake\n'}
[0.916453] (message) StdoutLine: {'line': b'-- Up-to-date: /Users/brodie/ros2_truckplatoon/install/message/share/message/cmake/ament_cmake_export_dependencies-extras.cmake\n'}
[0.918341] (message) StdoutLine: {'line': b'-- Up-to-date: /Users/brodie/ros2_truckplatoon/install/message/share/message/cmake/ament_cmake_export_libraries-extras.cmake\n'}
[0.921344] (message) StdoutLine: {'line': b'-- Up-to-date: /Users/brodie/ros2_truckplatoon/install/message/share/message/cmake/ament_cmake_export_targets-extras.cmake\n'}
[0.921465] (message) StdoutLine: {'line': b'-- Up-to-date: /Users/brodie/ros2_truckplatoon/install/message/share/message/cmake/ament_cmake_export_include_directories-extras.cmake\n'}
[0.921661] (message) StdoutLine: {'line': b'-- Up-to-date: /Users/brodie/ros2_truckplatoon/install/message/share/message/cmake/rosidl_cmake_export_typesupport_libraries-extras.cmake\n'}
[0.921831] (message) StdoutLine: {'line': b'-- Up-to-date: /Users/brodie/ros2_truckplatoon/install/message/share/message/cmake/rosidl_cmake_export_typesupport_targets-extras.cmake\n'}
[0.921939] (message) StdoutLine: {'line': b'-- Up-to-date: /Users/brodie/ros2_truckplatoon/install/message/share/message/cmake/messageConfig.cmake\n'}
[0.922057] (message) StdoutLine: {'line': b'-- Up-to-date: /Users/brodie/ros2_truckplatoon/install/message/share/message/cmake/messageConfig-version.cmake\n'}
[0.922163] (message) StdoutLine: {'line': b'-- Up-to-date: /Users/brodie/ros2_truckplatoon/install/message/share/message/package.xml\n'}
[0.922430] (message) CommandEnded: {'returncode': 0}
[0.924501] (-) TimerEvent: {}
[1.026765] (-) TimerEvent: {}
[1.130359] (-) TimerEvent: {}
[1.216634] (message) JobEnded: {'identifier': 'message', 'rc': 0}
[1.233347] (-) TimerEvent: {}
[1.233478] (truck) JobStarted: {'identifier': 'truck'}
[1.280317] (truck) JobProgress: {'identifier': 'truck', 'progress': 'cmake'}
[1.281379] (truck) JobProgress: {'identifier': 'truck', 'progress': 'build'}
[1.281904] (truck) Command: {'cmd': ['/usr/local/bin/cmake', '--build', '/Users/brodie/ros2_truckplatoon/build/truck', '--', '-j8', '-l8'], 'cwd': '/Users/brodie/ros2_truckplatoon/build/truck', 'env': OrderedDict([('TERM_PROGRAM', 'Apple_Terminal'), ('SHELL', '/bin/zsh'), ('TERM', 'xterm-256color'), ('TMPDIR', '/var/folders/b6/t14lv28n5xqdhgq7zcrqwfkm0000gn/T/'), ('TERM_PROGRAM_VERSION', '445'), ('ROS_PYTHON_VERSION', '3'), ('ROS_VERSION', '2'), ('COLCON_PREFIX_PATH', '/Users/brodie/ros2_truckplatoon/install:/Users/brodie/my_workspace/install:/Users/brodie/ros2_foxy/ros2-osx'), ('TERM_SESSION_ID', '68464B11-5BA9-4066-9F09-461F903B1524'), ('AMENT_PREFIX_PATH', '/Users/brodie/ros2_truckplatoon/install/message:/Users/brodie/ros2_truckplatoon/install/Messages:/Users/brodie/ros2_truckplatoon/install/truck:/Users/brodie/my_workspace/install/tutorial_interfaces:/Users/brodie/my_workspace/install/cpp_srvcli:/Users/brodie/my_workspace/install/cpp_pubsub:/Users/brodie/my_workspace/install/my_package:/Users/brodie/ros2_foxy/ros2-osx'), ('USER', 'brodie'), ('SSH_AUTH_SOCK', '/private/tmp/com.apple.launchd.4a9jOPzOQR/Listeners'), ('__CF_USER_TEXT_ENCODING', '0x1F5:0x0:0x4'), ('PATH', '/Users/brodie/ros2_foxy/ros2-osx/bin:/Library/Frameworks/Python.framework/Versions/3.9/bin:/Library/Frameworks/Python.framework/Versions/2.7/bin:/usr/local/bin:/usr/bin:/bin:/usr/sbin:/sbin:/Library/TeX/texbin:/usr/local/share/dotnet:/opt/X11/bin:~/.dotnet/tools:/Library/Apple/usr/bin:/Library/Frameworks/Mono.framework/Versions/Current/Commands:/usr/local/CrossPack-AVR/bin:/Applications/Postgres.app/Contents/Versions/latest/bin:/Applications/Xamarin Workbooks.app/Contents/SharedSupport/path-bin'), ('__CFBundleIdentifier', 'com.apple.Terminal'), ('PWD', '/Users/brodie/ros2_truckplatoon/build/truck'), ('COLCON', '1'), ('LANG', 'it_IT.UTF-8'), ('XPC_FLAGS', '0x0'), ('XPC_SERVICE_NAME', '0'), ('OPENSSL_ROOT_DIR', '/usr/local/Cellar/openssl@3'), ('SHLVL', '2'), ('HOME', '/Users/brodie'), ('ROS_DISTRO', 'foxy'), ('PYTHONPATH', '/Users/brodie/ros2_truckplatoon/install/message/lib/python3.9/site-packages:/Users/brodie/my_workspace/install/tutorial_interfaces/lib/python3.9/site-packages:/Users/brodie/my_workspace/install/my_package/lib/python3.9/site-packages:/Users/brodie/ros2_foxy/ros2-osx/lib/python3.8/site-packages'), ('LOGNAME', 'brodie'), ('PKG_CONFIG_PATH', '/Users/brodie/ros2_foxy/ros2-osx/lib/pkgconfig'), ('CMAKE_PREFIX_PATH', '/Users/brodie/ros2_truckplatoon/install/message:/Users/brodie/ros2_truckplatoon/install/Messages:/Users/brodie/ros2_truckplatoon/install/truck:/Users/brodie/my_workspace/install/tutorial_interfaces:/Users/brodie/my_workspace/install/cpp_srvcli:/Users/brodie/my_workspace/install/cpp_pubsub:/Users/brodie/ros2_foxy/ros2-osx:/Users/brodie/my_workspace/install/my_package'), ('DISPLAY', '/private/tmp/com.apple.launchd.fnO1XjjJMH/org.xquartz:0'), ('ROS_LOCALHOST_ONLY', '0'), ('_', '/usr/bin/env')]), 'shell': False}
[1.334075] (-) TimerEvent: {}
[1.376476] (truck) StdoutLine: {'line': b'Scanning dependencies of target truck\n'}
[1.399826] (truck) StdoutLine: {'line': b'[ 50%] Building CXX object CMakeFiles/truck.dir/src/src/Truck.cpp.o\n'}
[1.400300] (truck) StdoutLine: {'line': b'[ 50%] Building CXX object CMakeFiles/truck.dir/src/truck.cpp.o\n'}
[1.400470] (truck) StdoutLine: {'line': b'[ 50%] Building CXX object CMakeFiles/truck.dir/src/src/Communication.cpp.o\n'}
[1.400621] (truck) StdoutLine: {'line': b'[ 66%] Building CXX object CMakeFiles/truck.dir/src/src/Leader.cpp.o\n'}
[1.434496] (-) TimerEvent: {}
[1.539104] (-) TimerEvent: {}
[1.643318] (-) TimerEvent: {}
[1.745772] (-) TimerEvent: {}
[1.849523] (-) TimerEvent: {}
[1.894310] (truck) StderrLine: {'line': b'In file included from /Users/brodie/ros2_truckplatoon/src/truck/src/src/Truck.cpp:1:\n'}
[1.894649] (truck) StderrLine: {'line': b'/Users/brodie/ros2_truckplatoon/src/truck/src/src/Truck.hpp:4:10: warning: non-portable path to file \'"utils/include.hpp"\'; specified path differs in case from file name on disk [-Wnonportable-include-path]\n'}
[1.894871] (truck) StderrLine: {'line': b'#include "utils/Include.hpp"\n'}
[1.895054] (truck) StderrLine: {'line': b'         ^~~~~~~~~~~~~~~~~~~\n'}
[1.895227] (truck) StderrLine: {'line': b'         "utils/include.hpp"\n'}
[1.895670] (truck) StderrLine: {'line': b'In file included from /Users/brodie/ros2_truckplatoon/src/truck/src/src/Communication.cpp:1:\n'}
[1.895866] (truck) StderrLine: {'line': b'In file included from /Users/brodie/ros2_truckplatoon/src/truck/src/src/Communication.hpp:3:\n'}
[1.896045] (truck) StderrLine: {'line': b'/Users/brodie/ros2_truckplatoon/src/truck/src/src/Truck.hpp:4:10: warning: non-portable path to file \'"utils/include.hpp"\'; specified path differs in case from file name on disk [-Wnonportable-include-path]\n'}
[1.896221] (truck) StderrLine: {'line': b'#include "utils/Include.hpp"\n'}
[1.896388] (truck) StderrLine: {'line': b'         ^~~~~~~~~~~~~~~~~~~\n'}
[1.896545] (truck) StderrLine: {'line': b'         "utils/include.hpp"\n'}
[1.899152] (truck) StderrLine: {'line': b'In file included from /Users/brodie/ros2_truckplatoon/src/truck/src/src/Leader.cpp:1:\n'}
[1.899417] (truck) StderrLine: {'line': b'In file included from /Users/brodie/ros2_truckplatoon/src/truck/src/src/Leader.hpp:4:\n'}
[1.899609] (truck) StderrLine: {'line': b'/Users/brodie/ros2_truckplatoon/src/truck/src/src/Truck.hpp:4:10: warning: non-portable path to file \'"utils/include.hpp"\'; specified path differs in case from file name on disk [-Wnonportable-include-path]\n'}
[1.899788] (truck) StderrLine: {'line': b'#include "utils/Include.hpp"\n'}
[1.899961] (truck) StderrLine: {'line': b'         ^~~~~~~~~~~~~~~~~~~\n'}
[1.900135] (truck) StderrLine: {'line': b'         "utils/include.hpp"\n'}
[1.902493] (truck) StderrLine: {'line': b'In file included from /Users/brodie/ros2_truckplatoon/src/truck/src/truck.cpp:2:\n'}
[1.902730] (truck) StderrLine: {'line': b'In file included from /Users/brodie/ros2_truckplatoon/src/truck/src/Platoon.hpp:4:\n'}
[1.902911] (truck) StderrLine: {'line': b'In file included from /Users/brodie/ros2_truckplatoon/src/truck/src/src/Leader.hpp:4:\n'}
[1.903083] (truck) StderrLine: {'line': b'/Users/brodie/ros2_truckplatoon/src/truck/src/src/Truck.hpp:4:10: warning: non-portable path to file \'"utils/include.hpp"\'; specified path differs in case from file name on disk [-Wnonportable-include-path]\n'}
[1.903250] (truck) StderrLine: {'line': b'#include "utils/Include.hpp"\n'}
[1.903407] (truck) StderrLine: {'line': b'         ^~~~~~~~~~~~~~~~~~~\n'}
[1.903566] (truck) StderrLine: {'line': b'         "utils/include.hpp"\n'}
[1.951142] (-) TimerEvent: {}
[2.056430] (-) TimerEvent: {}
[2.156983] (-) TimerEvent: {}
[2.260009] (-) TimerEvent: {}
[2.365319] (-) TimerEvent: {}
[2.467833] (-) TimerEvent: {}
[2.533273] (truck) StderrLine: {'line': b'In file included from /Users/brodie/ros2_truckplatoon/src/truck/src/src/Communication.cpp:1:\n'}
[2.533491] (truck) StderrLine: {'line': b'In file included from /Users/brodie/ros2_truckplatoon/src/truck/src/src/Communication.hpp:3:\n'}
[2.533596] (truck) StderrLine: {'line': b'In file included from /Users/brodie/ros2_truckplatoon/src/truck/src/src/Truck.hpp:7:\n'}
[2.533691] (truck) StderrLine: {'line': b"/Users/brodie/ros2_truckplatoon/src/truck/src/src/Subscriber.hpp:37:64: warning: unused parameter 'msg' [-Wunused-parameter]\n"}
[2.533785] (truck) StderrLine: {'line': b'    void topic_callback(const message::msg::Message::SharedPtr msg) const\n'}
[2.533877] (truck) StderrLine: {'line': b'                                                               ^\n'}
[2.539486] (truck) StderrLine: {'line': b'In file included from /Users/brodie/ros2_truckplatoon/src/truck/src/src/Truck.cpp:1:\n'}
[2.539756] (truck) StderrLine: {'line': b'In file included from /Users/brodie/ros2_truckplatoon/src/truck/src/src/Truck.hpp:7:\n'}
[2.539944] (truck) StderrLine: {'line': b"/Users/brodie/ros2_truckplatoon/src/truck/src/src/Subscriber.hpp:37:64: warning: unused parameter 'msg' [-Wunused-parameter]\n"}
[2.540135] (truck) StderrLine: {'line': b'    void topic_callback(const message::msg::Message::SharedPtr msg) const\n'}
[2.540302] (truck) StderrLine: {'line': b'                                                               ^\n'}
[2.544107] (truck) StderrLine: {'line': b'In file included from /Users/brodie/ros2_truckplatoon/src/truck/src/truck.cpp:2:\n'}
[2.544370] (truck) StderrLine: {'line': b'In file included from /Users/brodie/ros2_truckplatoon/src/truck/src/Platoon.hpp:4:\n'}
[2.544556] (truck) StderrLine: {'line': b'In file included from /Users/brodie/ros2_truckplatoon/src/truck/src/src/Leader.hpp:4:\n'}
[2.544667] (truck) StderrLine: {'line': b'In file included from /Users/brodie/ros2_truckplatoon/src/truck/src/src/Truck.hpp:7:\n'}
[2.544798] (truck) StderrLine: {'line': b"/Users/brodie/ros2_truckplatoon/src/truck/src/src/Subscriber.hpp:37:64: warning: unused parameter 'msg' [-Wunused-parameter]\n"}
[2.544933] (truck) StderrLine: {'line': b'    void topic_callback(const message::msg::Message::SharedPtr msg) const\n'}
[2.545055] (truck) StderrLine: {'line': b'                                                               ^\n'}
[2.546450] (truck) StderrLine: {'line': b'In file included from /Users/brodie/ros2_truckplatoon/src/truck/src/truck.cpp:2:\n'}
[2.546681] (truck) StderrLine: {'line': b'/Users/brodie/ros2_truckplatoon/src/truck/src/Platoon.hpp:8:10: warning: non-portable path to file \'"src/utils/include.hpp"\'; specified path differs in case from file name on disk [-Wnonportable-include-path]\n'}
[2.546861] (truck) StderrLine: {'line': b'#include "src/utils/Include.hpp"\n'}
[2.547022] (truck) StderrLine: {'line': b'         ^~~~~~~~~~~~~~~~~~~~~~~\n'}
[2.547213] (truck) StderrLine: {'line': b'         "src/utils/include.hpp"\n'}
[2.552784] (truck) StderrLine: {'line': b'In file included from /Users/brodie/ros2_truckplatoon/src/truck/src/src/Leader.cpp:1:\n'}
[2.553031] (truck) StderrLine: {'line': b'In file included from /Users/brodie/ros2_truckplatoon/src/truck/src/src/Leader.hpp:4:\n'}
[2.553198] (truck) StderrLine: {'line': b'In file included from /Users/brodie/ros2_truckplatoon/src/truck/src/src/Truck.hpp:7:\n'}
[2.553342] (truck) StderrLine: {'line': b"/Users/brodie/ros2_truckplatoon/src/truck/src/src/Subscriber.hpp:37:64: warning: unused parameter 'msg' [-Wunused-parameter]\n"}
[2.553524] (truck) StderrLine: {'line': b'    void topic_callback(const message::msg::Message::SharedPtr msg) const\n'}
[2.553662] (truck) StderrLine: {'line': b'                                                               ^\n'}
[2.568713] (-) TimerEvent: {}
[2.669531] (-) TimerEvent: {}
[2.774045] (-) TimerEvent: {}
[2.875424] (-) TimerEvent: {}
[2.976642] (-) TimerEvent: {}
[3.079120] (-) TimerEvent: {}
[3.184399] (-) TimerEvent: {}
[3.289710] (-) TimerEvent: {}
[3.393304] (-) TimerEvent: {}
[3.466461] (truck) StderrLine: {'line': b'In file included from /Users/brodie/ros2_truckplatoon/src/truck/src/src/Communication.cpp:1:\n'}
[3.466710] (truck) StderrLine: {'line': b'In file included from /Users/brodie/ros2_truckplatoon/src/truck/src/src/Communication.hpp:2:\n'}
[3.466807] (truck) StderrLine: {'line': b'In file included from /Users/brodie/ros2_truckplatoon/src/truck/src/src/Event.hpp:4:\n'}
[3.466918] (truck) StderrLine: {'line': b"/Users/brodie/ros2_truckplatoon/src/truck/src/src/utils/PlatoonTypes.hpp:53:22: warning: unused function 'operator<<' [-Wunused-function]\n"}
[3.467004] (truck) StderrLine: {'line': b'static std::ostream& operator << ( std::ostream& outs, const EventType& p )\n'}
[3.467089] (truck) StderrLine: {'line': b'                     ^\n'}
[3.467171] (truck) StderrLine: {'line': b"/Users/brodie/ros2_truckplatoon/src/truck/src/src/utils/PlatoonTypes.hpp:108:22: warning: unused function 'operator<<' [-Wunused-function]\n"}
[3.467253] (truck) StderrLine: {'line': b'static std::ostream& operator << ( std::ostream& outs, const TruckState& p )\n'}
[3.467334] (truck) StderrLine: {'line': b'                     ^\n'}
[3.486936] (truck) StderrLine: {'line': b'In file included from /Users/brodie/ros2_truckplatoon/src/truck/src/truck.cpp:2:\n'}
[3.487292] (truck) StderrLine: {'line': b'In file included from /Users/brodie/ros2_truckplatoon/src/truck/src/Platoon.hpp:4:\n'}
[3.487444] (truck) StderrLine: {'line': b'In file included from /Users/brodie/ros2_truckplatoon/src/truck/src/src/Leader.hpp:4:\n'}
[3.487583] (truck) StderrLine: {'line': b'In file included from /Users/brodie/ros2_truckplatoon/src/truck/src/src/Truck.hpp:3:\n'}
[3.487711] (truck) StderrLine: {'line': b"/Users/brodie/ros2_truckplatoon/src/truck/src/src/utils/PlatoonTypes.hpp:53:22: warning: unused function 'operator<<' [-Wunused-function]\n"}
[3.487816] (truck) StderrLine: {'line': b'static std::ostream& operator << ( std::ostream& outs, const EventType& p )\n'}
[3.487902] (truck) StderrLine: {'line': b'                     ^\n'}
[3.487986] (truck) StderrLine: {'line': b"/Users/brodie/ros2_truckplatoon/src/truck/src/src/utils/PlatoonTypes.hpp:108:22: warning: unused function 'operator<<' [-Wunused-function]\n"}
[3.488069] (truck) StderrLine: {'line': b'static std::ostream& operator << ( std::ostream& outs, const TruckState& p )\n'}
[3.488152] (truck) StderrLine: {'line': b'                     ^\n'}
[3.488235] (truck) StderrLine: {'line': b'In file included from /Users/brodie/ros2_truckplatoon/src/truck/src/truck.cpp:2:\n'}
[3.488318] (truck) StderrLine: {'line': b'In file included from /Users/brodie/ros2_truckplatoon/src/truck/src/Platoon.hpp:11:\n'}
[3.488400] (truck) StderrLine: {'line': b"/Users/brodie/ros2_truckplatoon/src/truck/src/src/DrivingEvent.hpp:9:15: warning: private field '_speed' is not used [-Wunused-private-field]\n"}
[3.488484] (truck) StderrLine: {'line': b'    speedType _speed;\n'}
[3.488566] (truck) StderrLine: {'line': b'              ^\n'}
[3.488651] (truck) StderrLine: {'line': b"/Users/brodie/ros2_truckplatoon/src/truck/src/src/DrivingEvent.hpp:10:23: warning: private field '_stearingAngle' is not used [-Wunused-private-field]\n"}
[3.488735] (truck) StderrLine: {'line': b'    stearingAngleType _stearingAngle;\n'}
[3.488817] (truck) StderrLine: {'line': b'                      ^\n'}
[3.488900] (truck) StderrLine: {'line': b"/Users/brodie/ros2_truckplatoon/src/truck/src/src/DrivingEvent.hpp:11:18: warning: private field '_distance' is not used [-Wunused-private-field]\n"}
[3.488983] (truck) StderrLine: {'line': b'    distanceType _distance;\n'}
[3.489065] (truck) StderrLine: {'line': b'                 ^\n'}
[3.494283] (truck) StderrLine: {'line': b'In file included from /Users/brodie/ros2_truckplatoon/src/truck/src/src/Leader.cpp:1:\n'}
[3.494624] (-) TimerEvent: {}
[3.494771] (truck) StderrLine: {'line': b'In file included from /Users/brodie/ros2_truckplatoon/src/truck/src/src/Leader.hpp:4:\n'}
[3.494942] (truck) StderrLine: {'line': b'In file included from /Users/brodie/ros2_truckplatoon/src/truck/src/src/Truck.hpp:3:\n'}
[3.495065] (truck) StderrLine: {'line': b"/Users/brodie/ros2_truckplatoon/src/truck/src/src/utils/PlatoonTypes.hpp:53:22: warning: unused function 'operator<<' [-Wunused-function]\n"}
[3.495162] (truck) StderrLine: {'line': b'static std::ostream& operator << ( std::ostream& outs, const EventType& p )\n'}
[3.495254] (truck) StderrLine: {'line': b'                     ^\n'}
[3.495345] (truck) StderrLine: {'line': b"/Users/brodie/ros2_truckplatoon/src/truck/src/src/utils/PlatoonTypes.hpp:108:22: warning: unused function 'operator<<' [-Wunused-function]\n"}
[3.495441] (truck) StderrLine: {'line': b'static std::ostream& operator << ( std::ostream& outs, const TruckState& p )\n'}
[3.495530] (truck) StderrLine: {'line': b'                     ^\n'}
[3.497310] (truck) StderrLine: {'line': b'4 warnings generated.\n'}
[3.527207] (truck) StderrLine: {'line': b'4 warnings generated.\n'}
[3.527727] (truck) StderrLine: {'line': b'8 warnings generated.\n'}
[3.554996] (truck) StderrLine: {'line': b'In file included from /Users/brodie/ros2_truckplatoon/src/truck/src/src/Truck.cpp:1:\n'}
[3.555226] (truck) StderrLine: {'line': b'In file included from /Users/brodie/ros2_truckplatoon/src/truck/src/src/Truck.hpp:3:\n'}
[3.555360] (truck) StderrLine: {'line': b"/Users/brodie/ros2_truckplatoon/src/truck/src/src/utils/PlatoonTypes.hpp:53:22: warning: unused function 'operator<<' [-Wunused-function]\n"}
[3.555468] (truck) StderrLine: {'line': b'static std::ostream& operator << ( std::ostream& outs, const EventType& p )\n'}
[3.555574] (truck) StderrLine: {'line': b'                     ^\n'}
[3.596071] (-) TimerEvent: {}
[3.701183] (-) TimerEvent: {}
[3.806486] (-) TimerEvent: {}
[3.908544] (-) TimerEvent: {}
[3.929840] (truck) StderrLine: {'line': b'3 warnings generated.\n'}
[3.947901] (truck) StdoutLine: {'line': b'[ 83%] Linking CXX executable truck\n'}
[4.011029] (-) TimerEvent: {}
[4.039082] (truck) StdoutLine: {'line': b'[100%] Built target truck\n'}
[4.051188] (truck) CommandEnded: {'returncode': 0}
[4.114767] (-) TimerEvent: {}
[4.142028] (truck) JobProgress: {'identifier': 'truck', 'progress': 'install'}
[4.142630] (truck) Command: {'cmd': ['/usr/local/bin/cmake', '--install', '/Users/brodie/ros2_truckplatoon/build/truck'], 'cwd': '/Users/brodie/ros2_truckplatoon/build/truck', 'env': OrderedDict([('TERM_PROGRAM', 'Apple_Terminal'), ('SHELL', '/bin/zsh'), ('TERM', 'xterm-256color'), ('TMPDIR', '/var/folders/b6/t14lv28n5xqdhgq7zcrqwfkm0000gn/T/'), ('TERM_PROGRAM_VERSION', '445'), ('ROS_PYTHON_VERSION', '3'), ('ROS_VERSION', '2'), ('COLCON_PREFIX_PATH', '/Users/brodie/ros2_truckplatoon/install:/Users/brodie/my_workspace/install:/Users/brodie/ros2_foxy/ros2-osx'), ('TERM_SESSION_ID', '68464B11-5BA9-4066-9F09-461F903B1524'), ('AMENT_PREFIX_PATH', '/Users/brodie/ros2_truckplatoon/install/message:/Users/brodie/ros2_truckplatoon/install/Messages:/Users/brodie/ros2_truckplatoon/install/truck:/Users/brodie/my_workspace/install/tutorial_interfaces:/Users/brodie/my_workspace/install/cpp_srvcli:/Users/brodie/my_workspace/install/cpp_pubsub:/Users/brodie/my_workspace/install/my_package:/Users/brodie/ros2_foxy/ros2-osx'), ('USER', 'brodie'), ('SSH_AUTH_SOCK', '/private/tmp/com.apple.launchd.4a9jOPzOQR/Listeners'), ('__CF_USER_TEXT_ENCODING', '0x1F5:0x0:0x4'), ('PATH', '/Users/brodie/ros2_foxy/ros2-osx/bin:/Library/Frameworks/Python.framework/Versions/3.9/bin:/Library/Frameworks/Python.framework/Versions/2.7/bin:/usr/local/bin:/usr/bin:/bin:/usr/sbin:/sbin:/Library/TeX/texbin:/usr/local/share/dotnet:/opt/X11/bin:~/.dotnet/tools:/Library/Apple/usr/bin:/Library/Frameworks/Mono.framework/Versions/Current/Commands:/usr/local/CrossPack-AVR/bin:/Applications/Postgres.app/Contents/Versions/latest/bin:/Applications/Xamarin Workbooks.app/Contents/SharedSupport/path-bin'), ('__CFBundleIdentifier', 'com.apple.Terminal'), ('PWD', '/Users/brodie/ros2_truckplatoon/build/truck'), ('COLCON', '1'), ('LANG', 'it_IT.UTF-8'), ('XPC_FLAGS', '0x0'), ('XPC_SERVICE_NAME', '0'), ('OPENSSL_ROOT_DIR', '/usr/local/Cellar/openssl@3'), ('SHLVL', '2'), ('HOME', '/Users/brodie'), ('ROS_DISTRO', 'foxy'), ('PYTHONPATH', '/Users/brodie/ros2_truckplatoon/install/message/lib/python3.9/site-packages:/Users/brodie/my_workspace/install/tutorial_interfaces/lib/python3.9/site-packages:/Users/brodie/my_workspace/install/my_package/lib/python3.9/site-packages:/Users/brodie/ros2_foxy/ros2-osx/lib/python3.8/site-packages'), ('LOGNAME', 'brodie'), ('PKG_CONFIG_PATH', '/Users/brodie/ros2_foxy/ros2-osx/lib/pkgconfig'), ('CMAKE_PREFIX_PATH', '/Users/brodie/ros2_truckplatoon/install/message:/Users/brodie/ros2_truckplatoon/install/Messages:/Users/brodie/ros2_truckplatoon/install/truck:/Users/brodie/my_workspace/install/tutorial_interfaces:/Users/brodie/my_workspace/install/cpp_srvcli:/Users/brodie/my_workspace/install/cpp_pubsub:/Users/brodie/ros2_foxy/ros2-osx:/Users/brodie/my_workspace/install/my_package'), ('DISPLAY', '/private/tmp/com.apple.launchd.fnO1XjjJMH/org.xquartz:0'), ('ROS_LOCALHOST_ONLY', '0'), ('_', '/usr/bin/env')]), 'shell': False}
[4.153173] (truck) StdoutLine: {'line': b'-- Install configuration: ""\n'}
[4.153553] (truck) StdoutLine: {'line': b'-- Installing: /Users/brodie/ros2_truckplatoon/install/truck/lib/truck/truck\n'}
[4.202908] (truck) StdoutLine: {'line': b'-- Up-to-date: /Users/brodie/ros2_truckplatoon/install/truck/share/ament_index/resource_index/package_run_dependencies/truck\n'}
[4.203112] (truck) StdoutLine: {'line': b'-- Up-to-date: /Users/brodie/ros2_truckplatoon/install/truck/share/ament_index/resource_index/parent_prefix_path/truck\n'}
[4.203340] (truck) StdoutLine: {'line': b'-- Up-to-date: /Users/brodie/ros2_truckplatoon/install/truck/share/truck/environment/ament_prefix_path.sh\n'}
[4.203688] (truck) StdoutLine: {'line': b'-- Up-to-date: /Users/brodie/ros2_truckplatoon/install/truck/share/truck/environment/ament_prefix_path.dsv\n'}
[4.203801] (truck) StdoutLine: {'line': b'-- Up-to-date: /Users/brodie/ros2_truckplatoon/install/truck/share/truck/environment/path.sh\n'}
[4.204155] (truck) StdoutLine: {'line': b'-- Up-to-date: /Users/brodie/ros2_truckplatoon/install/truck/share/truck/environment/path.dsv\n'}
[4.204555] (truck) StdoutLine: {'line': b'-- Up-to-date: /Users/brodie/ros2_truckplatoon/install/truck/share/truck/local_setup.bash\n'}
[4.204662] (truck) StdoutLine: {'line': b'-- Up-to-date: /Users/brodie/ros2_truckplatoon/install/truck/share/truck/local_setup.sh\n'}
[4.204756] (truck) StdoutLine: {'line': b'-- Up-to-date: /Users/brodie/ros2_truckplatoon/install/truck/share/truck/local_setup.zsh\n'}
[4.204868] (truck) StdoutLine: {'line': b'-- Up-to-date: /Users/brodie/ros2_truckplatoon/install/truck/share/truck/local_setup.dsv\n'}
[4.205451] (truck) StdoutLine: {'line': b'-- Installing: /Users/brodie/ros2_truckplatoon/install/truck/share/truck/package.dsv\n'}
[4.211317] (truck) StdoutLine: {'line': b'-- Up-to-date: /Users/brodie/ros2_truckplatoon/install/truck/share/ament_index/resource_index/packages/truck\n'}
[4.216620] (-) TimerEvent: {}
[4.216778] (truck) StdoutLine: {'line': b'-- Up-to-date: /Users/brodie/ros2_truckplatoon/install/truck/share/truck/cmake/truckConfig.cmake\n'}
[4.217505] (truck) StdoutLine: {'line': b'-- Up-to-date: /Users/brodie/ros2_truckplatoon/install/truck/share/truck/cmake/truckConfig-version.cmake\n'}
[4.217704] (truck) StdoutLine: {'line': b'-- Up-to-date: /Users/brodie/ros2_truckplatoon/install/truck/share/truck/package.xml\n'}
[4.217810] (truck) CommandEnded: {'returncode': 0}
[4.319906] (-) TimerEvent: {}
[4.375227] (truck) JobEnded: {'identifier': 'truck', 'rc': 0}
[4.376703] (-) EventReactorShutdown: {}
