[0.000000] (-) TimerEvent: {}
[0.000280] (message) JobQueued: {'identifier': 'message', 'dependencies': OrderedDict()}
[0.002375] (truck) JobQueued: {'identifier': 'truck', 'dependencies': OrderedDict([('message', '/Users/brodie/ros2_truckplatoon/install/message')])}
[0.002425] (message) JobStarted: {'identifier': 'message'}
[0.076507] (message) JobProgress: {'identifier': 'message', 'progress': 'cmake'}
[0.077670] (message) JobProgress: {'identifier': 'message', 'progress': 'build'}
[0.080412] (message) Command: {'cmd': ['/usr/local/bin/cmake', '--build', '/Users/brodie/ros2_truckplatoon/build/message', '--', '-j8', '-l8'], 'cwd': '/Users/brodie/ros2_truckplatoon/build/message', 'env': OrderedDict([('TERM_PROGRAM', 'Apple_Terminal'), ('SHELL', '/bin/zsh'), ('TERM', 'xterm-256color'), ('TMPDIR', '/var/folders/b6/t14lv28n5xqdhgq7zcrqwfkm0000gn/T/'), ('TERM_PROGRAM_VERSION', '445'), ('ROS_PYTHON_VERSION', '3'), ('ROS_VERSION', '2'), ('COLCON_PREFIX_PATH', '/Users/brodie/ros2_truckplatoon/install:/Users/brodie/my_workspace/install:/Users/brodie/ros2_foxy/ros2-osx'), ('TERM_SESSION_ID', '68464B11-5BA9-4066-9F09-461F903B1524'), ('AMENT_PREFIX_PATH', '/Users/brodie/ros2_truckplatoon/install/message:/Users/brodie/ros2_truckplatoon/install/Messages:/Users/brodie/ros2_truckplatoon/install/truck:/Users/brodie/my_workspace/install/tutorial_interfaces:/Users/brodie/my_workspace/install/cpp_srvcli:/Users/brodie/my_workspace/install/cpp_pubsub:/Users/brodie/my_workspace/install/my_package:/Users/brodie/ros2_foxy/ros2-osx'), ('USER', 'brodie'), ('SSH_AUTH_SOCK', '/private/tmp/com.apple.launchd.4a9jOPzOQR/Listeners'), ('__CF_USER_TEXT_ENCODING', '0x1F5:0x0:0x4'), ('PATH', '/Users/brodie/ros2_foxy/ros2-osx/bin:/Library/Frameworks/Python.framework/Versions/3.9/bin:/Library/Frameworks/Python.framework/Versions/2.7/bin:/usr/local/bin:/usr/bin:/bin:/usr/sbin:/sbin:/Library/TeX/texbin:/usr/local/share/dotnet:/opt/X11/bin:~/.dotnet/tools:/Library/Apple/usr/bin:/Library/Frameworks/Mono.framework/Versions/Current/Commands:/usr/local/CrossPack-AVR/bin:/Applications/Postgres.app/Contents/Versions/latest/bin:/Applications/Xamarin Workbooks.app/Contents/SharedSupport/path-bin'), ('__CFBundleIdentifier', 'com.apple.Terminal'), ('PWD', '/Users/brodie/ros2_truckplatoon/build/message'), ('COLCON', '1'), ('LANG', 'it_IT.UTF-8'), ('XPC_FLAGS', '0x0'), ('XPC_SERVICE_NAME', '0'), ('OPENSSL_ROOT_DIR', '/usr/local/Cellar/openssl@3'), ('SHLVL', '2'), ('HOME', '/Users/brodie'), ('ROS_DISTRO', 'foxy'), ('PYTHONPATH', '/Users/brodie/ros2_truckplatoon/install/message/lib/python3.9/site-packages:/Users/brodie/my_workspace/install/tutorial_interfaces/lib/python3.9/site-packages:/Users/brodie/my_workspace/install/my_package/lib/python3.9/site-packages:/Users/brodie/ros2_foxy/ros2-osx/lib/python3.8/site-packages'), ('LOGNAME', 'brodie'), ('PKG_CONFIG_PATH', '/Users/brodie/ros2_foxy/ros2-osx/lib/pkgconfig'), ('CMAKE_PREFIX_PATH', '/Users/brodie/ros2_truckplatoon/install/message:/Users/brodie/ros2_truckplatoon/install/Messages:/Users/brodie/ros2_truckplatoon/install/truck:/Users/brodie/my_workspace/install/tutorial_interfaces:/Users/brodie/my_workspace/install/cpp_srvcli:/Users/brodie/my_workspace/install/cpp_pubsub:/Users/brodie/ros2_foxy/ros2-osx:/Users/brodie/my_workspace/install/my_package'), ('DISPLAY', '/private/tmp/com.apple.launchd.fnO1XjjJMH/org.xquartz:0'), ('ROS_LOCALHOST_ONLY', '0'), ('_', '/usr/bin/env')]), 'shell': False}
[0.104067] (-) TimerEvent: {}
[0.206500] (-) TimerEvent: {}
[0.234625] (message) StdoutLine: {'line': b'[  9%] Built target message__rosidl_generator_c\n'}
[0.236367] (message) StdoutLine: {'line': b'[ 12%] Built target message__cpp\n'}
[0.272409] (message) StdoutLine: {'line': b'[ 22%] Built target message__rosidl_typesupport_c\n'}
[0.274339] (message) StdoutLine: {'line': b'[ 32%] Built target message__rosidl_typesupport_introspection_c\n'}
[0.310429] (message) StdoutLine: {'line': b'[ 41%] Built target message__rosidl_typesupport_cpp\n'}
[0.310790] (-) TimerEvent: {}
[0.313821] (message) StdoutLine: {'line': b'[ 61%] Built target message__rosidl_typesupport_introspection_cpp\n'}
[0.314125] (message) StdoutLine: {'line': b'[ 61%] Built target message__rosidl_typesupport_fastrtps_cpp\n'}
[0.362582] (message) StdoutLine: {'line': b'[ 70%] Built target message__rosidl_typesupport_fastrtps_c\n'}
[0.411079] (-) TimerEvent: {}
[0.418305] (message) StdoutLine: {'line': b'[ 70%] Built target message\n'}
[0.463987] (message) StdoutLine: {'line': b'[ 74%] Built target message__py\n'}
[0.507059] (message) StdoutLine: {'line': b'[ 80%] Built target message__python\n'}
[0.511432] (-) TimerEvent: {}
[0.546194] (message) StdoutLine: {'line': b'[ 93%] Built target message__rosidl_typesupport_introspection_c__pyext\n'}
[0.546513] (message) StdoutLine: {'line': b'[ 93%] Built target message__rosidl_typesupport_c__pyext\n'}
[0.547982] (message) StdoutLine: {'line': b'[100%] Built target message__rosidl_typesupport_fastrtps_c__pyext\n'}
[0.564934] (message) CommandEnded: {'returncode': 0}
[0.614543] (-) TimerEvent: {}
[0.718239] (-) TimerEvent: {}
[0.777459] (message) JobProgress: {'identifier': 'message', 'progress': 'install'}
[0.790548] (message) Command: {'cmd': ['/usr/local/bin/cmake', '--install', '/Users/brodie/ros2_truckplatoon/build/message'], 'cwd': '/Users/brodie/ros2_truckplatoon/build/message', 'env': OrderedDict([('TERM_PROGRAM', 'Apple_Terminal'), ('SHELL', '/bin/zsh'), ('TERM', 'xterm-256color'), ('TMPDIR', '/var/folders/b6/t14lv28n5xqdhgq7zcrqwfkm0000gn/T/'), ('TERM_PROGRAM_VERSION', '445'), ('ROS_PYTHON_VERSION', '3'), ('ROS_VERSION', '2'), ('COLCON_PREFIX_PATH', '/Users/brodie/ros2_truckplatoon/install:/Users/brodie/my_workspace/install:/Users/brodie/ros2_foxy/ros2-osx'), ('TERM_SESSION_ID', '68464B11-5BA9-4066-9F09-461F903B1524'), ('AMENT_PREFIX_PATH', '/Users/brodie/ros2_truckplatoon/install/message:/Users/brodie/ros2_truckplatoon/install/Messages:/Users/brodie/ros2_truckplatoon/install/truck:/Users/brodie/my_workspace/install/tutorial_interfaces:/Users/brodie/my_workspace/install/cpp_srvcli:/Users/brodie/my_workspace/install/cpp_pubsub:/Users/brodie/my_workspace/install/my_package:/Users/brodie/ros2_foxy/ros2-osx'), ('USER', 'brodie'), ('SSH_AUTH_SOCK', '/private/tmp/com.apple.launchd.4a9jOPzOQR/Listeners'), ('__CF_USER_TEXT_ENCODING', '0x1F5:0x0:0x4'), ('PATH', '/Users/brodie/ros2_foxy/ros2-osx/bin:/Library/Frameworks/Python.framework/Versions/3.9/bin:/Library/Frameworks/Python.framework/Versions/2.7/bin:/usr/local/bin:/usr/bin:/bin:/usr/sbin:/sbin:/Library/TeX/texbin:/usr/local/share/dotnet:/opt/X11/bin:~/.dotnet/tools:/Library/Apple/usr/bin:/Library/Frameworks/Mono.framework/Versions/Current/Commands:/usr/local/CrossPack-AVR/bin:/Applications/Postgres.app/Contents/Versions/latest/bin:/Applications/Xamarin Workbooks.app/Contents/SharedSupport/path-bin'), ('__CFBundleIdentifier', 'com.apple.Terminal'), ('PWD', '/Users/brodie/ros2_truckplatoon/build/message'), ('COLCON', '1'), ('LANG', 'it_IT.UTF-8'), ('XPC_FLAGS', '0x0'), ('XPC_SERVICE_NAME', '0'), ('OPENSSL_ROOT_DIR', '/usr/local/Cellar/openssl@3'), ('SHLVL', '2'), ('HOME', '/Users/brodie'), ('ROS_DISTRO', 'foxy'), ('PYTHONPATH', '/Users/brodie/ros2_truckplatoon/install/message/lib/python3.9/site-packages:/Users/brodie/my_workspace/install/tutorial_interfaces/lib/python3.9/site-packages:/Users/brodie/my_workspace/install/my_package/lib/python3.9/site-packages:/Users/brodie/ros2_foxy/ros2-osx/lib/python3.8/site-packages'), ('LOGNAME', 'brodie'), ('PKG_CONFIG_PATH', '/Users/brodie/ros2_foxy/ros2-osx/lib/pkgconfig'), ('CMAKE_PREFIX_PATH', '/Users/brodie/ros2_truckplatoon/install/message:/Users/brodie/ros2_truckplatoon/install/Messages:/Users/brodie/ros2_truckplatoon/install/truck:/Users/brodie/my_workspace/install/tutorial_interfaces:/Users/brodie/my_workspace/install/cpp_srvcli:/Users/brodie/my_workspace/install/cpp_pubsub:/Users/brodie/ros2_foxy/ros2-osx:/Users/brodie/my_workspace/install/my_package'), ('DISPLAY', '/private/tmp/com.apple.launchd.fnO1XjjJMH/org.xquartz:0'), ('ROS_LOCALHOST_ONLY', '0'), ('_', '/usr/bin/env')]), 'shell': False}
[0.800554] (message) StdoutLine: {'line': b'-- Install configuration: ""\n'}
[0.800766] (message) StdoutLine: {'line': b'-- Up-to-date: /Users/brodie/ros2_truckplatoon/install/message/share/ament_index/resource_index/rosidl_interfaces/message\n'}
[0.801070] (message) StdoutLine: {'line': b'-- Up-to-date: /Users/brodie/ros2_truckplatoon/install/message/include/message\n'}
[0.801188] (message) StdoutLine: {'line': b'-- Up-to-date: /Users/brodie/ros2_truckplatoon/install/message/include/message/msg\n'}
[0.801509] (message) StdoutLine: {'line': b'-- Up-to-date: /Users/brodie/ros2_truckplatoon/install/message/include/message/msg/rosidl_generator_c__visibility_control.h\n'}
[0.801714] (message) StdoutLine: {'line': b'-- Up-to-date: /Users/brodie/ros2_truckplatoon/install/message/include/message/msg/message.h\n'}
[0.801831] (message) StdoutLine: {'line': b'-- Up-to-date: /Users/brodie/ros2_truckplatoon/install/message/include/message/msg/detail\n'}
[0.801932] (message) StdoutLine: {'line': b'-- Up-to-date: /Users/brodie/ros2_truckplatoon/install/message/include/message/msg/detail/message__struct.h\n'}
[0.802029] (message) StdoutLine: {'line': b'-- Up-to-date: /Users/brodie/ros2_truckplatoon/install/message/include/message/msg/detail/message__functions.h\n'}
[0.802123] (message) StdoutLine: {'line': b'-- Up-to-date: /Users/brodie/ros2_truckplatoon/install/message/include/message/msg/detail/message__type_support.h\n'}
[0.802215] (message) StdoutLine: {'line': b'-- Up-to-date: /Users/brodie/ros2_truckplatoon/install/message/include/message/msg/detail/message__functions.c\n'}
[0.802309] (message) StdoutLine: {'line': b'-- Up-to-date: /Users/brodie/ros2_truckplatoon/install/message/share/message/environment/library_path.sh\n'}
[0.802400] (message) StdoutLine: {'line': b'-- Up-to-date: /Users/brodie/ros2_truckplatoon/install/message/share/message/environment/library_path.dsv\n'}
[0.802493] (message) StdoutLine: {'line': b'-- Installing: /Users/brodie/ros2_truckplatoon/install/message/lib/libmessage__rosidl_generator_c.dylib\n'}
[0.815435] (message) StdoutLine: {'line': b'-- Up-to-date: /Users/brodie/ros2_truckplatoon/install/message/include/message\n'}
[0.815746] (message) StdoutLine: {'line': b'-- Up-to-date: /Users/brodie/ros2_truckplatoon/install/message/include/message/msg\n'}
[0.815915] (message) StdoutLine: {'line': b'-- Up-to-date: /Users/brodie/ros2_truckplatoon/install/message/include/message/msg/detail\n'}
[0.816075] (message) StdoutLine: {'line': b'-- Up-to-date: /Users/brodie/ros2_truckplatoon/install/message/include/message/msg/detail/message__rosidl_typesupport_fastrtps_c.h\n'}
[0.816174] (message) StdoutLine: {'line': b'-- Up-to-date: /Users/brodie/ros2_truckplatoon/install/message/include/message/msg/rosidl_typesupport_fastrtps_c__visibility_control.h\n'}
[0.816270] (message) StdoutLine: {'line': b'-- Installing: /Users/brodie/ros2_truckplatoon/install/message/lib/libmessage__rosidl_typesupport_fastrtps_c.dylib\n'}
[0.818748] (-) TimerEvent: {}
[0.860697] (message) StdoutLine: {'line': b'-- Up-to-date: /Users/brodie/ros2_truckplatoon/install/message/include/message\n'}
[0.861338] (message) StdoutLine: {'line': b'-- Up-to-date: /Users/brodie/ros2_truckplatoon/install/message/include/message/msg\n'}
[0.861615] (message) StdoutLine: {'line': b'-- Up-to-date: /Users/brodie/ros2_truckplatoon/install/message/include/message/msg/rosidl_typesupport_fastrtps_cpp__visibility_control.h\n'}
[0.861933] (message) StdoutLine: {'line': b'-- Up-to-date: /Users/brodie/ros2_truckplatoon/install/message/include/message/msg/detail\n'}
[0.862102] (message) StdoutLine: {'line': b'-- Up-to-date: /Users/brodie/ros2_truckplatoon/install/message/include/message/msg/detail/dds_fastrtps\n'}
[0.862214] (message) StdoutLine: {'line': b'-- Up-to-date: /Users/brodie/ros2_truckplatoon/install/message/include/message/msg/detail/message__rosidl_typesupport_fastrtps_cpp.hpp\n'}
[0.862428] (message) StdoutLine: {'line': b'-- Installing: /Users/brodie/ros2_truckplatoon/install/message/lib/libmessage__rosidl_typesupport_fastrtps_cpp.dylib\n'}
[0.888135] (message) StdoutLine: {'line': b'-- Up-to-date: /Users/brodie/ros2_truckplatoon/install/message/include/message\n'}
[0.888667] (message) StdoutLine: {'line': b'-- Up-to-date: /Users/brodie/ros2_truckplatoon/install/message/include/message/msg\n'}
[0.888871] (message) StdoutLine: {'line': b'-- Up-to-date: /Users/brodie/ros2_truckplatoon/install/message/include/message/msg/detail\n'}
[0.888979] (message) StdoutLine: {'line': b'-- Up-to-date: /Users/brodie/ros2_truckplatoon/install/message/include/message/msg/detail/message__type_support.c\n'}
[0.889076] (message) StdoutLine: {'line': b'-- Up-to-date: /Users/brodie/ros2_truckplatoon/install/message/include/message/msg/detail/message__rosidl_typesupport_introspection_c.h\n'}
[0.889169] (message) StdoutLine: {'line': b'-- Up-to-date: /Users/brodie/ros2_truckplatoon/install/message/include/message/msg/rosidl_typesupport_introspection_c__visibility_control.h\n'}
[0.889295] (message) StdoutLine: {'line': b'-- Installing: /Users/brodie/ros2_truckplatoon/install/message/lib/libmessage__rosidl_typesupport_introspection_c.dylib\n'}
[0.913355] (message) StdoutLine: {'line': b'-- Installing: /Users/brodie/ros2_truckplatoon/install/message/lib/libmessage__rosidl_typesupport_c.dylib\n'}
[0.920091] (-) TimerEvent: {}
[0.926707] (message) StdoutLine: {'line': b'-- Up-to-date: /Users/brodie/ros2_truckplatoon/install/message/include/message\n'}
[0.927228] (message) StdoutLine: {'line': b'-- Up-to-date: /Users/brodie/ros2_truckplatoon/install/message/include/message/msg\n'}
[0.927619] (message) StdoutLine: {'line': b'-- Up-to-date: /Users/brodie/ros2_truckplatoon/install/message/include/message/msg/detail\n'}
[0.927998] (message) StdoutLine: {'line': b'-- Up-to-date: /Users/brodie/ros2_truckplatoon/install/message/include/message/msg/detail/message__traits.hpp\n'}
[0.928155] (message) StdoutLine: {'line': b'-- Up-to-date: /Users/brodie/ros2_truckplatoon/install/message/include/message/msg/detail/message__struct.hpp\n'}
[0.928319] (message) StdoutLine: {'line': b'-- Up-to-date: /Users/brodie/ros2_truckplatoon/install/message/include/message/msg/detail/message__builder.hpp\n'}
[0.928503] (message) StdoutLine: {'line': b'-- Up-to-date: /Users/brodie/ros2_truckplatoon/install/message/include/message/msg/message.hpp\n'}
[0.928676] (message) StdoutLine: {'line': b'-- Up-to-date: /Users/brodie/ros2_truckplatoon/install/message/include/message\n'}
[0.928786] (message) StdoutLine: {'line': b'-- Up-to-date: /Users/brodie/ros2_truckplatoon/install/message/include/message/msg\n'}
[0.928932] (message) StdoutLine: {'line': b'-- Up-to-date: /Users/brodie/ros2_truckplatoon/install/message/include/message/msg/detail\n'}
[0.929085] (message) StdoutLine: {'line': b'-- Up-to-date: /Users/brodie/ros2_truckplatoon/install/message/include/message/msg/detail/message__type_support.cpp\n'}
[0.929210] (message) StdoutLine: {'line': b'-- Up-to-date: /Users/brodie/ros2_truckplatoon/install/message/include/message/msg/detail/message__rosidl_typesupport_introspection_cpp.hpp\n'}
[0.929383] (message) StdoutLine: {'line': b'-- Installing: /Users/brodie/ros2_truckplatoon/install/message/lib/libmessage__rosidl_typesupport_introspection_cpp.dylib\n'}
[0.940630] (message) StdoutLine: {'line': b'-- Installing: /Users/brodie/ros2_truckplatoon/install/message/lib/libmessage__rosidl_typesupport_cpp.dylib\n'}
[0.952896] (message) StdoutLine: {'line': b'-- Up-to-date: /Users/brodie/ros2_truckplatoon/install/message/share/message/environment/pythonpath.sh\n'}
[0.953117] (message) StdoutLine: {'line': b'-- Up-to-date: /Users/brodie/ros2_truckplatoon/install/message/share/message/environment/pythonpath.dsv\n'}
[0.953313] (message) StdoutLine: {'line': b'-- Up-to-date: /Users/brodie/ros2_truckplatoon/install/message/lib/python3.9/site-packages/message/__init__.py\n'}
[1.008994] (message) StdoutLine: {'line': b'-- Up-to-date: /Users/brodie/ros2_truckplatoon/install/message/lib/python3.9/site-packages/message/msg\n'}
[1.009327] (message) StdoutLine: {'line': b'-- Up-to-date: /Users/brodie/ros2_truckplatoon/install/message/lib/python3.9/site-packages/message/msg/__init__.py\n'}
[1.009559] (message) StdoutLine: {'line': b'-- Up-to-date: /Users/brodie/ros2_truckplatoon/install/message/lib/python3.9/site-packages/message/msg/_message.py\n'}
[1.009703] (message) StdoutLine: {'line': b'-- Up-to-date: /Users/brodie/ros2_truckplatoon/install/message/lib/python3.9/site-packages/message/msg/_message_s.c\n'}
[1.009844] (message) StdoutLine: {'line': b'-- Up-to-date: /Users/brodie/ros2_truckplatoon/install/message/lib/python3.9/site-packages/message/message_s__rosidl_typesupport_fastrtps_c.cpython-39-darwin.so\n'}
[1.020432] (-) TimerEvent: {}
[1.022133] (message) StderrLine: {'line': b'error: /Applications/Xcode.app/Contents/Developer/Toolchains/XcodeDefault.xctoolchain/usr/bin/install_name_tool: no LC_RPATH load command with path: /Users/brodie/ros2_truckplatoon/build/message/rosidl_generator_py/message found in: /Users/brodie/ros2_truckplatoon/install/message/lib/python3.9/site-packages/message/message_s__rosidl_typesupport_fastrtps_c.cpython-39-darwin.so (for architecture x86_64), required for specified option "-delete_rpath /Users/brodie/ros2_truckplatoon/build/message/rosidl_generator_py/message"\n'}
[1.070262] (message) StderrLine: {'line': b'error: /Applications/Xcode.app/Contents/Developer/Toolchains/XcodeDefault.xctoolchain/usr/bin/install_name_tool: no LC_RPATH load command with path: /Users/brodie/ros2_truckplatoon/build/message found in: /Users/brodie/ros2_truckplatoon/install/message/lib/python3.9/site-packages/message/message_s__rosidl_typesupport_fastrtps_c.cpython-39-darwin.so (for architecture x86_64), required for specified option "-delete_rpath /Users/brodie/ros2_truckplatoon/build/message"\n'}
[1.091584] (message) StderrLine: {'line': b'error: /Applications/Xcode.app/Contents/Developer/Toolchains/XcodeDefault.xctoolchain/usr/bin/install_name_tool: no LC_RPATH load command with path: /Users/brodie/ros2_foxy/ros2-osx/lib found in: /Users/brodie/ros2_truckplatoon/install/message/lib/python3.9/site-packages/message/message_s__rosidl_typesupport_fastrtps_c.cpython-39-darwin.so (for architecture x86_64), required for specified option "-delete_rpath /Users/brodie/ros2_foxy/ros2-osx/lib"\n'}
[1.109496] (message) StderrLine: {'line': b'error: /Applications/Xcode.app/Contents/Developer/Toolchains/XcodeDefault.xctoolchain/usr/bin/install_name_tool: no LC_RPATH load command with path: /usr/local/lib found in: /Users/brodie/ros2_truckplatoon/install/message/lib/python3.9/site-packages/message/message_s__rosidl_typesupport_fastrtps_c.cpython-39-darwin.so (for architecture x86_64), required for specified option "-delete_rpath /usr/local/lib"\n'}
[1.110011] (message) StdoutLine: {'line': b'-- Up-to-date: /Users/brodie/ros2_truckplatoon/install/message/lib/python3.9/site-packages/message/message_s__rosidl_typesupport_introspection_c.cpython-39-darwin.so\n'}
[1.122096] (-) TimerEvent: {}
[1.125521] (message) StderrLine: {'line': b'error: /Applications/Xcode.app/Contents/Developer/Toolchains/XcodeDefault.xctoolchain/usr/bin/install_name_tool: no LC_RPATH load command with path: /Users/brodie/ros2_truckplatoon/build/message/rosidl_generator_py/message found in: /Users/brodie/ros2_truckplatoon/install/message/lib/python3.9/site-packages/message/message_s__rosidl_typesupport_introspection_c.cpython-39-darwin.so (for architecture x86_64), required for specified option "-delete_rpath /Users/brodie/ros2_truckplatoon/build/message/rosidl_generator_py/message"\n'}
[1.138374] (message) StderrLine: {'line': b'error: /Applications/Xcode.app/Contents/Developer/Toolchains/XcodeDefault.xctoolchain/usr/bin/install_name_tool: no LC_RPATH load command with path: /Users/brodie/ros2_truckplatoon/build/message found in: /Users/brodie/ros2_truckplatoon/install/message/lib/python3.9/site-packages/message/message_s__rosidl_typesupport_introspection_c.cpython-39-darwin.so (for architecture x86_64), required for specified option "-delete_rpath /Users/brodie/ros2_truckplatoon/build/message"\n'}
[1.151065] (message) StderrLine: {'line': b'error: /Applications/Xcode.app/Contents/Developer/Toolchains/XcodeDefault.xctoolchain/usr/bin/install_name_tool: no LC_RPATH load command with path: /Users/brodie/ros2_foxy/ros2-osx/lib found in: /Users/brodie/ros2_truckplatoon/install/message/lib/python3.9/site-packages/message/message_s__rosidl_typesupport_introspection_c.cpython-39-darwin.so (for architecture x86_64), required for specified option "-delete_rpath /Users/brodie/ros2_foxy/ros2-osx/lib"\n'}
[1.151344] (message) StdoutLine: {'line': b'-- Up-to-date: /Users/brodie/ros2_truckplatoon/install/message/lib/python3.9/site-packages/message/message_s__rosidl_typesupport_c.cpython-39-darwin.so\n'}
[1.163248] (message) StderrLine: {'line': b'error: /Applications/Xcode.app/Contents/Developer/Toolchains/XcodeDefault.xctoolchain/usr/bin/install_name_tool: no LC_RPATH load command with path: /Users/brodie/ros2_truckplatoon/build/message/rosidl_generator_py/message found in: /Users/brodie/ros2_truckplatoon/install/message/lib/python3.9/site-packages/message/message_s__rosidl_typesupport_c.cpython-39-darwin.so (for architecture x86_64), required for specified option "-delete_rpath /Users/brodie/ros2_truckplatoon/build/message/rosidl_generator_py/message"\n'}
[1.174730] (message) StderrLine: {'line': b'error: /Applications/Xcode.app/Contents/Developer/Toolchains/XcodeDefault.xctoolchain/usr/bin/install_name_tool: no LC_RPATH load command with path: /Users/brodie/ros2_truckplatoon/build/message found in: /Users/brodie/ros2_truckplatoon/install/message/lib/python3.9/site-packages/message/message_s__rosidl_typesupport_c.cpython-39-darwin.so (for architecture x86_64), required for specified option "-delete_rpath /Users/brodie/ros2_truckplatoon/build/message"\n'}
[1.186267] (message) StderrLine: {'line': b'error: /Applications/Xcode.app/Contents/Developer/Toolchains/XcodeDefault.xctoolchain/usr/bin/install_name_tool: no LC_RPATH load command with path: /Users/brodie/ros2_foxy/ros2-osx/lib found in: /Users/brodie/ros2_truckplatoon/install/message/lib/python3.9/site-packages/message/message_s__rosidl_typesupport_c.cpython-39-darwin.so (for architecture x86_64), required for specified option "-delete_rpath /Users/brodie/ros2_foxy/ros2-osx/lib"\n'}
[1.186563] (message) StdoutLine: {'line': b'-- Installing: /Users/brodie/ros2_truckplatoon/install/message/lib/libmessage__python.dylib\n'}
[1.211868] (message) StdoutLine: {'line': b'-- Up-to-date: /Users/brodie/ros2_truckplatoon/install/message/share/message/msg/Message.idl\n'}
[1.212255] (message) StdoutLine: {'line': b'-- Up-to-date: /Users/brodie/ros2_truckplatoon/install/message/share/message/msg/Message.msg\n'}
[1.212518] (message) StdoutLine: {'line': b'-- Up-to-date: /Users/brodie/ros2_truckplatoon/install/message/share/ament_index/resource_index/package_run_dependencies/message\n'}
[1.212733] (message) StdoutLine: {'line': b'-- Up-to-date: /Users/brodie/ros2_truckplatoon/install/message/share/ament_index/resource_index/parent_prefix_path/message\n'}
[1.212841] (message) StdoutLine: {'line': b'-- Up-to-date: /Users/brodie/ros2_truckplatoon/install/message/share/message/environment/ament_prefix_path.sh\n'}
[1.213010] (message) StdoutLine: {'line': b'-- Up-to-date: /Users/brodie/ros2_truckplatoon/install/message/share/message/environment/ament_prefix_path.dsv\n'}
[1.213243] (message) StdoutLine: {'line': b'-- Up-to-date: /Users/brodie/ros2_truckplatoon/install/message/share/message/environment/path.sh\n'}
[1.213525] (message) StdoutLine: {'line': b'-- Up-to-date: /Users/brodie/ros2_truckplatoon/install/message/share/message/environment/path.dsv\n'}
[1.213949] (message) StdoutLine: {'line': b'-- Up-to-date: /Users/brodie/ros2_truckplatoon/install/message/share/message/local_setup.bash\n'}
[1.214457] (message) StdoutLine: {'line': b'-- Up-to-date: /Users/brodie/ros2_truckplatoon/install/message/share/message/local_setup.sh\n'}
[1.214876] (message) StdoutLine: {'line': b'-- Up-to-date: /Users/brodie/ros2_truckplatoon/install/message/share/message/local_setup.zsh\n'}
[1.215183] (message) StdoutLine: {'line': b'-- Up-to-date: /Users/brodie/ros2_truckplatoon/install/message/share/message/local_setup.dsv\n'}
[1.215541] (message) StdoutLine: {'line': b'-- Installing: /Users/brodie/ros2_truckplatoon/install/message/share/message/package.dsv\n'}
[1.215939] (message) StdoutLine: {'line': b'-- Up-to-date: /Users/brodie/ros2_truckplatoon/install/message/share/ament_index/resource_index/packages/message\n'}
[1.216531] (message) StdoutLine: {'line': b'-- Up-to-date: /Users/brodie/ros2_truckplatoon/install/message/share/message/cmake/message__rosidl_generator_cExport.cmake\n'}
[1.216825] (message) StdoutLine: {'line': b'-- Up-to-date: /Users/brodie/ros2_truckplatoon/install/message/share/message/cmake/message__rosidl_generator_cExport-noconfig.cmake\n'}
[1.216980] (message) StdoutLine: {'line': b'-- Up-to-date: /Users/brodie/ros2_truckplatoon/install/message/share/message/cmake/message__rosidl_typesupport_introspection_cExport.cmake\n'}
[1.217134] (message) StdoutLine: {'line': b'-- Up-to-date: /Users/brodie/ros2_truckplatoon/install/message/share/message/cmake/message__rosidl_typesupport_introspection_cExport-noconfig.cmake\n'}
[1.217243] (message) StdoutLine: {'line': b'-- Up-to-date: /Users/brodie/ros2_truckplatoon/install/message/share/message/cmake/message__rosidl_typesupport_cExport.cmake\n'}
[1.217350] (message) StdoutLine: {'line': b'-- Up-to-date: /Users/brodie/ros2_truckplatoon/install/message/share/message/cmake/message__rosidl_typesupport_cExport-noconfig.cmake\n'}
[1.217480] (message) StdoutLine: {'line': b'-- Up-to-date: /Users/brodie/ros2_truckplatoon/install/message/share/message/cmake/message__rosidl_generator_cppExport.cmake\n'}
[1.217571] (message) StdoutLine: {'line': b'-- Up-to-date: /Users/brodie/ros2_truckplatoon/install/message/share/message/cmake/message__rosidl_typesupport_introspection_cppExport.cmake\n'}
[1.217656] (message) StdoutLine: {'line': b'-- Up-to-date: /Users/brodie/ros2_truckplatoon/install/message/share/message/cmake/message__rosidl_typesupport_introspection_cppExport-noconfig.cmake\n'}
[1.217742] (message) StdoutLine: {'line': b'-- Up-to-date: /Users/brodie/ros2_truckplatoon/install/message/share/message/cmake/message__rosidl_typesupport_cppExport.cmake\n'}
[1.218063] (message) StdoutLine: {'line': b'-- Up-to-date: /Users/brodie/ros2_truckplatoon/install/message/share/message/cmake/message__rosidl_typesupport_cppExport-noconfig.cmake\n'}
[1.218172] (message) StdoutLine: {'line': b'-- Up-to-date: /Users/brodie/ros2_truckplatoon/install/message/share/message/cmake/rosidl_cmake-extras.cmake\n'}
[1.218483] (message) StdoutLine: {'line': b'-- Up-to-date: /Users/brodie/ros2_truckplatoon/install/message/share/message/cmake/ament_cmake_export_dependencies-extras.cmake\n'}
[1.221071] (message) StdoutLine: {'line': b'-- Up-to-date: /Users/brodie/ros2_truckplatoon/install/message/share/message/cmake/ament_cmake_export_libraries-extras.cmake\n'}
[1.221246] (message) StdoutLine: {'line': b'-- Up-to-date: /Users/brodie/ros2_truckplatoon/install/message/share/message/cmake/ament_cmake_export_targets-extras.cmake\n'}
[1.221521] (message) StdoutLine: {'line': b'-- Up-to-date: /Users/brodie/ros2_truckplatoon/install/message/share/message/cmake/ament_cmake_export_include_directories-extras.cmake\n'}
[1.224122] (-) TimerEvent: {}
[1.224364] (message) StdoutLine: {'line': b'-- Up-to-date: /Users/brodie/ros2_truckplatoon/install/message/share/message/cmake/rosidl_cmake_export_typesupport_libraries-extras.cmake\n'}
[1.227616] (message) StdoutLine: {'line': b'-- Up-to-date: /Users/brodie/ros2_truckplatoon/install/message/share/message/cmake/rosidl_cmake_export_typesupport_targets-extras.cmake\n'}
[1.227770] (message) StdoutLine: {'line': b'-- Up-to-date: /Users/brodie/ros2_truckplatoon/install/message/share/message/cmake/messageConfig.cmake\n'}
[1.227896] (message) StdoutLine: {'line': b'-- Up-to-date: /Users/brodie/ros2_truckplatoon/install/message/share/message/cmake/messageConfig-version.cmake\n'}
[1.228227] (message) StdoutLine: {'line': b'-- Up-to-date: /Users/brodie/ros2_truckplatoon/install/message/share/message/package.xml\n'}
[1.228478] (message) CommandEnded: {'returncode': 0}
[1.327555] (-) TimerEvent: {}
[1.428171] (-) TimerEvent: {}
[1.521929] (message) JobEnded: {'identifier': 'message', 'rc': 0}
[1.540590] (-) TimerEvent: {}
[1.540814] (truck) JobStarted: {'identifier': 'truck'}
[1.585579] (truck) JobProgress: {'identifier': 'truck', 'progress': 'cmake'}
[1.588176] (truck) JobProgress: {'identifier': 'truck', 'progress': 'build'}
[1.588510] (truck) Command: {'cmd': ['/usr/local/bin/cmake', '--build', '/Users/brodie/ros2_truckplatoon/build/truck', '--', '-j8', '-l8'], 'cwd': '/Users/brodie/ros2_truckplatoon/build/truck', 'env': OrderedDict([('TERM_PROGRAM', 'Apple_Terminal'), ('SHELL', '/bin/zsh'), ('TERM', 'xterm-256color'), ('TMPDIR', '/var/folders/b6/t14lv28n5xqdhgq7zcrqwfkm0000gn/T/'), ('TERM_PROGRAM_VERSION', '445'), ('ROS_PYTHON_VERSION', '3'), ('ROS_VERSION', '2'), ('COLCON_PREFIX_PATH', '/Users/brodie/ros2_truckplatoon/install:/Users/brodie/my_workspace/install:/Users/brodie/ros2_foxy/ros2-osx'), ('TERM_SESSION_ID', '68464B11-5BA9-4066-9F09-461F903B1524'), ('AMENT_PREFIX_PATH', '/Users/brodie/ros2_truckplatoon/install/message:/Users/brodie/ros2_truckplatoon/install/Messages:/Users/brodie/ros2_truckplatoon/install/truck:/Users/brodie/my_workspace/install/tutorial_interfaces:/Users/brodie/my_workspace/install/cpp_srvcli:/Users/brodie/my_workspace/install/cpp_pubsub:/Users/brodie/my_workspace/install/my_package:/Users/brodie/ros2_foxy/ros2-osx'), ('USER', 'brodie'), ('SSH_AUTH_SOCK', '/private/tmp/com.apple.launchd.4a9jOPzOQR/Listeners'), ('__CF_USER_TEXT_ENCODING', '0x1F5:0x0:0x4'), ('PATH', '/Users/brodie/ros2_foxy/ros2-osx/bin:/Library/Frameworks/Python.framework/Versions/3.9/bin:/Library/Frameworks/Python.framework/Versions/2.7/bin:/usr/local/bin:/usr/bin:/bin:/usr/sbin:/sbin:/Library/TeX/texbin:/usr/local/share/dotnet:/opt/X11/bin:~/.dotnet/tools:/Library/Apple/usr/bin:/Library/Frameworks/Mono.framework/Versions/Current/Commands:/usr/local/CrossPack-AVR/bin:/Applications/Postgres.app/Contents/Versions/latest/bin:/Applications/Xamarin Workbooks.app/Contents/SharedSupport/path-bin'), ('__CFBundleIdentifier', 'com.apple.Terminal'), ('PWD', '/Users/brodie/ros2_truckplatoon/build/truck'), ('COLCON', '1'), ('LANG', 'it_IT.UTF-8'), ('XPC_FLAGS', '0x0'), ('XPC_SERVICE_NAME', '0'), ('OPENSSL_ROOT_DIR', '/usr/local/Cellar/openssl@3'), ('SHLVL', '2'), ('HOME', '/Users/brodie'), ('ROS_DISTRO', 'foxy'), ('PYTHONPATH', '/Users/brodie/ros2_truckplatoon/install/message/lib/python3.9/site-packages:/Users/brodie/my_workspace/install/tutorial_interfaces/lib/python3.9/site-packages:/Users/brodie/my_workspace/install/my_package/lib/python3.9/site-packages:/Users/brodie/ros2_foxy/ros2-osx/lib/python3.8/site-packages'), ('LOGNAME', 'brodie'), ('PKG_CONFIG_PATH', '/Users/brodie/ros2_foxy/ros2-osx/lib/pkgconfig'), ('CMAKE_PREFIX_PATH', '/Users/brodie/ros2_truckplatoon/install/message:/Users/brodie/ros2_truckplatoon/install/Messages:/Users/brodie/ros2_truckplatoon/install/truck:/Users/brodie/my_workspace/install/tutorial_interfaces:/Users/brodie/my_workspace/install/cpp_srvcli:/Users/brodie/my_workspace/install/cpp_pubsub:/Users/brodie/ros2_foxy/ros2-osx:/Users/brodie/my_workspace/install/my_package'), ('DISPLAY', '/private/tmp/com.apple.launchd.fnO1XjjJMH/org.xquartz:0'), ('ROS_LOCALHOST_ONLY', '0'), ('_', '/usr/bin/env')]), 'shell': False}
[1.642602] (-) TimerEvent: {}
[1.670957] (truck) StdoutLine: {'line': b'Scanning dependencies of target truck\n'}
[1.690325] (truck) StdoutLine: {'line': b'[ 33%] Building CXX object CMakeFiles/truck.dir/src/src/Truck.cpp.o\n'}
[1.690590] (truck) StdoutLine: {'line': b'[ 33%] Building CXX object CMakeFiles/truck.dir/src/truck.cpp.o\n'}
[1.691231] (truck) StdoutLine: {'line': b'[ 66%] Building CXX object CMakeFiles/truck.dir/src/src/Leader.cpp.o\n'}
[1.691369] (truck) StdoutLine: {'line': b'[ 66%] Building CXX object CMakeFiles/truck.dir/src/src/Communication.cpp.o\n'}
[1.746598] (-) TimerEvent: {}
[1.850261] (-) TimerEvent: {}
[1.952849] (-) TimerEvent: {}
[2.055402] (-) TimerEvent: {}
[2.159640] (-) TimerEvent: {}
[2.178125] (truck) StderrLine: {'line': b'In file included from /Users/brodie/ros2_truckplatoon/src/truck/src/src/Leader.cpp:1:\n'}
[2.178546] (truck) StderrLine: {'line': b'In file included from /Users/brodie/ros2_truckplatoon/src/truck/src/src/Leader.hpp:4:\n'}
[2.178747] (truck) StderrLine: {'line': b'/Users/brodie/ros2_truckplatoon/src/truck/src/src/Truck.hpp:4:10: warning: non-portable path to file \'"utils/include.hpp"\'; specified path differs in case from file name on disk [-Wnonportable-include-path]\n'}
[2.178923] (truck) StderrLine: {'line': b'#include "utils/Include.hpp"\n'}
[2.179084] (truck) StderrLine: {'line': b'         ^~~~~~~~~~~~~~~~~~~\n'}
[2.179250] (truck) StderrLine: {'line': b'         "utils/include.hpp"\n'}
[2.179420] (truck) StderrLine: {'line': b'In file included from /Users/brodie/ros2_truckplatoon/src/truck/src/src/Truck.cpp:1:\n'}
[2.179584] (truck) StderrLine: {'line': b'/Users/brodie/ros2_truckplatoon/src/truck/src/src/Truck.hpp:4:10: warning: non-portable path to file \'"utils/include.hpp"\'; specified path differs in case from file name on disk [-Wnonportable-include-path]\n'}
[2.179936] (truck) StderrLine: {'line': b'#include "utils/Include.hpp"\n'}
[2.180054] (truck) StderrLine: {'line': b'         ^~~~~~~~~~~~~~~~~~~\n'}
[2.180151] (truck) StderrLine: {'line': b'         "utils/include.hpp"\n'}
[2.180243] (truck) StderrLine: {'line': b'In file included from /Users/brodie/ros2_truckplatoon/src/truck/src/src/Communication.cpp:1:\n'}
[2.180337] (truck) StderrLine: {'line': b'In file included from /Users/brodie/ros2_truckplatoon/src/truck/src/src/Communication.hpp:3:\n'}
[2.180428] (truck) StderrLine: {'line': b'/Users/brodie/ros2_truckplatoon/src/truck/src/src/Truck.hpp:4:10: warning: non-portable path to file \'"utils/include.hpp"\'; specified path differs in case from file name on disk [-Wnonportable-include-path]\n'}
[2.180518] (truck) StderrLine: {'line': b'#include "utils/Include.hpp"\n'}
[2.180607] (truck) StderrLine: {'line': b'         ^~~~~~~~~~~~~~~~~~~\n'}
[2.180698] (truck) StderrLine: {'line': b'         "utils/include.hpp"\n'}
[2.184326] (truck) StderrLine: {'line': b'In file included from /Users/brodie/ros2_truckplatoon/src/truck/src/truck.cpp:2:\n'}
[2.184583] (truck) StderrLine: {'line': b'In file included from /Users/brodie/ros2_truckplatoon/src/truck/src/Platoon.hpp:4:\n'}
[2.184766] (truck) StderrLine: {'line': b'In file included from /Users/brodie/ros2_truckplatoon/src/truck/src/src/Leader.hpp:4:\n'}
[2.184941] (truck) StderrLine: {'line': b'/Users/brodie/ros2_truckplatoon/src/truck/src/src/Truck.hpp:4:10: warning: non-portable path to file \'"utils/include.hpp"\'; specified path differs in case from file name on disk [-Wnonportable-include-path]\n'}
[2.185117] (truck) StderrLine: {'line': b'#include "utils/Include.hpp"\n'}
[2.185288] (truck) StderrLine: {'line': b'         ^~~~~~~~~~~~~~~~~~~\n'}
[2.185458] (truck) StderrLine: {'line': b'         "utils/include.hpp"\n'}
[2.264709] (-) TimerEvent: {}
[2.366543] (-) TimerEvent: {}
[2.469582] (-) TimerEvent: {}
[2.571589] (-) TimerEvent: {}
[2.671969] (-) TimerEvent: {}
[2.773508] (-) TimerEvent: {}
[2.829208] (truck) StderrLine: {'line': b'In file included from /Users/brodie/ros2_truckplatoon/src/truck/src/src/Leader.cpp:1:\n'}
[2.829937] (truck) StderrLine: {'line': b'In file included from /Users/brodie/ros2_truckplatoon/src/truck/src/src/Leader.hpp:4:\n'}
[2.830156] (truck) StderrLine: {'line': b'In file included from /Users/brodie/ros2_truckplatoon/src/truck/src/src/Truck.hpp:6:\n'}
[2.830338] (truck) StderrLine: {'line': b"/Users/brodie/ros2_truckplatoon/src/truck/src/src/Publisher.hpp:29:28: error: taking the address of a temporary object of type 'std::shared_ptr<Publisher<Message_<allocator<void>>>>' [-Waddress-of-temporary]\n"}
[2.830520] (truck) StderrLine: {'line': b'  publishers_[TopicName] = &this->create_publisher<message::msg::Message>(TopicName, 10);\n'}
[2.830695] (truck) StderrLine: {'line': b'                           ^~~~~~~~~~~~~~~~~~~~~~~~~~~~~~~~~~~~~~~~~~~~~~~~~~~~~~~~~~~~~\n'}
[2.830872] (truck) StderrLine: {'line': b"/Users/brodie/ros2_truckplatoon/src/truck/src/src/Publisher.hpp:29:26: error: no viable overloaded '='\n"}
[2.831066] (truck) StderrLine: {'line': b'  publishers_[TopicName] = &this->create_publisher<message::msg::Message>(TopicName, 10);\n'}
[2.831777] (truck) StderrLine: {'line': b'  ~~~~~~~~~~~~~~~~~~~~~~ ^ ~~~~~~~~~~~~~~~~~~~~~~~~~~~~~~~~~~~~~~~~~~~~~~~~~~~~~~~~~~~~~\n'}
[2.832188] (truck) StderrLine: {'line': b"/Applications/Xcode.app/Contents/Developer/Platforms/MacOSX.platform/Developer/SDKs/MacOSX12.3.sdk/usr/include/c++/v1/__memory/shared_ptr.h:511:17: note: candidate function not viable: no known conversion from 'std::shared_ptr<Publisher<Message_<allocator<void>>>> *' to 'const std::shared_ptr<rclcpp::Publisher<message::msg::Message_<std::allocator<void>>>>' for 1st argument; remove &\n"}
[2.832412] (truck) StderrLine: {'line': b'    shared_ptr& operator=(const shared_ptr& __r) _NOEXCEPT;\n'}
[2.832584] (truck) StderrLine: {'line': b'                ^\n'}
[2.832754] (truck) StderrLine: {'line': b"/Applications/Xcode.app/Contents/Developer/Platforms/MacOSX.platform/Developer/SDKs/MacOSX12.3.sdk/usr/include/c++/v1/__memory/shared_ptr.h:519:9: note: candidate template ignored: could not match 'shared_ptr<type-parameter-0-0>' against 'std::shared_ptr<rclcpp::Publisher<message::msg::Message_<std::allocator<void>>>> *'\n"}
[2.832920] (truck) StderrLine: {'line': b'        operator=(const shared_ptr<_Yp>& __r) _NOEXCEPT;\n'}
[2.833084] (truck) StderrLine: {'line': b'        ^\n'}
[2.833246] (truck) StderrLine: {'line': b"/Applications/Xcode.app/Contents/Developer/Platforms/MacOSX.platform/Developer/SDKs/MacOSX12.3.sdk/usr/include/c++/v1/__memory/shared_ptr.h:521:17: note: candidate function not viable: no known conversion from 'std::shared_ptr<Publisher<Message_<allocator<void>>>> *' to 'std::shared_ptr<rclcpp::Publisher<message::msg::Message_<std::allocator<void>>>>' for 1st argument; remove &\n"}
[2.833446] (truck) StderrLine: {'line': b'    shared_ptr& operator=(shared_ptr&& __r) _NOEXCEPT;\n'}
[2.833607] (truck) StderrLine: {'line': b'                ^\n'}
[2.833784] (truck) StderrLine: {'line': b"/Applications/Xcode.app/Contents/Developer/Platforms/MacOSX.platform/Developer/SDKs/MacOSX12.3.sdk/usr/include/c++/v1/__memory/shared_ptr.h:529:9: note: candidate template ignored: could not match 'shared_ptr<type-parameter-0-0>' against 'std::shared_ptr<rclcpp::Publisher<message::msg::Message_<std::allocator<void>>>> *'\n"}
[2.833919] (truck) StderrLine: {'line': b'        operator=(shared_ptr<_Yp>&& __r);\n'}
[2.834055] (truck) StderrLine: {'line': b'        ^\n'}
[2.834181] (truck) StderrLine: {'line': b"/Applications/Xcode.app/Contents/Developer/Platforms/MacOSX.platform/Developer/SDKs/MacOSX12.3.sdk/usr/include/c++/v1/__memory/shared_ptr.h:539:9: note: candidate template ignored: could not match 'auto_ptr<type-parameter-0-0>' against 'std::shared_ptr<rclcpp::Publisher<message::msg::Message_<std::allocator<void>>>> *'\n"}
[2.834318] (truck) StderrLine: {'line': b'        operator=(auto_ptr<_Yp>&& __r);\n'}
[2.834460] (truck) StderrLine: {'line': b'        ^\n'}
[2.834605] (truck) StderrLine: {'line': b"/Applications/Xcode.app/Contents/Developer/Platforms/MacOSX.platform/Developer/SDKs/MacOSX12.3.sdk/usr/include/c++/v1/__memory/shared_ptr.h:548:9: note: candidate template ignored: could not match 'unique_ptr<type-parameter-0-0, type-parameter-0-1>' against 'std::shared_ptr<rclcpp::Publisher<message::msg::Message_<std::allocator<void>>>> *'\n"}
[2.834765] (truck) StderrLine: {'line': b'        operator=(unique_ptr<_Yp, _Dp>&& __r);\n'}
[2.834913] (truck) StderrLine: {'line': b'        ^\n'}
[2.835157] (truck) StderrLine: {'line': b'In file included from /Users/brodie/ros2_truckplatoon/src/truck/src/src/Truck.cpp:1:\n'}
[2.835859] (truck) StderrLine: {'line': b'In file included from /Users/brodie/ros2_truckplatoon/src/truck/src/src/Truck.hpp:6:\n'}
[2.836159] (truck) StderrLine: {'line': b"/Users/brodie/ros2_truckplatoon/src/truck/src/src/Publisher.hpp:29:28: error: taking the address of a temporary object of type 'std::shared_ptr<Publisher<Message_<allocator<void>>>>' [-Waddress-of-temporary]\n"}
[2.836322] (truck) StderrLine: {'line': b'  publishers_[TopicName] = &this->create_publisher<message::msg::Message>(TopicName, 10);\n'}
[2.836497] (truck) StderrLine: {'line': b'                           ^~~~~~~~~~~~~~~~~~~~~~~~~~~~~~~~~~~~~~~~~~~~~~~~~~~~~~~~~~~~~\n'}
[2.836648] (truck) StderrLine: {'line': b"/Users/brodie/ros2_truckplatoon/src/truck/src/src/Publisher.hpp:29:26: error: no viable overloaded '='\n"}
[2.836795] (truck) StderrLine: {'line': b'  publishers_[TopicName] = &this->create_publisher<message::msg::Message>(TopicName, 10);\n'}
[2.836944] (truck) StderrLine: {'line': b'  ~~~~~~~~~~~~~~~~~~~~~~ ^ ~~~~~~~~~~~~~~~~~~~~~~~~~~~~~~~~~~~~~~~~~~~~~~~~~~~~~~~~~~~~~\n'}
[2.837087] (truck) StderrLine: {'line': b"/Applications/Xcode.app/Contents/Developer/Platforms/MacOSX.platform/Developer/SDKs/MacOSX12.3.sdk/usr/include/c++/v1/__memory/shared_ptr.h:511:17: note: candidate function not viable: no known conversion from 'std::shared_ptr<Publisher<Message_<allocator<void>>>> *' to 'const std::shared_ptr<rclcpp::Publisher<message::msg::Message_<std::allocator<void>>>>' for 1st argument; remove &\n"}
[2.837223] (truck) StderrLine: {'line': b'    shared_ptr& operator=(const shared_ptr& __r) _NOEXCEPT;\n'}
[2.837367] (truck) StderrLine: {'line': b'                ^\n'}
[2.837511] (truck) StderrLine: {'line': b"/Applications/Xcode.app/Contents/Developer/Platforms/MacOSX.platform/Developer/SDKs/MacOSX12.3.sdk/usr/include/c++/v1/__memory/shared_ptr.h:519:9: note: candidate template ignored: could not match 'shared_ptr<type-parameter-0-0>' against 'std::shared_ptr<rclcpp::Publisher<message::msg::Message_<std::allocator<void>>>> *'\n"}
[2.837669] (truck) StderrLine: {'line': b'        operator=(const shared_ptr<_Yp>& __r) _NOEXCEPT;\n'}
[2.837825] (truck) StderrLine: {'line': b'        ^\n'}
[2.837977] (truck) StderrLine: {'line': b"/Applications/Xcode.app/Contents/Developer/Platforms/MacOSX.platform/Developer/SDKs/MacOSX12.3.sdk/usr/include/c++/v1/__memory/shared_ptr.h:521:17: note: candidate function not viable: no known conversion from 'std::shared_ptr<Publisher<Message_<allocator<void>>>> *' to 'std::shared_ptr<rclcpp::Publisher<message::msg::Message_<std::allocator<void>>>>' for 1st argument; remove &\n"}
[2.838159] (truck) StderrLine: {'line': b'    shared_ptr& operator=(shared_ptr&& __r) _NOEXCEPT;\n'}
[2.838295] (truck) StderrLine: {'line': b'                ^\n'}
[2.838386] (truck) StderrLine: {'line': b"/Applications/Xcode.app/Contents/Developer/Platforms/MacOSX.platform/Developer/SDKs/MacOSX12.3.sdk/usr/include/c++/v1/__memory/shared_ptr.h:529:9: note: candidate template ignored: could not match 'shared_ptr<type-parameter-0-0>' against 'std::shared_ptr<rclcpp::Publisher<message::msg::Message_<std::allocator<void>>>> *'\n"}
[2.838473] (truck) StderrLine: {'line': b'        operator=(shared_ptr<_Yp>&& __r);\n'}
[2.838556] (truck) StderrLine: {'line': b'        ^\n'}
[2.838637] (truck) StderrLine: {'line': b"/Applications/Xcode.app/Contents/Developer/Platforms/MacOSX.platform/Developer/SDKs/MacOSX12.3.sdk/usr/include/c++/v1/__memory/shared_ptr.h:539:9: note: candidate template ignored: could not match 'auto_ptr<type-parameter-0-0>' against 'std::shared_ptr<rclcpp::Publisher<message::msg::Message_<std::allocator<void>>>> *'\n"}
[2.838739] (truck) StderrLine: {'line': b'        operator=(auto_ptr<_Yp>&& __r);\n'}
[2.838820] (truck) StderrLine: {'line': b'        ^\n'}
[2.838900] (truck) StderrLine: {'line': b"/Applications/Xcode.app/Contents/Developer/Platforms/MacOSX.platform/Developer/SDKs/MacOSX12.3.sdk/usr/include/c++/v1/__memory/shared_ptr.h:548:9: note: candidate template ignored: could not match 'unique_ptr<type-parameter-0-0, type-parameter-0-1>' against 'std::shared_ptr<rclcpp::Publisher<message::msg::Message_<std::allocator<void>>>> *'\n"}
[2.838997] (truck) StderrLine: {'line': b'        operator=(unique_ptr<_Yp, _Dp>&& __r);\n'}
[2.839118] (truck) StderrLine: {'line': b'        ^\n'}
[2.839266] (truck) StderrLine: {'line': b'In file included from /Users/brodie/ros2_truckplatoon/src/truck/src/src/Communication.cpp:1:\n'}
[2.839409] (truck) StderrLine: {'line': b'In file included from /Users/brodie/ros2_truckplatoon/src/truck/src/src/Communication.hpp:3:\n'}
[2.839572] (truck) StderrLine: {'line': b'In file included from /Users/brodie/ros2_truckplatoon/src/truck/src/src/Truck.hpp:6:\n'}
[2.839722] (truck) StderrLine: {'line': b"/Users/brodie/ros2_truckplatoon/src/truck/src/src/Publisher.hpp:29:28: error: taking the address of a temporary object of type 'std::shared_ptr<Publisher<Message_<allocator<void>>>>' [-Waddress-of-temporary]\n"}
[2.839873] (truck) StderrLine: {'line': b'  publishers_[TopicName] = &this->create_publisher<message::msg::Message>(TopicName, 10);\n'}
[2.840021] (truck) StderrLine: {'line': b'                           ^~~~~~~~~~~~~~~~~~~~~~~~~~~~~~~~~~~~~~~~~~~~~~~~~~~~~~~~~~~~~\n'}
[2.840168] (truck) StderrLine: {'line': b"/Users/brodie/ros2_truckplatoon/src/truck/src/src/Publisher.hpp:29:26: error: no viable overloaded '='\n"}
[2.840319] (truck) StderrLine: {'line': b'  publishers_[TopicName] = &this->create_publisher<message::msg::Message>(TopicName, 10);\n'}
[2.840460] (truck) StderrLine: {'line': b'  ~~~~~~~~~~~~~~~~~~~~~~ ^ ~~~~~~~~~~~~~~~~~~~~~~~~~~~~~~~~~~~~~~~~~~~~~~~~~~~~~~~~~~~~~\n'}
[2.840589] (truck) StderrLine: {'line': b"/Applications/Xcode.app/Contents/Developer/Platforms/MacOSX.platform/Developer/SDKs/MacOSX12.3.sdk/usr/include/c++/v1/__memory/shared_ptr.h:511:17: note: candidate function not viable: no known conversion from 'std::shared_ptr<Publisher<Message_<allocator<void>>>> *' to 'const std::shared_ptr<rclcpp::Publisher<message::msg::Message_<std::allocator<void>>>>' for 1st argument; remove &\n"}
[2.840741] (truck) StderrLine: {'line': b'    shared_ptr& operator=(const shared_ptr& __r) _NOEXCEPT;\n'}
[2.840875] (truck) StderrLine: {'line': b'                ^\n'}
[2.841019] (truck) StderrLine: {'line': b"/Applications/Xcode.app/Contents/Developer/Platforms/MacOSX.platform/Developer/SDKs/MacOSX12.3.sdk/usr/include/c++/v1/__memory/shared_ptr.h:519:9: note: candidate template ignored: could not match 'shared_ptr<type-parameter-0-0>' against 'std::shared_ptr<rclcpp::Publisher<message::msg::Message_<std::allocator<void>>>> *'\n"}
[2.841161] (truck) StderrLine: {'line': b'        operator=(const shared_ptr<_Yp>& __r) _NOEXCEPT;\n'}
[2.841290] (truck) StderrLine: {'line': b'        ^\n'}
[2.841418] (truck) StderrLine: {'line': b"/Applications/Xcode.app/Contents/Developer/Platforms/MacOSX.platform/Developer/SDKs/MacOSX12.3.sdk/usr/include/c++/v1/__memory/shared_ptr.h:521:17: note: candidate function not viable: no known conversion from 'std::shared_ptr<Publisher<Message_<allocator<void>>>> *' to 'std::shared_ptr<rclcpp::Publisher<message::msg::Message_<std::allocator<void>>>>' for 1st argument; remove &\n"}
[2.842218] (truck) StderrLine: {'line': b'    shared_ptr& operator=(shared_ptr&& __r) _NOEXCEPT;\n'}
[2.842463] (truck) StderrLine: {'line': b'                ^\n'}
[2.842602] (truck) StderrLine: {'line': b"/Applications/Xcode.app/Contents/Developer/Platforms/MacOSX.platform/Developer/SDKs/MacOSX12.3.sdk/usr/include/c++/v1/__memory/shared_ptr.h:529:9: note: candidate template ignored: could not match 'shared_ptr<type-parameter-0-0>' against 'std::shared_ptr<rclcpp::Publisher<message::msg::Message_<std::allocator<void>>>> *'\n"}
[2.842712] (truck) StderrLine: {'line': b'        operator=(shared_ptr<_Yp>&& __r);\n'}
[2.842800] (truck) StderrLine: {'line': b'        ^\n'}
[2.842883] (truck) StderrLine: {'line': b"/Applications/Xcode.app/Contents/Developer/Platforms/MacOSX.platform/Developer/SDKs/MacOSX12.3.sdk/usr/include/c++/v1/__memory/shared_ptr.h:539:9: note: candidate template ignored: could not match 'auto_ptr<type-parameter-0-0>' against 'std::shared_ptr<rclcpp::Publisher<message::msg::Message_<std::allocator<void>>>> *'\n"}
[2.842969] (truck) StderrLine: {'line': b'        operator=(auto_ptr<_Yp>&& __r);\n'}
[2.843092] (truck) StderrLine: {'line': b'        ^\n'}
[2.843226] (truck) StderrLine: {'line': b"/Applications/Xcode.app/Contents/Developer/Platforms/MacOSX.platform/Developer/SDKs/MacOSX12.3.sdk/usr/include/c++/v1/__memory/shared_ptr.h:548:9: note: candidate template ignored: could not match 'unique_ptr<type-parameter-0-0, type-parameter-0-1>' against 'std::shared_ptr<rclcpp::Publisher<message::msg::Message_<std::allocator<void>>>> *'\n"}
[2.843409] (truck) StderrLine: {'line': b'        operator=(unique_ptr<_Yp, _Dp>&& __r);\n'}
[2.843547] (truck) StderrLine: {'line': b'        ^\n'}
[2.843690] (truck) StderrLine: {'line': b'In file included from /Users/brodie/ros2_truckplatoon/src/truck/src/truck.cpp:2:\n'}
[2.843857] (truck) StderrLine: {'line': b'In file included from /Users/brodie/ros2_truckplatoon/src/truck/src/Platoon.hpp:4:\n'}
[2.843998] (truck) StderrLine: {'line': b'In file included from /Users/brodie/ros2_truckplatoon/src/truck/src/src/Leader.hpp:4:\n'}
[2.844136] (truck) StderrLine: {'line': b'In file included from /Users/brodie/ros2_truckplatoon/src/truck/src/src/Truck.hpp:6:\n'}
[2.844267] (truck) StderrLine: {'line': b"/Users/brodie/ros2_truckplatoon/src/truck/src/src/Publisher.hpp:29:28: error: taking the address of a temporary object of type 'std::shared_ptr<Publisher<Message_<allocator<void>>>>' [-Waddress-of-temporary]\n"}
[2.844459] (truck) StderrLine: {'line': b'  publishers_[TopicName] = &this->create_publisher<message::msg::Message>(TopicName, 10);\n'}
[2.844604] (truck) StderrLine: {'line': b'                           ^~~~~~~~~~~~~~~~~~~~~~~~~~~~~~~~~~~~~~~~~~~~~~~~~~~~~~~~~~~~~\n'}
[2.844734] (truck) StderrLine: {'line': b"/Users/brodie/ros2_truckplatoon/src/truck/src/src/Publisher.hpp:29:26: error: no viable overloaded '='\n"}
[2.844832] (truck) StderrLine: {'line': b'  publishers_[TopicName] = &this->create_publisher<message::msg::Message>(TopicName, 10);\n'}
[2.844969] (truck) StderrLine: {'line': b'  ~~~~~~~~~~~~~~~~~~~~~~ ^ ~~~~~~~~~~~~~~~~~~~~~~~~~~~~~~~~~~~~~~~~~~~~~~~~~~~~~~~~~~~~~\n'}
[2.845104] (truck) StderrLine: {'line': b"/Applications/Xcode.app/Contents/Developer/Platforms/MacOSX.platform/Developer/SDKs/MacOSX12.3.sdk/usr/include/c++/v1/__memory/shared_ptr.h:511:17: note: candidate function not viable: no known conversion from 'std::shared_ptr<Publisher<Message_<allocator<void>>>> *' to 'const std::shared_ptr<rclcpp::Publisher<message::msg::Message_<std::allocator<void>>>>' for 1st argument; remove &\n"}
[2.845234] (truck) StderrLine: {'line': b'    shared_ptr& operator=(const shared_ptr& __r) _NOEXCEPT;\n'}
[2.845328] (truck) StderrLine: {'line': b'                ^\n'}
[2.845456] (truck) StderrLine: {'line': b"/Applications/Xcode.app/Contents/Developer/Platforms/MacOSX.platform/Developer/SDKs/MacOSX12.3.sdk/usr/include/c++/v1/__memory/shared_ptr.h:519:9: note: candidate template ignored: could not match 'shared_ptr<type-parameter-0-0>' against 'std::shared_ptr<rclcpp::Publisher<message::msg::Message_<std::allocator<void>>>> *'\n"}
[2.845598] (truck) StderrLine: {'line': b'        operator=(const shared_ptr<_Yp>& __r) _NOEXCEPT;\n'}
[2.845730] (truck) StderrLine: {'line': b'        ^\n'}
[2.845870] (truck) StderrLine: {'line': b"/Applications/Xcode.app/Contents/Developer/Platforms/MacOSX.platform/Developer/SDKs/MacOSX12.3.sdk/usr/include/c++/v1/__memory/shared_ptr.h:521:17: note: candidate function not viable: no known conversion from 'std::shared_ptr<Publisher<Message_<allocator<void>>>> *' to 'std::shared_ptr<rclcpp::Publisher<message::msg::Message_<std::allocator<void>>>>' for 1st argument; remove &\n"}
[2.846023] (truck) StderrLine: {'line': b'    shared_ptr& operator=(shared_ptr&& __r) _NOEXCEPT;\n'}
[2.846170] (truck) StderrLine: {'line': b'                ^\n'}
[2.846312] (truck) StderrLine: {'line': b"/Applications/Xcode.app/Contents/Developer/Platforms/MacOSX.platform/Developer/SDKs/MacOSX12.3.sdk/usr/include/c++/v1/__memory/shared_ptr.h:529:9: note: candidate template ignored: could not match 'shared_ptr<type-parameter-0-0>' against 'std::shared_ptr<rclcpp::Publisher<message::msg::Message_<std::allocator<void>>>> *'\n"}
[2.846460] (truck) StderrLine: {'line': b'        operator=(shared_ptr<_Yp>&& __r);\n'}
[2.846611] (truck) StderrLine: {'line': b'        ^\n'}
[2.846775] (truck) StderrLine: {'line': b"/Applications/Xcode.app/Contents/Developer/Platforms/MacOSX.platform/Developer/SDKs/MacOSX12.3.sdk/usr/include/c++/v1/__memory/shared_ptr.h:539:9: note: candidate template ignored: could not match 'auto_ptr<type-parameter-0-0>' against 'std::shared_ptr<rclcpp::Publisher<message::msg::Message_<std::allocator<void>>>> *'\n"}
[2.846927] (truck) StderrLine: {'line': b'        operator=(auto_ptr<_Yp>&& __r);\n'}
[2.847075] (truck) StderrLine: {'line': b'        ^\n'}
[2.847227] (truck) StderrLine: {'line': b"/Applications/Xcode.app/Contents/Developer/Platforms/MacOSX.platform/Developer/SDKs/MacOSX12.3.sdk/usr/include/c++/v1/__memory/shared_ptr.h:548:9: note: candidate template ignored: could not match 'unique_ptr<type-parameter-0-0, type-parameter-0-1>' against 'std::shared_ptr<rclcpp::Publisher<message::msg::Message_<std::allocator<void>>>> *'\n"}
[2.847386] (truck) StderrLine: {'line': b'        operator=(unique_ptr<_Yp, _Dp>&& __r);\n'}
[2.847532] (truck) StderrLine: {'line': b'        ^\n'}
[2.851850] (truck) StderrLine: {'line': b'In file included from /Users/brodie/ros2_truckplatoon/src/truck/src/src/Leader.cpp:1:\n'}
[2.852109] (truck) StderrLine: {'line': b'In file included from /Users/brodie/ros2_truckplatoon/src/truck/src/src/Leader.hpp:4:\n'}
[2.852286] (truck) StderrLine: {'line': b'In file included from /Users/brodie/ros2_truckplatoon/src/truck/src/src/Truck.hpp:7:\n'}
[2.852448] (truck) StderrLine: {'line': b"/Users/brodie/ros2_truckplatoon/src/truck/src/src/Subscriber.hpp:34:64: warning: unused parameter 'msg' [-Wunused-parameter]\n"}
[2.852612] (truck) StderrLine: {'line': b'    void topic_callback(const message::msg::Message::SharedPtr msg) const\n'}
[2.852772] (truck) StderrLine: {'line': b'                                                               ^\n'}
[2.857647] (truck) StderrLine: {'line': b'In file included from /Users/brodie/ros2_truckplatoon/src/truck/src/src/Truck.cpp:1:\n'}
[2.857910] (truck) StderrLine: {'line': b'In file included from /Users/brodie/ros2_truckplatoon/src/truck/src/src/Truck.hpp:7:\n'}
[2.858115] (truck) StderrLine: {'line': b"/Users/brodie/ros2_truckplatoon/src/truck/src/src/Subscriber.hpp:34:64: warning: unused parameter 'msg' [-Wunused-parameter]\n"}
[2.858280] (truck) StderrLine: {'line': b'    void topic_callback(const message::msg::Message::SharedPtr msg) const\n'}
[2.858438] (truck) StderrLine: {'line': b'                                                               ^\n'}
[2.860682] (truck) StderrLine: {'line': b'In file included from /Users/brodie/ros2_truckplatoon/src/truck/src/src/Communication.cpp:1:\n'}
[2.860944] (truck) StderrLine: {'line': b'In file included from /Users/brodie/ros2_truckplatoon/src/truck/src/src/Communication.hpp:3:\n'}
[2.861119] (truck) StderrLine: {'line': b'In file included from /Users/brodie/ros2_truckplatoon/src/truck/src/src/Truck.hpp:7:\n'}
[2.861276] (truck) StderrLine: {'line': b"/Users/brodie/ros2_truckplatoon/src/truck/src/src/Subscriber.hpp:34:64: warning: unused parameter 'msg' [-Wunused-parameter]\n"}
[2.861427] (truck) StderrLine: {'line': b'    void topic_callback(const message::msg::Message::SharedPtr msg) const\n'}
[2.861575] (truck) StderrLine: {'line': b'                                                               ^\n'}
[2.867624] (truck) StderrLine: {'line': b'In file included from /Users/brodie/ros2_truckplatoon/src/truck/src/truck.cpp:2:\n'}
[2.868250] (truck) StderrLine: {'line': b'In file included from /Users/brodie/ros2_truckplatoon/src/truck/src/Platoon.hpp:4:\n'}
[2.868434] (truck) StderrLine: {'line': b'In file included from /Users/brodie/ros2_truckplatoon/src/truck/src/src/Leader.hpp:4:\n'}
[2.868638] (truck) StderrLine: {'line': b'In file included from /Users/brodie/ros2_truckplatoon/src/truck/src/src/Truck.hpp:7:\n'}
[2.868932] (truck) StderrLine: {'line': b"/Users/brodie/ros2_truckplatoon/src/truck/src/src/Subscriber.hpp:34:64: warning: unused parameter 'msg' [-Wunused-parameter]\n"}
[2.869170] (truck) StderrLine: {'line': b'    void topic_callback(const message::msg::Message::SharedPtr msg) const\n'}
[2.869358] (truck) StderrLine: {'line': b'                                                               ^\n'}
[2.870306] (truck) StderrLine: {'line': b'In file included from /Users/brodie/ros2_truckplatoon/src/truck/src/truck.cpp:2:\n'}
[2.870509] (truck) StderrLine: {'line': b'/Users/brodie/ros2_truckplatoon/src/truck/src/Platoon.hpp:8:10: warning: non-portable path to file \'"src/utils/include.hpp"\'; specified path differs in case from file name on disk [-Wnonportable-include-path]\n'}
[2.870671] (truck) StderrLine: {'line': b'#include "src/utils/Include.hpp"\n'}
[2.870822] (truck) StderrLine: {'line': b'         ^~~~~~~~~~~~~~~~~~~~~~~\n'}
[2.870972] (truck) StderrLine: {'line': b'         "src/utils/include.hpp"\n'}
[2.875194] (-) TimerEvent: {}
[2.979652] (-) TimerEvent: {}
[3.079998] (-) TimerEvent: {}
[3.185316] (-) TimerEvent: {}
[3.288729] (-) TimerEvent: {}
[3.392569] (-) TimerEvent: {}
[3.496551] (-) TimerEvent: {}
[3.600201] (-) TimerEvent: {}
[3.689630] (truck) StderrLine: {'line': b'2 warnings and 2 errors generated.\n'}
[3.692684] (truck) StderrLine: {'line': b'In file included from /Users/brodie/ros2_truckplatoon/src/truck/src/truck.cpp2 warnings and 2 error:s2 generated:\n'}
[3.693075] (truck) StderrLine: {'line': b'In file included from .\n'}
[3.693180] (truck) StderrLine: {'line': b'/Users/brodie/ros2_truckplatoon/src/truck/src/Platoon.hpp:11:\n'}
[3.693268] (truck) StderrLine: {'line': b"/Users/brodie/ros2_truckplatoon/src/truck/src/src/DrivingEvent.hpp:9:15: warning: private field '_speed' is not used [-Wunused-private-field]\n"}
[3.693353] (truck) StderrLine: {'line': b'    speedType _speed;\n'}
[3.693436] (truck) StderrLine: {'line': b'              ^\n'}
[3.693517] (truck) StderrLine: {'line': b"/Users/brodie/ros2_truckplatoon/src/truck/src/src/DrivingEvent.hpp:10:23: warning: private field '_stearingAngle' is not used [-Wunused-private-field]\n"}
[3.693617] (truck) StderrLine: {'line': b'    stearingAngleType _stearingAngle;\n'}
[3.693699] (truck) StderrLine: {'line': b'                      ^\n'}
[3.693780] (truck) StderrLine: {'line': b"/Users/brodie/ros2_truckplatoon/src/truck/src/src/DrivingEvent.hpp:11:18: warning: private field '_distance' is not used [-Wunused-private-field]\n"}
[3.693862] (truck) StderrLine: {'line': b'    distanceType _distance;\n'}
[3.693943] (truck) StderrLine: {'line': b'                 ^\n'}
[3.694023] (truck) StderrLine: {'line': b'6 warnings and 2 errors generated.\n'}
[3.701785] (-) TimerEvent: {}
[3.710771] (truck) StderrLine: {'line': b'gmake[2]: *** [CMakeFiles/truck.dir/build.make:121: CMakeFiles/truck.dir/src/src/Communication.cpp.o] Error 1\n'}
[3.711019] (truck) StderrLine: {'line': b'gmake[2]: *** Waiting for unfinished jobs....\n'}
[3.711360] (truck) StderrLine: {'line': b'gmake[2]: *** [CMakeFiles/truck.dir/build.make:108: CMakeFiles/truck.dir/src/src/Leader.cpp.o] Error 1\n'}
[3.713343] (truck) StderrLine: {'line': b'gmake[2]: *** [CMakeFiles/truck.dir/build.make:82: CMakeFiles/truck.dir/src/truck.cpp.o] Error 1\n'}
[3.735264] (truck) StderrLine: {'line': b'2 warnings and 2 errors generated.\n'}
[3.751545] (truck) StderrLine: {'line': b'gmake[2]: *** [CMakeFiles/truck.dir/build.make:95: CMakeFiles/truck.dir/src/src/Truck.cpp.o] Error 1\n'}
[3.752023] (truck) StderrLine: {'line': b'gmake[1]: *** [CMakeFiles/Makefile2:97: CMakeFiles/truck.dir/all] Error 2\n'}
[3.752276] (truck) StderrLine: {'line': b'gmake: *** [Makefile:160: all] Error 2\n'}
[3.753455] (truck) CommandEnded: {'returncode': 2}
[3.805497] (-) TimerEvent: {}
[3.886598] (truck) JobEnded: {'identifier': 'truck', 'rc': 2}
[3.889273] (-) EventReactorShutdown: {}
