[0.132s] Invoking command in '/Users/brodie/ros2_truckplatoon/build/message': CMAKE_PREFIX_PATH=${CMAKE_PREFIX_PATH}:/Users/brodie/my_workspace/install/my_package SHLVL=2 _=/usr/bin/env /usr/local/bin/cmake --build /Users/brodie/ros2_truckplatoon/build/message -- -j8 -l8
[0.217s] [  9%] Built target message__rosidl_generator_c
[0.220s] [ 12%] Built target message__cpp
[0.273s] [ 22%] Built target message__rosidl_typesupport_c
[0.276s] [ 35%] Built target message__rosidl_typesupport_introspection_c
[0.276s] [ 41%] Built target message__rosidl_typesupport_introspection_cpp
[0.284s] [ 51%] Built target message__rosidl_typesupport_fastrtps_cpp
[0.288s] [ 61%] Built target message__rosidl_typesupport_cpp
[0.350s] [ 70%] Built target message__rosidl_typesupport_fastrtps_c
[0.410s] [ 70%] Built target message
[0.464s] [ 74%] Built target message__py
[0.520s] [ 80%] Built target message__python
[0.575s] [ 87%] Built target message__rosidl_typesupport_c__pyext
[0.577s] [ 93%] Built target message__rosidl_typesupport_introspection_c__pyext
[0.581s] [100%] Built target message__rosidl_typesupport_fastrtps_c__pyext
[0.600s] Invoked command in '/Users/brodie/ros2_truckplatoon/build/message' returned '0': CMAKE_PREFIX_PATH=${CMAKE_PREFIX_PATH}:/Users/brodie/my_workspace/install/my_package SHLVL=2 _=/usr/bin/env /usr/local/bin/cmake --build /Users/brodie/ros2_truckplatoon/build/message -- -j8 -l8
[0.939s] Invoking command in '/Users/brodie/ros2_truckplatoon/build/message': CMAKE_PREFIX_PATH=${CMAKE_PREFIX_PATH}:/Users/brodie/my_workspace/install/my_package SHLVL=2 _=/usr/bin/env /usr/local/bin/cmake --install /Users/brodie/ros2_truckplatoon/build/message
[0.949s] -- Install configuration: ""
[0.949s] -- Up-to-date: /Users/brodie/ros2_truckplatoon/install/message/share/ament_index/resource_index/rosidl_interfaces/message
[0.949s] -- Up-to-date: /Users/brodie/ros2_truckplatoon/install/message/include/message
[0.950s] -- Up-to-date: /Users/brodie/ros2_truckplatoon/install/message/include/message/msg
[0.950s] -- Up-to-date: /Users/brodie/ros2_truckplatoon/install/message/include/message/msg/rosidl_generator_c__visibility_control.h
[0.951s] -- Up-to-date: /Users/brodie/ros2_truckplatoon/install/message/include/message/msg/message.h
[0.951s] -- Up-to-date: /Users/brodie/ros2_truckplatoon/install/message/include/message/msg/detail
[0.951s] -- Up-to-date: /Users/brodie/ros2_truckplatoon/install/message/include/message/msg/detail/message__struct.h
[0.952s] -- Up-to-date: /Users/brodie/ros2_truckplatoon/install/message/include/message/msg/detail/message__functions.h
[0.952s] -- Up-to-date: /Users/brodie/ros2_truckplatoon/install/message/include/message/msg/detail/message__type_support.h
[0.952s] -- Up-to-date: /Users/brodie/ros2_truckplatoon/install/message/include/message/msg/detail/message__functions.c
[0.952s] -- Up-to-date: /Users/brodie/ros2_truckplatoon/install/message/share/message/environment/library_path.sh
[0.953s] -- Up-to-date: /Users/brodie/ros2_truckplatoon/install/message/share/message/environment/library_path.dsv
[0.953s] -- Installing: /Users/brodie/ros2_truckplatoon/install/message/lib/libmessage__rosidl_generator_c.dylib
[0.972s] -- Up-to-date: /Users/brodie/ros2_truckplatoon/install/message/include/message
[0.973s] -- Up-to-date: /Users/brodie/ros2_truckplatoon/install/message/include/message/msg
[0.973s] -- Up-to-date: /Users/brodie/ros2_truckplatoon/install/message/include/message/msg/detail
[0.973s] -- Up-to-date: /Users/brodie/ros2_truckplatoon/install/message/include/message/msg/detail/message__rosidl_typesupport_fastrtps_c.h
[0.973s] -- Up-to-date: /Users/brodie/ros2_truckplatoon/install/message/include/message/msg/rosidl_typesupport_fastrtps_c__visibility_control.h
[0.974s] -- Installing: /Users/brodie/ros2_truckplatoon/install/message/lib/libmessage__rosidl_typesupport_fastrtps_c.dylib
[1.035s] -- Up-to-date: /Users/brodie/ros2_truckplatoon/install/message/include/message
[1.035s] -- Up-to-date: /Users/brodie/ros2_truckplatoon/install/message/include/message/msg
[1.035s] -- Up-to-date: /Users/brodie/ros2_truckplatoon/install/message/include/message/msg/rosidl_typesupport_fastrtps_cpp__visibility_control.h
[1.036s] -- Up-to-date: /Users/brodie/ros2_truckplatoon/install/message/include/message/msg/detail
[1.037s] -- Up-to-date: /Users/brodie/ros2_truckplatoon/install/message/include/message/msg/detail/dds_fastrtps
[1.037s] -- Up-to-date: /Users/brodie/ros2_truckplatoon/install/message/include/message/msg/detail/message__rosidl_typesupport_fastrtps_cpp.hpp
[1.037s] -- Installing: /Users/brodie/ros2_truckplatoon/install/message/lib/libmessage__rosidl_typesupport_fastrtps_cpp.dylib
[1.073s] -- Up-to-date: /Users/brodie/ros2_truckplatoon/install/message/include/message
[1.073s] -- Up-to-date: /Users/brodie/ros2_truckplatoon/install/message/include/message/msg
[1.073s] -- Up-to-date: /Users/brodie/ros2_truckplatoon/install/message/include/message/msg/detail
[1.073s] -- Up-to-date: /Users/brodie/ros2_truckplatoon/install/message/include/message/msg/detail/message__type_support.c
[1.074s] -- Up-to-date: /Users/brodie/ros2_truckplatoon/install/message/include/message/msg/detail/message__rosidl_typesupport_introspection_c.h
[1.074s] -- Up-to-date: /Users/brodie/ros2_truckplatoon/install/message/include/message/msg/rosidl_typesupport_introspection_c__visibility_control.h
[1.074s] -- Installing: /Users/brodie/ros2_truckplatoon/install/message/lib/libmessage__rosidl_typesupport_introspection_c.dylib
[1.110s] -- Installing: /Users/brodie/ros2_truckplatoon/install/message/lib/libmessage__rosidl_typesupport_c.dylib
[1.126s] -- Up-to-date: /Users/brodie/ros2_truckplatoon/install/message/include/message
[1.126s] -- Up-to-date: /Users/brodie/ros2_truckplatoon/install/message/include/message/msg
[1.127s] -- Up-to-date: /Users/brodie/ros2_truckplatoon/install/message/include/message/msg/detail
[1.127s] -- Up-to-date: /Users/brodie/ros2_truckplatoon/install/message/include/message/msg/detail/message__traits.hpp
[1.127s] -- Up-to-date: /Users/brodie/ros2_truckplatoon/install/message/include/message/msg/detail/message__struct.hpp
[1.127s] -- Up-to-date: /Users/brodie/ros2_truckplatoon/install/message/include/message/msg/detail/message__builder.hpp
[1.127s] -- Up-to-date: /Users/brodie/ros2_truckplatoon/install/message/include/message/msg/message.hpp
[1.128s] -- Up-to-date: /Users/brodie/ros2_truckplatoon/install/message/include/message
[1.128s] -- Up-to-date: /Users/brodie/ros2_truckplatoon/install/message/include/message/msg
[1.128s] -- Up-to-date: /Users/brodie/ros2_truckplatoon/install/message/include/message/msg/detail
[1.128s] -- Up-to-date: /Users/brodie/ros2_truckplatoon/install/message/include/message/msg/detail/message__type_support.cpp
[1.128s] -- Up-to-date: /Users/brodie/ros2_truckplatoon/install/message/include/message/msg/detail/message__rosidl_typesupport_introspection_cpp.hpp
[1.129s] -- Installing: /Users/brodie/ros2_truckplatoon/install/message/lib/libmessage__rosidl_typesupport_introspection_cpp.dylib
[1.144s] -- Installing: /Users/brodie/ros2_truckplatoon/install/message/lib/libmessage__rosidl_typesupport_cpp.dylib
[1.163s] -- Up-to-date: /Users/brodie/ros2_truckplatoon/install/message/share/message/environment/pythonpath.sh
[1.163s] -- Up-to-date: /Users/brodie/ros2_truckplatoon/install/message/share/message/environment/pythonpath.dsv
[1.164s] -- Up-to-date: /Users/brodie/ros2_truckplatoon/install/message/lib/python3.9/site-packages/message/__init__.py
[1.261s] -- Up-to-date: /Users/brodie/ros2_truckplatoon/install/message/lib/python3.9/site-packages/message/msg
[1.261s] -- Up-to-date: /Users/brodie/ros2_truckplatoon/install/message/lib/python3.9/site-packages/message/msg/__init__.py
[1.261s] -- Up-to-date: /Users/brodie/ros2_truckplatoon/install/message/lib/python3.9/site-packages/message/msg/_message.py
[1.261s] -- Up-to-date: /Users/brodie/ros2_truckplatoon/install/message/lib/python3.9/site-packages/message/msg/_message_s.c
[1.261s] -- Up-to-date: /Users/brodie/ros2_truckplatoon/install/message/lib/python3.9/site-packages/message/message_s__rosidl_typesupport_fastrtps_c.cpython-39-darwin.so
[1.280s] error: /Applications/Xcode.app/Contents/Developer/Toolchains/XcodeDefault.xctoolchain/usr/bin/install_name_tool: no LC_RPATH load command with path: /Users/brodie/ros2_truckplatoon/build/message/rosidl_generator_py/message found in: /Users/brodie/ros2_truckplatoon/install/message/lib/python3.9/site-packages/message/message_s__rosidl_typesupport_fastrtps_c.cpython-39-darwin.so (for architecture x86_64), required for specified option "-delete_rpath /Users/brodie/ros2_truckplatoon/build/message/rosidl_generator_py/message"
[1.299s] error: /Applications/Xcode.app/Contents/Developer/Toolchains/XcodeDefault.xctoolchain/usr/bin/install_name_tool: no LC_RPATH load command with path: /Users/brodie/ros2_truckplatoon/build/message found in: /Users/brodie/ros2_truckplatoon/install/message/lib/python3.9/site-packages/message/message_s__rosidl_typesupport_fastrtps_c.cpython-39-darwin.so (for architecture x86_64), required for specified option "-delete_rpath /Users/brodie/ros2_truckplatoon/build/message"
[1.317s] error: /Applications/Xcode.app/Contents/Developer/Toolchains/XcodeDefault.xctoolchain/usr/bin/install_name_tool: no LC_RPATH load command with path: /Users/brodie/ros2_foxy/ros2-osx/lib found in: /Users/brodie/ros2_truckplatoon/install/message/lib/python3.9/site-packages/message/message_s__rosidl_typesupport_fastrtps_c.cpython-39-darwin.so (for architecture x86_64), required for specified option "-delete_rpath /Users/brodie/ros2_foxy/ros2-osx/lib"
[1.337s] error: /Applications/Xcode.app/Contents/Developer/Toolchains/XcodeDefault.xctoolchain/usr/bin/install_name_tool: no LC_RPATH load command with path: /usr/local/lib found in: /Users/brodie/ros2_truckplatoon/install/message/lib/python3.9/site-packages/message/message_s__rosidl_typesupport_fastrtps_c.cpython-39-darwin.so (for architecture x86_64), required for specified option "-delete_rpath /usr/local/lib"
[1.338s] -- Up-to-date: /Users/brodie/ros2_truckplatoon/install/message/lib/python3.9/site-packages/message/message_s__rosidl_typesupport_introspection_c.cpython-39-darwin.so
[1.356s] error: /Applications/Xcode.app/Contents/Developer/Toolchains/XcodeDefault.xctoolchain/usr/bin/install_name_tool: no LC_RPATH load command with path: /Users/brodie/ros2_truckplatoon/build/message/rosidl_generator_py/message found in: /Users/brodie/ros2_truckplatoon/install/message/lib/python3.9/site-packages/message/message_s__rosidl_typesupport_introspection_c.cpython-39-darwin.so (for architecture x86_64), required for specified option "-delete_rpath /Users/brodie/ros2_truckplatoon/build/message/rosidl_generator_py/message"
[1.372s] error: /Applications/Xcode.app/Contents/Developer/Toolchains/XcodeDefault.xctoolchain/usr/bin/install_name_tool: no LC_RPATH load command with path: /Users/brodie/ros2_truckplatoon/build/message found in: /Users/brodie/ros2_truckplatoon/install/message/lib/python3.9/site-packages/message/message_s__rosidl_typesupport_introspection_c.cpython-39-darwin.so (for architecture x86_64), required for specified option "-delete_rpath /Users/brodie/ros2_truckplatoon/build/message"
[1.388s] error: /Applications/Xcode.app/Contents/Developer/Toolchains/XcodeDefault.xctoolchain/usr/bin/install_name_tool: no LC_RPATH load command with path: /Users/brodie/ros2_foxy/ros2-osx/lib found in: /Users/brodie/ros2_truckplatoon/install/message/lib/python3.9/site-packages/message/message_s__rosidl_typesupport_introspection_c.cpython-39-darwin.so (for architecture x86_64), required for specified option "-delete_rpath /Users/brodie/ros2_foxy/ros2-osx/lib"
[1.389s] -- Up-to-date: /Users/brodie/ros2_truckplatoon/install/message/lib/python3.9/site-packages/message/message_s__rosidl_typesupport_c.cpython-39-darwin.so
[1.403s] error: /Applications/Xcode.app/Contents/Developer/Toolchains/XcodeDefault.xctoolchain/usr/bin/install_name_tool: no LC_RPATH load command with path: /Users/brodie/ros2_truckplatoon/build/message/rosidl_generator_py/message found in: /Users/brodie/ros2_truckplatoon/install/message/lib/python3.9/site-packages/message/message_s__rosidl_typesupport_c.cpython-39-darwin.so (for architecture x86_64), required for specified option "-delete_rpath /Users/brodie/ros2_truckplatoon/build/message/rosidl_generator_py/message"
[1.419s] error: /Applications/Xcode.app/Contents/Developer/Toolchains/XcodeDefault.xctoolchain/usr/bin/install_name_tool: no LC_RPATH load command with path: /Users/brodie/ros2_truckplatoon/build/message found in: /Users/brodie/ros2_truckplatoon/install/message/lib/python3.9/site-packages/message/message_s__rosidl_typesupport_c.cpython-39-darwin.so (for architecture x86_64), required for specified option "-delete_rpath /Users/brodie/ros2_truckplatoon/build/message"
[1.435s] error: /Applications/Xcode.app/Contents/Developer/Toolchains/XcodeDefault.xctoolchain/usr/bin/install_name_tool: no LC_RPATH load command with path: /Users/brodie/ros2_foxy/ros2-osx/lib found in: /Users/brodie/ros2_truckplatoon/install/message/lib/python3.9/site-packages/message/message_s__rosidl_typesupport_c.cpython-39-darwin.so (for architecture x86_64), required for specified option "-delete_rpath /Users/brodie/ros2_foxy/ros2-osx/lib"
[1.436s] -- Installing: /Users/brodie/ros2_truckplatoon/install/message/lib/libmessage__python.dylib
[1.471s] -- Up-to-date: /Users/brodie/ros2_truckplatoon/install/message/share/message/msg/Message.idl
[1.471s] -- Up-to-date: /Users/brodie/ros2_truckplatoon/install/message/share/message/msg/Message.msg
[1.471s] -- Up-to-date: /Users/brodie/ros2_truckplatoon/install/message/share/ament_index/resource_index/package_run_dependencies/message
[1.471s] -- Up-to-date: /Users/brodie/ros2_truckplatoon/install/message/share/ament_index/resource_index/parent_prefix_path/message
[1.472s] -- Up-to-date: /Users/brodie/ros2_truckplatoon/install/message/share/message/environment/ament_prefix_path.sh
[1.472s] -- Up-to-date: /Users/brodie/ros2_truckplatoon/install/message/share/message/environment/ament_prefix_path.dsv
[1.473s] -- Up-to-date: /Users/brodie/ros2_truckplatoon/install/message/share/message/environment/path.sh
[1.473s] -- Up-to-date: /Users/brodie/ros2_truckplatoon/install/message/share/message/environment/path.dsv
[1.473s] -- Up-to-date: /Users/brodie/ros2_truckplatoon/install/message/share/message/local_setup.bash
[1.474s] -- Up-to-date: /Users/brodie/ros2_truckplatoon/install/message/share/message/local_setup.sh
[1.475s] -- Up-to-date: /Users/brodie/ros2_truckplatoon/install/message/share/message/local_setup.zsh
[1.475s] -- Up-to-date: /Users/brodie/ros2_truckplatoon/install/message/share/message/local_setup.dsv
[1.475s] -- Installing: /Users/brodie/ros2_truckplatoon/install/message/share/message/package.dsv
[1.475s] -- Up-to-date: /Users/brodie/ros2_truckplatoon/install/message/share/ament_index/resource_index/packages/message
[1.475s] -- Up-to-date: /Users/brodie/ros2_truckplatoon/install/message/share/message/cmake/message__rosidl_generator_cExport.cmake
[1.476s] -- Up-to-date: /Users/brodie/ros2_truckplatoon/install/message/share/message/cmake/message__rosidl_generator_cExport-noconfig.cmake
[1.476s] -- Up-to-date: /Users/brodie/ros2_truckplatoon/install/message/share/message/cmake/message__rosidl_typesupport_introspection_cExport.cmake
[1.476s] -- Up-to-date: /Users/brodie/ros2_truckplatoon/install/message/share/message/cmake/message__rosidl_typesupport_introspection_cExport-noconfig.cmake
[1.476s] -- Up-to-date: /Users/brodie/ros2_truckplatoon/install/message/share/message/cmake/message__rosidl_typesupport_cExport.cmake
[1.476s] -- Up-to-date: /Users/brodie/ros2_truckplatoon/install/message/share/message/cmake/message__rosidl_typesupport_cExport-noconfig.cmake
[1.476s] -- Up-to-date: /Users/brodie/ros2_truckplatoon/install/message/share/message/cmake/message__rosidl_generator_cppExport.cmake
[1.477s] -- Up-to-date: /Users/brodie/ros2_truckplatoon/install/message/share/message/cmake/message__rosidl_typesupport_introspection_cppExport.cmake
[1.478s] -- Up-to-date: /Users/brodie/ros2_truckplatoon/install/message/share/message/cmake/message__rosidl_typesupport_introspection_cppExport-noconfig.cmake
[1.483s] -- Up-to-date: /Users/brodie/ros2_truckplatoon/install/message/share/message/cmake/message__rosidl_typesupport_cppExport.cmake
[1.483s] -- Up-to-date: /Users/brodie/ros2_truckplatoon/install/message/share/message/cmake/message__rosidl_typesupport_cppExport-noconfig.cmake
[1.483s] -- Up-to-date: /Users/brodie/ros2_truckplatoon/install/message/share/message/cmake/rosidl_cmake-extras.cmake
[1.484s] -- Up-to-date: /Users/brodie/ros2_truckplatoon/install/message/share/message/cmake/ament_cmake_export_dependencies-extras.cmake
[1.487s] -- Up-to-date: /Users/brodie/ros2_truckplatoon/install/message/share/message/cmake/ament_cmake_export_libraries-extras.cmake
[1.491s] -- Up-to-date: /Users/brodie/ros2_truckplatoon/install/message/share/message/cmake/ament_cmake_export_targets-extras.cmake
[1.492s] -- Up-to-date: /Users/brodie/ros2_truckplatoon/install/message/share/message/cmake/ament_cmake_export_include_directories-extras.cmake
[1.492s] -- Up-to-date: /Users/brodie/ros2_truckplatoon/install/message/share/message/cmake/rosidl_cmake_export_typesupport_libraries-extras.cmake
[1.492s] -- Up-to-date: /Users/brodie/ros2_truckplatoon/install/message/share/message/cmake/rosidl_cmake_export_typesupport_targets-extras.cmake
[1.492s] -- Up-to-date: /Users/brodie/ros2_truckplatoon/install/message/share/message/cmake/messageConfig.cmake
[1.493s] -- Up-to-date: /Users/brodie/ros2_truckplatoon/install/message/share/message/cmake/messageConfig-version.cmake
[1.496s] -- Up-to-date: /Users/brodie/ros2_truckplatoon/install/message/share/message/package.xml
[1.497s] Invoked command in '/Users/brodie/ros2_truckplatoon/build/message' returned '0': CMAKE_PREFIX_PATH=${CMAKE_PREFIX_PATH}:/Users/brodie/my_workspace/install/my_package SHLVL=2 _=/usr/bin/env /usr/local/bin/cmake --install /Users/brodie/ros2_truckplatoon/build/message
